Log file open, 11/13/19 16:33:13
LogWindows: Failed to load 'aqProf.dll' (GetLastError=126)
LogWindows: File 'aqProf.dll' does not exist
LogWindows: Failed to load 'VtuneApi.dll' (GetLastError=126)
LogWindows: File 'VtuneApi.dll' does not exist
LogWindows: Failed to load 'VtuneApi32e.dll' (GetLastError=126)
LogWindows: File 'VtuneApi32e.dll' does not exist
LogConsoleResponse: Display: Failed to find resolution value strings in scalability ini. Falling back to default.
LogInit: Display: Running engine for game: LastResisters
LogPlatformFile: Not using cached read wrapper
LogTaskGraph: Started task graph with 5 named threads and 23 total threads with 3 sets of task threads.
LogStats: Stats thread started at 0.079065
LogD3D11RHI: Loaded GFSDK_Aftermath_Lib.x64.dll
LogICUInternationalization: ICU TimeZone Detection - Raw Offset: +9:00, Platform Override: ''
LogPluginManager: Mounting plugin Paper2D
LogPluginManager: Mounting plugin AISupport
LogPluginManager: Mounting plugin LightPropagationVolume
LogPluginManager: Mounting plugin ActorLayerUtilities
LogPluginManager: Mounting plugin AnimationSharing
LogPluginManager: Mounting plugin CLionSourceCodeAccess
LogPluginManager: Mounting plugin CodeLiteSourceCodeAccess
LogPluginManager: Mounting plugin GitSourceControl
LogPluginManager: Mounting plugin KDevelopSourceCodeAccess
LogPluginManager: Mounting plugin NullSourceCodeAccess
LogPluginManager: Mounting plugin PerforceSourceControl
LogPluginManager: Mounting plugin SubversionSourceControl
LogPluginManager: Mounting plugin UObjectPlugin
LogPluginManager: Mounting plugin VisualStudioCodeSourceCodeAccess
LogPluginManager: Mounting plugin VisualStudioSourceCodeAccess
LogPluginManager: Mounting plugin XCodeSourceCodeAccess
LogPluginManager: Mounting plugin AssetManagerEditor
LogPluginManager: Mounting plugin CryptoKeys
LogPluginManager: Mounting plugin CurveEditorTools
LogPluginManager: Mounting plugin DataValidation
LogPluginManager: Mounting plugin FacialAnimation
LogPluginManager: Mounting plugin GameplayTagsEditor
LogPluginManager: Mounting plugin MacGraphicsSwitching
LogPluginManager: Mounting plugin MaterialAnalyzer
LogPluginManager: Mounting plugin MobileLauncherProfileWizard
LogPluginManager: Mounting plugin PluginBrowser
LogPluginManager: Mounting plugin SpeedTreeImporter
LogPluginManager: Mounting plugin DatasmithContent
LogPluginManager: Mounting plugin VariantManagerContent
LogPluginManager: Mounting plugin AlembicImporter
LogPluginManager: Mounting plugin AutomationUtils
LogPluginManager: Mounting plugin BackChannel
LogPluginManager: Mounting plugin CharacterAI
LogPluginManager: Mounting plugin GeometryCache
LogPluginManager: Mounting plugin HTML5Networking
LogPluginManager: Mounting plugin PlatformCrypto
LogPluginManager: Mounting plugin ProxyLODPlugin
LogPluginManager: Mounting plugin SkeletalReduction
LogPluginManager: Mounting plugin MagicLeap
LogPluginManager: Mounting plugin MagicLeapMedia
LogPluginManager: Mounting plugin AndroidMedia
LogPluginManager: Mounting plugin AvfMedia
LogPluginManager: Mounting plugin ImgMedia
LogPluginManager: Mounting plugin MediaCompositing
LogPluginManager: Mounting plugin MediaPlayerEditor
LogPluginManager: Mounting plugin WebMMedia
LogPluginManager: Mounting plugin WmfMedia
LogPluginManager: Mounting plugin TcpMessaging
LogPluginManager: Mounting plugin UdpMessaging
LogPluginManager: Mounting plugin ActorSequence
LogPluginManager: Mounting plugin LevelSequenceEditor
LogPluginManager: Mounting plugin MatineeToLevelSequence
LogPluginManager: Mounting plugin NetcodeUnitTest
LogPluginManager: Mounting plugin NUTUnrealEngine4
LogPluginManager: Mounting plugin OnlineSubsystemGooglePlay
LogPluginManager: Mounting plugin OnlineSubsystemIOS
LogPluginManager: Mounting plugin OnlineSubsystem
LogPluginManager: Mounting plugin OnlineSubsystemNull
LogPluginManager: Mounting plugin OnlineSubsystemOculus
LogPluginManager: Mounting plugin OnlineSubsystemUtils
LogPluginManager: Mounting plugin LauncherChunkInstaller
LogPluginManager: Mounting plugin AndroidDeviceProfileSelector
LogPluginManager: Mounting plugin AndroidMoviePlayer
LogPluginManager: Mounting plugin AndroidPermission
LogPluginManager: Mounting plugin ApexDestruction
LogPluginManager: Mounting plugin AppleImageUtils
LogPluginManager: Mounting plugin AppleMoviePlayer
LogPluginManager: Mounting plugin ArchVisCharacter
LogPluginManager: Mounting plugin AudioCapture
LogPluginManager: Mounting plugin CableComponent
LogPluginManager: Mounting plugin CustomMeshComponent
LogPluginManager: Mounting plugin EditableMesh
LogPluginManager: Mounting plugin ExampleDeviceProfileSelector
LogPluginManager: Mounting plugin GoogleCloudMessaging
LogPluginManager: Mounting plugin IOSDeviceProfileSelector
LogPluginManager: Mounting plugin LinuxDeviceProfileSelector
LogPluginManager: Mounting plugin LocationServicesBPLibrary
LogPluginManager: Mounting plugin MobilePatchingUtils
LogPluginManager: Mounting plugin OculusAudio
LogPluginManager: Mounting plugin OculusAvatar
LogPluginManager: Mounting plugin OculusVR
LogPluginManager: Mounting plugin PhysXVehicles
LogPluginManager: Mounting plugin ProceduralMeshComponent
LogPluginManager: Mounting plugin RuntimePhysXCooking
LogPluginManager: Mounting plugin SignificanceManager
LogPluginManager: Mounting plugin SteamVR
LogPluginManager: Mounting plugin WebMMoviePlayer
LogPluginManager: Mounting plugin WindowsMoviePlayer
LogPluginManager: Mounting plugin ScreenshotTools
LogInit: Warning: Incompatible or missing module: LastResisters
Running D:/UE_4.23/Engine/Binaries/DotNET/UnrealBuildTool.exe Development Win64 -Project="C:/Users/s172078/Documents/GitHub/LastResisters/LastResisters/LastResisters.uproject" -TargetType=Editor -Progress -NoHotReloadFromIDE
Using 'git status' to determine working set for adaptive non-unity build (C:\Users\s172078\Documents\GitHub\LastResisters).
Creating makefile for LastResistersEditor (no existing makefile)
@progress push 5%
Parsing headers for LastResistersEditor
  Running UnrealHeaderTool "C:\Users\s172078\Documents\GitHub\LastResisters\LastResisters\LastResisters.uproject" "C:\Users\s172078\Documents\GitHub\LastResisters\LastResisters\Intermediate\Build\Win64\LastResistersEditor\Development\LastResistersEditor.uhtmanifest" -LogCmds="loginit warning, logexit warning, logdatabase error" -Unattended -WarningsAsErrors -installed
Reflection code generated for LastResistersEditor in 11.8486684 seconds
@progress pop
Using Visual Studio 2017 14.16.27023 toolchain (C:\Program Files (x86)\Microsoft Visual Studio\2017\Community\VC\Tools\MSVC\14.16.27023) and Windows 10.0.17763.0 SDK (C:\Program Files (x86)\Windows Kits\10).
Building 7 actions with 8 processes...
  @progress 'Compiling C++ source code...' 0%
  @progress 'Compiling C++ source code...' 14%
  [1/7] Default.rc2
  @progress 'Compiling C++ source code...' 29%
  [2/7] SharedPCH.Engine.cpp
  @progress 'Compiling C++ source code...' 43%
  [3/7] Module.LastResisters.gen.cpp
  @progress 'Compiling C++ source code...' 57%
  [4/7] Module.LastResisters.cpp
  C:/Users/s172078/Documents/GitHub/LastResisters/LastResisters/Source/LastResisters/UI/EnemyUI/ArmorGauge/EnemyArmorGaugeParameters.cpp(7): warning C5038: ?f?[?^ ?????o?[ 'FEnemyArmorGaugeParameters::percentage' ?́A?f?[?^ ?????o?[ 'FEnemyArmorGaugeParameters::brightness' ?̌??ɏ??????܂?
  C:/Users/s172078/Documents/GitHub/LastResisters/LastResisters/Source/LastResisters/UI/EnemyUI/CrackEdges/CrackedEdge.cpp(7): warning C5038: ?f?[?^ ?????o?[ 'FCrackedEdge::ImageForDisplay' ?́A?f?[?^ ?????o?[ 'FCrackedEdge::amount' ?̌??ɏ??????܂?
  C:/Users/s172078/Documents/GitHub/LastResisters/LastResisters/Source/LastResisters/UI/EnemyUI/HealthGauge/EnemyHealthGaugeParameters.cpp(7): warning C5038: ?f?[?^ ?????o?[ 'FEnemyHealthGaugeParameters::percentage' ?́A?f?[?^ ?????o?[ 'FEnemyHealthGaugeParameters::brightness' ?̌??ɏ??????܂?
  C:/Users/s172078/Documents/GitHub/LastResisters/LastResisters/Source/LastResisters/UI/PlayerUI/PlayerHitUI/PlayerHitUIParameters.cpp(15): warning C5038: ?f?[?^ ?????o?[ 'FPlayerHitUIParameters::desiredFill' ?́A?f?[?^ ?????o?[ 'FPlayerHitUIParameters::currentFill' ?̌??ɏ??????܂?
  C:/Users/s172078/Documents/GitHub/LastResisters/LastResisters/Source/LastResisters/UI/PlayerUI/PlayerHitUI/PlayerHitUIParameters.cpp(20): warning C5038: ?f?[?^ ?????o?[ 'FPlayerHitUIParameters::hitState' ?́A?f?[?^ ?????o?[ 'FPlayerHitUIParameters::awaitingResponse' ?̌??ɏ??????܂?
  @progress 'Compiling C++ source code...' 71%
  [5/7] UE4Editor-LastResisters.lib
     ???C?u???? C:\Users\s172078\Documents\GitHub\LastResisters\LastResisters\Intermediate\Build\Win64\UE4Editor\Development\LastResisters\UE4Editor-LastResisters.lib ?ƃI?u?W?F?N?g C:\Users\s172078\Documents\GitHub\LastResisters\LastResisters\Intermediate\Build\Win64\UE4Editor\Development\LastResisters\UE4Editor-LastResisters.exp ???쐬??
  @progress 'Compiling C++ source code...' 86%
  [6/7] UE4Editor-LastResisters.dll
     ???C?u???? C:\Users\s172078\Documents\GitHub\LastResisters\LastResisters\Intermediate\Build\Win64\UE4Editor\Development\LastResisters\UE4Editor-LastResisters.suppressed.lib ?ƃI?u?W?F?N?g C:\Users\s172078\Documents\GitHub\LastResisters\LastResisters\Intermediate\Build\Win64\UE4Editor\Development\LastResisters\UE4Editor-LastResisters.suppressed.exp ???쐬??
  @progress 'Compiling C++ source code...' 100%
  [7/7] LastResistersEditor.target
Total time in Parallel executor: 38.43 seconds
Total execution time: 56.22 seconds
LogInit: Using libcurl 7.55.1-DEV
LogInit:  - built for x86_64-pc-win32
LogInit:  - supports SSL with OpenSSL/1.1.1
LogInit:  - supports HTTP deflate (compression) using libz 1.2.8
LogInit:  - other features:
LogInit:      CURL_VERSION_SSL
LogInit:      CURL_VERSION_LIBZ
LogInit:      CURL_VERSION_IPV6
LogInit:      CURL_VERSION_ASYNCHDNS
LogInit:      CURL_VERSION_LARGEFILE
LogInit:      CURL_VERSION_IDN
LogInit:  CurlRequestOptions (configurable via config and command line):
LogInit:  - bVerifyPeer = true  - Libcurl will verify peer certificate
LogInit:  - bUseHttpProxy = false  - Libcurl will NOT use HTTP proxy
LogInit:  - bDontReuseConnections = false  - Libcurl will reuse connections
LogInit:  - MaxHostConnections = 16  - Libcurl will limit the number of connections to a host
LogInit:  - LocalHostAddr = Default
LogInit:  - BufferSize = 65536
LogOnline: OSS: Creating online subsystem instance for: NULL
LogInit: WinSock: version 1.1 (2.2), MaxSocks=32767, MaxUdp=65467
LogInit: Build: ++UE4+Release-4.23-CL-9631420
LogInit: Engine Version: 4.23.1-9631420+++UE4+Release-4.23
LogInit: Compatible Engine Version: 4.23.0-8386587+++UE4+Release-4.23
LogInit: Net CL: 8386587
LogInit: OS: Windows 10 (Release 1803) (), CPU: Intel(R) Core(TM) i7-7700K CPU @ 4.20GHz, GPU: NVIDIA GeForce GTX 1080
LogInit: Compiled (64-bit): Oct 18 2019 02:07:44
LogInit: Compiled with Visual C++: 19.16.27030.01
LogInit: Build Configuration: Development
LogInit: Branch Name: ++UE4+Release-4.23
LogInit: Command Line: 
LogInit: Base Directory: D:/UE_4.23/Engine/Binaries/Win64/
LogInit: Installed Engine Build: 1
LogDevObjectVersion: Number of dev versions registered: 23
LogDevObjectVersion:   Dev-Blueprints (B0D832E4-1F89-4F0D-ACCF-7EB736FD4AA2): 10
LogDevObjectVersion:   Dev-Build (E1C64328-A22C-4D53-A36C-8E866417BD8C): 0
LogDevObjectVersion:   Dev-Core (375EC13C-06E4-48FB-B500-84F0262A717E): 3
LogDevObjectVersion:   Dev-Editor (E4B068ED-F494-42E9-A231-DA0B2E46BB41): 34
LogDevObjectVersion:   Dev-Framework (CFFC743F-43B0-4480-9391-14DF171D2073): 35
LogDevObjectVersion:   Dev-Mobile (B02B49B5-BB20-44E9-A304-32B752E40360): 2
LogDevObjectVersion:   Dev-Networking (A4E4105C-59A1-49B5-A7C5-40C4547EDFEE): 0
LogDevObjectVersion:   Dev-Online (39C831C9-5AE6-47DC-9A44-9C173E1C8E7C): 0
LogDevObjectVersion:   Dev-Physics (78F01B33-EBEA-4F98-B9B4-84EACCB95AA2): 0
LogDevObjectVersion:   Dev-Platform (6631380F-2D4D-43E0-8009-CF276956A95A): 0
LogDevObjectVersion:   Dev-Rendering (12F88B9F-8875-4AFC-A67C-D90C383ABD29): 31
LogDevObjectVersion:   Dev-Sequencer (7B5AE74C-D270-4C10-A958-57980B212A5A): 11
LogDevObjectVersion:   Dev-VR (D7296918-1DD6-4BDD-9DE2-64A83CC13884): 2
LogDevObjectVersion:   Dev-LoadTimes (C2A15278-BFE7-4AFE-6C17-90FF531DF755): 1
LogDevObjectVersion:   Private-Geometry (6EACA3D4-40EC-4CC1-B786-8BED09428FC5): 3
LogDevObjectVersion:   Dev-AnimPhys (29E575DD-E0A3-4627-9D10-D276232CDCEA): 17
LogDevObjectVersion:   Dev-Anim (AF43A65D-7FD3-4947-9873-3E8ED9C1BB05): 2
LogDevObjectVersion:   Dev-ReflectionCapture (6B266CEC-1EC7-4B8F-A30B-E4D90942FC07): 1
LogDevObjectVersion:   Dev-Automation (0DF73D61-A23F-47EA-B727-89E90C41499A): 1
LogDevObjectVersion:   FortniteMain (601D1886-AC64-4F84-AA16-D3DE0DEAC7D6): 27
LogDevObjectVersion:   Dev-Enterprise (9DFFBCD6-494F-0158-E221-12823C92A888): 6
LogDevObjectVersion:   Dev-Niagara (F2AED0AC-9AFE-416F-8664-AA7FFA26D6FC): 1
LogDevObjectVersion:   Dev-Destruction (174F1F0B-B4C6-45A5-B13F-2EE8D0FB917D): 9
LogInit: Presizing for max 16777216 objects, including 0 objects not considered by GC, pre-allocating 0 bytes for permanent pool.
LogInit: Object subsystem initialized
LogConfig: Setting CVar [[con.DebugEarlyDefault:1]]
LogConfig: Setting CVar [[r.setres:1280x720]]
[2019.11.13-07.34.11:977][  0]LogConfig: Setting CVar [[r.VSync:0]]
[2019.11.13-07.34.11:977][  0]LogConfig: Setting CVar [[r.RHICmdBypass:0]]
[2019.11.13-07.34.11:977][  0]LogConfig: Applying CVar settings from Section [/Script/Engine.RendererSettings] File [C:/Users/s172078/Documents/GitHub/LastResisters/LastResisters/Saved/Config/Windows/Engine.ini]
[2019.11.13-07.34.11:977][  0]LogConfig: Setting CVar [[r.GPUCrashDebugging:0]]
[2019.11.13-07.34.11:977][  0]LogConfig: Setting CVar [[r.Mobile.UseHWsRGBEncoding:1]]
[2019.11.13-07.34.11:977][  0]LogConfig: Applying CVar settings from Section [/Script/Engine.RendererOverrideSettings] File [C:/Users/s172078/Documents/GitHub/LastResisters/LastResisters/Saved/Config/Windows/Engine.ini]
[2019.11.13-07.34.11:977][  0]LogConfig: Applying CVar settings from Section [/Script/Engine.StreamingSettings] File [C:/Users/s172078/Documents/GitHub/LastResisters/LastResisters/Saved/Config/Windows/Engine.ini]
[2019.11.13-07.34.11:977][  0]LogConfig: Setting CVar [[s.MinBulkDataSizeForAsyncLoading:131072]]
[2019.11.13-07.34.11:977][  0]LogConfig: Setting CVar [[s.AsyncLoadingThreadEnabled:0]]
[2019.11.13-07.34.11:977][  0]LogConfig: Setting CVar [[s.EventDrivenLoaderEnabled:1]]
[2019.11.13-07.34.11:977][  0]LogConfig: Setting CVar [[s.WarnIfTimeLimitExceeded:0]]
[2019.11.13-07.34.11:977][  0]LogConfig: Setting CVar [[s.TimeLimitExceededMultiplier:1.5]]
[2019.11.13-07.34.11:977][  0]LogConfig: Setting CVar [[s.TimeLimitExceededMinTime:0.005]]
[2019.11.13-07.34.11:977][  0]LogConfig: Setting CVar [[s.UseBackgroundLevelStreaming:1]]
[2019.11.13-07.34.11:977][  0]LogConfig: Setting CVar [[s.PriorityAsyncLoadingExtraTime:15.0]]
[2019.11.13-07.34.11:977][  0]LogConfig: Setting CVar [[s.LevelStreamingActorsUpdateTimeLimit:5.0]]
[2019.11.13-07.34.11:977][  0]LogConfig: Setting CVar [[s.PriorityLevelStreamingActorsUpdateExtraTime:5.0]]
[2019.11.13-07.34.11:977][  0]LogConfig: Setting CVar [[s.LevelStreamingComponentsRegistrationGranularity:10]]
[2019.11.13-07.34.11:977][  0]LogConfig: Setting CVar [[s.UnregisterComponentsTimeLimit:1.0]]
[2019.11.13-07.34.11:977][  0]LogConfig: Setting CVar [[s.LevelStreamingComponentsUnregistrationGranularity:5]]
[2019.11.13-07.34.11:977][  0]LogConfig: Applying CVar settings from Section [/Script/Engine.GarbageCollectionSettings] File [C:/Users/s172078/Documents/GitHub/LastResisters/LastResisters/Saved/Config/Windows/Engine.ini]
[2019.11.13-07.34.11:977][  0]LogConfig: Setting CVar [[gc.MaxObjectsNotConsideredByGC:1]]
[2019.11.13-07.34.11:977][  0]LogConfig: Setting CVar [[gc.SizeOfPermanentObjectPool:0]]
[2019.11.13-07.34.11:977][  0]LogConfig: Setting CVar [[gc.FlushStreamingOnGC:0]]
[2019.11.13-07.34.11:977][  0]LogConfig: Setting CVar [[gc.NumRetriesBeforeForcingGC:10]]
[2019.11.13-07.34.11:977][  0]LogConfig: Setting CVar [[gc.AllowParallelGC:1]]
[2019.11.13-07.34.11:977][  0]LogConfig: Setting CVar [[gc.TimeBetweenPurgingPendingKillObjects:61.1]]
[2019.11.13-07.34.11:978][  0]LogConfig: Setting CVar [[gc.MaxObjectsInEditor:16777216]]
[2019.11.13-07.34.11:978][  0]LogConfig: Setting CVar [[gc.IncrementalBeginDestroyEnabled:1]]
[2019.11.13-07.34.11:978][  0]LogConfig: Setting CVar [[gc.CreateGCClusters:1]]
[2019.11.13-07.34.11:978][  0]LogConfig: Setting CVar [[gc.MinGCClusterSize:5]]
[2019.11.13-07.34.11:978][  0]LogConfig: Setting CVar [[gc.ActorClusteringEnabled:0]]
[2019.11.13-07.34.11:978][  0]LogConfig: Setting CVar [[gc.BlueprintClusteringEnabled:0]]
[2019.11.13-07.34.11:978][  0]LogConfig: Setting CVar [[gc.UseDisregardForGCOnDedicatedServers:0]]
[2019.11.13-07.34.11:978][  0]LogConfig: Applying CVar settings from Section [/Script/Engine.NetworkSettings] File [C:/Users/s172078/Documents/GitHub/LastResisters/LastResisters/Saved/Config/Windows/Engine.ini]
[2019.11.13-07.34.11:978][  0]LogConfig: Applying CVar settings from Section [/Script/UnrealEd.CookerSettings] File [C:/Users/s172078/Documents/GitHub/LastResisters/LastResisters/Saved/Config/Windows/Engine.ini]
[2019.11.13-07.34.11:983][  0]LogConfig: Applying CVar settings from Section [ViewDistanceQuality@3] File [C:/Users/s172078/Documents/GitHub/LastResisters/LastResisters/Saved/Config/Windows/Scalability.ini]
[2019.11.13-07.34.11:983][  0]LogConfig: Setting CVar [[r.SkeletalMeshLODBias:0]]
[2019.11.13-07.34.11:983][  0]LogConfig: Setting CVar [[r.ViewDistanceScale:1.0]]
[2019.11.13-07.34.11:983][  0]LogConfig: Applying CVar settings from Section [AntiAliasingQuality@3] File [C:/Users/s172078/Documents/GitHub/LastResisters/LastResisters/Saved/Config/Windows/Scalability.ini]
[2019.11.13-07.34.11:983][  0]LogConfig: Setting CVar [[r.PostProcessAAQuality:4]]
[2019.11.13-07.34.11:983][  0]LogConfig: Applying CVar settings from Section [ShadowQuality@3] File [C:/Users/s172078/Documents/GitHub/LastResisters/LastResisters/Saved/Config/Windows/Scalability.ini]
[2019.11.13-07.34.11:983][  0]LogConfig: Setting CVar [[r.LightFunctionQuality:1]]
[2019.11.13-07.34.11:983][  0]LogConfig: Setting CVar [[r.ShadowQuality:5]]
[2019.11.13-07.34.11:983][  0]LogConfig: Setting CVar [[r.Shadow.CSM.MaxCascades:10]]
[2019.11.13-07.34.11:983][  0]LogConfig: Setting CVar [[r.Shadow.MaxResolution:2048]]
[2019.11.13-07.34.11:983][  0]LogConfig: Setting CVar [[r.Shadow.MaxCSMResolution:2048]]
[2019.11.13-07.34.11:983][  0]LogConfig: Setting CVar [[r.Shadow.RadiusThreshold:0.01]]
[2019.11.13-07.34.11:983][  0]LogConfig: Setting CVar [[r.Shadow.DistanceScale:1.0]]
[2019.11.13-07.34.11:983][  0]LogConfig: Setting CVar [[r.Shadow.CSM.TransitionScale:1.0]]
[2019.11.13-07.34.11:983][  0]LogConfig: Setting CVar [[r.Shadow.PreShadowResolutionFactor:1.0]]
[2019.11.13-07.34.11:983][  0]LogConfig: Setting CVar [[r.DistanceFieldShadowing:1]]
[2019.11.13-07.34.11:983][  0]LogConfig: Setting CVar [[r.DistanceFieldAO:1]]
[2019.11.13-07.34.11:983][  0]LogConfig: Setting CVar [[r.AOQuality:2]]
[2019.11.13-07.34.11:983][  0]LogConfig: Setting CVar [[r.VolumetricFog:1]]
[2019.11.13-07.34.11:983][  0]LogConfig: Setting CVar [[r.VolumetricFog.GridPixelSize:8]]
[2019.11.13-07.34.11:983][  0]LogConfig: Setting CVar [[r.VolumetricFog.GridSizeZ:128]]
[2019.11.13-07.34.11:983][  0]LogConfig: Setting CVar [[r.VolumetricFog.HistoryMissSupersampleCount:4]]
[2019.11.13-07.34.11:983][  0]LogConfig: Setting CVar [[r.LightMaxDrawDistanceScale:1]]
[2019.11.13-07.34.11:983][  0]LogConfig: Setting CVar [[r.CapsuleShadows:1]]
[2019.11.13-07.34.11:983][  0]LogConfig: Applying CVar settings from Section [PostProcessQuality@3] File [C:/Users/s172078/Documents/GitHub/LastResisters/LastResisters/Saved/Config/Windows/Scalability.ini]
[2019.11.13-07.34.11:983][  0]LogConfig: Setting CVar [[r.MotionBlurQuality:4]]
[2019.11.13-07.34.11:984][  0]LogConfig: Setting CVar [[r.AmbientOcclusionMipLevelFactor:0.4]]
[2019.11.13-07.34.11:984][  0]LogConfig: Setting CVar [[r.AmbientOcclusionMaxQuality:100]]
[2019.11.13-07.34.11:984][  0]LogConfig: Setting CVar [[r.AmbientOcclusionLevels:-1]]
[2019.11.13-07.34.11:984][  0]LogConfig: Setting CVar [[r.AmbientOcclusionRadiusScale:1.0]]
[2019.11.13-07.34.11:984][  0]LogConfig: Setting CVar [[r.DepthOfFieldQuality:2]]
[2019.11.13-07.34.11:984][  0]LogConfig: Setting CVar [[r.RenderTargetPoolMin:400]]
[2019.11.13-07.34.11:984][  0]LogConfig: Setting CVar [[r.LensFlareQuality:2]]
[2019.11.13-07.34.11:984][  0]LogConfig: Setting CVar [[r.SceneColorFringeQuality:1]]
[2019.11.13-07.34.11:984][  0]LogConfig: Setting CVar [[r.EyeAdaptationQuality:2]]
[2019.11.13-07.34.11:984][  0]LogConfig: Setting CVar [[r.BloomQuality:5]]
[2019.11.13-07.34.11:984][  0]LogConfig: Setting CVar [[r.FastBlurThreshold:100]]
[2019.11.13-07.34.11:984][  0]LogConfig: Setting CVar [[r.Upscale.Quality:3]]
[2019.11.13-07.34.11:984][  0]LogConfig: Setting CVar [[r.Tonemapper.GrainQuantization:1]]
[2019.11.13-07.34.11:984][  0]LogConfig: Setting CVar [[r.LightShaftQuality:1]]
[2019.11.13-07.34.11:984][  0]LogConfig: Setting CVar [[r.Filter.SizeScale:1]]
[2019.11.13-07.34.11:984][  0]LogConfig: Setting CVar [[r.Tonemapper.Quality:5]]
[2019.11.13-07.34.11:984][  0]LogConfig: Setting CVar [[r.DOF.Gather.AccumulatorQuality:1        ; higher gathering accumulator quality]]
[2019.11.13-07.34.11:984][  0]LogConfig: Setting CVar [[r.DOF.Gather.PostfilterMethod:1          ; Median3x3 postfilering method]]
[2019.11.13-07.34.11:984][  0]LogConfig: Setting CVar [[r.DOF.Gather.EnableBokehSettings:0       ; no bokeh simulation when gathering]]
[2019.11.13-07.34.11:984][  0]LogConfig: Setting CVar [[r.DOF.Gather.RingCount:4                 ; medium number of samples when gathering]]
[2019.11.13-07.34.11:984][  0]LogConfig: Setting CVar [[r.DOF.Scatter.ForegroundCompositing:1    ; additive foreground scattering]]
[2019.11.13-07.34.11:984][  0]LogConfig: Setting CVar [[r.DOF.Scatter.BackgroundCompositing:2    ; additive background scattering]]
[2019.11.13-07.34.11:984][  0]LogConfig: Setting CVar [[r.DOF.Scatter.EnableBokehSettings:1      ; bokeh simulation when scattering]]
[2019.11.13-07.34.11:984][  0]LogConfig: Setting CVar [[r.DOF.Scatter.MaxSpriteRatio:0.1         ; only a maximum of 10% of scattered bokeh]]
[2019.11.13-07.34.11:984][  0]LogConfig: Setting CVar [[r.DOF.Recombine.Quality:1                ; cheap slight out of focus]]
[2019.11.13-07.34.11:984][  0]LogConfig: Setting CVar [[r.DOF.Recombine.EnableBokehSettings:0    ; no bokeh simulation on slight out of focus]]
[2019.11.13-07.34.11:984][  0]LogConfig: Setting CVar [[r.DOF.TemporalAAQuality:1                ; more stable temporal accumulation]]
[2019.11.13-07.34.11:984][  0]LogConfig: Setting CVar [[r.DOF.Kernel.MaxForegroundRadius:0.025]]
[2019.11.13-07.34.11:984][  0]LogConfig: Setting CVar [[r.DOF.Kernel.MaxBackgroundRadius:0.025]]
[2019.11.13-07.34.11:984][  0]LogConfig: Applying CVar settings from Section [TextureQuality@3] File [C:/Users/s172078/Documents/GitHub/LastResisters/LastResisters/Saved/Config/Windows/Scalability.ini]
[2019.11.13-07.34.11:984][  0]LogConfig: Setting CVar [[r.Streaming.MipBias:0]]
[2019.11.13-07.34.11:984][  0]LogConfig: Setting CVar [[r.Streaming.AmortizeCPUToGPUCopy:0]]
[2019.11.13-07.34.11:984][  0]LogConfig: Setting CVar [[r.Streaming.MaxNumTexturesToStreamPerFrame:0]]
[2019.11.13-07.34.11:984][  0]LogConfig: Setting CVar [[r.Streaming.Boost:1]]
[2019.11.13-07.34.11:984][  0]LogConfig: Setting CVar [[r.MaxAnisotropy:8]]
[2019.11.13-07.34.11:984][  0]LogConfig: Setting CVar [[r.Streaming.LimitPoolSizeToVRAM:0]]
[2019.11.13-07.34.11:984][  0]LogConfig: Setting CVar [[r.Streaming.PoolSize:1000]]
[2019.11.13-07.34.11:984][  0]LogConfig: Setting CVar [[r.Streaming.MaxEffectiveScreenSize:0]]
[2019.11.13-07.34.11:984][  0]LogConfig: Applying CVar settings from Section [EffectsQuality@3] File [C:/Users/s172078/Documents/GitHub/LastResisters/LastResisters/Saved/Config/Windows/Scalability.ini]
[2019.11.13-07.34.11:984][  0]LogConfig: Setting CVar [[r.TranslucencyLightingVolumeDim:64]]
[2019.11.13-07.34.11:984][  0]LogConfig: Setting CVar [[r.RefractionQuality:2]]
[2019.11.13-07.34.11:984][  0]LogConfig: Setting CVar [[r.SSR.Quality:3]]
[2019.11.13-07.34.11:984][  0]LogConfig: Setting CVar [[r.SceneColorFormat:4]]
[2019.11.13-07.34.11:984][  0]LogConfig: Setting CVar [[r.DetailMode:2]]
[2019.11.13-07.34.11:984][  0]LogConfig: Setting CVar [[r.TranslucencyVolumeBlur:1]]
[2019.11.13-07.34.11:984][  0]LogConfig: Setting CVar [[r.MaterialQualityLevel:1 ; High quality]]
[2019.11.13-07.34.11:984][  0]LogConfig: Setting CVar [[r.SSS.Scale:1]]
[2019.11.13-07.34.11:984][  0]LogConfig: Setting CVar [[r.SSS.SampleSet:2]]
[2019.11.13-07.34.11:984][  0]LogConfig: Setting CVar [[r.SSS.Quality:1]]
[2019.11.13-07.34.11:984][  0]LogConfig: Setting CVar [[r.SSS.HalfRes:1]]
[2019.11.13-07.34.11:984][  0]LogConfig: Setting CVar [[r.EmitterSpawnRateScale:1.0]]
[2019.11.13-07.34.11:984][  0]LogConfig: Setting CVar [[r.ParticleLightQuality:2]]
[2019.11.13-07.34.11:984][  0]LogConfig: Applying CVar settings from Section [FoliageQuality@3] File [C:/Users/s172078/Documents/GitHub/LastResisters/LastResisters/Saved/Config/Windows/Scalability.ini]
[2019.11.13-07.34.11:984][  0]LogConfig: Setting CVar [[foliage.DensityScale:1.0]]
[2019.11.13-07.34.11:984][  0]LogConfig: Setting CVar [[grass.DensityScale:1.0]]
[2019.11.13-07.34.11:984][  0]LogInit: Selected Device Profile: [Windows]
[2019.11.13-07.34.11:984][  0]LogInit: Applying CVar settings loaded from the selected device profile: [Windows]
[2019.11.13-07.34.11:991][  0]LogHAL: Display: Platform has ~ 32 GB [34292334592 / 34359738368 / 32], which maps to Largest [LargestMinGB=32, LargerMinGB=12, DefaultMinGB=8, SmallerMinGB=6, SmallestMinGB=0)
[2019.11.13-07.34.11:991][  0]LogInit: Going up to parent DeviceProfile []
[2019.11.13-07.34.11:991][  0]LogConfig: Applying CVar settings from Section [ViewDistanceQuality@3] File [C:/Users/s172078/Documents/GitHub/LastResisters/LastResisters/Saved/Config/Windows/Scalability.ini]
[2019.11.13-07.34.11:991][  0]LogConfig: Setting CVar [[r.SkeletalMeshLODBias:0]]
[2019.11.13-07.34.11:991][  0]LogConfig: Setting CVar [[r.ViewDistanceScale:1.0]]
[2019.11.13-07.34.11:991][  0]LogConfig: Applying CVar settings from Section [AntiAliasingQuality@3] File [C:/Users/s172078/Documents/GitHub/LastResisters/LastResisters/Saved/Config/Windows/Scalability.ini]
[2019.11.13-07.34.11:991][  0]LogConfig: Setting CVar [[r.PostProcessAAQuality:4]]
[2019.11.13-07.34.11:991][  0]LogConfig: Applying CVar settings from Section [ShadowQuality@3] File [C:/Users/s172078/Documents/GitHub/LastResisters/LastResisters/Saved/Config/Windows/Scalability.ini]
[2019.11.13-07.34.11:991][  0]LogConfig: Setting CVar [[r.LightFunctionQuality:1]]
[2019.11.13-07.34.11:991][  0]LogConfig: Setting CVar [[r.ShadowQuality:5]]
[2019.11.13-07.34.11:991][  0]LogConfig: Setting CVar [[r.Shadow.CSM.MaxCascades:10]]
[2019.11.13-07.34.11:991][  0]LogConfig: Setting CVar [[r.Shadow.MaxResolution:2048]]
[2019.11.13-07.34.11:991][  0]LogConfig: Setting CVar [[r.Shadow.MaxCSMResolution:2048]]
[2019.11.13-07.34.11:991][  0]LogConfig: Setting CVar [[r.Shadow.RadiusThreshold:0.01]]
[2019.11.13-07.34.11:991][  0]LogConfig: Setting CVar [[r.Shadow.DistanceScale:1.0]]
[2019.11.13-07.34.11:991][  0]LogConfig: Setting CVar [[r.Shadow.CSM.TransitionScale:1.0]]
[2019.11.13-07.34.11:991][  0]LogConfig: Setting CVar [[r.Shadow.PreShadowResolutionFactor:1.0]]
[2019.11.13-07.34.11:991][  0]LogConfig: Setting CVar [[r.DistanceFieldShadowing:1]]
[2019.11.13-07.34.11:991][  0]LogConfig: Setting CVar [[r.DistanceFieldAO:1]]
[2019.11.13-07.34.11:991][  0]LogConfig: Setting CVar [[r.AOQuality:2]]
[2019.11.13-07.34.11:991][  0]LogConfig: Setting CVar [[r.VolumetricFog:1]]
[2019.11.13-07.34.11:991][  0]LogConfig: Setting CVar [[r.VolumetricFog.GridPixelSize:8]]
[2019.11.13-07.34.11:991][  0]LogConfig: Setting CVar [[r.VolumetricFog.GridSizeZ:128]]
[2019.11.13-07.34.11:991][  0]LogConfig: Setting CVar [[r.VolumetricFog.HistoryMissSupersampleCount:4]]
[2019.11.13-07.34.11:991][  0]LogConfig: Setting CVar [[r.LightMaxDrawDistanceScale:1]]
[2019.11.13-07.34.11:991][  0]LogConfig: Setting CVar [[r.CapsuleShadows:1]]
[2019.11.13-07.34.11:991][  0]LogConfig: Applying CVar settings from Section [PostProcessQuality@3] File [C:/Users/s172078/Documents/GitHub/LastResisters/LastResisters/Saved/Config/Windows/Scalability.ini]
[2019.11.13-07.34.11:991][  0]LogConfig: Setting CVar [[r.MotionBlurQuality:4]]
[2019.11.13-07.34.11:991][  0]LogConfig: Setting CVar [[r.AmbientOcclusionMipLevelFactor:0.4]]
[2019.11.13-07.34.11:991][  0]LogConfig: Setting CVar [[r.AmbientOcclusionMaxQuality:100]]
[2019.11.13-07.34.11:991][  0]LogConfig: Setting CVar [[r.AmbientOcclusionLevels:-1]]
[2019.11.13-07.34.11:991][  0]LogConfig: Setting CVar [[r.AmbientOcclusionRadiusScale:1.0]]
[2019.11.13-07.34.11:991][  0]LogConfig: Setting CVar [[r.DepthOfFieldQuality:2]]
[2019.11.13-07.34.11:991][  0]LogConfig: Setting CVar [[r.RenderTargetPoolMin:400]]
[2019.11.13-07.34.11:991][  0]LogConfig: Setting CVar [[r.LensFlareQuality:2]]
[2019.11.13-07.34.11:991][  0]LogConfig: Setting CVar [[r.SceneColorFringeQuality:1]]
[2019.11.13-07.34.11:991][  0]LogConfig: Setting CVar [[r.EyeAdaptationQuality:2]]
[2019.11.13-07.34.11:991][  0]LogConfig: Setting CVar [[r.BloomQuality:5]]
[2019.11.13-07.34.11:991][  0]LogConfig: Setting CVar [[r.FastBlurThreshold:100]]
[2019.11.13-07.34.11:991][  0]LogConfig: Setting CVar [[r.Upscale.Quality:3]]
[2019.11.13-07.34.11:991][  0]LogConfig: Setting CVar [[r.Tonemapper.GrainQuantization:1]]
[2019.11.13-07.34.11:991][  0]LogConfig: Setting CVar [[r.LightShaftQuality:1]]
[2019.11.13-07.34.11:991][  0]LogConfig: Setting CVar [[r.Filter.SizeScale:1]]
[2019.11.13-07.34.11:991][  0]LogConfig: Setting CVar [[r.Tonemapper.Quality:5]]
[2019.11.13-07.34.11:991][  0]LogConfig: Setting CVar [[r.DOF.Gather.AccumulatorQuality:1        ; higher gathering accumulator quality]]
[2019.11.13-07.34.11:991][  0]LogConfig: Setting CVar [[r.DOF.Gather.PostfilterMethod:1          ; Median3x3 postfilering method]]
[2019.11.13-07.34.11:991][  0]LogConfig: Setting CVar [[r.DOF.Gather.EnableBokehSettings:0       ; no bokeh simulation when gathering]]
[2019.11.13-07.34.11:991][  0]LogConfig: Setting CVar [[r.DOF.Gather.RingCount:4                 ; medium number of samples when gathering]]
[2019.11.13-07.34.11:991][  0]LogConfig: Setting CVar [[r.DOF.Scatter.ForegroundCompositing:1    ; additive foreground scattering]]
[2019.11.13-07.34.11:991][  0]LogConfig: Setting CVar [[r.DOF.Scatter.BackgroundCompositing:2    ; additive background scattering]]
[2019.11.13-07.34.11:991][  0]LogConfig: Setting CVar [[r.DOF.Scatter.EnableBokehSettings:1      ; bokeh simulation when scattering]]
[2019.11.13-07.34.11:991][  0]LogConfig: Setting CVar [[r.DOF.Scatter.MaxSpriteRatio:0.1         ; only a maximum of 10% of scattered bokeh]]
[2019.11.13-07.34.11:991][  0]LogConfig: Setting CVar [[r.DOF.Recombine.Quality:1                ; cheap slight out of focus]]
[2019.11.13-07.34.11:991][  0]LogConfig: Setting CVar [[r.DOF.Recombine.EnableBokehSettings:0    ; no bokeh simulation on slight out of focus]]
[2019.11.13-07.34.11:991][  0]LogConfig: Setting CVar [[r.DOF.TemporalAAQuality:1                ; more stable temporal accumulation]]
[2019.11.13-07.34.11:991][  0]LogConfig: Setting CVar [[r.DOF.Kernel.MaxForegroundRadius:0.025]]
[2019.11.13-07.34.11:991][  0]LogConfig: Setting CVar [[r.DOF.Kernel.MaxBackgroundRadius:0.025]]
[2019.11.13-07.34.11:991][  0]LogConfig: Applying CVar settings from Section [TextureQuality@3] File [C:/Users/s172078/Documents/GitHub/LastResisters/LastResisters/Saved/Config/Windows/Scalability.ini]
[2019.11.13-07.34.11:991][  0]LogConfig: Setting CVar [[r.Streaming.MipBias:0]]
[2019.11.13-07.34.11:991][  0]LogConfig: Setting CVar [[r.Streaming.AmortizeCPUToGPUCopy:0]]
[2019.11.13-07.34.11:991][  0]LogConfig: Setting CVar [[r.Streaming.MaxNumTexturesToStreamPerFrame:0]]
[2019.11.13-07.34.11:991][  0]LogConfig: Setting CVar [[r.Streaming.Boost:1]]
[2019.11.13-07.34.11:991][  0]LogConfig: Setting CVar [[r.MaxAnisotropy:8]]
[2019.11.13-07.34.11:991][  0]LogConfig: Setting CVar [[r.Streaming.LimitPoolSizeToVRAM:0]]
[2019.11.13-07.34.11:991][  0]LogConfig: Setting CVar [[r.Streaming.PoolSize:1000]]
[2019.11.13-07.34.11:991][  0]LogConfig: Setting CVar [[r.Streaming.MaxEffectiveScreenSize:0]]
[2019.11.13-07.34.11:991][  0]LogConfig: Applying CVar settings from Section [EffectsQuality@3] File [C:/Users/s172078/Documents/GitHub/LastResisters/LastResisters/Saved/Config/Windows/Scalability.ini]
[2019.11.13-07.34.11:991][  0]LogConfig: Setting CVar [[r.TranslucencyLightingVolumeDim:64]]
[2019.11.13-07.34.11:991][  0]LogConfig: Setting CVar [[r.RefractionQuality:2]]
[2019.11.13-07.34.11:991][  0]LogConfig: Setting CVar [[r.SSR.Quality:3]]
[2019.11.13-07.34.11:991][  0]LogConfig: Setting CVar [[r.SceneColorFormat:4]]
[2019.11.13-07.34.11:991][  0]LogConfig: Setting CVar [[r.DetailMode:2]]
[2019.11.13-07.34.11:991][  0]LogConfig: Setting CVar [[r.TranslucencyVolumeBlur:1]]
[2019.11.13-07.34.11:991][  0]LogConfig: Setting CVar [[r.MaterialQualityLevel:1 ; High quality]]
[2019.11.13-07.34.11:991][  0]LogConfig: Setting CVar [[r.SSS.Scale:1]]
[2019.11.13-07.34.11:991][  0]LogConfig: Setting CVar [[r.SSS.SampleSet:2]]
[2019.11.13-07.34.11:991][  0]LogConfig: Setting CVar [[r.SSS.Quality:1]]
[2019.11.13-07.34.11:991][  0]LogConfig: Setting CVar [[r.SSS.HalfRes:1]]
[2019.11.13-07.34.11:991][  0]LogConfig: Setting CVar [[r.EmitterSpawnRateScale:1.0]]
[2019.11.13-07.34.11:991][  0]LogConfig: Setting CVar [[r.ParticleLightQuality:2]]
[2019.11.13-07.34.11:992][  0]LogConfig: Applying CVar settings from Section [FoliageQuality@3] File [C:/Users/s172078/Documents/GitHub/LastResisters/LastResisters/Saved/Config/Windows/Scalability.ini]
[2019.11.13-07.34.11:992][  0]LogConfig: Setting CVar [[foliage.DensityScale:1.0]]
[2019.11.13-07.34.11:992][  0]LogConfig: Setting CVar [[grass.DensityScale:1.0]]
[2019.11.13-07.34.11:992][  0]LogConfig: Applying CVar settings from Section [Startup] File [../../../Engine/Config/ConsoleVariables.ini]
[2019.11.13-07.34.11:994][  0]LogConfig: Setting CVar [[net.UseAdaptiveNetUpdateFrequency:0]]
[2019.11.13-07.34.11:994][  0]LogConfig: Setting CVar [[p.chaos.AllowCreatePhysxBodies:1]]
[2019.11.13-07.34.11:995][  0]LogConfig: Applying CVar settings from Section [ConsoleVariables] File [C:/Users/s172078/Documents/GitHub/LastResisters/LastResisters/Saved/Config/Windows/Engine.ini]
[2019.11.13-07.34.11:995][  0]LogInit: Computer: F53PC02
[2019.11.13-07.34.11:995][  0]LogInit: User: s172078
[2019.11.13-07.34.11:995][  0]LogInit: CPU Page size=4096, Cores=4
[2019.11.13-07.34.11:995][  0]LogInit: High frequency timer resolution =4.101558 MHz
[2019.11.13-07.34.11:995][  0]LogMemory: Memory total: Physical=31.9GB (32GB approx)
[2019.11.13-07.34.11:995][  0]LogMemory: Platform Memory Stats for Windows
[2019.11.13-07.34.11:995][  0]LogMemory: Process Physical Memory: 106.82 MB used, 106.82 MB peak
[2019.11.13-07.34.11:995][  0]LogMemory: Process Virtual Memory: 91.13 MB used, 91.13 MB peak
[2019.11.13-07.34.11:995][  0]LogMemory: Physical Memory: 7674.09 MB used,  25029.63 MB free, 32703.72 MB total
[2019.11.13-07.34.11:995][  0]LogMemory: Virtual Memory: 4744.62 MB used,  134212984.00 MB free, 134217728.00 MB total
[2019.11.13-07.34.11:998][  0]LogWindows: WindowsPlatformFeatures enabled
[2019.11.13-07.34.12:031][  0]LogInit: Overriding language with editor language configuration option (en).
[2019.11.13-07.34.12:031][  0]LogInit: Overriding locale with editor locale configuration option (en).
[2019.11.13-07.34.12:187][  0]LogInit: Setting process to per monitor DPI aware
[2019.11.13-07.34.12:232][  0]LogSlate: New Slate User Created.  User Index 0, Is Virtual User: 0
[2019.11.13-07.34.12:232][  0]LogSlate: Slate User Registered.  User Index 0, Is Virtual User: 0
[2019.11.13-07.34.13:330][  0]LogHMD: Failed to initialize OpenVR with code 110
[2019.11.13-07.34.13:330][  0]LogD3D11RHI: D3D11 adapters:
[2019.11.13-07.34.13:403][  0]LogD3D11RHI:    0. 'NVIDIA GeForce GTX 1080' (Feature Level 11_0)
[2019.11.13-07.34.13:403][  0]LogD3D11RHI:       8079/0/16351 MB DedicatedVideo/DedicatedSystem/SharedSystem, Outputs:2, VendorId:0x10de
[2019.11.13-07.34.13:406][  0]LogD3D11RHI:    1. 'Microsoft Basic Render Driver' (Feature Level 11_0)
[2019.11.13-07.34.13:406][  0]LogD3D11RHI:       0/0/16351 MB DedicatedVideo/DedicatedSystem/SharedSystem, Outputs:0, VendorId:0x1414
[2019.11.13-07.34.13:406][  0]LogD3D11RHI: Chosen D3D11 Adapter: 0
[2019.11.13-07.34.13:412][  0]LogD3D11RHI: Creating new Direct3DDevice
[2019.11.13-07.34.13:412][  0]LogD3D11RHI:     GPU DeviceId: 0x1b80 (for the marketing name, search the web for "GPU Device Id")
[2019.11.13-07.34.13:412][  0]LogWindows: EnumDisplayDevices:
[2019.11.13-07.34.13:412][  0]LogWindows:    0. 'NVIDIA GeForce GTX 1080' (P:0 D:1)
[2019.11.13-07.34.13:412][  0]LogWindows:    1. 'NVIDIA GeForce GTX 1080' (P:1 D:1)
[2019.11.13-07.34.13:412][  0]LogWindows:    2. 'NVIDIA GeForce GTX 1080' (P:0 D:0)
[2019.11.13-07.34.13:413][  0]LogWindows:    3. 'NVIDIA GeForce GTX 1080' (P:0 D:0)
[2019.11.13-07.34.13:413][  0]LogWindows: DebugString: FoundDriverCount:4 
[2019.11.13-07.34.13:413][  0]LogD3D11RHI:     Adapter Name: NVIDIA GeForce GTX 1080
[2019.11.13-07.34.13:413][  0]LogD3D11RHI:   Driver Version: 431.07 (internal:26.21.14.3107, unified:431.07)
[2019.11.13-07.34.13:413][  0]LogD3D11RHI:      Driver Date: 6-5-2019
[2019.11.13-07.34.13:413][  0]LogRHI: Texture pool is 5655 MB (70% of 8079 MB)
[2019.11.13-07.34.13:462][  0]LogD3D11RHI: Async texture creation enabled
[2019.11.13-07.34.13:472][  0]LogD3D11RHI: GPU Timing Frequency: 1000.000000 (Debug: 2 1)
[2019.11.13-07.34.13:814][  0]LogTemp: Display: Module 'AllDesktopTargetPlatform' loaded TargetPlatform 'AllDesktop'
[2019.11.13-07.34.13:825][  0]LogTemp: Display: Module 'MacClientTargetPlatform' loaded TargetPlatform 'MacClient'
[2019.11.13-07.34.13:833][  0]LogTemp: Display: Module 'MacNoEditorTargetPlatform' loaded TargetPlatform 'MacNoEditor'
[2019.11.13-07.34.13:842][  0]LogTemp: Display: Module 'MacServerTargetPlatform' loaded TargetPlatform 'MacServer'
[2019.11.13-07.34.13:851][  0]LogTemp: Display: Module 'MacTargetPlatform' loaded TargetPlatform 'Mac'
[2019.11.13-07.34.13:860][  0]LogTemp: Display: Module 'WindowsClientTargetPlatform' loaded TargetPlatform 'WindowsClient'
[2019.11.13-07.34.13:868][  0]LogTemp: Display: Module 'WindowsNoEditorTargetPlatform' loaded TargetPlatform 'WindowsNoEditor'
[2019.11.13-07.34.13:876][  0]LogTemp: Display: Module 'WindowsServerTargetPlatform' loaded TargetPlatform 'WindowsServer'
[2019.11.13-07.34.13:881][  0]LogTemp: Display: Module 'WindowsTargetPlatform' loaded TargetPlatform 'Windows'
[2019.11.13-07.34.13:911][  0]LogTemp: Display: Module 'AndroidTargetPlatform' loaded TargetPlatform 'Android'
[2019.11.13-07.34.13:911][  0]LogTemp: Display: Module 'AndroidTargetPlatform' loaded TargetPlatform 'Android_ASTC'
[2019.11.13-07.34.13:911][  0]LogTemp: Display: Module 'AndroidTargetPlatform' loaded TargetPlatform 'Android_ATC'
[2019.11.13-07.34.13:911][  0]LogTemp: Display: Module 'AndroidTargetPlatform' loaded TargetPlatform 'Android_DXT'
[2019.11.13-07.34.13:911][  0]LogTemp: Display: Module 'AndroidTargetPlatform' loaded TargetPlatform 'Android_ETC1'
[2019.11.13-07.34.13:911][  0]LogTemp: Display: Module 'AndroidTargetPlatform' loaded TargetPlatform 'Android_ETC1a'
[2019.11.13-07.34.13:911][  0]LogTemp: Display: Module 'AndroidTargetPlatform' loaded TargetPlatform 'Android_ETC2'
[2019.11.13-07.34.13:911][  0]LogTemp: Display: Module 'AndroidTargetPlatform' loaded TargetPlatform 'Android_PVRTC'
[2019.11.13-07.34.13:911][  0]LogTemp: Display: Module 'AndroidTargetPlatform' loaded TargetPlatform 'AndroidClient'
[2019.11.13-07.34.13:911][  0]LogTemp: Display: Module 'AndroidTargetPlatform' loaded TargetPlatform 'Android_ASTCClient'
[2019.11.13-07.34.13:911][  0]LogTemp: Display: Module 'AndroidTargetPlatform' loaded TargetPlatform 'Android_ATCClient'
[2019.11.13-07.34.13:911][  0]LogTemp: Display: Module 'AndroidTargetPlatform' loaded TargetPlatform 'Android_DXTClient'
[2019.11.13-07.34.13:911][  0]LogTemp: Display: Module 'AndroidTargetPlatform' loaded TargetPlatform 'Android_ETC1Client'
[2019.11.13-07.34.13:911][  0]LogTemp: Display: Module 'AndroidTargetPlatform' loaded TargetPlatform 'Android_ETC1aClient'
[2019.11.13-07.34.13:911][  0]LogTemp: Display: Module 'AndroidTargetPlatform' loaded TargetPlatform 'Android_ETC2Client'
[2019.11.13-07.34.13:911][  0]LogTemp: Display: Module 'AndroidTargetPlatform' loaded TargetPlatform 'Android_PVRTCClient'
[2019.11.13-07.34.13:911][  0]LogTemp: Display: Module 'AndroidTargetPlatform' loaded TargetPlatform 'Android_Multi'
[2019.11.13-07.34.13:911][  0]LogTemp: Display: Module 'AndroidTargetPlatform' loaded TargetPlatform 'Android_MultiClient'
[2019.11.13-07.34.13:914][  0]LogTemp: Display: Module 'HTML5TargetPlatform' loaded TargetPlatform 'HTML5'
[2019.11.13-07.34.13:935][  0]LogTemp: Display: Module 'IOSTargetPlatform' loaded TargetPlatform 'IOSClient'
[2019.11.13-07.34.13:935][  0]LogTemp: Display: Module 'IOSTargetPlatform' loaded TargetPlatform 'IOS'
[2019.11.13-07.34.13:951][  0]LogTemp: Display: Module 'TVOSTargetPlatform' loaded TargetPlatform 'TVOSClient'
[2019.11.13-07.34.13:951][  0]LogTemp: Display: Module 'TVOSTargetPlatform' loaded TargetPlatform 'TVOS'
[2019.11.13-07.34.13:959][  0]LogTemp: Display: Module 'LinuxClientTargetPlatform' loaded TargetPlatform 'LinuxClient'
[2019.11.13-07.34.13:967][  0]LogTemp: Display: Module 'LinuxNoEditorTargetPlatform' loaded TargetPlatform 'LinuxNoEditor'
[2019.11.13-07.34.13:975][  0]LogTemp: Display: Module 'LinuxServerTargetPlatform' loaded TargetPlatform 'LinuxServer'
[2019.11.13-07.34.13:986][  0]LogTemp: Display: Module 'LinuxTargetPlatform' loaded TargetPlatform 'Linux'
[2019.11.13-07.34.14:015][  0]LogTemp: Display: Module 'LuminTargetPlatform' loaded TargetPlatform 'Lumin'
[2019.11.13-07.34.14:015][  0]LogTemp: Display: Module 'LuminTargetPlatform' loaded TargetPlatform 'LuminClient'
[2019.11.13-07.34.14:015][  0]LogTargetPlatformManager: Display: Building Assets For Windows
[2019.11.13-07.34.14:025][  0]LogAudioDebug: Display: Lib vorbis DLL was dynamically loaded.
[2019.11.13-07.34.14:075][  0]LogShaderCompilers: Guid format shader working directory is -13 characters bigger than the processId version (C:/Users/s172078/Documents/GitHub/LastResisters/LastResisters/Intermediate/Shaders/WorkingDirectory/8680/).
[2019.11.13-07.34.14:075][  0]LogShaderCompilers: Cleaned the shader compiler working directory 'C:/Users/s172078/AppData/Local/Temp/UnrealShaderWorkingDir/FFD5BE45443F1EAE14F6C09CD086252B/'.
[2019.11.13-07.34.14:076][  0]LogXGEController: Cleaning working directory: C:/Users/s172078/AppData/Local/Temp/UnrealXGEWorkingDir/
[2019.11.13-07.34.14:077][  0]LogXGEController: Cannot use XGE Controller as Incredibuild is not installed on this machine.
[2019.11.13-07.34.14:077][  0]LogShaderCompilers: Cannot use XGE Shader Compiler as Incredibuild is not installed on this machine.
[2019.11.13-07.34.14:077][  0]LogShaderCompilers: Display: Using Local Shader Compiler.
[2019.11.13-07.34.15:580][  0]LogDerivedDataCache: Display: Max Cache Size: 512 MB
[2019.11.13-07.34.15:629][  0]LogDerivedDataCache: Loaded boot cache 0.05s 91MB C:/Users/s172078/AppData/Local/UnrealEngine/4.23/DerivedDataCache/Boot.ddc.
[2019.11.13-07.34.15:629][  0]LogDerivedDataCache: Display: Loaded Boot cache: C:/Users/s172078/AppData/Local/UnrealEngine/4.23/DerivedDataCache/Boot.ddc
[2019.11.13-07.34.15:629][  0]LogDerivedDataCache: FDerivedDataBackendGraph:  Pak pak cache file C:/Users/s172078/Documents/GitHub/LastResisters/LastResisters/DerivedDataCache/DDC.ddp not found, will not use a pak cache.
[2019.11.13-07.34.15:629][  0]LogDerivedDataCache: Unable to find inner node Pak for hierarchical cache Hierarchy.
[2019.11.13-07.34.15:629][  0]LogDerivedDataCache: FDerivedDataBackendGraph:  CompressedPak pak cache file C:/Users/s172078/Documents/GitHub/LastResisters/LastResisters/DerivedDataCache/Compressed.ddp not found, will not use a pak cache.
[2019.11.13-07.34.15:629][  0]LogDerivedDataCache: Unable to find inner node CompressedPak for hierarchical cache Hierarchy.
[2019.11.13-07.34.15:639][  0]LogDerivedDataCache: Display: Pak cache opened for reading ../../../Engine/DerivedDataCache/Compressed.ddp.
[2019.11.13-07.34.15:639][  0]LogDerivedDataCache: FDerivedDataBackendGraph:  EnterprisePak pak cache file ../../../Enterprise/DerivedDataCache/Compressed.ddp not found, will not use a pak cache.
[2019.11.13-07.34.15:639][  0]LogDerivedDataCache: Unable to find inner node EnterprisePak for hierarchical cache Hierarchy.
[2019.11.13-07.34.15:643][  0]LogDerivedDataCache: Using Local data cache path C:/Users/s172078/AppData/Local/UnrealEngine/Common/DerivedDataCache: Writable
[2019.11.13-07.34.15:643][  0]LogDerivedDataCache: Shared data cache path not found in *engine.ini, will not use an Shared cache.
[2019.11.13-07.34.15:643][  0]LogDerivedDataCache: Unable to find inner node Shared for hierarchical cache Hierarchy.
[2019.11.13-07.34.15:659][  0]LogMaterial: Verifying Global Shaders for PCD3D_SM5
[2019.11.13-07.34.15:661][  0]LogSlate: Using FreeType 2.6.0
[2019.11.13-07.34.15:665][  0]LogSlate: SlateFontServices - WITH_FREETYPE: 1, WITH_HARFBUZZ: 1
[2019.11.13-07.34.15:892][  0]LogAssetRegistry: FAssetRegistry took 0.0024 seconds to start up
[2019.11.13-07.34.16:101][  0]LogInit: Selected Device Profile: [Windows]
[2019.11.13-07.34.16:256][  0]LogMeshReduction: Using QuadricMeshReduction for automatic static mesh reduction
[2019.11.13-07.34.16:256][  0]LogMeshReduction: Using SimplygonMeshReduction for automatic skeletal mesh reduction
[2019.11.13-07.34.16:256][  0]LogMeshReduction: Using ProxyLODMeshReduction for automatic mesh merging
[2019.11.13-07.34.16:256][  0]LogMeshReduction: No distributed automatic mesh merging module available
[2019.11.13-07.34.16:256][  0]LogMeshMerging: No distributed automatic mesh merging module available
[2019.11.13-07.34.16:270][  0]LogNetVersion: LastResisters 1.0.0, NetCL: 8386587, EngineNetVer: 11, GameNetVer: 0 (Checksum: 2470489391)
[2019.11.13-07.34.16:741][  0]LogPackageLocalizationCache: Processed 13 localized package path(s) for 1 prioritized culture(s) in 0.072943 seconds
[2019.11.13-07.34.16:748][  0]LogUObjectArray: 43516 objects as part of root set at end of initial load.
[2019.11.13-07.34.16:748][  0]LogUObjectAllocator: 7562664 out of 0 bytes used by permanent object pool.
[2019.11.13-07.34.16:748][  0]LogUObjectArray: CloseDisregardForGC: 0/0 objects in disregard for GC pool
[2019.11.13-07.34.19:182][  0]LogTcpMessaging: Initializing TcpMessaging bridge
[2019.11.13-07.34.19:234][  0]LogUdpMessaging: Initializing bridge on interface 0.0.0.0:0 to multicast group 230.0.0.1:6666.
[2019.11.13-07.34.19:320][  0]SourceControl: Source control is disabled
[2019.11.13-07.34.19:321][  0]SourceControl: Source control is disabled
[2019.11.13-07.34.19:323][  0]SourceControl: Source control is disabled
[2019.11.13-07.34.19:324][  0]SourceControl: Source control is disabled
[2019.11.13-07.34.19:447][  0]LogOnline: Oculus: Oculus Startup!
[2019.11.13-07.34.19:450][  0]LogAndroidPermission: UAndroidPermissionCallbackProxy::GetInstance
[2019.11.13-07.34.19:565][  0]LogAvatars: Display: UOvrAvatarManager::InitializeSDK()
[2019.11.13-07.34.19:566][  0]LogLinker: Warning: Asset '../../Plugins/Runtime/Oculus/OculusAvatar/Content/Materials/AvatarsPBR_2/OculusAvatars_PBRV2_Mobile.uasset' has been saved with empty engine version. The asset will be loaded but may be incompatible.
[2019.11.13-07.34.19:568][  0]LogLinker: Warning: Asset '../../Plugins/Runtime/Oculus/OculusAvatar/Content/Materials/AvatarsPBR_2/AvatarLighting.uasset' has been saved with empty engine version. The asset will be loaded but may be incompatible.
[2019.11.13-07.34.19:568][  0]LogLinker: Warning: Asset '../../Plugins/Runtime/Oculus/OculusAvatar/Content/Materials/AvatarsPBR_2/Functions/DistributionGGX.uasset' has been saved with empty engine version. The asset will be loaded but may be incompatible.
[2019.11.13-07.34.19:569][  0]LogLinker: Warning: Asset '../../Plugins/Runtime/Oculus/OculusAvatar/Content/Materials/AvatarsPBR_2/Functions/GeometryGGXPartial.uasset' has been saved with empty engine version. The asset will be loaded but may be incompatible.
[2019.11.13-07.34.19:570][  0]LogLinker: Warning: Asset '../../Plugins/Runtime/Oculus/OculusAvatar/Content/Materials/AvatarsPBR_2/Functions/SchlickFresnel.uasset' has been saved with empty engine version. The asset will be loaded but may be incompatible.
[2019.11.13-07.34.19:572][  0]LogLinker: Warning: Asset '../../Plugins/Runtime/Oculus/OculusAvatar/Content/Materials/AvatarsPBR_2/Assets/fallbackAlbedo.uasset' has been saved with empty engine version. The asset will be loaded but may be incompatible.
[2019.11.13-07.34.19:573][  0]LogLinker: Warning: Asset '../../Plugins/Runtime/Oculus/OculusAvatar/Content/Materials/AvatarsPBR_2/Assets/fallbackNormal.uasset' has been saved with empty engine version. The asset will be loaded but may be incompatible.
[2019.11.13-07.34.19:573][  0]LogLinker: Warning: Asset '../../Plugins/Runtime/Oculus/OculusAvatar/Content/Materials/AvatarsPBR_2/Assets/fallbackRoughness.uasset' has been saved with empty engine version. The asset will be loaded but may be incompatible.
[2019.11.13-07.34.19:583][  0]LogLinker: Warning: Asset '../../Plugins/Runtime/Oculus/OculusAvatar/Content/Materials/AvatarsPBR_2/OculusAvatars_PBRV2_Mobile_Combined.uasset' has been saved with empty engine version. The asset will be loaded but may be incompatible.
[2019.11.13-07.34.19:584][  0]LogLinker: Warning: Asset '../../Plugins/Runtime/Oculus/OculusAvatar/Content/Materials/AvatarsPBR_2/Functions/ComputeCombinedMeshColor.uasset' has been saved with empty engine version. The asset will be loaded but may be incompatible.
[2019.11.13-07.34.19:599][  0]LogLinker: Warning: Asset '../../Plugins/Runtime/Oculus/OculusAvatar/Content/Materials/AvatarsPBR_2/OculusAvatars_PBRV2_Exp_Opaque_Body_Mobile.uasset' has been saved with empty engine version. The asset will be loaded but may be incompatible.
[2019.11.13-07.34.19:601][  0]LogLinker: Warning: Asset '../../Plugins/Runtime/Oculus/OculusAvatar/Content/Materials/AvatarsPBR_2/Functions/CombineMasks.uasset' has been saved with empty engine version. The asset will be loaded but may be incompatible.
[2019.11.13-07.34.19:601][  0]LogLinker: Warning: Asset '../../Plugins/Runtime/Oculus/OculusAvatar/Content/Materials/AvatarsPBR_2/Functions/ComputeMask.uasset' has been saved with empty engine version. The asset will be loaded but may be incompatible.
[2019.11.13-07.34.19:613][  0]LogLinker: Warning: Asset '../../Plugins/Runtime/Oculus/OculusAvatar/Content/Materials/AvatarsPBR_2/OculusAvatars_PBRV2_Exp_Opaque_Simple_Mobile.uasset' has been saved with empty engine version. The asset will be loaded but may be incompatible.
[2019.11.13-07.34.19:620][  0]LogLinker: Warning: Asset '../../Plugins/Runtime/Oculus/OculusAvatar/Content/Materials/AvatarsPBR_2/OculusAvatars_PBRV2_Combined_Exp_Opaque_Mobile.uasset' has been saved with empty engine version. The asset will be loaded but may be incompatible.
[2019.11.13-07.34.19:633][  0]LogLinker: Warning: Asset '../../Plugins/Runtime/Oculus/OculusAvatar/Content/Materials/AvatarsPBR_2/OculusAvatars_PBRV2.uasset' has been saved with empty engine version. The asset will be loaded but may be incompatible.
[2019.11.13-07.34.19:641][  0]LogLinker: Warning: Asset '../../Plugins/Runtime/Oculus/OculusAvatar/Content/Materials/AvatarsPBR_2/OculusAvatars_PBRV2_Combined.uasset' has been saved with empty engine version. The asset will be loaded but may be incompatible.
[2019.11.13-07.34.19:653][  0]LogLinker: Warning: Asset '../../Plugins/Runtime/Oculus/OculusAvatar/Content/Materials/AvatarsPBR_2/OculusAvatars_PBRV2_Exp_Masked_Body.uasset' has been saved with empty engine version. The asset will be loaded but may be incompatible.
[2019.11.13-07.34.19:655][  0]LogLinker: Warning: Asset '../../Plugins/Runtime/Oculus/OculusAvatar/Content/Materials/AvatarsPBR_2/Functions/DitherAlphaToOpacityMask.uasset' has been saved with empty engine version. The asset will be loaded but may be incompatible.
[2019.11.13-07.34.19:658][  0]LogLinker: Warning: Asset '../../Plugins/Runtime/Oculus/OculusAvatar/Content/Materials/AvatarsPBR_2/Functions/LDR_LLL1_0.uasset' has been saved with empty engine version. The asset will be loaded but may be incompatible.
[2019.11.13-07.34.19:669][  0]LogLinker: Warning: Asset '../../Plugins/Runtime/Oculus/OculusAvatar/Content/Materials/AvatarsPBR_2/OculusAvatars_PBRV2_Exp_Alpha_Body.uasset' has been saved with empty engine version. The asset will be loaded but may be incompatible.
[2019.11.13-07.34.19:681][  0]LogLinker: Warning: Asset '../../Plugins/Runtime/Oculus/OculusAvatar/Content/Materials/AvatarsPBR_2/OculusAvatars_PBRV2_Exp_Opaque_Body.uasset' has been saved with empty engine version. The asset will be loaded but may be incompatible.
[2019.11.13-07.34.19:690][  0]LogLinker: Warning: Asset '../../Plugins/Runtime/Oculus/OculusAvatar/Content/Materials/AvatarsPBR_2/OculusAvatars_PBRV2_Exp_Alpha_Simple.uasset' has been saved with empty engine version. The asset will be loaded but may be incompatible.
[2019.11.13-07.34.19:699][  0]LogLinker: Warning: Asset '../../Plugins/Runtime/Oculus/OculusAvatar/Content/Materials/AvatarsPBR_2/OculusAvatars_PBRV2_Exp_Masked_Simple.uasset' has been saved with empty engine version. The asset will be loaded but may be incompatible.
[2019.11.13-07.34.19:708][  0]LogLinker: Warning: Asset '../../Plugins/Runtime/Oculus/OculusAvatar/Content/Materials/AvatarsPBR_2/OculusAvatars_PBRV2_Exp_Opaque_Simple.uasset' has been saved with empty engine version. The asset will be loaded but may be incompatible.
[2019.11.13-07.34.19:716][  0]LogLinker: Warning: Asset '../../Plugins/Runtime/Oculus/OculusAvatar/Content/Materials/AvatarsPBR_2/OculusAvatars_PBRV2_Combined_Exp_Masked.uasset' has been saved with empty engine version. The asset will be loaded but may be incompatible.
[2019.11.13-07.34.19:730][  0]LogLinker: Warning: Asset '../../Plugins/Runtime/Oculus/OculusAvatar/Content/Materials/AvatarsPBR_2/OculusAvatars_PBRV2_Combined_Exp_Opaque.uasset' has been saved with empty engine version. The asset will be loaded but may be incompatible.
[2019.11.13-07.34.19:743][  0]LogLinker: Warning: Asset '../../Plugins/Runtime/Oculus/OculusAvatar/Content/Materials/AvatarsPBR_2/OculusAvatars_PBRV2_Combined_Exp_Alpha.uasset' has been saved with empty engine version. The asset will be loaded but may be incompatible.
[2019.11.13-07.34.19:757][  0]LogLinker: Warning: Asset '../../Plugins/Runtime/Oculus/OculusAvatar/Content/Materials/AvatarsPBR_2/OculusAvatars_PBRV2_EyeShell.uasset' has been saved with empty engine version. The asset will be loaded but may be incompatible.
[2019.11.13-07.34.19:763][  0]LogLinker: Warning: Asset '../../Plugins/Runtime/Oculus/OculusAvatar/Content/Materials/AvatarsPBR_2/OculusAvatars_PBRV2_ExpressiveController.uasset' has been saved with empty engine version. The asset will be loaded but may be incompatible.
[2019.11.13-07.34.20:372][  0]LogAvatars: Display: Oculus Avatars No App Id Found: SHUTTING DOWN 牡慍慮敧⹲灣p
[2019.11.13-07.34.20:374][  0]LogOcInput: OculusInput pre-init called
[2019.11.13-07.34.21:872][  0]LogClass: Warning: FWeaponSkillGauge::Color is not initialized properly
[2019.11.13-07.34.21:873][  0]LogClass: Display: 1 Uninitialized script stuct members found
[2019.11.13-07.34.21:873][  0]LogAutomationTest: Warning: FWeaponSkillGauge::Color is not initialized properly
[2019.11.13-07.34.21:874][  0]LogEngine: Initializing Engine...
[2019.11.13-07.34.21:876][  0]LogHMD: Failed to initialize OpenVR with code 110
[2019.11.13-07.34.21:877][  0]LogStats: UGameplayTagsManager::InitializeManager -  0.000 s
[2019.11.13-07.34.22:092][  0]LogInit: Initializing FReadOnlyCVARCache
[2019.11.13-07.34.22:110][  0]LogAIModule: Creating AISystem for world Untitled
[2019.11.13-07.34.22:122][  0]LogInit: XAudio2 using 'RDT233WLM (NVIDIA High Definition Audio)' : 2 channels at 48 kHz using 16 bits per sample (channel mask 0x3)
[2019.11.13-07.34.22:200][  0]LogInit: FAudioDevice initialized.
[2019.11.13-07.34.22:200][  0]LogNetVersion: Set ProjectVersion to 1.0.0.0. Version Checksum will be recalculated on next use.
[2019.11.13-07.34.22:274][  0]LogDerivedDataCache: Saved boot cache 0.07s 91MB C:/Users/s172078/AppData/Local/UnrealEngine/4.23/DerivedDataCache/Boot.ddc.
[2019.11.13-07.34.22:281][  0]LogInit: Texture streaming: Enabled
[2019.11.13-07.34.22:300][  0]LogEngineSessionManager: EngineSessionManager initialized
[2019.11.13-07.34.22:300][  0]LogEditorSessionSummary: Verbose: Initializing EditorSessionSummaryWriter for editor session tracking
[2019.11.13-07.34.22:303][  0]LogEditorSessionSummary: EditorSessionSummaryWriter initialized
[2019.11.13-07.34.22:324][  0]LogInit: Transaction tracking system initialized
[2019.11.13-07.34.22:350][  0]BlueprintLog: New page: Editor Load
[2019.11.13-07.34.22:419][  0]LocalizationService: Localization service is disabled
[2019.11.13-07.34.22:983][  0]LogCook: Display: Max memory allowance for cook 16384mb min free memory 0mb
[2019.11.13-07.34.22:983][  0]LogCook: Display: Mobile HDR setting 1
[2019.11.13-07.34.23:037][  0]LogFileCache: Scanning file cache for directory 'C:/Users/s172078/Documents/GitHub/LastResisters/LastResisters/Content/' took 0.02s
[2019.11.13-07.34.23:247][  0]SourceControl: Source control is disabled
[2019.11.13-07.34.23:247][  0]Cmd: MAP LOAD FILE="../../../Engine/Content/Maps/Templates/Template_Default.umap" TEMPLATE=1 SHOWPROGRESS=1 FEATURELEVEL=3
[2019.11.13-07.34.23:249][  0]LightingResults: New page: Lighting Build
[2019.11.13-07.34.23:250][  0]LogWorld: UWorld::CleanupWorld for Untitled, bSessionEnded=true, bCleanupResources=true
[2019.11.13-07.34.23:250][  0]MapCheck: New page: Map Check
[2019.11.13-07.34.23:250][  0]LightingResults: New page: Lighting Build
[2019.11.13-07.34.23:271][  0]LogUObjectHash: Compacting FUObjectHashTables data took   1.49ms
[2019.11.13-07.34.23:337][  0]LogAIModule: Creating AISystem for world Untitled_1
[2019.11.13-07.34.23:341][  0]LogEditorServer: Finished looking for orphan Actors (0.000 secs)
[2019.11.13-07.34.23:362][  0]LogUObjectHash: Compacting FUObjectHashTables data took   1.80ms
[2019.11.13-07.34.23:362][  0]Cmd: MAP CHECKDEP NOCLEARLOG
[2019.11.13-07.34.23:362][  0]MapCheck: Map check complete: 0 Error(s), 0 Warning(s), took 0.144ms to complete.
[2019.11.13-07.34.23:362][  0]LogFileHelpers: Loading map 'Template_Default' took 0.114
[2019.11.13-07.34.24:256][  0]LogSlate: Only BGRA pngs, bmps or icos are supported in by External Image Picker
[2019.11.13-07.34.24:297][  0]LogSlate: Updating window title bar state: overlay mode, drag disabled, window buttons hidden, title bar hidden
[2019.11.13-07.34.24:302][  0]LogSlate: Updating window title bar state: overlay mode, drag disabled, window buttons hidden, title bar hidden
[2019.11.13-07.34.24:307][  0]LogSlate: Updating window title bar state: overlay mode, drag disabled, window buttons hidden, title bar hidden
[2019.11.13-07.34.24:313][  0]LogSlate: Updating window title bar state: overlay mode, drag disabled, window buttons hidden, title bar hidden
[2019.11.13-07.34.24:319][  0]LogCollectionManager: Loaded 0 collections in 0.000867 seconds
[2019.11.13-07.34.24:325][  0]LogFileCache: Scanning file cache for directory 'C:/Users/s172078/Documents/GitHub/LastResisters/LastResisters/Saved/Collections/' took 0.00s
[2019.11.13-07.34.24:325][  0]LogFileCache: Scanning file cache for directory 'C:/Users/s172078/Documents/GitHub/LastResisters/LastResisters/Content/Developers/s172078/Collections/' took 0.00s
[2019.11.13-07.34.24:325][  0]LogFileCache: Scanning file cache for directory 'C:/Users/s172078/Documents/GitHub/LastResisters/LastResisters/Content/Collections/' took 0.00s
[2019.11.13-07.34.24:325][  0]LogCollectionManager: Rebuilt the GUID cache for 0 collections in 0.000003 seconds
[2019.11.13-07.34.24:332][  0]LogContentBrowser: Native class hierarchy populated in 0.0071 seconds. Added 2910 classes and 709 folders.
[2019.11.13-07.34.24:338][  0]LogContentBrowser: Native class hierarchy updated for 'WidgetCarousel' in 0.0004 seconds. Added 0 classes and 0 folders.
[2019.11.13-07.34.24:454][  0]LogContentBrowser: Native class hierarchy updated for 'AddContentDialog' in 0.0005 seconds. Added 0 classes and 0 folders.
[2019.11.13-07.34.24:459][  0]LogContentBrowser: Native class hierarchy updated for 'SceneOutliner' in 0.0005 seconds. Added 1 classes and 2 folders.
[2019.11.13-07.34.24:470][  0]LogSlate: Took 0.001066 seconds to synchronously load lazily loaded font '../../../Engine/Content/Slate/Fonts/Roboto-Regular.ttf' (155K)
[2019.11.13-07.34.24:473][  0]LogSlate: Took 0.000897 seconds to synchronously load lazily loaded font '../../../Engine/Content/Slate/Fonts/Roboto-Bold.ttf' (160K)
[2019.11.13-07.34.24:480][  0]LogSlate: Took 0.002397 seconds to synchronously load lazily loaded font '../../../Engine/Content/Editor/Slate/Fonts/FontAwesome.ttf' (139K)
[2019.11.13-07.34.24:562][  0]LogRenderer: Reallocating scene render targets to support 1208x572 Format 10 NumSamples 1 (Frame:1).
[2019.11.13-07.34.24:630][  0]LogContentBrowser: Native class hierarchy updated for 'HierarchicalLODOutliner' in 0.0005 seconds. Added 0 classes and 0 folders.
[2019.11.13-07.34.24:630][  0]LogLoad: (Engine Initialization) Total time: 72.51 seconds
[2019.11.13-07.34.24:630][  0]LogLoad: (Engine Initialization) Total Blueprint compile time: 0.00 seconds
[2019.11.13-07.34.24:652][  0]LogWindowsTextInputMethodSystem: Display: IME system now activated using TSF (Microsoft IME).
[2019.11.13-07.34.24:711][  0]LogContentStreaming: Texture pool size now 1000 MB
[2019.11.13-07.34.24:727][  0]LogSlate: Took 0.001855 seconds to synchronously load lazily loaded font '../../../Engine/Content/Slate/Fonts/Roboto-Light.ttf' (167K)
[2019.11.13-07.34.24:733][  1]LogFileCache: Retrieving MD5 hashes for directory 'C:/Users/s172078/Documents/GitHub/LastResisters/LastResisters/Content/' took 0.07s
[2019.11.13-07.34.24:805][  2]LogAssetRegistry: Asset discovery search completed in 8.9146 seconds
[2019.11.13-07.34.24:808][  2]LogCollectionManager: Rebuilt the object cache for 0 collections in 0.000003 seconds (found 0 objects)
[2019.11.13-07.34.24:808][  2]LogCollectionManager: Fixed up redirectors for 0 collections in 0.000048 seconds (updated 0 objects)
[2019.11.13-07.34.27:286][298]LogSlate: FSceneViewport::OnFocusLost() reason 0
[2019.11.13-07.34.27:919][373]LogSlate: Took 0.001738 seconds to synchronously load lazily loaded font '../../../Engine/Content/Slate/Fonts/DroidSansMono.ttf' (77K)
[2019.11.13-07.34.27:928][373]LogSlate: Took 0.003212 seconds to synchronously load lazily loaded font '../../../Engine/Content/Slate/Fonts/DroidSansFallback.ttf' (3848K)
[2019.11.13-07.34.27:928][373]LogSlate: Last resort fallback font was requested. Font: '../../../Engine/Content/Slate/Fonts/DroidSansFallback.ttf', Character: '́ (U+0341)'
[2019.11.13-07.34.27:933][373]LogSlate: Took 0.003141 seconds to synchronously load lazily loaded font '../../../Engine/Content/SlateDebug/Fonts/LastResort.ttf' (5269K)
[2019.11.13-07.34.37:624][527]LogSlate: Took 0.000642 seconds to synchronously load lazily loaded font '../../../Engine/Content/Slate/Fonts/Roboto-Light.ttf' (167K)
[2019.11.13-07.34.37:630][527]LogAssetEditorManager: Opening Asset editor for ParticleSystem /Game/Game/Effect/SparkEffect/P_sparkEffectType003.P_sparkEffectType003
[2019.11.13-07.34.37:637][527]LogContentBrowser: Native class hierarchy updated for 'Cascade' in 0.0005 seconds. Added 2 classes and 2 folders.
[2019.11.13-07.34.47:537][692]LogSlate: FSceneViewport::OnFocusLost() reason 0
[2019.11.13-07.34.57:590][890]LogSlate: FSceneViewport::OnFocusLost() reason 0
[2019.11.13-07.35.03:674][615]LogSavePackage: Moving 'C:/Users/s172078/Documents/GitHub/LastResisters/LastResisters/Saved/P_sparkEffectType0033E1BB0D849AF784089C1A5A6D23951CB.tmp' to 'C:/Users/s172078/Documents/GitHub/LastResisters/LastResisters/Content/Game/Effect/SparkEffect/P_sparkEffectType003.uasset'
[2019.11.13-07.35.06:247][917]LogUObjectHash: Compacting FUObjectHashTables data took   1.16ms
[2019.11.13-07.35.06:288][917]LogSlate: Window 'P_sparkEffectType003' being destroyed
[2019.11.13-07.35.06:290][917]LogCascade: Quitting Cascade. FXSystem=0x0000021F1328CAC0
[2019.11.13-07.35.06:310][917]LogWorld: UWorld::CleanupWorld for World_1, bSessionEnded=true, bCleanupResources=true
[2019.11.13-07.35.06:319][917]LogSlate: Window 'LastResisters - Unreal Editor' being destroyed
[2019.11.13-07.35.06:323][917]LogWindowsTextInputMethodSystem: Display: IME system now activated using TSF (Microsoft IME).
[2019.11.13-07.35.06:424][918]Cmd: QUIT_EDITOR
[2019.11.13-07.35.06:450][918]LogExit: Preparing to exit.
[2019.11.13-07.35.07:276][918]LogWorld: UWorld::CleanupWorld for World_0, bSessionEnded=true, bCleanupResources=true
[2019.11.13-07.35.10:518][918]LogWindows: Error: === Critical error: ===
[2019.11.13-07.35.10:518][918]LogWindows: Error: 
[2019.11.13-07.35.10:518][918]LogWindows: Error: Fatal error!
[2019.11.13-07.35.10:518][918]LogWindows: Error: 
[2019.11.13-07.35.10:518][918]LogWindows: Error: Unhandled Exception: 0xc06d007e
[2019.11.13-07.35.10:518][918]LogWindows: Error: 
[2019.11.13-07.35.10:518][918]LogWindows: Error: [Callstack] 0x00007fffddeba388 KERNELBASE.dll!UnknownFunction []
[2019.11.13-07.35.10:518][918]LogWindows: Error: [Callstack] 0x00007fff6c033b1a UE4Editor-OculusAvatar.dll!UnknownFunction []
[2019.11.13-07.35.10:518][918]LogWindows: Error: [Callstack] 0x00007fff6c02fd16 UE4Editor-OculusAvatar.dll!UnknownFunction []
[2019.11.13-07.35.10:518][918]LogWindows: Error: [Callstack] 0x00007fff6c018dc3 UE4Editor-OculusAvatar.dll!UnknownFunction []
[2019.11.13-07.35.10:518][918]LogWindows: Error: [Callstack] 0x00007fffac66b7c3 UE4Editor-CoreUObject.dll!UnknownFunction []
[2019.11.13-07.35.10:518][918]LogWindows: Error: [Callstack] 0x00007fffac646aec UE4Editor-CoreUObject.dll!UnknownFunction []
[2019.11.13-07.35.10:518][918]LogWindows: Error: [Callstack] 0x00007fffac619bc1 UE4Editor-CoreUObject.dll!UnknownFunction []
[2019.11.13-07.35.10:518][918]LogWindows: Error: [Callstack] 0x00007fffac6a6c87 UE4Editor-CoreUObject.dll!UnknownFunction []
[2019.11.13-07.35.10:518][918]LogWindows: Error: [Callstack] 0x00007fffac4f5417 UE4Editor-CoreUObject.dll!UnknownFunction []
[2019.11.13-07.35.10:518][918]LogWindows: Error: [Callstack] 0x00007ff7760d47eb UE4Editor.exe!UnknownFunction []
[2019.11.13-07.35.10:518][918]LogWindows: Error: [Callstack] 0x00007ff7760d4205 UE4Editor.exe!UnknownFunction []
[2019.11.13-07.35.10:519][918]LogWindows: Error: [Callstack] 0x00007ff7760d9bfc UE4Editor.exe!UnknownFunction []
[2019.11.13-07.35.10:519][918]LogWindows: Error: [Callstack] 0x00007ff7760da9a2 UE4Editor.exe!UnknownFunction []
[2019.11.13-07.35.10:519][918]LogWindows: Error: [Callstack] 0x00007ff7760da9fa UE4Editor.exe!UnknownFunction []
[2019.11.13-07.35.10:519][918]LogWindows: Error: [Callstack] 0x00007ff7760eb92c UE4Editor.exe!UnknownFunction []
[2019.11.13-07.35.10:519][918]LogWindows: Error: [Callstack] 0x00007ff7760ee60e UE4Editor.exe!UnknownFunction []
[2019.11.13-07.35.10:519][918]LogWindows: Error: [Callstack] 0x00007fffdea54034 KERNEL32.DLL!UnknownFunction []
[2019.11.13-07.35.10:519][918]LogWindows: Error: [Callstack] 0x00007fffe0d63691 ntdll.dll!UnknownFunction []
[2019.11.13-07.35.10:519][918]LogWindows: Error: 
[2019.11.13-07.35.10:531][918]LogExit: Executing StaticShutdownAfterError
[2019.11.13-07.35.10:534][918]LogWindows: FPlatformMisc::RequestExit(1)
[2019.11.13-07.35.10:542][918]Log file closed, 11/13/19 16:35:10
