Log file open, 11/15/19 09:29:21
LogWindows: Failed to load 'aqProf.dll' (GetLastError=126)
LogWindows: File 'aqProf.dll' does not exist
LogWindows: Failed to load 'VtuneApi.dll' (GetLastError=126)
LogWindows: File 'VtuneApi.dll' does not exist
LogWindows: Failed to load 'VtuneApi32e.dll' (GetLastError=126)
LogWindows: File 'VtuneApi32e.dll' does not exist
LogConsoleResponse: Display: Failed to find resolution value strings in scalability ini. Falling back to default.
LogInit: Display: Running engine for game: LastResisters
LogPlatformFile: Not using cached read wrapper
LogTaskGraph: Started task graph with 5 named threads and 23 total threads with 3 sets of task threads.
LogStats: Stats thread started at 0.068696
LogD3D11RHI: Loaded GFSDK_Aftermath_Lib.x64.dll
LogICUInternationalization: ICU TimeZone Detection - Raw Offset: +9:00, Platform Override: ''
LogPluginManager: Mounting plugin Paper2D
LogPluginManager: Mounting plugin AISupport
LogPluginManager: Mounting plugin LightPropagationVolume
LogPluginManager: Mounting plugin ActorLayerUtilities
LogPluginManager: Mounting plugin AnimationSharing
LogPluginManager: Mounting plugin CLionSourceCodeAccess
LogPluginManager: Mounting plugin CodeLiteSourceCodeAccess
LogPluginManager: Mounting plugin GitSourceControl
LogPluginManager: Mounting plugin KDevelopSourceCodeAccess
LogPluginManager: Mounting plugin NullSourceCodeAccess
LogPluginManager: Mounting plugin PerforceSourceControl
LogPluginManager: Mounting plugin SubversionSourceControl
LogPluginManager: Mounting plugin UObjectPlugin
LogPluginManager: Mounting plugin VisualStudioCodeSourceCodeAccess
LogPluginManager: Mounting plugin VisualStudioSourceCodeAccess
LogPluginManager: Mounting plugin XCodeSourceCodeAccess
LogPluginManager: Mounting plugin AssetManagerEditor
LogPluginManager: Mounting plugin CryptoKeys
LogPluginManager: Mounting plugin CurveEditorTools
LogPluginManager: Mounting plugin DataValidation
LogPluginManager: Mounting plugin FacialAnimation
LogPluginManager: Mounting plugin GameplayTagsEditor
LogPluginManager: Mounting plugin MacGraphicsSwitching
LogPluginManager: Mounting plugin MaterialAnalyzer
LogPluginManager: Mounting plugin MobileLauncherProfileWizard
LogPluginManager: Mounting plugin PluginBrowser
LogPluginManager: Mounting plugin SpeedTreeImporter
LogPluginManager: Mounting plugin DatasmithContent
LogPluginManager: Mounting plugin VariantManagerContent
LogPluginManager: Mounting plugin AlembicImporter
LogPluginManager: Mounting plugin AutomationUtils
LogPluginManager: Mounting plugin BackChannel
LogPluginManager: Mounting plugin CharacterAI
LogPluginManager: Mounting plugin GeometryCache
LogPluginManager: Mounting plugin HTML5Networking
LogPluginManager: Mounting plugin PlatformCrypto
LogPluginManager: Mounting plugin ProxyLODPlugin
LogPluginManager: Mounting plugin SkeletalReduction
LogPluginManager: Mounting plugin MagicLeap
LogPluginManager: Mounting plugin MagicLeapMedia
LogPluginManager: Mounting plugin AndroidMedia
LogPluginManager: Mounting plugin AvfMedia
LogPluginManager: Mounting plugin ImgMedia
LogPluginManager: Mounting plugin MediaCompositing
LogPluginManager: Mounting plugin MediaPlayerEditor
LogPluginManager: Mounting plugin WebMMedia
LogPluginManager: Mounting plugin WmfMedia
LogPluginManager: Mounting plugin TcpMessaging
LogPluginManager: Mounting plugin UdpMessaging
LogPluginManager: Mounting plugin ActorSequence
LogPluginManager: Mounting plugin LevelSequenceEditor
LogPluginManager: Mounting plugin MatineeToLevelSequence
LogPluginManager: Mounting plugin NetcodeUnitTest
LogPluginManager: Mounting plugin NUTUnrealEngine4
LogPluginManager: Mounting plugin OnlineSubsystemGooglePlay
LogPluginManager: Mounting plugin OnlineSubsystemIOS
LogPluginManager: Mounting plugin OnlineSubsystem
LogPluginManager: Mounting plugin OnlineSubsystemNull
LogPluginManager: Mounting plugin OnlineSubsystemOculus
LogPluginManager: Mounting plugin OnlineSubsystemUtils
LogPluginManager: Mounting plugin LauncherChunkInstaller
LogPluginManager: Mounting plugin AndroidDeviceProfileSelector
LogPluginManager: Mounting plugin AndroidMoviePlayer
LogPluginManager: Mounting plugin AndroidPermission
LogPluginManager: Mounting plugin ApexDestruction
LogPluginManager: Mounting plugin AppleImageUtils
LogPluginManager: Mounting plugin AppleMoviePlayer
LogPluginManager: Mounting plugin ArchVisCharacter
LogPluginManager: Mounting plugin AudioCapture
LogPluginManager: Mounting plugin CableComponent
LogPluginManager: Mounting plugin CustomMeshComponent
LogPluginManager: Mounting plugin EditableMesh
LogPluginManager: Mounting plugin ExampleDeviceProfileSelector
LogPluginManager: Mounting plugin GoogleCloudMessaging
LogPluginManager: Mounting plugin IOSDeviceProfileSelector
LogPluginManager: Mounting plugin LinuxDeviceProfileSelector
LogPluginManager: Mounting plugin LocationServicesBPLibrary
LogPluginManager: Mounting plugin MobilePatchingUtils
LogPluginManager: Mounting plugin OculusAudio
LogPluginManager: Mounting plugin OculusAvatar
LogPluginManager: Mounting plugin OculusVR
LogPluginManager: Mounting plugin PhysXVehicles
LogPluginManager: Mounting plugin ProceduralMeshComponent
LogPluginManager: Mounting plugin RuntimePhysXCooking
LogPluginManager: Mounting plugin SignificanceManager
LogPluginManager: Mounting plugin SteamVR
LogPluginManager: Mounting plugin WebMMoviePlayer
LogPluginManager: Mounting plugin WindowsMoviePlayer
LogPluginManager: Mounting plugin ScreenshotTools
LogInit: Using libcurl 7.55.1-DEV
LogInit:  - built for x86_64-pc-win32
LogInit:  - supports SSL with OpenSSL/1.1.1
LogInit:  - supports HTTP deflate (compression) using libz 1.2.8
LogInit:  - other features:
LogInit:      CURL_VERSION_SSL
LogInit:      CURL_VERSION_LIBZ
LogInit:      CURL_VERSION_IPV6
LogInit:      CURL_VERSION_ASYNCHDNS
LogInit:      CURL_VERSION_LARGEFILE
LogInit:      CURL_VERSION_IDN
LogInit:  CurlRequestOptions (configurable via config and command line):
LogInit:  - bVerifyPeer = true  - Libcurl will verify peer certificate
LogInit:  - bUseHttpProxy = false  - Libcurl will NOT use HTTP proxy
LogInit:  - bDontReuseConnections = false  - Libcurl will reuse connections
LogInit:  - MaxHostConnections = 16  - Libcurl will limit the number of connections to a host
LogInit:  - LocalHostAddr = Default
LogInit:  - BufferSize = 65536
LogOnline: OSS: Creating online subsystem instance for: NULL
LogInit: WinSock: version 1.1 (2.2), MaxSocks=32767, MaxUdp=65467
LogInit: Build: ++UE4+Release-4.23-CL-9631420
LogInit: Engine Version: 4.23.1-9631420+++UE4+Release-4.23
LogInit: Compatible Engine Version: 4.23.0-8386587+++UE4+Release-4.23
LogInit: Net CL: 8386587
LogInit: OS: Windows 10 (Release 1803) (), CPU: Intel(R) Core(TM) i7-7700K CPU @ 4.20GHz, GPU: NVIDIA GeForce GTX 1080
LogInit: Compiled (64-bit): Oct 18 2019 02:07:44
LogInit: Compiled with Visual C++: 19.16.27030.01
LogInit: Build Configuration: Development
LogInit: Branch Name: ++UE4+Release-4.23
LogInit: Command Line: 
LogInit: Base Directory: D:/UE_4.23/Engine/Binaries/Win64/
LogInit: Installed Engine Build: 1
LogDevObjectVersion: Number of dev versions registered: 23
LogDevObjectVersion:   Dev-Blueprints (B0D832E4-1F89-4F0D-ACCF-7EB736FD4AA2): 10
LogDevObjectVersion:   Dev-Build (E1C64328-A22C-4D53-A36C-8E866417BD8C): 0
LogDevObjectVersion:   Dev-Core (375EC13C-06E4-48FB-B500-84F0262A717E): 3
LogDevObjectVersion:   Dev-Editor (E4B068ED-F494-42E9-A231-DA0B2E46BB41): 34
LogDevObjectVersion:   Dev-Framework (CFFC743F-43B0-4480-9391-14DF171D2073): 35
LogDevObjectVersion:   Dev-Mobile (B02B49B5-BB20-44E9-A304-32B752E40360): 2
LogDevObjectVersion:   Dev-Networking (A4E4105C-59A1-49B5-A7C5-40C4547EDFEE): 0
LogDevObjectVersion:   Dev-Online (39C831C9-5AE6-47DC-9A44-9C173E1C8E7C): 0
LogDevObjectVersion:   Dev-Physics (78F01B33-EBEA-4F98-B9B4-84EACCB95AA2): 0
LogDevObjectVersion:   Dev-Platform (6631380F-2D4D-43E0-8009-CF276956A95A): 0
LogDevObjectVersion:   Dev-Rendering (12F88B9F-8875-4AFC-A67C-D90C383ABD29): 31
LogDevObjectVersion:   Dev-Sequencer (7B5AE74C-D270-4C10-A958-57980B212A5A): 11
LogDevObjectVersion:   Dev-VR (D7296918-1DD6-4BDD-9DE2-64A83CC13884): 2
LogDevObjectVersion:   Dev-LoadTimes (C2A15278-BFE7-4AFE-6C17-90FF531DF755): 1
LogDevObjectVersion:   Private-Geometry (6EACA3D4-40EC-4CC1-B786-8BED09428FC5): 3
LogDevObjectVersion:   Dev-AnimPhys (29E575DD-E0A3-4627-9D10-D276232CDCEA): 17
LogDevObjectVersion:   Dev-Anim (AF43A65D-7FD3-4947-9873-3E8ED9C1BB05): 2
LogDevObjectVersion:   Dev-ReflectionCapture (6B266CEC-1EC7-4B8F-A30B-E4D90942FC07): 1
LogDevObjectVersion:   Dev-Automation (0DF73D61-A23F-47EA-B727-89E90C41499A): 1
LogDevObjectVersion:   FortniteMain (601D1886-AC64-4F84-AA16-D3DE0DEAC7D6): 27
LogDevObjectVersion:   Dev-Enterprise (9DFFBCD6-494F-0158-E221-12823C92A888): 6
LogDevObjectVersion:   Dev-Niagara (F2AED0AC-9AFE-416F-8664-AA7FFA26D6FC): 1
LogDevObjectVersion:   Dev-Destruction (174F1F0B-B4C6-45A5-B13F-2EE8D0FB917D): 9
LogInit: Presizing for max 16777216 objects, including 0 objects not considered by GC, pre-allocating 0 bytes for permanent pool.
LogInit: Object subsystem initialized
LogConfig: Setting CVar [[con.DebugEarlyDefault:1]]
LogConfig: Setting CVar [[r.setres:1280x720]]
[2019.11.15-00.29.21:532][  0]LogConfig: Setting CVar [[r.VSync:0]]
[2019.11.15-00.29.21:532][  0]LogConfig: Setting CVar [[r.RHICmdBypass:0]]
[2019.11.15-00.29.21:532][  0]LogConfig: Applying CVar settings from Section [/Script/Engine.RendererSettings] File [../../../LastRegister2/LastResisters/Saved/Config/Windows/Engine.ini]
[2019.11.15-00.29.21:532][  0]LogConfig: Setting CVar [[r.GPUCrashDebugging:0]]
[2019.11.15-00.29.21:532][  0]LogConfig: Setting CVar [[r.Mobile.UseHWsRGBEncoding:1]]
[2019.11.15-00.29.21:532][  0]LogConfig: Applying CVar settings from Section [/Script/Engine.RendererOverrideSettings] File [../../../LastRegister2/LastResisters/Saved/Config/Windows/Engine.ini]
[2019.11.15-00.29.21:532][  0]LogConfig: Applying CVar settings from Section [/Script/Engine.StreamingSettings] File [../../../LastRegister2/LastResisters/Saved/Config/Windows/Engine.ini]
[2019.11.15-00.29.21:532][  0]LogConfig: Setting CVar [[s.MinBulkDataSizeForAsyncLoading:131072]]
[2019.11.15-00.29.21:532][  0]LogConfig: Setting CVar [[s.AsyncLoadingThreadEnabled:0]]
[2019.11.15-00.29.21:532][  0]LogConfig: Setting CVar [[s.EventDrivenLoaderEnabled:1]]
[2019.11.15-00.29.21:532][  0]LogConfig: Setting CVar [[s.WarnIfTimeLimitExceeded:0]]
[2019.11.15-00.29.21:532][  0]LogConfig: Setting CVar [[s.TimeLimitExceededMultiplier:1.5]]
[2019.11.15-00.29.21:532][  0]LogConfig: Setting CVar [[s.TimeLimitExceededMinTime:0.005]]
[2019.11.15-00.29.21:532][  0]LogConfig: Setting CVar [[s.UseBackgroundLevelStreaming:1]]
[2019.11.15-00.29.21:532][  0]LogConfig: Setting CVar [[s.PriorityAsyncLoadingExtraTime:15.0]]
[2019.11.15-00.29.21:532][  0]LogConfig: Setting CVar [[s.LevelStreamingActorsUpdateTimeLimit:5.0]]
[2019.11.15-00.29.21:532][  0]LogConfig: Setting CVar [[s.PriorityLevelStreamingActorsUpdateExtraTime:5.0]]
[2019.11.15-00.29.21:532][  0]LogConfig: Setting CVar [[s.LevelStreamingComponentsRegistrationGranularity:10]]
[2019.11.15-00.29.21:532][  0]LogConfig: Setting CVar [[s.UnregisterComponentsTimeLimit:1.0]]
[2019.11.15-00.29.21:532][  0]LogConfig: Setting CVar [[s.LevelStreamingComponentsUnregistrationGranularity:5]]
[2019.11.15-00.29.21:532][  0]LogConfig: Applying CVar settings from Section [/Script/Engine.GarbageCollectionSettings] File [../../../LastRegister2/LastResisters/Saved/Config/Windows/Engine.ini]
[2019.11.15-00.29.21:532][  0]LogConfig: Setting CVar [[gc.MaxObjectsNotConsideredByGC:1]]
[2019.11.15-00.29.21:532][  0]LogConfig: Setting CVar [[gc.SizeOfPermanentObjectPool:0]]
[2019.11.15-00.29.21:532][  0]LogConfig: Setting CVar [[gc.FlushStreamingOnGC:0]]
[2019.11.15-00.29.21:532][  0]LogConfig: Setting CVar [[gc.NumRetriesBeforeForcingGC:10]]
[2019.11.15-00.29.21:532][  0]LogConfig: Setting CVar [[gc.AllowParallelGC:1]]
[2019.11.15-00.29.21:532][  0]LogConfig: Setting CVar [[gc.TimeBetweenPurgingPendingKillObjects:61.1]]
[2019.11.15-00.29.21:532][  0]LogConfig: Setting CVar [[gc.MaxObjectsInEditor:16777216]]
[2019.11.15-00.29.21:532][  0]LogConfig: Setting CVar [[gc.IncrementalBeginDestroyEnabled:1]]
[2019.11.15-00.29.21:532][  0]LogConfig: Setting CVar [[gc.CreateGCClusters:1]]
[2019.11.15-00.29.21:532][  0]LogConfig: Setting CVar [[gc.MinGCClusterSize:5]]
[2019.11.15-00.29.21:533][  0]LogConfig: Setting CVar [[gc.ActorClusteringEnabled:0]]
[2019.11.15-00.29.21:533][  0]LogConfig: Setting CVar [[gc.BlueprintClusteringEnabled:0]]
[2019.11.15-00.29.21:533][  0]LogConfig: Setting CVar [[gc.UseDisregardForGCOnDedicatedServers:0]]
[2019.11.15-00.29.21:533][  0]LogConfig: Applying CVar settings from Section [/Script/Engine.NetworkSettings] File [../../../LastRegister2/LastResisters/Saved/Config/Windows/Engine.ini]
[2019.11.15-00.29.21:533][  0]LogConfig: Applying CVar settings from Section [/Script/UnrealEd.CookerSettings] File [../../../LastRegister2/LastResisters/Saved/Config/Windows/Engine.ini]
[2019.11.15-00.29.21:537][  0]LogConfig: Applying CVar settings from Section [ViewDistanceQuality@3] File [../../../LastRegister2/LastResisters/Saved/Config/Windows/Scalability.ini]
[2019.11.15-00.29.21:537][  0]LogConfig: Setting CVar [[r.SkeletalMeshLODBias:0]]
[2019.11.15-00.29.21:537][  0]LogConfig: Setting CVar [[r.ViewDistanceScale:1.0]]
[2019.11.15-00.29.21:537][  0]LogConfig: Applying CVar settings from Section [AntiAliasingQuality@3] File [../../../LastRegister2/LastResisters/Saved/Config/Windows/Scalability.ini]
[2019.11.15-00.29.21:537][  0]LogConfig: Setting CVar [[r.PostProcessAAQuality:4]]
[2019.11.15-00.29.21:537][  0]LogConfig: Applying CVar settings from Section [ShadowQuality@3] File [../../../LastRegister2/LastResisters/Saved/Config/Windows/Scalability.ini]
[2019.11.15-00.29.21:537][  0]LogConfig: Setting CVar [[r.LightFunctionQuality:1]]
[2019.11.15-00.29.21:537][  0]LogConfig: Setting CVar [[r.ShadowQuality:5]]
[2019.11.15-00.29.21:537][  0]LogConfig: Setting CVar [[r.Shadow.CSM.MaxCascades:10]]
[2019.11.15-00.29.21:537][  0]LogConfig: Setting CVar [[r.Shadow.MaxResolution:2048]]
[2019.11.15-00.29.21:537][  0]LogConfig: Setting CVar [[r.Shadow.MaxCSMResolution:2048]]
[2019.11.15-00.29.21:537][  0]LogConfig: Setting CVar [[r.Shadow.RadiusThreshold:0.01]]
[2019.11.15-00.29.21:537][  0]LogConfig: Setting CVar [[r.Shadow.DistanceScale:1.0]]
[2019.11.15-00.29.21:537][  0]LogConfig: Setting CVar [[r.Shadow.CSM.TransitionScale:1.0]]
[2019.11.15-00.29.21:537][  0]LogConfig: Setting CVar [[r.Shadow.PreShadowResolutionFactor:1.0]]
[2019.11.15-00.29.21:537][  0]LogConfig: Setting CVar [[r.DistanceFieldShadowing:1]]
[2019.11.15-00.29.21:537][  0]LogConfig: Setting CVar [[r.DistanceFieldAO:1]]
[2019.11.15-00.29.21:537][  0]LogConfig: Setting CVar [[r.AOQuality:2]]
[2019.11.15-00.29.21:537][  0]LogConfig: Setting CVar [[r.VolumetricFog:1]]
[2019.11.15-00.29.21:537][  0]LogConfig: Setting CVar [[r.VolumetricFog.GridPixelSize:8]]
[2019.11.15-00.29.21:537][  0]LogConfig: Setting CVar [[r.VolumetricFog.GridSizeZ:128]]
[2019.11.15-00.29.21:537][  0]LogConfig: Setting CVar [[r.VolumetricFog.HistoryMissSupersampleCount:4]]
[2019.11.15-00.29.21:537][  0]LogConfig: Setting CVar [[r.LightMaxDrawDistanceScale:1]]
[2019.11.15-00.29.21:537][  0]LogConfig: Setting CVar [[r.CapsuleShadows:1]]
[2019.11.15-00.29.21:537][  0]LogConfig: Applying CVar settings from Section [PostProcessQuality@3] File [../../../LastRegister2/LastResisters/Saved/Config/Windows/Scalability.ini]
[2019.11.15-00.29.21:537][  0]LogConfig: Setting CVar [[r.MotionBlurQuality:4]]
[2019.11.15-00.29.21:537][  0]LogConfig: Setting CVar [[r.AmbientOcclusionMipLevelFactor:0.4]]
[2019.11.15-00.29.21:537][  0]LogConfig: Setting CVar [[r.AmbientOcclusionMaxQuality:100]]
[2019.11.15-00.29.21:537][  0]LogConfig: Setting CVar [[r.AmbientOcclusionLevels:-1]]
[2019.11.15-00.29.21:537][  0]LogConfig: Setting CVar [[r.AmbientOcclusionRadiusScale:1.0]]
[2019.11.15-00.29.21:537][  0]LogConfig: Setting CVar [[r.DepthOfFieldQuality:2]]
[2019.11.15-00.29.21:537][  0]LogConfig: Setting CVar [[r.RenderTargetPoolMin:400]]
[2019.11.15-00.29.21:537][  0]LogConfig: Setting CVar [[r.LensFlareQuality:2]]
[2019.11.15-00.29.21:537][  0]LogConfig: Setting CVar [[r.SceneColorFringeQuality:1]]
[2019.11.15-00.29.21:537][  0]LogConfig: Setting CVar [[r.EyeAdaptationQuality:2]]
[2019.11.15-00.29.21:537][  0]LogConfig: Setting CVar [[r.BloomQuality:5]]
[2019.11.15-00.29.21:537][  0]LogConfig: Setting CVar [[r.FastBlurThreshold:100]]
[2019.11.15-00.29.21:537][  0]LogConfig: Setting CVar [[r.Upscale.Quality:3]]
[2019.11.15-00.29.21:537][  0]LogConfig: Setting CVar [[r.Tonemapper.GrainQuantization:1]]
[2019.11.15-00.29.21:537][  0]LogConfig: Setting CVar [[r.LightShaftQuality:1]]
[2019.11.15-00.29.21:537][  0]LogConfig: Setting CVar [[r.Filter.SizeScale:1]]
[2019.11.15-00.29.21:537][  0]LogConfig: Setting CVar [[r.Tonemapper.Quality:5]]
[2019.11.15-00.29.21:537][  0]LogConfig: Setting CVar [[r.DOF.Gather.AccumulatorQuality:1        ; higher gathering accumulator quality]]
[2019.11.15-00.29.21:537][  0]LogConfig: Setting CVar [[r.DOF.Gather.PostfilterMethod:1          ; Median3x3 postfilering method]]
[2019.11.15-00.29.21:537][  0]LogConfig: Setting CVar [[r.DOF.Gather.EnableBokehSettings:0       ; no bokeh simulation when gathering]]
[2019.11.15-00.29.21:537][  0]LogConfig: Setting CVar [[r.DOF.Gather.RingCount:4                 ; medium number of samples when gathering]]
[2019.11.15-00.29.21:537][  0]LogConfig: Setting CVar [[r.DOF.Scatter.ForegroundCompositing:1    ; additive foreground scattering]]
[2019.11.15-00.29.21:537][  0]LogConfig: Setting CVar [[r.DOF.Scatter.BackgroundCompositing:2    ; additive background scattering]]
[2019.11.15-00.29.21:537][  0]LogConfig: Setting CVar [[r.DOF.Scatter.EnableBokehSettings:1      ; bokeh simulation when scattering]]
[2019.11.15-00.29.21:537][  0]LogConfig: Setting CVar [[r.DOF.Scatter.MaxSpriteRatio:0.1         ; only a maximum of 10% of scattered bokeh]]
[2019.11.15-00.29.21:537][  0]LogConfig: Setting CVar [[r.DOF.Recombine.Quality:1                ; cheap slight out of focus]]
[2019.11.15-00.29.21:537][  0]LogConfig: Setting CVar [[r.DOF.Recombine.EnableBokehSettings:0    ; no bokeh simulation on slight out of focus]]
[2019.11.15-00.29.21:537][  0]LogConfig: Setting CVar [[r.DOF.TemporalAAQuality:1                ; more stable temporal accumulation]]
[2019.11.15-00.29.21:537][  0]LogConfig: Setting CVar [[r.DOF.Kernel.MaxForegroundRadius:0.025]]
[2019.11.15-00.29.21:537][  0]LogConfig: Setting CVar [[r.DOF.Kernel.MaxBackgroundRadius:0.025]]
[2019.11.15-00.29.21:537][  0]LogConfig: Applying CVar settings from Section [TextureQuality@3] File [../../../LastRegister2/LastResisters/Saved/Config/Windows/Scalability.ini]
[2019.11.15-00.29.21:537][  0]LogConfig: Setting CVar [[r.Streaming.MipBias:0]]
[2019.11.15-00.29.21:537][  0]LogConfig: Setting CVar [[r.Streaming.AmortizeCPUToGPUCopy:0]]
[2019.11.15-00.29.21:537][  0]LogConfig: Setting CVar [[r.Streaming.MaxNumTexturesToStreamPerFrame:0]]
[2019.11.15-00.29.21:537][  0]LogConfig: Setting CVar [[r.Streaming.Boost:1]]
[2019.11.15-00.29.21:537][  0]LogConfig: Setting CVar [[r.MaxAnisotropy:8]]
[2019.11.15-00.29.21:537][  0]LogConfig: Setting CVar [[r.Streaming.LimitPoolSizeToVRAM:0]]
[2019.11.15-00.29.21:537][  0]LogConfig: Setting CVar [[r.Streaming.PoolSize:1000]]
[2019.11.15-00.29.21:537][  0]LogConfig: Setting CVar [[r.Streaming.MaxEffectiveScreenSize:0]]
[2019.11.15-00.29.21:537][  0]LogConfig: Applying CVar settings from Section [EffectsQuality@3] File [../../../LastRegister2/LastResisters/Saved/Config/Windows/Scalability.ini]
[2019.11.15-00.29.21:537][  0]LogConfig: Setting CVar [[r.TranslucencyLightingVolumeDim:64]]
[2019.11.15-00.29.21:537][  0]LogConfig: Setting CVar [[r.RefractionQuality:2]]
[2019.11.15-00.29.21:537][  0]LogConfig: Setting CVar [[r.SSR.Quality:3]]
[2019.11.15-00.29.21:537][  0]LogConfig: Setting CVar [[r.SceneColorFormat:4]]
[2019.11.15-00.29.21:537][  0]LogConfig: Setting CVar [[r.DetailMode:2]]
[2019.11.15-00.29.21:537][  0]LogConfig: Setting CVar [[r.TranslucencyVolumeBlur:1]]
[2019.11.15-00.29.21:537][  0]LogConfig: Setting CVar [[r.MaterialQualityLevel:1 ; High quality]]
[2019.11.15-00.29.21:537][  0]LogConfig: Setting CVar [[r.SSS.Scale:1]]
[2019.11.15-00.29.21:537][  0]LogConfig: Setting CVar [[r.SSS.SampleSet:2]]
[2019.11.15-00.29.21:537][  0]LogConfig: Setting CVar [[r.SSS.Quality:1]]
[2019.11.15-00.29.21:537][  0]LogConfig: Setting CVar [[r.SSS.HalfRes:1]]
[2019.11.15-00.29.21:537][  0]LogConfig: Setting CVar [[r.EmitterSpawnRateScale:1.0]]
[2019.11.15-00.29.21:537][  0]LogConfig: Setting CVar [[r.ParticleLightQuality:2]]
[2019.11.15-00.29.21:537][  0]LogConfig: Applying CVar settings from Section [FoliageQuality@3] File [../../../LastRegister2/LastResisters/Saved/Config/Windows/Scalability.ini]
[2019.11.15-00.29.21:538][  0]LogConfig: Setting CVar [[foliage.DensityScale:1.0]]
[2019.11.15-00.29.21:538][  0]LogConfig: Setting CVar [[grass.DensityScale:1.0]]
[2019.11.15-00.29.21:538][  0]LogInit: Selected Device Profile: [Windows]
[2019.11.15-00.29.21:538][  0]LogInit: Applying CVar settings loaded from the selected device profile: [Windows]
[2019.11.15-00.29.21:543][  0]LogHAL: Display: Platform has ~ 32 GB [34292334592 / 34359738368 / 32], which maps to Largest [LargestMinGB=32, LargerMinGB=12, DefaultMinGB=8, SmallerMinGB=6, SmallestMinGB=0)
[2019.11.15-00.29.21:543][  0]LogInit: Going up to parent DeviceProfile []
[2019.11.15-00.29.21:543][  0]LogConfig: Applying CVar settings from Section [ViewDistanceQuality@3] File [../../../LastRegister2/LastResisters/Saved/Config/Windows/Scalability.ini]
[2019.11.15-00.29.21:543][  0]LogConfig: Setting CVar [[r.SkeletalMeshLODBias:0]]
[2019.11.15-00.29.21:543][  0]LogConfig: Setting CVar [[r.ViewDistanceScale:1.0]]
[2019.11.15-00.29.21:543][  0]LogConfig: Applying CVar settings from Section [AntiAliasingQuality@3] File [../../../LastRegister2/LastResisters/Saved/Config/Windows/Scalability.ini]
[2019.11.15-00.29.21:543][  0]LogConfig: Setting CVar [[r.PostProcessAAQuality:4]]
[2019.11.15-00.29.21:543][  0]LogConfig: Applying CVar settings from Section [ShadowQuality@3] File [../../../LastRegister2/LastResisters/Saved/Config/Windows/Scalability.ini]
[2019.11.15-00.29.21:543][  0]LogConfig: Setting CVar [[r.LightFunctionQuality:1]]
[2019.11.15-00.29.21:543][  0]LogConfig: Setting CVar [[r.ShadowQuality:5]]
[2019.11.15-00.29.21:543][  0]LogConfig: Setting CVar [[r.Shadow.CSM.MaxCascades:10]]
[2019.11.15-00.29.21:543][  0]LogConfig: Setting CVar [[r.Shadow.MaxResolution:2048]]
[2019.11.15-00.29.21:543][  0]LogConfig: Setting CVar [[r.Shadow.MaxCSMResolution:2048]]
[2019.11.15-00.29.21:543][  0]LogConfig: Setting CVar [[r.Shadow.RadiusThreshold:0.01]]
[2019.11.15-00.29.21:543][  0]LogConfig: Setting CVar [[r.Shadow.DistanceScale:1.0]]
[2019.11.15-00.29.21:543][  0]LogConfig: Setting CVar [[r.Shadow.CSM.TransitionScale:1.0]]
[2019.11.15-00.29.21:543][  0]LogConfig: Setting CVar [[r.Shadow.PreShadowResolutionFactor:1.0]]
[2019.11.15-00.29.21:543][  0]LogConfig: Setting CVar [[r.DistanceFieldShadowing:1]]
[2019.11.15-00.29.21:543][  0]LogConfig: Setting CVar [[r.DistanceFieldAO:1]]
[2019.11.15-00.29.21:543][  0]LogConfig: Setting CVar [[r.AOQuality:2]]
[2019.11.15-00.29.21:543][  0]LogConfig: Setting CVar [[r.VolumetricFog:1]]
[2019.11.15-00.29.21:543][  0]LogConfig: Setting CVar [[r.VolumetricFog.GridPixelSize:8]]
[2019.11.15-00.29.21:543][  0]LogConfig: Setting CVar [[r.VolumetricFog.GridSizeZ:128]]
[2019.11.15-00.29.21:543][  0]LogConfig: Setting CVar [[r.VolumetricFog.HistoryMissSupersampleCount:4]]
[2019.11.15-00.29.21:543][  0]LogConfig: Setting CVar [[r.LightMaxDrawDistanceScale:1]]
[2019.11.15-00.29.21:544][  0]LogConfig: Setting CVar [[r.CapsuleShadows:1]]
[2019.11.15-00.29.21:544][  0]LogConfig: Applying CVar settings from Section [PostProcessQuality@3] File [../../../LastRegister2/LastResisters/Saved/Config/Windows/Scalability.ini]
[2019.11.15-00.29.21:544][  0]LogConfig: Setting CVar [[r.MotionBlurQuality:4]]
[2019.11.15-00.29.21:544][  0]LogConfig: Setting CVar [[r.AmbientOcclusionMipLevelFactor:0.4]]
[2019.11.15-00.29.21:544][  0]LogConfig: Setting CVar [[r.AmbientOcclusionMaxQuality:100]]
[2019.11.15-00.29.21:544][  0]LogConfig: Setting CVar [[r.AmbientOcclusionLevels:-1]]
[2019.11.15-00.29.21:544][  0]LogConfig: Setting CVar [[r.AmbientOcclusionRadiusScale:1.0]]
[2019.11.15-00.29.21:544][  0]LogConfig: Setting CVar [[r.DepthOfFieldQuality:2]]
[2019.11.15-00.29.21:544][  0]LogConfig: Setting CVar [[r.RenderTargetPoolMin:400]]
[2019.11.15-00.29.21:544][  0]LogConfig: Setting CVar [[r.LensFlareQuality:2]]
[2019.11.15-00.29.21:544][  0]LogConfig: Setting CVar [[r.SceneColorFringeQuality:1]]
[2019.11.15-00.29.21:544][  0]LogConfig: Setting CVar [[r.EyeAdaptationQuality:2]]
[2019.11.15-00.29.21:544][  0]LogConfig: Setting CVar [[r.BloomQuality:5]]
[2019.11.15-00.29.21:544][  0]LogConfig: Setting CVar [[r.FastBlurThreshold:100]]
[2019.11.15-00.29.21:544][  0]LogConfig: Setting CVar [[r.Upscale.Quality:3]]
[2019.11.15-00.29.21:544][  0]LogConfig: Setting CVar [[r.Tonemapper.GrainQuantization:1]]
[2019.11.15-00.29.21:544][  0]LogConfig: Setting CVar [[r.LightShaftQuality:1]]
[2019.11.15-00.29.21:544][  0]LogConfig: Setting CVar [[r.Filter.SizeScale:1]]
[2019.11.15-00.29.21:544][  0]LogConfig: Setting CVar [[r.Tonemapper.Quality:5]]
[2019.11.15-00.29.21:544][  0]LogConfig: Setting CVar [[r.DOF.Gather.AccumulatorQuality:1        ; higher gathering accumulator quality]]
[2019.11.15-00.29.21:544][  0]LogConfig: Setting CVar [[r.DOF.Gather.PostfilterMethod:1          ; Median3x3 postfilering method]]
[2019.11.15-00.29.21:544][  0]LogConfig: Setting CVar [[r.DOF.Gather.EnableBokehSettings:0       ; no bokeh simulation when gathering]]
[2019.11.15-00.29.21:544][  0]LogConfig: Setting CVar [[r.DOF.Gather.RingCount:4                 ; medium number of samples when gathering]]
[2019.11.15-00.29.21:544][  0]LogConfig: Setting CVar [[r.DOF.Scatter.ForegroundCompositing:1    ; additive foreground scattering]]
[2019.11.15-00.29.21:544][  0]LogConfig: Setting CVar [[r.DOF.Scatter.BackgroundCompositing:2    ; additive background scattering]]
[2019.11.15-00.29.21:544][  0]LogConfig: Setting CVar [[r.DOF.Scatter.EnableBokehSettings:1      ; bokeh simulation when scattering]]
[2019.11.15-00.29.21:544][  0]LogConfig: Setting CVar [[r.DOF.Scatter.MaxSpriteRatio:0.1         ; only a maximum of 10% of scattered bokeh]]
[2019.11.15-00.29.21:544][  0]LogConfig: Setting CVar [[r.DOF.Recombine.Quality:1                ; cheap slight out of focus]]
[2019.11.15-00.29.21:544][  0]LogConfig: Setting CVar [[r.DOF.Recombine.EnableBokehSettings:0    ; no bokeh simulation on slight out of focus]]
[2019.11.15-00.29.21:544][  0]LogConfig: Setting CVar [[r.DOF.TemporalAAQuality:1                ; more stable temporal accumulation]]
[2019.11.15-00.29.21:544][  0]LogConfig: Setting CVar [[r.DOF.Kernel.MaxForegroundRadius:0.025]]
[2019.11.15-00.29.21:544][  0]LogConfig: Setting CVar [[r.DOF.Kernel.MaxBackgroundRadius:0.025]]
[2019.11.15-00.29.21:544][  0]LogConfig: Applying CVar settings from Section [TextureQuality@3] File [../../../LastRegister2/LastResisters/Saved/Config/Windows/Scalability.ini]
[2019.11.15-00.29.21:544][  0]LogConfig: Setting CVar [[r.Streaming.MipBias:0]]
[2019.11.15-00.29.21:544][  0]LogConfig: Setting CVar [[r.Streaming.AmortizeCPUToGPUCopy:0]]
[2019.11.15-00.29.21:544][  0]LogConfig: Setting CVar [[r.Streaming.MaxNumTexturesToStreamPerFrame:0]]
[2019.11.15-00.29.21:544][  0]LogConfig: Setting CVar [[r.Streaming.Boost:1]]
[2019.11.15-00.29.21:544][  0]LogConfig: Setting CVar [[r.MaxAnisotropy:8]]
[2019.11.15-00.29.21:544][  0]LogConfig: Setting CVar [[r.Streaming.LimitPoolSizeToVRAM:0]]
[2019.11.15-00.29.21:544][  0]LogConfig: Setting CVar [[r.Streaming.PoolSize:1000]]
[2019.11.15-00.29.21:544][  0]LogConfig: Setting CVar [[r.Streaming.MaxEffectiveScreenSize:0]]
[2019.11.15-00.29.21:544][  0]LogConfig: Applying CVar settings from Section [EffectsQuality@3] File [../../../LastRegister2/LastResisters/Saved/Config/Windows/Scalability.ini]
[2019.11.15-00.29.21:544][  0]LogConfig: Setting CVar [[r.TranslucencyLightingVolumeDim:64]]
[2019.11.15-00.29.21:544][  0]LogConfig: Setting CVar [[r.RefractionQuality:2]]
[2019.11.15-00.29.21:544][  0]LogConfig: Setting CVar [[r.SSR.Quality:3]]
[2019.11.15-00.29.21:544][  0]LogConfig: Setting CVar [[r.SceneColorFormat:4]]
[2019.11.15-00.29.21:544][  0]LogConfig: Setting CVar [[r.DetailMode:2]]
[2019.11.15-00.29.21:544][  0]LogConfig: Setting CVar [[r.TranslucencyVolumeBlur:1]]
[2019.11.15-00.29.21:544][  0]LogConfig: Setting CVar [[r.MaterialQualityLevel:1 ; High quality]]
[2019.11.15-00.29.21:544][  0]LogConfig: Setting CVar [[r.SSS.Scale:1]]
[2019.11.15-00.29.21:544][  0]LogConfig: Setting CVar [[r.SSS.SampleSet:2]]
[2019.11.15-00.29.21:544][  0]LogConfig: Setting CVar [[r.SSS.Quality:1]]
[2019.11.15-00.29.21:544][  0]LogConfig: Setting CVar [[r.SSS.HalfRes:1]]
[2019.11.15-00.29.21:544][  0]LogConfig: Setting CVar [[r.EmitterSpawnRateScale:1.0]]
[2019.11.15-00.29.21:544][  0]LogConfig: Setting CVar [[r.ParticleLightQuality:2]]
[2019.11.15-00.29.21:544][  0]LogConfig: Applying CVar settings from Section [FoliageQuality@3] File [../../../LastRegister2/LastResisters/Saved/Config/Windows/Scalability.ini]
[2019.11.15-00.29.21:544][  0]LogConfig: Setting CVar [[foliage.DensityScale:1.0]]
[2019.11.15-00.29.21:544][  0]LogConfig: Setting CVar [[grass.DensityScale:1.0]]
[2019.11.15-00.29.21:544][  0]LogConfig: Applying CVar settings from Section [Startup] File [../../../Engine/Config/ConsoleVariables.ini]
[2019.11.15-00.29.21:547][  0]LogConfig: Setting CVar [[net.UseAdaptiveNetUpdateFrequency:0]]
[2019.11.15-00.29.21:547][  0]LogConfig: Setting CVar [[p.chaos.AllowCreatePhysxBodies:1]]
[2019.11.15-00.29.21:547][  0]LogConfig: Applying CVar settings from Section [ConsoleVariables] File [../../../LastRegister2/LastResisters/Saved/Config/Windows/Engine.ini]
[2019.11.15-00.29.21:547][  0]LogInit: Computer: F53PC04
[2019.11.15-00.29.21:547][  0]LogInit: User: s172091
[2019.11.15-00.29.21:547][  0]LogInit: CPU Page size=4096, Cores=4
[2019.11.15-00.29.21:547][  0]LogInit: High frequency timer resolution =4.101566 MHz
[2019.11.15-00.29.21:547][  0]LogMemory: Memory total: Physical=31.9GB (32GB approx)
[2019.11.15-00.29.21:547][  0]LogMemory: Platform Memory Stats for Windows
[2019.11.15-00.29.21:547][  0]LogMemory: Process Physical Memory: 100.67 MB used, 100.67 MB peak
[2019.11.15-00.29.21:547][  0]LogMemory: Process Virtual Memory: 101.93 MB used, 101.93 MB peak
[2019.11.15-00.29.21:547][  0]LogMemory: Physical Memory: 5401.34 MB used,  27302.38 MB free, 32703.72 MB total
[2019.11.15-00.29.21:547][  0]LogMemory: Virtual Memory: 4693.93 MB used,  134213032.00 MB free, 134217728.00 MB total
[2019.11.15-00.29.21:550][  0]LogWindows: WindowsPlatformFeatures enabled
[2019.11.15-00.29.21:581][  0]LogInit: Overriding language with editor language configuration option (en).
[2019.11.15-00.29.21:581][  0]LogInit: Overriding locale with editor locale configuration option (en).
[2019.11.15-00.29.21:728][  0]LogInit: Setting process to per monitor DPI aware
[2019.11.15-00.29.21:781][  0]LogSlate: New Slate User Created.  User Index 0, Is Virtual User: 0
[2019.11.15-00.29.21:781][  0]LogSlate: Slate User Registered.  User Index 0, Is Virtual User: 0
[2019.11.15-00.29.22:793][  0]LogHMD: Failed to initialize OpenVR with code 110
[2019.11.15-00.29.22:793][  0]LogD3D11RHI: D3D11 adapters:
[2019.11.15-00.29.22:863][  0]LogD3D11RHI:    0. 'NVIDIA GeForce GTX 1080' (Feature Level 11_0)
[2019.11.15-00.29.22:863][  0]LogD3D11RHI:       8079/0/16351 MB DedicatedVideo/DedicatedSystem/SharedSystem, Outputs:2, VendorId:0x10de
[2019.11.15-00.29.22:866][  0]LogD3D11RHI:    1. 'Microsoft Basic Render Driver' (Feature Level 11_0)
[2019.11.15-00.29.22:866][  0]LogD3D11RHI:       0/0/16351 MB DedicatedVideo/DedicatedSystem/SharedSystem, Outputs:0, VendorId:0x1414
[2019.11.15-00.29.22:866][  0]LogD3D11RHI: Chosen D3D11 Adapter: 0
[2019.11.15-00.29.22:872][  0]LogD3D11RHI: Creating new Direct3DDevice
[2019.11.15-00.29.22:872][  0]LogD3D11RHI:     GPU DeviceId: 0x1b80 (for the marketing name, search the web for "GPU Device Id")
[2019.11.15-00.29.22:872][  0]LogWindows: EnumDisplayDevices:
[2019.11.15-00.29.22:872][  0]LogWindows:    0. 'NVIDIA GeForce GTX 1080' (P:0 D:1)
[2019.11.15-00.29.22:872][  0]LogWindows:    1. 'NVIDIA GeForce GTX 1080' (P:1 D:1)
[2019.11.15-00.29.22:872][  0]LogWindows:    2. 'NVIDIA GeForce GTX 1080' (P:0 D:0)
[2019.11.15-00.29.22:872][  0]LogWindows:    3. 'NVIDIA GeForce GTX 1080' (P:0 D:0)
[2019.11.15-00.29.22:872][  0]LogWindows: DebugString: FoundDriverCount:4 
[2019.11.15-00.29.22:872][  0]LogD3D11RHI:     Adapter Name: NVIDIA GeForce GTX 1080
[2019.11.15-00.29.22:872][  0]LogD3D11RHI:   Driver Version: 431.07 (internal:26.21.14.3107, unified:431.07)
[2019.11.15-00.29.22:873][  0]LogD3D11RHI:      Driver Date: 6-5-2019
[2019.11.15-00.29.22:873][  0]LogRHI: Texture pool is 5655 MB (70% of 8079 MB)
[2019.11.15-00.29.22:917][  0]LogD3D11RHI: Async texture creation enabled
[2019.11.15-00.29.22:928][  0]LogD3D11RHI: GPU Timing Frequency: 1000.000000 (Debug: 2 1)
[2019.11.15-00.29.23:254][  0]LogTemp: Display: Module 'AllDesktopTargetPlatform' loaded TargetPlatform 'AllDesktop'
[2019.11.15-00.29.23:262][  0]LogTemp: Display: Module 'MacClientTargetPlatform' loaded TargetPlatform 'MacClient'
[2019.11.15-00.29.23:270][  0]LogTemp: Display: Module 'MacNoEditorTargetPlatform' loaded TargetPlatform 'MacNoEditor'
[2019.11.15-00.29.23:278][  0]LogTemp: Display: Module 'MacServerTargetPlatform' loaded TargetPlatform 'MacServer'
[2019.11.15-00.29.23:287][  0]LogTemp: Display: Module 'MacTargetPlatform' loaded TargetPlatform 'Mac'
[2019.11.15-00.29.23:296][  0]LogTemp: Display: Module 'WindowsClientTargetPlatform' loaded TargetPlatform 'WindowsClient'
[2019.11.15-00.29.23:305][  0]LogTemp: Display: Module 'WindowsNoEditorTargetPlatform' loaded TargetPlatform 'WindowsNoEditor'
[2019.11.15-00.29.23:313][  0]LogTemp: Display: Module 'WindowsServerTargetPlatform' loaded TargetPlatform 'WindowsServer'
[2019.11.15-00.29.23:317][  0]LogTemp: Display: Module 'WindowsTargetPlatform' loaded TargetPlatform 'Windows'
[2019.11.15-00.29.23:349][  0]LogTemp: Display: Module 'AndroidTargetPlatform' loaded TargetPlatform 'Android'
[2019.11.15-00.29.23:349][  0]LogTemp: Display: Module 'AndroidTargetPlatform' loaded TargetPlatform 'Android_ASTC'
[2019.11.15-00.29.23:349][  0]LogTemp: Display: Module 'AndroidTargetPlatform' loaded TargetPlatform 'Android_ATC'
[2019.11.15-00.29.23:349][  0]LogTemp: Display: Module 'AndroidTargetPlatform' loaded TargetPlatform 'Android_DXT'
[2019.11.15-00.29.23:349][  0]LogTemp: Display: Module 'AndroidTargetPlatform' loaded TargetPlatform 'Android_ETC1'
[2019.11.15-00.29.23:349][  0]LogTemp: Display: Module 'AndroidTargetPlatform' loaded TargetPlatform 'Android_ETC1a'
[2019.11.15-00.29.23:349][  0]LogTemp: Display: Module 'AndroidTargetPlatform' loaded TargetPlatform 'Android_ETC2'
[2019.11.15-00.29.23:349][  0]LogTemp: Display: Module 'AndroidTargetPlatform' loaded TargetPlatform 'Android_PVRTC'
[2019.11.15-00.29.23:349][  0]LogTemp: Display: Module 'AndroidTargetPlatform' loaded TargetPlatform 'AndroidClient'
[2019.11.15-00.29.23:349][  0]LogTemp: Display: Module 'AndroidTargetPlatform' loaded TargetPlatform 'Android_ASTCClient'
[2019.11.15-00.29.23:349][  0]LogTemp: Display: Module 'AndroidTargetPlatform' loaded TargetPlatform 'Android_ATCClient'
[2019.11.15-00.29.23:349][  0]LogTemp: Display: Module 'AndroidTargetPlatform' loaded TargetPlatform 'Android_DXTClient'
[2019.11.15-00.29.23:349][  0]LogTemp: Display: Module 'AndroidTargetPlatform' loaded TargetPlatform 'Android_ETC1Client'
[2019.11.15-00.29.23:349][  0]LogTemp: Display: Module 'AndroidTargetPlatform' loaded TargetPlatform 'Android_ETC1aClient'
[2019.11.15-00.29.23:349][  0]LogTemp: Display: Module 'AndroidTargetPlatform' loaded TargetPlatform 'Android_ETC2Client'
[2019.11.15-00.29.23:349][  0]LogTemp: Display: Module 'AndroidTargetPlatform' loaded TargetPlatform 'Android_PVRTCClient'
[2019.11.15-00.29.23:349][  0]LogTemp: Display: Module 'AndroidTargetPlatform' loaded TargetPlatform 'Android_Multi'
[2019.11.15-00.29.23:349][  0]LogTemp: Display: Module 'AndroidTargetPlatform' loaded TargetPlatform 'Android_MultiClient'
[2019.11.15-00.29.23:351][  0]LogTemp: Display: Module 'HTML5TargetPlatform' loaded TargetPlatform 'HTML5'
[2019.11.15-00.29.23:370][  0]LogTemp: Display: Module 'IOSTargetPlatform' loaded TargetPlatform 'IOSClient'
[2019.11.15-00.29.23:370][  0]LogTemp: Display: Module 'IOSTargetPlatform' loaded TargetPlatform 'IOS'
[2019.11.15-00.29.23:384][  0]LogTemp: Display: Module 'TVOSTargetPlatform' loaded TargetPlatform 'TVOSClient'
[2019.11.15-00.29.23:384][  0]LogTemp: Display: Module 'TVOSTargetPlatform' loaded TargetPlatform 'TVOS'
[2019.11.15-00.29.23:393][  0]LogTemp: Display: Module 'LinuxClientTargetPlatform' loaded TargetPlatform 'LinuxClient'
[2019.11.15-00.29.23:401][  0]LogTemp: Display: Module 'LinuxNoEditorTargetPlatform' loaded TargetPlatform 'LinuxNoEditor'
[2019.11.15-00.29.23:408][  0]LogTemp: Display: Module 'LinuxServerTargetPlatform' loaded TargetPlatform 'LinuxServer'
[2019.11.15-00.29.23:420][  0]LogTemp: Display: Module 'LinuxTargetPlatform' loaded TargetPlatform 'Linux'
[2019.11.15-00.29.23:447][  0]LogTemp: Display: Module 'LuminTargetPlatform' loaded TargetPlatform 'Lumin'
[2019.11.15-00.29.23:447][  0]LogTemp: Display: Module 'LuminTargetPlatform' loaded TargetPlatform 'LuminClient'
[2019.11.15-00.29.23:447][  0]LogTargetPlatformManager: Display: Building Assets For Windows
[2019.11.15-00.29.23:456][  0]LogAudioDebug: Display: Lib vorbis DLL was dynamically loaded.
[2019.11.15-00.29.23:509][  0]LogShaderCompilers: Guid format shader working directory is 11 characters bigger than the processId version (../../../LastRegister2/LastResisters/Intermediate/Shaders/WorkingDirectory/18132/).
[2019.11.15-00.29.23:509][  0]LogShaderCompilers: Cleaned the shader compiler working directory 'C:/Users/s172091/AppData/Local/Temp/UnrealShaderWorkingDir/BA8107D7467C77B6EAADD2BBD70B0E9B/'.
[2019.11.15-00.29.23:511][  0]LogShaderCompilers: Display: Using XGE Shader Compiler (Interception Interface).
[2019.11.15-00.29.25:028][  0]LogDerivedDataCache: Display: Max Cache Size: 512 MB
[2019.11.15-00.29.25:081][  0]LogDerivedDataCache: Loaded boot cache 0.05s 91MB C:/Users/s172091/AppData/Local/UnrealEngine/4.23/DerivedDataCache/Boot.ddc.
[2019.11.15-00.29.25:082][  0]LogDerivedDataCache: Display: Loaded Boot cache: C:/Users/s172091/AppData/Local/UnrealEngine/4.23/DerivedDataCache/Boot.ddc
[2019.11.15-00.29.25:082][  0]LogDerivedDataCache: FDerivedDataBackendGraph:  Pak pak cache file ../../../LastRegister2/LastResisters/DerivedDataCache/DDC.ddp not found, will not use a pak cache.
[2019.11.15-00.29.25:082][  0]LogDerivedDataCache: Unable to find inner node Pak for hierarchical cache Hierarchy.
[2019.11.15-00.29.25:082][  0]LogDerivedDataCache: FDerivedDataBackendGraph:  CompressedPak pak cache file ../../../LastRegister2/LastResisters/DerivedDataCache/Compressed.ddp not found, will not use a pak cache.
[2019.11.15-00.29.25:082][  0]LogDerivedDataCache: Unable to find inner node CompressedPak for hierarchical cache Hierarchy.
[2019.11.15-00.29.25:092][  0]LogDerivedDataCache: Display: Pak cache opened for reading ../../../Engine/DerivedDataCache/Compressed.ddp.
[2019.11.15-00.29.25:092][  0]LogDerivedDataCache: FDerivedDataBackendGraph:  EnterprisePak pak cache file ../../../Enterprise/DerivedDataCache/Compressed.ddp not found, will not use a pak cache.
[2019.11.15-00.29.25:092][  0]LogDerivedDataCache: Unable to find inner node EnterprisePak for hierarchical cache Hierarchy.
[2019.11.15-00.29.25:095][  0]LogDerivedDataCache: Using Local data cache path C:/Users/s172091/AppData/Local/UnrealEngine/Common/DerivedDataCache: Writable
[2019.11.15-00.29.25:095][  0]LogDerivedDataCache: Shared data cache path not found in *engine.ini, will not use an Shared cache.
[2019.11.15-00.29.25:095][  0]LogDerivedDataCache: Unable to find inner node Shared for hierarchical cache Hierarchy.
[2019.11.15-00.29.25:112][  0]LogMaterial: Verifying Global Shaders for PCD3D_SM5
[2019.11.15-00.29.25:114][  0]LogSlate: Using FreeType 2.6.0
[2019.11.15-00.29.25:118][  0]LogSlate: SlateFontServices - WITH_FREETYPE: 1, WITH_HARFBUZZ: 1
[2019.11.15-00.29.25:338][  0]LogAssetRegistry: FAssetRegistry took 0.0025 seconds to start up
[2019.11.15-00.29.25:586][  0]LogInit: Selected Device Profile: [Windows]
[2019.11.15-00.29.25:734][  0]LogMeshReduction: Using QuadricMeshReduction for automatic static mesh reduction
[2019.11.15-00.29.25:734][  0]LogMeshReduction: Using SimplygonMeshReduction for automatic skeletal mesh reduction
[2019.11.15-00.29.25:734][  0]LogMeshReduction: Using ProxyLODMeshReduction for automatic mesh merging
[2019.11.15-00.29.25:734][  0]LogMeshReduction: No distributed automatic mesh merging module available
[2019.11.15-00.29.25:734][  0]LogMeshMerging: No distributed automatic mesh merging module available
[2019.11.15-00.29.25:747][  0]LogNetVersion: LastResisters 1.0.0, NetCL: 8386587, EngineNetVer: 11, GameNetVer: 0 (Checksum: 2470489391)
[2019.11.15-00.29.26:271][  0]LogPackageLocalizationCache: Processed 13 localized package path(s) for 1 prioritized culture(s) in 0.090196 seconds
[2019.11.15-00.29.26:277][  0]LogUObjectArray: 43516 objects as part of root set at end of initial load.
[2019.11.15-00.29.26:277][  0]LogUObjectAllocator: 7562664 out of 0 bytes used by permanent object pool.
[2019.11.15-00.29.26:277][  0]LogUObjectArray: CloseDisregardForGC: 0/0 objects in disregard for GC pool
[2019.11.15-00.29.28:920][  0]LogTcpMessaging: Initializing TcpMessaging bridge
[2019.11.15-00.29.28:923][  0]LogUdpMessaging: Initializing bridge on interface 0.0.0.0:0 to multicast group 230.0.0.1:6666.
[2019.11.15-00.29.28:998][  0]SourceControl: Source control is disabled
[2019.11.15-00.29.28:998][  0]SourceControl: Source control is disabled
[2019.11.15-00.29.29:000][  0]SourceControl: Source control is disabled
[2019.11.15-00.29.29:001][  0]SourceControl: Source control is disabled
[2019.11.15-00.29.29:115][  0]LogOnline: Oculus: Oculus Startup!
[2019.11.15-00.29.29:117][  0]LogAndroidPermission: UAndroidPermissionCallbackProxy::GetInstance
[2019.11.15-00.29.29:216][  0]LogAvatars: Display: UOvrAvatarManager::InitializeSDK()
[2019.11.15-00.29.29:217][  0]LogLinker: Warning: Asset '../../Plugins/Runtime/Oculus/OculusAvatar/Content/Materials/AvatarsPBR_2/OculusAvatars_PBRV2_Mobile.uasset' has been saved with empty engine version. The asset will be loaded but may be incompatible.
[2019.11.15-00.29.29:220][  0]LogLinker: Warning: Asset '../../Plugins/Runtime/Oculus/OculusAvatar/Content/Materials/AvatarsPBR_2/AvatarLighting.uasset' has been saved with empty engine version. The asset will be loaded but may be incompatible.
[2019.11.15-00.29.29:221][  0]LogLinker: Warning: Asset '../../Plugins/Runtime/Oculus/OculusAvatar/Content/Materials/AvatarsPBR_2/Functions/DistributionGGX.uasset' has been saved with empty engine version. The asset will be loaded but may be incompatible.
[2019.11.15-00.29.29:222][  0]LogLinker: Warning: Asset '../../Plugins/Runtime/Oculus/OculusAvatar/Content/Materials/AvatarsPBR_2/Functions/GeometryGGXPartial.uasset' has been saved with empty engine version. The asset will be loaded but may be incompatible.
[2019.11.15-00.29.29:223][  0]LogLinker: Warning: Asset '../../Plugins/Runtime/Oculus/OculusAvatar/Content/Materials/AvatarsPBR_2/Functions/SchlickFresnel.uasset' has been saved with empty engine version. The asset will be loaded but may be incompatible.
[2019.11.15-00.29.29:226][  0]LogLinker: Warning: Asset '../../Plugins/Runtime/Oculus/OculusAvatar/Content/Materials/AvatarsPBR_2/Assets/fallbackAlbedo.uasset' has been saved with empty engine version. The asset will be loaded but may be incompatible.
[2019.11.15-00.29.29:227][  0]LogLinker: Warning: Asset '../../Plugins/Runtime/Oculus/OculusAvatar/Content/Materials/AvatarsPBR_2/Assets/fallbackNormal.uasset' has been saved with empty engine version. The asset will be loaded but may be incompatible.
[2019.11.15-00.29.29:229][  0]LogLinker: Warning: Asset '../../Plugins/Runtime/Oculus/OculusAvatar/Content/Materials/AvatarsPBR_2/Assets/fallbackRoughness.uasset' has been saved with empty engine version. The asset will be loaded but may be incompatible.
[2019.11.15-00.29.29:239][  0]LogLinker: Warning: Asset '../../Plugins/Runtime/Oculus/OculusAvatar/Content/Materials/AvatarsPBR_2/OculusAvatars_PBRV2_Mobile_Combined.uasset' has been saved with empty engine version. The asset will be loaded but may be incompatible.
[2019.11.15-00.29.29:241][  0]LogLinker: Warning: Asset '../../Plugins/Runtime/Oculus/OculusAvatar/Content/Materials/AvatarsPBR_2/Functions/ComputeCombinedMeshColor.uasset' has been saved with empty engine version. The asset will be loaded but may be incompatible.
[2019.11.15-00.29.29:254][  0]LogLinker: Warning: Asset '../../Plugins/Runtime/Oculus/OculusAvatar/Content/Materials/AvatarsPBR_2/OculusAvatars_PBRV2_Exp_Opaque_Body_Mobile.uasset' has been saved with empty engine version. The asset will be loaded but may be incompatible.
[2019.11.15-00.29.29:256][  0]LogLinker: Warning: Asset '../../Plugins/Runtime/Oculus/OculusAvatar/Content/Materials/AvatarsPBR_2/Functions/CombineMasks.uasset' has been saved with empty engine version. The asset will be loaded but may be incompatible.
[2019.11.15-00.29.29:256][  0]LogLinker: Warning: Asset '../../Plugins/Runtime/Oculus/OculusAvatar/Content/Materials/AvatarsPBR_2/Functions/ComputeMask.uasset' has been saved with empty engine version. The asset will be loaded but may be incompatible.
[2019.11.15-00.29.29:269][  0]LogLinker: Warning: Asset '../../Plugins/Runtime/Oculus/OculusAvatar/Content/Materials/AvatarsPBR_2/OculusAvatars_PBRV2_Exp_Opaque_Simple_Mobile.uasset' has been saved with empty engine version. The asset will be loaded but may be incompatible.
[2019.11.15-00.29.29:276][  0]LogLinker: Warning: Asset '../../Plugins/Runtime/Oculus/OculusAvatar/Content/Materials/AvatarsPBR_2/OculusAvatars_PBRV2_Combined_Exp_Opaque_Mobile.uasset' has been saved with empty engine version. The asset will be loaded but may be incompatible.
[2019.11.15-00.29.29:290][  0]LogLinker: Warning: Asset '../../Plugins/Runtime/Oculus/OculusAvatar/Content/Materials/AvatarsPBR_2/OculusAvatars_PBRV2.uasset' has been saved with empty engine version. The asset will be loaded but may be incompatible.
[2019.11.15-00.29.29:300][  0]LogLinker: Warning: Asset '../../Plugins/Runtime/Oculus/OculusAvatar/Content/Materials/AvatarsPBR_2/OculusAvatars_PBRV2_Combined.uasset' has been saved with empty engine version. The asset will be loaded but may be incompatible.
[2019.11.15-00.29.29:312][  0]LogLinker: Warning: Asset '../../Plugins/Runtime/Oculus/OculusAvatar/Content/Materials/AvatarsPBR_2/OculusAvatars_PBRV2_Exp_Masked_Body.uasset' has been saved with empty engine version. The asset will be loaded but may be incompatible.
[2019.11.15-00.29.29:314][  0]LogLinker: Warning: Asset '../../Plugins/Runtime/Oculus/OculusAvatar/Content/Materials/AvatarsPBR_2/Functions/DitherAlphaToOpacityMask.uasset' has been saved with empty engine version. The asset will be loaded but may be incompatible.
[2019.11.15-00.29.29:316][  0]LogLinker: Warning: Asset '../../Plugins/Runtime/Oculus/OculusAvatar/Content/Materials/AvatarsPBR_2/Functions/LDR_LLL1_0.uasset' has been saved with empty engine version. The asset will be loaded but may be incompatible.
[2019.11.15-00.29.29:329][  0]LogLinker: Warning: Asset '../../Plugins/Runtime/Oculus/OculusAvatar/Content/Materials/AvatarsPBR_2/OculusAvatars_PBRV2_Exp_Alpha_Body.uasset' has been saved with empty engine version. The asset will be loaded but may be incompatible.
[2019.11.15-00.29.29:341][  0]LogLinker: Warning: Asset '../../Plugins/Runtime/Oculus/OculusAvatar/Content/Materials/AvatarsPBR_2/OculusAvatars_PBRV2_Exp_Opaque_Body.uasset' has been saved with empty engine version. The asset will be loaded but may be incompatible.
[2019.11.15-00.29.29:354][  0]LogLinker: Warning: Asset '../../Plugins/Runtime/Oculus/OculusAvatar/Content/Materials/AvatarsPBR_2/OculusAvatars_PBRV2_Exp_Alpha_Simple.uasset' has been saved with empty engine version. The asset will be loaded but may be incompatible.
[2019.11.15-00.29.29:362][  0]LogLinker: Warning: Asset '../../Plugins/Runtime/Oculus/OculusAvatar/Content/Materials/AvatarsPBR_2/OculusAvatars_PBRV2_Exp_Masked_Simple.uasset' has been saved with empty engine version. The asset will be loaded but may be incompatible.
[2019.11.15-00.29.29:372][  0]LogLinker: Warning: Asset '../../Plugins/Runtime/Oculus/OculusAvatar/Content/Materials/AvatarsPBR_2/OculusAvatars_PBRV2_Exp_Opaque_Simple.uasset' has been saved with empty engine version. The asset will be loaded but may be incompatible.
[2019.11.15-00.29.29:381][  0]LogLinker: Warning: Asset '../../Plugins/Runtime/Oculus/OculusAvatar/Content/Materials/AvatarsPBR_2/OculusAvatars_PBRV2_Combined_Exp_Masked.uasset' has been saved with empty engine version. The asset will be loaded but may be incompatible.
[2019.11.15-00.29.29:396][  0]LogLinker: Warning: Asset '../../Plugins/Runtime/Oculus/OculusAvatar/Content/Materials/AvatarsPBR_2/OculusAvatars_PBRV2_Combined_Exp_Opaque.uasset' has been saved with empty engine version. The asset will be loaded but may be incompatible.
[2019.11.15-00.29.29:409][  0]LogLinker: Warning: Asset '../../Plugins/Runtime/Oculus/OculusAvatar/Content/Materials/AvatarsPBR_2/OculusAvatars_PBRV2_Combined_Exp_Alpha.uasset' has been saved with empty engine version. The asset will be loaded but may be incompatible.
[2019.11.15-00.29.29:424][  0]LogLinker: Warning: Asset '../../Plugins/Runtime/Oculus/OculusAvatar/Content/Materials/AvatarsPBR_2/OculusAvatars_PBRV2_EyeShell.uasset' has been saved with empty engine version. The asset will be loaded but may be incompatible.
[2019.11.15-00.29.29:432][  0]LogLinker: Warning: Asset '../../Plugins/Runtime/Oculus/OculusAvatar/Content/Materials/AvatarsPBR_2/OculusAvatars_PBRV2_ExpressiveController.uasset' has been saved with empty engine version. The asset will be loaded but may be incompatible.
[2019.11.15-00.29.30:029][  0]LogAvatars: Display: Oculus Avatars No App Id Found: SHUTTING DOWN 牡慍慮敧⹲灣p
[2019.11.15-00.29.30:030][  0]LogOcInput: OculusInput pre-init called
[2019.11.15-00.29.31:238][  0]LogClass: Warning: FWeaponSkillGauge::Color is not initialized properly
[2019.11.15-00.29.31:238][  0]LogClass: Display: 1 Uninitialized script stuct members found
[2019.11.15-00.29.31:238][  0]LogAutomationTest: Warning: FWeaponSkillGauge::Color is not initialized properly
[2019.11.15-00.29.31:239][  0]LogEngine: Initializing Engine...
[2019.11.15-00.29.31:240][  0]LogHMD: Failed to initialize OpenVR with code 110
[2019.11.15-00.29.31:241][  0]LogStats: UGameplayTagsManager::InitializeManager -  0.000 s
[2019.11.15-00.29.31:449][  0]LogInit: Initializing FReadOnlyCVARCache
[2019.11.15-00.29.31:462][  0]LogAIModule: Creating AISystem for world Untitled
[2019.11.15-00.29.31:469][  0]LogInit: XAudio2 using 'RDT233WLM (NVIDIA High Definition Audio)' : 2 channels at 48 kHz using 16 bits per sample (channel mask 0x3)
[2019.11.15-00.29.31:481][  0]LogInit: FAudioDevice initialized.
[2019.11.15-00.29.31:481][  0]LogNetVersion: Set ProjectVersion to 1.0.0.0. Version Checksum will be recalculated on next use.
[2019.11.15-00.29.31:555][  0]LogDerivedDataCache: Saved boot cache 0.07s 91MB C:/Users/s172091/AppData/Local/UnrealEngine/4.23/DerivedDataCache/Boot.ddc.
[2019.11.15-00.29.31:564][  0]LogInit: Texture streaming: Enabled
[2019.11.15-00.29.31:581][  0]LogEngineSessionManager: EngineSessionManager initialized
[2019.11.15-00.29.31:581][  0]LogEditorSessionSummary: Verbose: Initializing EditorSessionSummaryWriter for editor session tracking
[2019.11.15-00.29.31:584][  0]LogEditorSessionSummary: EditorSessionSummaryWriter initialized
[2019.11.15-00.29.31:648][  0]LogInit: Transaction tracking system initialized
[2019.11.15-00.29.31:674][  0]BlueprintLog: New page: Editor Load
[2019.11.15-00.29.31:740][  0]LocalizationService: Localization service is disabled
[2019.11.15-00.29.32:236][  0]LogCook: Display: Max memory allowance for cook 16384mb min free memory 0mb
[2019.11.15-00.29.32:236][  0]LogCook: Display: Mobile HDR setting 1
[2019.11.15-00.29.32:260][  0]LogFileCache: Scanning file cache for directory 'D:/UE_4.23/LastRegister2/LastResisters/Content/' took 0.01s
[2019.11.15-00.29.33:871][  0]SourceControl: Source control is disabled
[2019.11.15-00.29.33:871][  0]Cmd: MAP LOAD FILE="../../../Engine/Content/Maps/Templates/Template_Default.umap" TEMPLATE=1 SHOWPROGRESS=1 FEATURELEVEL=3
[2019.11.15-00.29.33:873][  0]LightingResults: New page: Lighting Build
[2019.11.15-00.29.33:875][  0]LogWorld: UWorld::CleanupWorld for Untitled, bSessionEnded=true, bCleanupResources=true
[2019.11.15-00.29.33:875][  0]MapCheck: New page: Map Check
[2019.11.15-00.29.33:875][  0]LightingResults: New page: Lighting Build
[2019.11.15-00.29.33:899][  0]LogUObjectHash: Compacting FUObjectHashTables data took   2.02ms
[2019.11.15-00.29.33:980][  0]LogAIModule: Creating AISystem for world Untitled_1
[2019.11.15-00.29.33:985][  0]LogEditorServer: Finished looking for orphan Actors (0.000 secs)
[2019.11.15-00.29.34:006][  0]LogUObjectHash: Compacting FUObjectHashTables data took   2.18ms
[2019.11.15-00.29.34:007][  0]Cmd: MAP CHECKDEP NOCLEARLOG
[2019.11.15-00.29.34:007][  0]MapCheck: Map check complete: 0 Error(s), 0 Warning(s), took 0.096ms to complete.
[2019.11.15-00.29.34:007][  0]LogFileHelpers: Loading map 'Template_Default' took 0.136
[2019.11.15-00.29.34:119][  0]LogSlate: Updating window title bar state: overlay mode, drag disabled, window buttons hidden, title bar hidden
[2019.11.15-00.29.34:124][  0]LogSlate: Updating window title bar state: overlay mode, drag disabled, window buttons hidden, title bar hidden
[2019.11.15-00.29.34:130][  0]LogSlate: Updating window title bar state: overlay mode, drag disabled, window buttons hidden, title bar hidden
[2019.11.15-00.29.34:136][  0]LogSlate: Updating window title bar state: overlay mode, drag disabled, window buttons hidden, title bar hidden
[2019.11.15-00.29.34:176][  0]LogCollectionManager: Loaded 0 collections in 0.000903 seconds
[2019.11.15-00.29.34:181][  0]LogFileCache: Scanning file cache for directory 'D:/UE_4.23/LastRegister2/LastResisters/Saved/Collections/' took 0.00s
[2019.11.15-00.29.34:181][  0]LogFileCache: Scanning file cache for directory 'D:/UE_4.23/LastRegister2/LastResisters/Content/Developers/s172091/Collections/' took 0.00s
[2019.11.15-00.29.34:181][  0]LogFileCache: Scanning file cache for directory 'D:/UE_4.23/LastRegister2/LastResisters/Content/Collections/' took 0.00s
[2019.11.15-00.29.34:181][  0]LogCollectionManager: Rebuilt the GUID cache for 0 collections in 0.000001 seconds
[2019.11.15-00.29.34:188][  0]LogContentBrowser: Native class hierarchy populated in 0.0072 seconds. Added 2910 classes and 709 folders.
[2019.11.15-00.29.34:195][  0]LogContentBrowser: Native class hierarchy updated for 'WidgetCarousel' in 0.0003 seconds. Added 0 classes and 0 folders.
[2019.11.15-00.29.34:353][  0]LogContentBrowser: Native class hierarchy updated for 'AddContentDialog' in 0.0003 seconds. Added 0 classes and 0 folders.
[2019.11.15-00.29.34:449][  0]LogContentBrowser: Native class hierarchy updated for 'SceneOutliner' in 0.0003 seconds. Added 1 classes and 2 folders.
[2019.11.15-00.29.34:505][  0]LogSlate: Took 0.002309 seconds to synchronously load lazily loaded font '../../../Engine/Content/Slate/Fonts/Roboto-Regular.ttf' (155K)
[2019.11.15-00.29.34:511][  0]LogSlate: Took 0.002137 seconds to synchronously load lazily loaded font '../../../Engine/Content/Slate/Fonts/Roboto-Bold.ttf' (160K)
[2019.11.15-00.29.34:514][  0]LogSlate: Took 0.002119 seconds to synchronously load lazily loaded font '../../../Engine/Content/Editor/Slate/Fonts/FontAwesome.ttf' (139K)
[2019.11.15-00.29.34:566][  0]LogRenderer: Reallocating scene render targets to support 1528x548 Format 10 NumSamples 1 (Frame:1).
[2019.11.15-00.29.34:715][  0]LogContentBrowser: Native class hierarchy updated for 'HierarchicalLODOutliner' in 0.0003 seconds. Added 0 classes and 0 folders.
[2019.11.15-00.29.34:715][  0]LogLoad: (Engine Initialization) Total time: 14.82 seconds
[2019.11.15-00.29.34:715][  0]LogLoad: (Engine Initialization) Total Blueprint compile time: 0.00 seconds
[2019.11.15-00.29.34:786][  0]LogContentStreaming: Texture pool size now 1000 MB
[2019.11.15-00.29.34:804][  0]LogSlate: Took 0.002012 seconds to synchronously load lazily loaded font '../../../Engine/Content/Slate/Fonts/Roboto-Light.ttf' (167K)
[2019.11.15-00.29.35:113][  6]LogAssetRegistry: Asset discovery search completed in 9.7565 seconds
[2019.11.15-00.29.35:118][  6]LogCollectionManager: Rebuilt the object cache for 0 collections in 0.000005 seconds (found 0 objects)
[2019.11.15-00.29.35:118][  6]LogCollectionManager: Fixed up redirectors for 0 collections in 0.000056 seconds (updated 0 objects)
[2019.11.15-00.30.26:834][559]LogSlate: FSceneViewport::OnFocusLost() reason 0
[2019.11.15-00.30.44:953][702]LogSlate: FSceneViewport::OnFocusLost() reason 0
[2019.11.15-00.30.45:329][747]LogTemp: Repeating last play command: Selected Viewport
[2019.11.15-00.30.45:357][747]LogBlueprintUserMessages: Early PlayInEditor Detection: Level '/Temp/Untitled_1.Untitled_1:PersistentLevel' has LevelScriptBlueprint '/Temp/Untitled_1.Untitled_1:PersistentLevel.Untitled' with GeneratedClass '/Temp/Untitled_1.Untitled_C' with ClassGeneratedBy '/Temp/Untitled_1.Untitled_1:PersistentLevel.Untitled'
[2019.11.15-00.30.45:358][747]LogPlayLevel: PlayLevel: No blueprints needed recompiling
[2019.11.15-00.30.45:358][747]PIE: New page: PIE session: Untitled_1 (Nov 15, 2019, 6:30:45 PM)
[2019.11.15-00.30.45:359][747]LogOnline: OSS: Creating online subsystem instance for: NULL
[2019.11.15-00.30.45:360][747]LogPlayLevel: Creating play world package: /Temp/UEDPIE_0_Untitled_1
[2019.11.15-00.30.45:362][747]LogPlayLevel: PIE: StaticDuplicateObject took: (0.002496s)
[2019.11.15-00.30.45:363][747]LogAIModule: Creating AISystem for world Untitled_1
[2019.11.15-00.30.45:363][747]LogPlayLevel: PIE: World Init took: (0.000916s)
[2019.11.15-00.30.45:363][747]LogPlayLevel: PIE: Created PIE world by copying editor world from /Temp/Untitled_1.Untitled_1 to /Temp/UEDPIE_0_Untitled_1.Untitled_1 (0.003606s)
[2019.11.15-00.30.45:384][747]LogUObjectHash: Compacting FUObjectHashTables data took   1.67ms
[2019.11.15-00.30.45:406][747]LogInit: XAudio2 using 'RDT233WLM (NVIDIA High Definition Audio)' : 2 channels at 48 kHz using 16 bits per sample (channel mask 0x3)
[2019.11.15-00.30.45:414][747]LogInit: FAudioDevice initialized.
[2019.11.15-00.30.45:426][747]LogLoad: Game class is 'GameModeBase'
[2019.11.15-00.30.45:469][747]LogWorld: Bringing World /Temp/UEDPIE_0_Untitled_1.Untitled_1 up for play (max tick rate 0) at 2019.11.15-09.30.45
[2019.11.15-00.30.45:469][747]LogWorld: Bringing up level for play took: 0.018047
[2019.11.15-00.30.45:469][747]LogOnline: OSS: Creating online subsystem instance for: :Context_2
[2019.11.15-00.30.45:521][747]LogGameMode: FindPlayerStart: PATHS NOT DEFINED or NO PLAYERSTART with positive rating
[2019.11.15-00.30.45:550][747]LogContentBrowser: Native class hierarchy updated for 'MovieSceneCapture' in 0.0004 seconds. Added 20 classes and 0 folders.
[2019.11.15-00.30.45:568][747]PIE: Play in editor start time for /Temp/UEDPIE_0_Untitled_1 1.092
[2019.11.15-00.30.45:568][747]LogBlueprintUserMessages: Late PlayInEditor Detection: Level '/Temp/Untitled_1.Untitled_1:PersistentLevel' has LevelScriptBlueprint '/Temp/Untitled_1.Untitled_1:PersistentLevel.Untitled' with GeneratedClass '/Temp/Untitled_1.Untitled_C' with ClassGeneratedBy '/Temp/Untitled_1.Untitled_1:PersistentLevel.Untitled'
[2019.11.15-00.30.48:344][ 76]LogBlueprintUserMessages: Early EndPlayMap Detection: Level '/Temp/Untitled_1.Untitled_1:PersistentLevel' has LevelScriptBlueprint '/Temp/Untitled_1.Untitled_1:PersistentLevel.Untitled' with GeneratedClass '/Temp/Untitled_1.Untitled_C' with ClassGeneratedBy '/Temp/Untitled_1.Untitled_1:PersistentLevel.Untitled'
[2019.11.15-00.30.48:368][ 76]LogSlate: Updating window title bar state: overlay mode, drag disabled, window buttons hidden, title bar hidden
[2019.11.15-00.30.48:368][ 76]LogWorld: BeginTearingDown for /Temp/UEDPIE_0_Untitled_1
[2019.11.15-00.30.48:368][ 76]LogWorld: UWorld::CleanupWorld for Untitled_1, bSessionEnded=true, bCleanupResources=true
[2019.11.15-00.30.48:374][ 76]LogPlayLevel: Display: Shutting down PIE online subsystems
[2019.11.15-00.30.48:375][ 76]LogBlueprintUserMessages: Late EndPlayMap Detection: Level '/Temp/Untitled_1.Untitled_1:PersistentLevel' has LevelScriptBlueprint '/Temp/Untitled_1.Untitled_1:PersistentLevel.Untitled' with GeneratedClass '/Temp/Untitled_1.Untitled_C' with ClassGeneratedBy '/Temp/Untitled_1.Untitled_1:PersistentLevel.Untitled'
[2019.11.15-00.30.48:397][ 76]LogSlate: Updating window title bar state: overlay mode, drag disabled, window buttons hidden, title bar hidden
[2019.11.15-00.30.48:399][ 76]LogUObjectHash: Compacting FUObjectHashTables data took   1.32ms
[2019.11.15-00.30.48:451][ 81]LogPlayLevel: Display: Destroying online subsystem :Context_2
[2019.11.15-00.30.54:139][763]LogSlate: FSceneViewport::OnFocusLost() reason 0
[2019.11.15-00.30.54:298][780]LogUObjectHash: Compacting FUObjectHashTables data took   0.55ms
[2019.11.15-00.30.55:446][780]LogSlate: Window 'Save Content' being destroyed
[2019.11.15-00.30.55:454][780]LogSlate: Took 0.000978 seconds to synchronously load lazily loaded font '../../../Engine/Content/Slate/Fonts/Roboto-Light.ttf' (167K)
[2019.11.15-00.31.26:411][780]LogSlate: Window 'Save Level As' being destroyed
[2019.11.15-00.31.32:576][358]LogAIModule: Creating AISystem for world Title
[2019.11.15-00.31.32:643][358]LogAssetEditorManager: Opening Asset editor for World /Game/Game/Level/Maps/Title/Title.Title
[2019.11.15-00.31.32:666][358]LogUObjectHash: Compacting FUObjectHashTables data took   1.92ms
[2019.11.15-00.31.33:857][358]LogSlate: Window 'Save Content' being destroyed
[2019.11.15-00.31.35:247][358]LogSlate: Window 'Save Level As' being destroyed
[2019.11.15-00.31.35:299][359]LogEditorSessionSummary: EditorSessionSummary sent report. Type=Shutdown, SessionId={40964153-45F8-CF31-9798-5098B4191C0D}
[2019.11.15-00.31.36:920][554]LogEditorViewport: Clicking on Actor (LMB): BP_EnemyShield_C (BP_EnemyShield)
[2019.11.15-00.31.37:779][655]Cmd: DELETE
[2019.11.15-00.31.37:779][655]Cmd: ACTOR DELETE
[2019.11.15-00.31.37:780][655]LogEditorActor: Deleted Actor: BP_EnemyShield_C
[2019.11.15-00.31.37:800][655]LogUObjectHash: Compacting FUObjectHashTables data took   1.16ms
[2019.11.15-00.31.37:801][655]LogEditorActor: Deleted 1 Actors (0.022 secs)
[2019.11.15-00.31.39:122][814]LogSlate: FSceneViewport::OnFocusLost() reason 0
[2019.11.15-00.31.39:293][834]LogAssetEditorManager: Opening Asset editor for World /Game/Game/Level/Maps/Title/Title.Title
[2019.11.15-00.31.39:314][834]LogUObjectHash: Compacting FUObjectHashTables data took   0.73ms
[2019.11.15-00.31.40:508][834]LogSlate: Window 'Save Content' being destroyed
[2019.11.15-00.31.42:414][834]LogSlate: Window 'Save Level As' being destroyed
[2019.11.15-00.31.44:830][  4]LogAssetEditorManager: Opening Asset editor for World /Game/Game/Level/Maps/Title/Title.Title
[2019.11.15-00.31.44:850][  4]LogUObjectHash: Compacting FUObjectHashTables data took   0.60ms
[2019.11.15-00.31.46:106][  4]LogSlate: Window 'Save Content' being destroyed
[2019.11.15-00.31.46:110][  4]Cmd: MAP LOAD FILE="../../../LastRegister2/LastResisters/Content/Game/Level/Maps/Title/Title.umap" TEMPLATE=0 SHOWPROGRESS=1 FEATURELEVEL=3
[2019.11.15-00.31.46:111][  4]LightingResults: New page: Lighting Build
[2019.11.15-00.31.46:112][  4]LoadErrors: New page: Loading map: Title.umap
[2019.11.15-00.31.46:112][  4]LogWorld: UWorld::CleanupWorld for Untitled_1, bSessionEnded=true, bCleanupResources=true
[2019.11.15-00.31.46:112][  4]MapCheck: New page: Map Check
[2019.11.15-00.31.46:112][  4]LightingResults: New page: Lighting Build
[2019.11.15-00.31.46:135][  4]LogUObjectHash: Compacting FUObjectHashTables data took   1.56ms
[2019.11.15-00.31.46:193][  4]LogEditorServer: Finished looking for orphan Actors (0.000 secs)
[2019.11.15-00.31.46:215][  4]LogUObjectHash: Compacting FUObjectHashTables data took   1.37ms
[2019.11.15-00.31.46:228][  4]Cmd: MAP CHECKDEP NOCLEARLOG
[2019.11.15-00.31.46:229][  4]MapCheck: Map check complete: 0 Error(s), 0 Warning(s), took 0.074ms to complete.
[2019.11.15-00.31.46:231][  4]LogFileHelpers: Loading map 'Title' took 0.123
[2019.11.15-00.31.50:032][456]LogUObjectHash: Compacting FUObjectHashTables data took   0.92ms
[2019.11.15-00.31.50:065][456]LogSlate: Window 'LastResisters - Unreal Editor' being destroyed
[2019.11.15-00.31.50:068][456]LogWindowsTextInputMethodSystem: Display: IME system now activated using TSF (Microsoft IME).
[2019.11.15-00.31.50:161][457]Cmd: QUIT_EDITOR
[2019.11.15-00.31.50:273][457]LogExit: Preparing to exit.
[2019.11.15-00.31.51:085][457]LogActorComponent: UnregisterComponent: (None.None) Not registered. Aborting.
[2019.11.15-00.31.51:085][457]LogActorComponent: UnregisterComponent: (None.None) Not registered. Aborting.
[2019.11.15-00.31.51:085][457]LogActorComponent: UnregisterComponent: (None.None) Not registered. Aborting.
[2019.11.15-00.31.51:085][457]LogActorComponent: UnregisterComponent: (None.None) Not registered. Aborting.
[2019.11.15-00.31.51:085][457]LogActorComponent: UnregisterComponent: (None.None) Not registered. Aborting.
[2019.11.15-00.31.51:085][457]LogActorComponent: UnregisterComponent: (None.None) Not registered. Aborting.
[2019.11.15-00.31.51:085][457]LogActorComponent: UnregisterComponent: (None.None) Not registered. Aborting.
[2019.11.15-00.31.51:085][457]LogWorld: UWorld::CleanupWorld for None, bSessionEnded=true, bCleanupResources=true
[2019.11.15-00.31.54:217][457]LogWindows: Error: === Critical error: ===
[2019.11.15-00.31.54:217][457]LogWindows: Error: 
[2019.11.15-00.31.54:217][457]LogWindows: Error: Fatal error!
[2019.11.15-00.31.54:217][457]LogWindows: Error: 
[2019.11.15-00.31.54:217][457]LogWindows: Error: Unhandled Exception: 0xc06d007e
[2019.11.15-00.31.54:217][457]LogWindows: Error: 
[2019.11.15-00.31.54:217][457]LogWindows: Error: [Callstack] 0x00007fff8d2ea388 KERNELBASE.dll!UnknownFunction []
[2019.11.15-00.31.54:217][457]LogWindows: Error: [Callstack] 0x00007fff1be33b1a UE4Editor-OculusAvatar.dll!UnknownFunction []
[2019.11.15-00.31.54:217][457]LogWindows: Error: [Callstack] 0x00007fff1be2fd16 UE4Editor-OculusAvatar.dll!UnknownFunction []
[2019.11.15-00.31.54:217][457]LogWindows: Error: [Callstack] 0x00007fff1be18dc3 UE4Editor-OculusAvatar.dll!UnknownFunction []
[2019.11.15-00.31.54:217][457]LogWindows: Error: [Callstack] 0x00007fff468fb7c3 UE4Editor-CoreUObject.dll!UnknownFunction []
[2019.11.15-00.31.54:217][457]LogWindows: Error: [Callstack] 0x00007fff468d6aec UE4Editor-CoreUObject.dll!UnknownFunction []
[2019.11.15-00.31.54:218][457]LogWindows: Error: [Callstack] 0x00007fff468a9bc1 UE4Editor-CoreUObject.dll!UnknownFunction []
[2019.11.15-00.31.54:218][457]LogWindows: Error: [Callstack] 0x00007fff46936c87 UE4Editor-CoreUObject.dll!UnknownFunction []
[2019.11.15-00.31.54:218][457]LogWindows: Error: [Callstack] 0x00007fff46785417 UE4Editor-CoreUObject.dll!UnknownFunction []
[2019.11.15-00.31.54:218][457]LogWindows: Error: [Callstack] 0x00007ff7cde047eb UE4Editor.exe!UnknownFunction []
[2019.11.15-00.31.54:218][457]LogWindows: Error: [Callstack] 0x00007ff7cde04205 UE4Editor.exe!UnknownFunction []
[2019.11.15-00.31.54:218][457]LogWindows: Error: [Callstack] 0x00007ff7cde09bfc UE4Editor.exe!UnknownFunction []
[2019.11.15-00.31.54:218][457]LogWindows: Error: [Callstack] 0x00007ff7cde0a9a2 UE4Editor.exe!UnknownFunction []
[2019.11.15-00.31.54:218][457]LogWindows: Error: [Callstack] 0x00007ff7cde0a9fa UE4Editor.exe!UnknownFunction []
[2019.11.15-00.31.54:218][457]LogWindows: Error: [Callstack] 0x00007ff7cde1b92c UE4Editor.exe!UnknownFunction []
[2019.11.15-00.31.54:218][457]LogWindows: Error: [Callstack] 0x00007ff7cde1e60e UE4Editor.exe!UnknownFunction []
[2019.11.15-00.31.54:218][457]LogWindows: Error: [Callstack] 0x00007fff8e304034 KERNEL32.DLL!UnknownFunction []
[2019.11.15-00.31.54:218][457]LogWindows: Error: [Callstack] 0x00007fff90c63691 ntdll.dll!UnknownFunction []
[2019.11.15-00.31.54:218][457]LogWindows: Error: 
[2019.11.15-00.31.54:342][457]LogExit: Executing StaticShutdownAfterError
[2019.11.15-00.31.54:344][457]LogWindows: FPlatformMisc::RequestExit(1)
[2019.11.15-00.31.54:374][457]Log file closed, 11/15/19 09:31:54
