Log file open, 10/30/19 09:03:14
LogWindows: Failed to load 'aqProf.dll' (GetLastError=126)
LogWindows: File 'aqProf.dll' does not exist
LogWindows: Failed to load 'VtuneApi.dll' (GetLastError=126)
LogWindows: File 'VtuneApi.dll' does not exist
LogWindows: Failed to load 'VtuneApi32e.dll' (GetLastError=126)
LogWindows: File 'VtuneApi32e.dll' does not exist
LogConsoleResponse: Display: Failed to find resolution value strings in scalability ini. Falling back to default.
LogInit: Display: Running engine for game: LastResisters
LogPlatformFile: Not using cached read wrapper
LogTaskGraph: Started task graph with 5 named threads and 23 total threads with 3 sets of task threads.
LogStats: Stats thread started at 0.078562
LogD3D11RHI: Loaded GFSDK_Aftermath_Lib.x64.dll
LogICUInternationalization: ICU TimeZone Detection - Raw Offset: +9:00, Platform Override: ''
LogPluginManager: Mounting plugin Paper2D
LogPluginManager: Mounting plugin AISupport
LogPluginManager: Mounting plugin LightPropagationVolume
LogPluginManager: Mounting plugin ActorLayerUtilities
LogPluginManager: Mounting plugin AnimationSharing
LogPluginManager: Mounting plugin CLionSourceCodeAccess
LogPluginManager: Mounting plugin CodeLiteSourceCodeAccess
LogPluginManager: Mounting plugin GitSourceControl
LogPluginManager: Mounting plugin KDevelopSourceCodeAccess
LogPluginManager: Mounting plugin NullSourceCodeAccess
LogPluginManager: Mounting plugin PerforceSourceControl
LogPluginManager: Mounting plugin SubversionSourceControl
LogPluginManager: Mounting plugin UObjectPlugin
LogPluginManager: Mounting plugin VisualStudioCodeSourceCodeAccess
LogPluginManager: Mounting plugin VisualStudioSourceCodeAccess
LogPluginManager: Mounting plugin XCodeSourceCodeAccess
LogPluginManager: Mounting plugin AssetManagerEditor
LogPluginManager: Mounting plugin CryptoKeys
LogPluginManager: Mounting plugin CurveEditorTools
LogPluginManager: Mounting plugin DataValidation
LogPluginManager: Mounting plugin FacialAnimation
LogPluginManager: Mounting plugin GameplayTagsEditor
LogPluginManager: Mounting plugin MacGraphicsSwitching
LogPluginManager: Mounting plugin MaterialAnalyzer
LogPluginManager: Mounting plugin MobileLauncherProfileWizard
LogPluginManager: Mounting plugin PluginBrowser
LogPluginManager: Mounting plugin SpeedTreeImporter
LogPluginManager: Mounting plugin DatasmithContent
LogPluginManager: Mounting plugin VariantManagerContent
LogPluginManager: Mounting plugin AlembicImporter
LogPluginManager: Mounting plugin AutomationUtils
LogPluginManager: Mounting plugin BackChannel
LogPluginManager: Mounting plugin CharacterAI
LogPluginManager: Mounting plugin GeometryCache
LogPluginManager: Mounting plugin HTML5Networking
LogPluginManager: Mounting plugin PlatformCrypto
LogPluginManager: Mounting plugin ProxyLODPlugin
LogPluginManager: Mounting plugin SkeletalReduction
LogPluginManager: Mounting plugin MagicLeap
LogPluginManager: Mounting plugin MagicLeapMedia
LogPluginManager: Mounting plugin AndroidMedia
LogPluginManager: Mounting plugin AvfMedia
LogPluginManager: Mounting plugin ImgMedia
LogPluginManager: Mounting plugin MediaCompositing
LogPluginManager: Mounting plugin MediaPlayerEditor
LogPluginManager: Mounting plugin WebMMedia
LogPluginManager: Mounting plugin WmfMedia
LogPluginManager: Mounting plugin TcpMessaging
LogPluginManager: Mounting plugin UdpMessaging
LogPluginManager: Mounting plugin ActorSequence
LogPluginManager: Mounting plugin LevelSequenceEditor
LogPluginManager: Mounting plugin MatineeToLevelSequence
LogPluginManager: Mounting plugin NetcodeUnitTest
LogPluginManager: Mounting plugin NUTUnrealEngine4
LogPluginManager: Mounting plugin OnlineSubsystemGooglePlay
LogPluginManager: Mounting plugin OnlineSubsystemIOS
LogPluginManager: Mounting plugin OnlineSubsystem
LogPluginManager: Mounting plugin OnlineSubsystemNull
LogPluginManager: Mounting plugin OnlineSubsystemUtils
LogPluginManager: Mounting plugin LauncherChunkInstaller
LogPluginManager: Mounting plugin AndroidDeviceProfileSelector
LogPluginManager: Mounting plugin AndroidMoviePlayer
LogPluginManager: Mounting plugin AndroidPermission
LogPluginManager: Mounting plugin AppleImageUtils
LogPluginManager: Mounting plugin AppleMoviePlayer
LogPluginManager: Mounting plugin ArchVisCharacter
LogPluginManager: Mounting plugin AudioCapture
LogPluginManager: Mounting plugin CableComponent
LogPluginManager: Mounting plugin CustomMeshComponent
LogPluginManager: Mounting plugin EditableMesh
LogPluginManager: Mounting plugin ExampleDeviceProfileSelector
LogPluginManager: Mounting plugin GoogleCloudMessaging
LogPluginManager: Mounting plugin IOSDeviceProfileSelector
LogPluginManager: Mounting plugin LinuxDeviceProfileSelector
LogPluginManager: Mounting plugin LocationServicesBPLibrary
LogPluginManager: Mounting plugin MobilePatchingUtils
LogPluginManager: Mounting plugin OculusVR
LogPluginManager: Mounting plugin PhysXVehicles
LogPluginManager: Mounting plugin ProceduralMeshComponent
LogPluginManager: Mounting plugin RuntimePhysXCooking
LogPluginManager: Mounting plugin SignificanceManager
LogPluginManager: Mounting plugin SteamVR
LogPluginManager: Mounting plugin WebMMoviePlayer
LogPluginManager: Mounting plugin WindowsMoviePlayer
LogPluginManager: Mounting plugin ScreenshotTools
LogInit: Using libcurl 7.55.1-DEV
LogInit:  - built for x86_64-pc-win32
LogInit:  - supports SSL with OpenSSL/1.1.1
LogInit:  - supports HTTP deflate (compression) using libz 1.2.8
LogInit:  - other features:
LogInit:      CURL_VERSION_SSL
LogInit:      CURL_VERSION_LIBZ
LogInit:      CURL_VERSION_IPV6
LogInit:      CURL_VERSION_ASYNCHDNS
LogInit:      CURL_VERSION_LARGEFILE
LogInit:      CURL_VERSION_IDN
LogInit:  CurlRequestOptions (configurable via config and command line):
LogInit:  - bVerifyPeer = true  - Libcurl will verify peer certificate
LogInit:  - bUseHttpProxy = false  - Libcurl will NOT use HTTP proxy
LogInit:  - bDontReuseConnections = false  - Libcurl will reuse connections
LogInit:  - MaxHostConnections = 16  - Libcurl will limit the number of connections to a host
LogInit:  - LocalHostAddr = Default
LogInit:  - BufferSize = 65536
LogOnline: OSS: Creating online subsystem instance for: NULL
LogInit: WinSock: version 1.1 (2.2), MaxSocks=32767, MaxUdp=65467
LogInit: Build: ++UE4+Release-4.23-CL-8386587
LogInit: Engine Version: 4.23.0-8386587+++UE4+Release-4.23
LogInit: Compatible Engine Version: 4.23.0-8386587+++UE4+Release-4.23
LogInit: Net CL: 8386587
LogInit: OS: Windows 10 (Release 1903) (), CPU: Intel(R) Core(TM) i7-7700HQ CPU @ 2.80GHz, GPU: Intel(R) HD Graphics 630
LogInit: Compiled (64-bit): Aug 31 2019 02:04:44
LogInit: Compiled with Visual C++: 19.16.27030.01
LogInit: Build Configuration: Development
LogInit: Branch Name: ++UE4+Release-4.23
LogInit: Command Line:  -EpicPortal -epicusername=isaacchunn -epicuserid=a7367820a2f2447f94c6f1bdf181b826 -epiclocale=en-US
LogInit: Base Directory: D:/Unreal Engine/UE_4.23/Engine/Binaries/Win64/
LogInit: Installed Engine Build: 1
LogDevObjectVersion: Number of dev versions registered: 23
LogDevObjectVersion:   Dev-Blueprints (B0D832E4-1F89-4F0D-ACCF-7EB736FD4AA2): 10
LogDevObjectVersion:   Dev-Build (E1C64328-A22C-4D53-A36C-8E866417BD8C): 0
LogDevObjectVersion:   Dev-Core (375EC13C-06E4-48FB-B500-84F0262A717E): 3
LogDevObjectVersion:   Dev-Editor (E4B068ED-F494-42E9-A231-DA0B2E46BB41): 34
LogDevObjectVersion:   Dev-Framework (CFFC743F-43B0-4480-9391-14DF171D2073): 35
LogDevObjectVersion:   Dev-Mobile (B02B49B5-BB20-44E9-A304-32B752E40360): 2
LogDevObjectVersion:   Dev-Networking (A4E4105C-59A1-49B5-A7C5-40C4547EDFEE): 0
LogDevObjectVersion:   Dev-Online (39C831C9-5AE6-47DC-9A44-9C173E1C8E7C): 0
LogDevObjectVersion:   Dev-Physics (78F01B33-EBEA-4F98-B9B4-84EACCB95AA2): 0
LogDevObjectVersion:   Dev-Platform (6631380F-2D4D-43E0-8009-CF276956A95A): 0
LogDevObjectVersion:   Dev-Rendering (12F88B9F-8875-4AFC-A67C-D90C383ABD29): 31
LogDevObjectVersion:   Dev-Sequencer (7B5AE74C-D270-4C10-A958-57980B212A5A): 11
LogDevObjectVersion:   Dev-VR (D7296918-1DD6-4BDD-9DE2-64A83CC13884): 2
LogDevObjectVersion:   Dev-LoadTimes (C2A15278-BFE7-4AFE-6C17-90FF531DF755): 1
LogDevObjectVersion:   Private-Geometry (6EACA3D4-40EC-4CC1-B786-8BED09428FC5): 3
LogDevObjectVersion:   Dev-AnimPhys (29E575DD-E0A3-4627-9D10-D276232CDCEA): 17
LogDevObjectVersion:   Dev-Anim (AF43A65D-7FD3-4947-9873-3E8ED9C1BB05): 2
LogDevObjectVersion:   Dev-ReflectionCapture (6B266CEC-1EC7-4B8F-A30B-E4D90942FC07): 1
LogDevObjectVersion:   Dev-Automation (0DF73D61-A23F-47EA-B727-89E90C41499A): 1
LogDevObjectVersion:   FortniteMain (601D1886-AC64-4F84-AA16-D3DE0DEAC7D6): 27
LogDevObjectVersion:   Dev-Enterprise (9DFFBCD6-494F-0158-E221-12823C92A888): 6
LogDevObjectVersion:   Dev-Niagara (F2AED0AC-9AFE-416F-8664-AA7FFA26D6FC): 1
LogDevObjectVersion:   Dev-Destruction (174F1F0B-B4C6-45A5-B13F-2EE8D0FB917D): 9
LogInit: Presizing for max 16777216 objects, including 0 objects not considered by GC, pre-allocating 0 bytes for permanent pool.
LogInit: Object subsystem initialized
LogConfig: Setting CVar [[con.DebugEarlyDefault:1]]
LogConfig: Setting CVar [[r.setres:1280x720]]
[2019.10.30-00.03.15:021][  0]LogConfig: Setting CVar [[r.VSync:0]]
[2019.10.30-00.03.15:021][  0]LogConfig: Setting CVar [[r.RHICmdBypass:0]]
[2019.10.30-00.03.15:021][  0]LogConfig: Applying CVar settings from Section [/Script/Engine.RendererSettings] File [D:/GitHub/LastResisters/LastResisters/Saved/Config/Windows/Engine.ini]
[2019.10.30-00.03.15:021][  0]LogConfig: Setting CVar [[r.GPUCrashDebugging:0]]
[2019.10.30-00.03.15:021][  0]LogConfig: Applying CVar settings from Section [/Script/Engine.RendererOverrideSettings] File [D:/GitHub/LastResisters/LastResisters/Saved/Config/Windows/Engine.ini]
[2019.10.30-00.03.15:021][  0]LogConfig: Applying CVar settings from Section [/Script/Engine.StreamingSettings] File [D:/GitHub/LastResisters/LastResisters/Saved/Config/Windows/Engine.ini]
[2019.10.30-00.03.15:021][  0]LogConfig: Setting CVar [[s.MinBulkDataSizeForAsyncLoading:131072]]
[2019.10.30-00.03.15:021][  0]LogConfig: Setting CVar [[s.AsyncLoadingThreadEnabled:0]]
[2019.10.30-00.03.15:021][  0]LogConfig: Setting CVar [[s.EventDrivenLoaderEnabled:1]]
[2019.10.30-00.03.15:021][  0]LogConfig: Setting CVar [[s.WarnIfTimeLimitExceeded:0]]
[2019.10.30-00.03.15:021][  0]LogConfig: Setting CVar [[s.TimeLimitExceededMultiplier:1.5]]
[2019.10.30-00.03.15:021][  0]LogConfig: Setting CVar [[s.TimeLimitExceededMinTime:0.005]]
[2019.10.30-00.03.15:021][  0]LogConfig: Setting CVar [[s.UseBackgroundLevelStreaming:1]]
[2019.10.30-00.03.15:021][  0]LogConfig: Setting CVar [[s.PriorityAsyncLoadingExtraTime:15.0]]
[2019.10.30-00.03.15:021][  0]LogConfig: Setting CVar [[s.LevelStreamingActorsUpdateTimeLimit:5.0]]
[2019.10.30-00.03.15:021][  0]LogConfig: Setting CVar [[s.PriorityLevelStreamingActorsUpdateExtraTime:5.0]]
[2019.10.30-00.03.15:021][  0]LogConfig: Setting CVar [[s.LevelStreamingComponentsRegistrationGranularity:10]]
[2019.10.30-00.03.15:021][  0]LogConfig: Setting CVar [[s.UnregisterComponentsTimeLimit:1.0]]
[2019.10.30-00.03.15:021][  0]LogConfig: Setting CVar [[s.LevelStreamingComponentsUnregistrationGranularity:5]]
[2019.10.30-00.03.15:021][  0]LogConfig: Applying CVar settings from Section [/Script/Engine.GarbageCollectionSettings] File [D:/GitHub/LastResisters/LastResisters/Saved/Config/Windows/Engine.ini]
[2019.10.30-00.03.15:021][  0]LogConfig: Setting CVar [[gc.MaxObjectsNotConsideredByGC:1]]
[2019.10.30-00.03.15:021][  0]LogConfig: Setting CVar [[gc.SizeOfPermanentObjectPool:0]]
[2019.10.30-00.03.15:021][  0]LogConfig: Setting CVar [[gc.FlushStreamingOnGC:0]]
[2019.10.30-00.03.15:021][  0]LogConfig: Setting CVar [[gc.NumRetriesBeforeForcingGC:10]]
[2019.10.30-00.03.15:021][  0]LogConfig: Setting CVar [[gc.AllowParallelGC:1]]
[2019.10.30-00.03.15:021][  0]LogConfig: Setting CVar [[gc.TimeBetweenPurgingPendingKillObjects:61.1]]
[2019.10.30-00.03.15:021][  0]LogConfig: Setting CVar [[gc.MaxObjectsInEditor:16777216]]
[2019.10.30-00.03.15:021][  0]LogConfig: Setting CVar [[gc.IncrementalBeginDestroyEnabled:1]]
[2019.10.30-00.03.15:022][  0]LogConfig: Setting CVar [[gc.CreateGCClusters:1]]
[2019.10.30-00.03.15:022][  0]LogConfig: Setting CVar [[gc.MinGCClusterSize:5]]
[2019.10.30-00.03.15:022][  0]LogConfig: Setting CVar [[gc.ActorClusteringEnabled:0]]
[2019.10.30-00.03.15:022][  0]LogConfig: Setting CVar [[gc.BlueprintClusteringEnabled:0]]
[2019.10.30-00.03.15:022][  0]LogConfig: Setting CVar [[gc.UseDisregardForGCOnDedicatedServers:0]]
[2019.10.30-00.03.15:022][  0]LogConfig: Applying CVar settings from Section [/Script/Engine.NetworkSettings] File [D:/GitHub/LastResisters/LastResisters/Saved/Config/Windows/Engine.ini]
[2019.10.30-00.03.15:022][  0]LogConfig: Applying CVar settings from Section [/Script/UnrealEd.CookerSettings] File [D:/GitHub/LastResisters/LastResisters/Saved/Config/Windows/Engine.ini]
[2019.10.30-00.03.15:028][  0]LogConfig: Applying CVar settings from Section [ViewDistanceQuality@3] File [D:/GitHub/LastResisters/LastResisters/Saved/Config/Windows/Scalability.ini]
[2019.10.30-00.03.15:028][  0]LogConfig: Setting CVar [[r.SkeletalMeshLODBias:0]]
[2019.10.30-00.03.15:028][  0]LogConfig: Setting CVar [[r.ViewDistanceScale:1.0]]
[2019.10.30-00.03.15:028][  0]LogConfig: Applying CVar settings from Section [AntiAliasingQuality@3] File [D:/GitHub/LastResisters/LastResisters/Saved/Config/Windows/Scalability.ini]
[2019.10.30-00.03.15:028][  0]LogConfig: Setting CVar [[r.PostProcessAAQuality:4]]
[2019.10.30-00.03.15:028][  0]LogConfig: Applying CVar settings from Section [ShadowQuality@3] File [D:/GitHub/LastResisters/LastResisters/Saved/Config/Windows/Scalability.ini]
[2019.10.30-00.03.15:028][  0]LogConfig: Setting CVar [[r.LightFunctionQuality:1]]
[2019.10.30-00.03.15:028][  0]LogConfig: Setting CVar [[r.ShadowQuality:5]]
[2019.10.30-00.03.15:028][  0]LogConfig: Setting CVar [[r.Shadow.CSM.MaxCascades:10]]
[2019.10.30-00.03.15:028][  0]LogConfig: Setting CVar [[r.Shadow.MaxResolution:2048]]
[2019.10.30-00.03.15:028][  0]LogConfig: Setting CVar [[r.Shadow.MaxCSMResolution:2048]]
[2019.10.30-00.03.15:028][  0]LogConfig: Setting CVar [[r.Shadow.RadiusThreshold:0.01]]
[2019.10.30-00.03.15:028][  0]LogConfig: Setting CVar [[r.Shadow.DistanceScale:1.0]]
[2019.10.30-00.03.15:028][  0]LogConfig: Setting CVar [[r.Shadow.CSM.TransitionScale:1.0]]
[2019.10.30-00.03.15:028][  0]LogConfig: Setting CVar [[r.Shadow.PreShadowResolutionFactor:1.0]]
[2019.10.30-00.03.15:028][  0]LogConfig: Setting CVar [[r.DistanceFieldShadowing:1]]
[2019.10.30-00.03.15:028][  0]LogConfig: Setting CVar [[r.DistanceFieldAO:1]]
[2019.10.30-00.03.15:028][  0]LogConfig: Setting CVar [[r.AOQuality:2]]
[2019.10.30-00.03.15:028][  0]LogConfig: Setting CVar [[r.VolumetricFog:1]]
[2019.10.30-00.03.15:028][  0]LogConfig: Setting CVar [[r.VolumetricFog.GridPixelSize:8]]
[2019.10.30-00.03.15:028][  0]LogConfig: Setting CVar [[r.VolumetricFog.GridSizeZ:128]]
[2019.10.30-00.03.15:028][  0]LogConfig: Setting CVar [[r.VolumetricFog.HistoryMissSupersampleCount:4]]
[2019.10.30-00.03.15:028][  0]LogConfig: Setting CVar [[r.LightMaxDrawDistanceScale:1]]
[2019.10.30-00.03.15:028][  0]LogConfig: Setting CVar [[r.CapsuleShadows:1]]
[2019.10.30-00.03.15:028][  0]LogConfig: Applying CVar settings from Section [PostProcessQuality@3] File [D:/GitHub/LastResisters/LastResisters/Saved/Config/Windows/Scalability.ini]
[2019.10.30-00.03.15:028][  0]LogConfig: Setting CVar [[r.MotionBlurQuality:4]]
[2019.10.30-00.03.15:028][  0]LogConfig: Setting CVar [[r.AmbientOcclusionMipLevelFactor:0.4]]
[2019.10.30-00.03.15:028][  0]LogConfig: Setting CVar [[r.AmbientOcclusionMaxQuality:100]]
[2019.10.30-00.03.15:028][  0]LogConfig: Setting CVar [[r.AmbientOcclusionLevels:-1]]
[2019.10.30-00.03.15:028][  0]LogConfig: Setting CVar [[r.AmbientOcclusionRadiusScale:1.0]]
[2019.10.30-00.03.15:028][  0]LogConfig: Setting CVar [[r.DepthOfFieldQuality:2]]
[2019.10.30-00.03.15:028][  0]LogConfig: Setting CVar [[r.RenderTargetPoolMin:400]]
[2019.10.30-00.03.15:028][  0]LogConfig: Setting CVar [[r.LensFlareQuality:2]]
[2019.10.30-00.03.15:028][  0]LogConfig: Setting CVar [[r.SceneColorFringeQuality:1]]
[2019.10.30-00.03.15:029][  0]LogConfig: Setting CVar [[r.EyeAdaptationQuality:2]]
[2019.10.30-00.03.15:029][  0]LogConfig: Setting CVar [[r.BloomQuality:5]]
[2019.10.30-00.03.15:029][  0]LogConfig: Setting CVar [[r.FastBlurThreshold:100]]
[2019.10.30-00.03.15:029][  0]LogConfig: Setting CVar [[r.Upscale.Quality:3]]
[2019.10.30-00.03.15:029][  0]LogConfig: Setting CVar [[r.Tonemapper.GrainQuantization:1]]
[2019.10.30-00.03.15:029][  0]LogConfig: Setting CVar [[r.LightShaftQuality:1]]
[2019.10.30-00.03.15:029][  0]LogConfig: Setting CVar [[r.Filter.SizeScale:1]]
[2019.10.30-00.03.15:029][  0]LogConfig: Setting CVar [[r.Tonemapper.Quality:5]]
[2019.10.30-00.03.15:029][  0]LogConfig: Setting CVar [[r.DOF.Gather.AccumulatorQuality:1        ; higher gathering accumulator quality]]
[2019.10.30-00.03.15:029][  0]LogConfig: Setting CVar [[r.DOF.Gather.PostfilterMethod:1          ; Median3x3 postfilering method]]
[2019.10.30-00.03.15:029][  0]LogConfig: Setting CVar [[r.DOF.Gather.EnableBokehSettings:0       ; no bokeh simulation when gathering]]
[2019.10.30-00.03.15:029][  0]LogConfig: Setting CVar [[r.DOF.Gather.RingCount:4                 ; medium number of samples when gathering]]
[2019.10.30-00.03.15:029][  0]LogConfig: Setting CVar [[r.DOF.Scatter.ForegroundCompositing:1    ; additive foreground scattering]]
[2019.10.30-00.03.15:029][  0]LogConfig: Setting CVar [[r.DOF.Scatter.BackgroundCompositing:2    ; additive background scattering]]
[2019.10.30-00.03.15:029][  0]LogConfig: Setting CVar [[r.DOF.Scatter.EnableBokehSettings:1      ; bokeh simulation when scattering]]
[2019.10.30-00.03.15:029][  0]LogConfig: Setting CVar [[r.DOF.Scatter.MaxSpriteRatio:0.1         ; only a maximum of 10% of scattered bokeh]]
[2019.10.30-00.03.15:029][  0]LogConfig: Setting CVar [[r.DOF.Recombine.Quality:1                ; cheap slight out of focus]]
[2019.10.30-00.03.15:029][  0]LogConfig: Setting CVar [[r.DOF.Recombine.EnableBokehSettings:0    ; no bokeh simulation on slight out of focus]]
[2019.10.30-00.03.15:029][  0]LogConfig: Setting CVar [[r.DOF.TemporalAAQuality:1                ; more stable temporal accumulation]]
[2019.10.30-00.03.15:029][  0]LogConfig: Setting CVar [[r.DOF.Kernel.MaxForegroundRadius:0.025]]
[2019.10.30-00.03.15:029][  0]LogConfig: Setting CVar [[r.DOF.Kernel.MaxBackgroundRadius:0.025]]
[2019.10.30-00.03.15:029][  0]LogConfig: Applying CVar settings from Section [TextureQuality@3] File [D:/GitHub/LastResisters/LastResisters/Saved/Config/Windows/Scalability.ini]
[2019.10.30-00.03.15:029][  0]LogConfig: Setting CVar [[r.Streaming.MipBias:0]]
[2019.10.30-00.03.15:029][  0]LogConfig: Setting CVar [[r.Streaming.AmortizeCPUToGPUCopy:0]]
[2019.10.30-00.03.15:029][  0]LogConfig: Setting CVar [[r.Streaming.MaxNumTexturesToStreamPerFrame:0]]
[2019.10.30-00.03.15:029][  0]LogConfig: Setting CVar [[r.Streaming.Boost:1]]
[2019.10.30-00.03.15:029][  0]LogConfig: Setting CVar [[r.MaxAnisotropy:8]]
[2019.10.30-00.03.15:029][  0]LogConfig: Setting CVar [[r.Streaming.LimitPoolSizeToVRAM:0]]
[2019.10.30-00.03.15:029][  0]LogConfig: Setting CVar [[r.Streaming.PoolSize:1000]]
[2019.10.30-00.03.15:029][  0]LogConfig: Setting CVar [[r.Streaming.MaxEffectiveScreenSize:0]]
[2019.10.30-00.03.15:029][  0]LogConfig: Applying CVar settings from Section [EffectsQuality@3] File [D:/GitHub/LastResisters/LastResisters/Saved/Config/Windows/Scalability.ini]
[2019.10.30-00.03.15:029][  0]LogConfig: Setting CVar [[r.TranslucencyLightingVolumeDim:64]]
[2019.10.30-00.03.15:029][  0]LogConfig: Setting CVar [[r.RefractionQuality:2]]
[2019.10.30-00.03.15:029][  0]LogConfig: Setting CVar [[r.SSR.Quality:3]]
[2019.10.30-00.03.15:029][  0]LogConfig: Setting CVar [[r.SceneColorFormat:4]]
[2019.10.30-00.03.15:029][  0]LogConfig: Setting CVar [[r.DetailMode:2]]
[2019.10.30-00.03.15:029][  0]LogConfig: Setting CVar [[r.TranslucencyVolumeBlur:1]]
[2019.10.30-00.03.15:029][  0]LogConfig: Setting CVar [[r.MaterialQualityLevel:1 ; High quality]]
[2019.10.30-00.03.15:029][  0]LogConfig: Setting CVar [[r.SSS.Scale:1]]
[2019.10.30-00.03.15:029][  0]LogConfig: Setting CVar [[r.SSS.SampleSet:2]]
[2019.10.30-00.03.15:029][  0]LogConfig: Setting CVar [[r.SSS.Quality:1]]
[2019.10.30-00.03.15:029][  0]LogConfig: Setting CVar [[r.SSS.HalfRes:1]]
[2019.10.30-00.03.15:029][  0]LogConfig: Setting CVar [[r.EmitterSpawnRateScale:1.0]]
[2019.10.30-00.03.15:029][  0]LogConfig: Setting CVar [[r.ParticleLightQuality:2]]
[2019.10.30-00.03.15:029][  0]LogConfig: Applying CVar settings from Section [FoliageQuality@3] File [D:/GitHub/LastResisters/LastResisters/Saved/Config/Windows/Scalability.ini]
[2019.10.30-00.03.15:029][  0]LogConfig: Setting CVar [[foliage.DensityScale:1.0]]
[2019.10.30-00.03.15:029][  0]LogConfig: Setting CVar [[grass.DensityScale:1.0]]
[2019.10.30-00.03.15:029][  0]LogInit: Selected Device Profile: [Windows]
[2019.10.30-00.03.15:029][  0]LogInit: Applying CVar settings loaded from the selected device profile: [Windows]
[2019.10.30-00.03.15:033][  0]LogHAL: Display: Platform has ~ 16 GB [17055166464 / 17179869184 / 16], which maps to Larger [LargestMinGB=32, LargerMinGB=12, DefaultMinGB=8, SmallerMinGB=6, SmallestMinGB=0)
[2019.10.30-00.03.15:033][  0]LogInit: Going up to parent DeviceProfile []
[2019.10.30-00.03.15:033][  0]LogConfig: Applying CVar settings from Section [ViewDistanceQuality@3] File [D:/GitHub/LastResisters/LastResisters/Saved/Config/Windows/Scalability.ini]
[2019.10.30-00.03.15:033][  0]LogConfig: Setting CVar [[r.SkeletalMeshLODBias:0]]
[2019.10.30-00.03.15:033][  0]LogConfig: Setting CVar [[r.ViewDistanceScale:1.0]]
[2019.10.30-00.03.15:033][  0]LogConfig: Applying CVar settings from Section [AntiAliasingQuality@3] File [D:/GitHub/LastResisters/LastResisters/Saved/Config/Windows/Scalability.ini]
[2019.10.30-00.03.15:033][  0]LogConfig: Setting CVar [[r.PostProcessAAQuality:4]]
[2019.10.30-00.03.15:033][  0]LogConfig: Applying CVar settings from Section [ShadowQuality@3] File [D:/GitHub/LastResisters/LastResisters/Saved/Config/Windows/Scalability.ini]
[2019.10.30-00.03.15:033][  0]LogConfig: Setting CVar [[r.LightFunctionQuality:1]]
[2019.10.30-00.03.15:033][  0]LogConfig: Setting CVar [[r.ShadowQuality:5]]
[2019.10.30-00.03.15:033][  0]LogConfig: Setting CVar [[r.Shadow.CSM.MaxCascades:10]]
[2019.10.30-00.03.15:033][  0]LogConfig: Setting CVar [[r.Shadow.MaxResolution:2048]]
[2019.10.30-00.03.15:033][  0]LogConfig: Setting CVar [[r.Shadow.MaxCSMResolution:2048]]
[2019.10.30-00.03.15:033][  0]LogConfig: Setting CVar [[r.Shadow.RadiusThreshold:0.01]]
[2019.10.30-00.03.15:033][  0]LogConfig: Setting CVar [[r.Shadow.DistanceScale:1.0]]
[2019.10.30-00.03.15:033][  0]LogConfig: Setting CVar [[r.Shadow.CSM.TransitionScale:1.0]]
[2019.10.30-00.03.15:033][  0]LogConfig: Setting CVar [[r.Shadow.PreShadowResolutionFactor:1.0]]
[2019.10.30-00.03.15:033][  0]LogConfig: Setting CVar [[r.DistanceFieldShadowing:1]]
[2019.10.30-00.03.15:033][  0]LogConfig: Setting CVar [[r.DistanceFieldAO:1]]
[2019.10.30-00.03.15:033][  0]LogConfig: Setting CVar [[r.AOQuality:2]]
[2019.10.30-00.03.15:033][  0]LogConfig: Setting CVar [[r.VolumetricFog:1]]
[2019.10.30-00.03.15:033][  0]LogConfig: Setting CVar [[r.VolumetricFog.GridPixelSize:8]]
[2019.10.30-00.03.15:034][  0]LogConfig: Setting CVar [[r.VolumetricFog.GridSizeZ:128]]
[2019.10.30-00.03.15:034][  0]LogConfig: Setting CVar [[r.VolumetricFog.HistoryMissSupersampleCount:4]]
[2019.10.30-00.03.15:034][  0]LogConfig: Setting CVar [[r.LightMaxDrawDistanceScale:1]]
[2019.10.30-00.03.15:034][  0]LogConfig: Setting CVar [[r.CapsuleShadows:1]]
[2019.10.30-00.03.15:034][  0]LogConfig: Applying CVar settings from Section [PostProcessQuality@3] File [D:/GitHub/LastResisters/LastResisters/Saved/Config/Windows/Scalability.ini]
[2019.10.30-00.03.15:034][  0]LogConfig: Setting CVar [[r.MotionBlurQuality:4]]
[2019.10.30-00.03.15:034][  0]LogConfig: Setting CVar [[r.AmbientOcclusionMipLevelFactor:0.4]]
[2019.10.30-00.03.15:034][  0]LogConfig: Setting CVar [[r.AmbientOcclusionMaxQuality:100]]
[2019.10.30-00.03.15:034][  0]LogConfig: Setting CVar [[r.AmbientOcclusionLevels:-1]]
[2019.10.30-00.03.15:034][  0]LogConfig: Setting CVar [[r.AmbientOcclusionRadiusScale:1.0]]
[2019.10.30-00.03.15:034][  0]LogConfig: Setting CVar [[r.DepthOfFieldQuality:2]]
[2019.10.30-00.03.15:034][  0]LogConfig: Setting CVar [[r.RenderTargetPoolMin:400]]
[2019.10.30-00.03.15:034][  0]LogConfig: Setting CVar [[r.LensFlareQuality:2]]
[2019.10.30-00.03.15:034][  0]LogConfig: Setting CVar [[r.SceneColorFringeQuality:1]]
[2019.10.30-00.03.15:034][  0]LogConfig: Setting CVar [[r.EyeAdaptationQuality:2]]
[2019.10.30-00.03.15:034][  0]LogConfig: Setting CVar [[r.BloomQuality:5]]
[2019.10.30-00.03.15:034][  0]LogConfig: Setting CVar [[r.FastBlurThreshold:100]]
[2019.10.30-00.03.15:034][  0]LogConfig: Setting CVar [[r.Upscale.Quality:3]]
[2019.10.30-00.03.15:034][  0]LogConfig: Setting CVar [[r.Tonemapper.GrainQuantization:1]]
[2019.10.30-00.03.15:034][  0]LogConfig: Setting CVar [[r.LightShaftQuality:1]]
[2019.10.30-00.03.15:034][  0]LogConfig: Setting CVar [[r.Filter.SizeScale:1]]
[2019.10.30-00.03.15:034][  0]LogConfig: Setting CVar [[r.Tonemapper.Quality:5]]
[2019.10.30-00.03.15:034][  0]LogConfig: Setting CVar [[r.DOF.Gather.AccumulatorQuality:1        ; higher gathering accumulator quality]]
[2019.10.30-00.03.15:034][  0]LogConfig: Setting CVar [[r.DOF.Gather.PostfilterMethod:1          ; Median3x3 postfilering method]]
[2019.10.30-00.03.15:034][  0]LogConfig: Setting CVar [[r.DOF.Gather.EnableBokehSettings:0       ; no bokeh simulation when gathering]]
[2019.10.30-00.03.15:034][  0]LogConfig: Setting CVar [[r.DOF.Gather.RingCount:4                 ; medium number of samples when gathering]]
[2019.10.30-00.03.15:034][  0]LogConfig: Setting CVar [[r.DOF.Scatter.ForegroundCompositing:1    ; additive foreground scattering]]
[2019.10.30-00.03.15:034][  0]LogConfig: Setting CVar [[r.DOF.Scatter.BackgroundCompositing:2    ; additive background scattering]]
[2019.10.30-00.03.15:034][  0]LogConfig: Setting CVar [[r.DOF.Scatter.EnableBokehSettings:1      ; bokeh simulation when scattering]]
[2019.10.30-00.03.15:034][  0]LogConfig: Setting CVar [[r.DOF.Scatter.MaxSpriteRatio:0.1         ; only a maximum of 10% of scattered bokeh]]
[2019.10.30-00.03.15:034][  0]LogConfig: Setting CVar [[r.DOF.Recombine.Quality:1                ; cheap slight out of focus]]
[2019.10.30-00.03.15:034][  0]LogConfig: Setting CVar [[r.DOF.Recombine.EnableBokehSettings:0    ; no bokeh simulation on slight out of focus]]
[2019.10.30-00.03.15:034][  0]LogConfig: Setting CVar [[r.DOF.TemporalAAQuality:1                ; more stable temporal accumulation]]
[2019.10.30-00.03.15:034][  0]LogConfig: Setting CVar [[r.DOF.Kernel.MaxForegroundRadius:0.025]]
[2019.10.30-00.03.15:034][  0]LogConfig: Setting CVar [[r.DOF.Kernel.MaxBackgroundRadius:0.025]]
[2019.10.30-00.03.15:034][  0]LogConfig: Applying CVar settings from Section [TextureQuality@3] File [D:/GitHub/LastResisters/LastResisters/Saved/Config/Windows/Scalability.ini]
[2019.10.30-00.03.15:034][  0]LogConfig: Setting CVar [[r.Streaming.MipBias:0]]
[2019.10.30-00.03.15:034][  0]LogConfig: Setting CVar [[r.Streaming.AmortizeCPUToGPUCopy:0]]
[2019.10.30-00.03.15:034][  0]LogConfig: Setting CVar [[r.Streaming.MaxNumTexturesToStreamPerFrame:0]]
[2019.10.30-00.03.15:034][  0]LogConfig: Setting CVar [[r.Streaming.Boost:1]]
[2019.10.30-00.03.15:034][  0]LogConfig: Setting CVar [[r.MaxAnisotropy:8]]
[2019.10.30-00.03.15:034][  0]LogConfig: Setting CVar [[r.Streaming.LimitPoolSizeToVRAM:0]]
[2019.10.30-00.03.15:034][  0]LogConfig: Setting CVar [[r.Streaming.PoolSize:1000]]
[2019.10.30-00.03.15:034][  0]LogConfig: Setting CVar [[r.Streaming.MaxEffectiveScreenSize:0]]
[2019.10.30-00.03.15:034][  0]LogConfig: Applying CVar settings from Section [EffectsQuality@3] File [D:/GitHub/LastResisters/LastResisters/Saved/Config/Windows/Scalability.ini]
[2019.10.30-00.03.15:034][  0]LogConfig: Setting CVar [[r.TranslucencyLightingVolumeDim:64]]
[2019.10.30-00.03.15:034][  0]LogConfig: Setting CVar [[r.RefractionQuality:2]]
[2019.10.30-00.03.15:034][  0]LogConfig: Setting CVar [[r.SSR.Quality:3]]
[2019.10.30-00.03.15:034][  0]LogConfig: Setting CVar [[r.SceneColorFormat:4]]
[2019.10.30-00.03.15:034][  0]LogConfig: Setting CVar [[r.DetailMode:2]]
[2019.10.30-00.03.15:034][  0]LogConfig: Setting CVar [[r.TranslucencyVolumeBlur:1]]
[2019.10.30-00.03.15:034][  0]LogConfig: Setting CVar [[r.MaterialQualityLevel:1 ; High quality]]
[2019.10.30-00.03.15:034][  0]LogConfig: Setting CVar [[r.SSS.Scale:1]]
[2019.10.30-00.03.15:035][  0]LogConfig: Setting CVar [[r.SSS.SampleSet:2]]
[2019.10.30-00.03.15:035][  0]LogConfig: Setting CVar [[r.SSS.Quality:1]]
[2019.10.30-00.03.15:035][  0]LogConfig: Setting CVar [[r.SSS.HalfRes:1]]
[2019.10.30-00.03.15:035][  0]LogConfig: Setting CVar [[r.EmitterSpawnRateScale:1.0]]
[2019.10.30-00.03.15:035][  0]LogConfig: Setting CVar [[r.ParticleLightQuality:2]]
[2019.10.30-00.03.15:035][  0]LogConfig: Applying CVar settings from Section [FoliageQuality@3] File [D:/GitHub/LastResisters/LastResisters/Saved/Config/Windows/Scalability.ini]
[2019.10.30-00.03.15:035][  0]LogConfig: Setting CVar [[foliage.DensityScale:1.0]]
[2019.10.30-00.03.15:035][  0]LogConfig: Setting CVar [[grass.DensityScale:1.0]]
[2019.10.30-00.03.15:035][  0]LogConfig: Applying CVar settings from Section [Startup] File [../../../Engine/Config/ConsoleVariables.ini]
[2019.10.30-00.03.15:035][  0]LogConfig: Setting CVar [[net.UseAdaptiveNetUpdateFrequency:0]]
[2019.10.30-00.03.15:035][  0]LogConfig: Setting CVar [[p.chaos.AllowCreatePhysxBodies:1]]
[2019.10.30-00.03.15:035][  0]LogConfig: Applying CVar settings from Section [ConsoleVariables] File [D:/GitHub/LastResisters/LastResisters/Saved/Config/Windows/Engine.ini]
[2019.10.30-00.03.15:035][  0]LogInit: Computer: PFT-17004523
[2019.10.30-00.03.15:035][  0]LogInit: User: 17004523
[2019.10.30-00.03.15:035][  0]LogInit: CPU Page size=4096, Cores=4
[2019.10.30-00.03.15:035][  0]LogInit: High frequency timer resolution =10.000000 MHz
[2019.10.30-00.03.15:035][  0]LogMemory: Memory total: Physical=15.9GB (16GB approx)
[2019.10.30-00.03.15:035][  0]LogMemory: Platform Memory Stats for Windows
[2019.10.30-00.03.15:035][  0]LogMemory: Process Physical Memory: 101.34 MB used, 101.35 MB peak
[2019.10.30-00.03.15:035][  0]LogMemory: Process Virtual Memory: 89.25 MB used, 89.25 MB peak
[2019.10.30-00.03.15:035][  0]LogMemory: Physical Memory: 9889.03 MB used,  6376.04 MB free, 16265.07 MB total
[2019.10.30-00.03.15:035][  0]LogMemory: Virtual Memory: 4656.90 MB used,  134213072.00 MB free, 134217728.00 MB total
[2019.10.30-00.03.15:041][  0]LogWindows: WindowsPlatformFeatures enabled
[2019.10.30-00.03.15:066][  0]LogInit: Using OS detected language (en-US).
[2019.10.30-00.03.15:066][  0]LogInit: Using OS detected locale (en-SG).
[2019.10.30-00.03.15:067][  0]LogTextLocalizationManager: No specific localization for 'en-US' exists, so the 'en' localization will be used.
[2019.10.30-00.03.15:256][  0]LogInit: Setting process to per monitor DPI aware
[2019.10.30-00.03.15:303][  0]LogSlate: New Slate User Created.  User Index 0, Is Virtual User: 0
[2019.10.30-00.03.15:304][  0]LogSlate: Slate User Registered.  User Index 0, Is Virtual User: 0
[2019.10.30-00.03.15:576][  0]LogHMD: Failed to initialize OpenVR with code 110
[2019.10.30-00.03.15:577][  0]LogD3D11RHI: D3D11 adapters:
[2019.10.30-00.03.15:664][  0]LogD3D11RHI:    0. 'NVIDIA GeForce GTX 1050' (Feature Level 11_0)
[2019.10.30-00.03.15:665][  0]LogD3D11RHI:       4021/0/8132 MB DedicatedVideo/DedicatedSystem/SharedSystem, Outputs:2, VendorId:0x10de
[2019.10.30-00.03.15:674][  0]LogD3D11RHI:    1. 'Intel(R) HD Graphics 630' (Feature Level 11_0)
[2019.10.30-00.03.15:674][  0]LogD3D11RHI:       128/0/8132 MB DedicatedVideo/DedicatedSystem/SharedSystem, Outputs:0, VendorId:0x8086
[2019.10.30-00.03.15:677][  0]LogD3D11RHI:    2. 'Microsoft Basic Render Driver' (Feature Level 11_0)
[2019.10.30-00.03.15:677][  0]LogD3D11RHI:       0/0/8132 MB DedicatedVideo/DedicatedSystem/SharedSystem, Outputs:0, VendorId:0x1414
[2019.10.30-00.03.15:677][  0]LogD3D11RHI: Chosen D3D11 Adapter: 0
[2019.10.30-00.03.15:717][  0]LogD3D11RHI: Creating new Direct3DDevice
[2019.10.30-00.03.15:717][  0]LogD3D11RHI:     GPU DeviceId: 0x1c8d (for the marketing name, search the web for "GPU Device Id")
[2019.10.30-00.03.15:718][  0]LogWindows: EnumDisplayDevices:
[2019.10.30-00.03.15:718][  0]LogWindows:    0. 'Intel(R) HD Graphics 630' (P:1 D:1)
[2019.10.30-00.03.15:718][  0]LogWindows:    1. 'Intel(R) HD Graphics 630' (P:0 D:1)
[2019.10.30-00.03.15:719][  0]LogWindows:    2. 'Intel(R) HD Graphics 630' (P:0 D:0)
[2019.10.30-00.03.15:719][  0]LogWindows: DebugString: PrimaryIsNotTheChoosenAdapter PrimaryIsNotTheChoosenAdapter PrimaryIsNotTheChoosenAdapter FoundDriverCount:0 
[2019.10.30-00.03.15:719][  0]LogD3D11RHI:     Adapter Name: NVIDIA GeForce GTX 1050
[2019.10.30-00.03.15:719][  0]LogD3D11RHI:   Driver Version: Unknown (internal:Unknown, unified:Unknown)
[2019.10.30-00.03.15:719][  0]LogD3D11RHI:      Driver Date: Unknown
[2019.10.30-00.03.15:719][  0]LogRHI: Texture pool is 2814 MB (70% of 4021 MB)
[2019.10.30-00.03.15:773][  0]LogD3D11RHI: Async texture creation enabled
[2019.10.30-00.03.15:802][  0]LogD3D11RHI: GPU Timing Frequency: 1000.000000 (Debug: 2 1)
[2019.10.30-00.03.16:463][  0]LogTemp: Display: Module 'AllDesktopTargetPlatform' loaded TargetPlatform 'AllDesktop'
[2019.10.30-00.03.16:471][  0]LogTemp: Display: Module 'MacClientTargetPlatform' loaded TargetPlatform 'MacClient'
[2019.10.30-00.03.16:479][  0]LogTemp: Display: Module 'MacNoEditorTargetPlatform' loaded TargetPlatform 'MacNoEditor'
[2019.10.30-00.03.16:487][  0]LogTemp: Display: Module 'MacServerTargetPlatform' loaded TargetPlatform 'MacServer'
[2019.10.30-00.03.16:495][  0]LogTemp: Display: Module 'MacTargetPlatform' loaded TargetPlatform 'Mac'
[2019.10.30-00.03.16:503][  0]LogTemp: Display: Module 'WindowsClientTargetPlatform' loaded TargetPlatform 'WindowsClient'
[2019.10.30-00.03.16:511][  0]LogTemp: Display: Module 'WindowsNoEditorTargetPlatform' loaded TargetPlatform 'WindowsNoEditor'
[2019.10.30-00.03.16:519][  0]LogTemp: Display: Module 'WindowsServerTargetPlatform' loaded TargetPlatform 'WindowsServer'
[2019.10.30-00.03.16:522][  0]LogTemp: Display: Module 'WindowsTargetPlatform' loaded TargetPlatform 'Windows'
[2019.10.30-00.03.16:554][  0]LogTemp: Display: Module 'AndroidTargetPlatform' loaded TargetPlatform 'Android'
[2019.10.30-00.03.16:554][  0]LogTemp: Display: Module 'AndroidTargetPlatform' loaded TargetPlatform 'Android_ASTC'
[2019.10.30-00.03.16:554][  0]LogTemp: Display: Module 'AndroidTargetPlatform' loaded TargetPlatform 'Android_ATC'
[2019.10.30-00.03.16:554][  0]LogTemp: Display: Module 'AndroidTargetPlatform' loaded TargetPlatform 'Android_DXT'
[2019.10.30-00.03.16:554][  0]LogTemp: Display: Module 'AndroidTargetPlatform' loaded TargetPlatform 'Android_ETC1'
[2019.10.30-00.03.16:554][  0]LogTemp: Display: Module 'AndroidTargetPlatform' loaded TargetPlatform 'Android_ETC1a'
[2019.10.30-00.03.16:554][  0]LogTemp: Display: Module 'AndroidTargetPlatform' loaded TargetPlatform 'Android_ETC2'
[2019.10.30-00.03.16:554][  0]LogTemp: Display: Module 'AndroidTargetPlatform' loaded TargetPlatform 'Android_PVRTC'
[2019.10.30-00.03.16:554][  0]LogTemp: Display: Module 'AndroidTargetPlatform' loaded TargetPlatform 'AndroidClient'
[2019.10.30-00.03.16:554][  0]LogTemp: Display: Module 'AndroidTargetPlatform' loaded TargetPlatform 'Android_ASTCClient'
[2019.10.30-00.03.16:554][  0]LogTemp: Display: Module 'AndroidTargetPlatform' loaded TargetPlatform 'Android_ATCClient'
[2019.10.30-00.03.16:554][  0]LogTemp: Display: Module 'AndroidTargetPlatform' loaded TargetPlatform 'Android_DXTClient'
[2019.10.30-00.03.16:554][  0]LogTemp: Display: Module 'AndroidTargetPlatform' loaded TargetPlatform 'Android_ETC1Client'
[2019.10.30-00.03.16:554][  0]LogTemp: Display: Module 'AndroidTargetPlatform' loaded TargetPlatform 'Android_ETC1aClient'
[2019.10.30-00.03.16:554][  0]LogTemp: Display: Module 'AndroidTargetPlatform' loaded TargetPlatform 'Android_ETC2Client'
[2019.10.30-00.03.16:554][  0]LogTemp: Display: Module 'AndroidTargetPlatform' loaded TargetPlatform 'Android_PVRTCClient'
[2019.10.30-00.03.16:554][  0]LogTemp: Display: Module 'AndroidTargetPlatform' loaded TargetPlatform 'Android_Multi'
[2019.10.30-00.03.16:554][  0]LogTemp: Display: Module 'AndroidTargetPlatform' loaded TargetPlatform 'Android_MultiClient'
[2019.10.30-00.03.16:556][  0]LogTemp: Display: Module 'HTML5TargetPlatform' loaded TargetPlatform 'HTML5'
[2019.10.30-00.03.16:573][  0]LogTemp: Display: Module 'IOSTargetPlatform' loaded TargetPlatform 'IOSClient'
[2019.10.30-00.03.16:573][  0]LogTemp: Display: Module 'IOSTargetPlatform' loaded TargetPlatform 'IOS'
[2019.10.30-00.03.16:587][  0]LogTemp: Display: Module 'TVOSTargetPlatform' loaded TargetPlatform 'TVOSClient'
[2019.10.30-00.03.16:587][  0]LogTemp: Display: Module 'TVOSTargetPlatform' loaded TargetPlatform 'TVOS'
[2019.10.30-00.03.16:593][  0]LogTemp: Display: Module 'LinuxClientTargetPlatform' loaded TargetPlatform 'LinuxClient'
[2019.10.30-00.03.16:600][  0]LogTemp: Display: Module 'LinuxNoEditorTargetPlatform' loaded TargetPlatform 'LinuxNoEditor'
[2019.10.30-00.03.16:607][  0]LogTemp: Display: Module 'LinuxServerTargetPlatform' loaded TargetPlatform 'LinuxServer'
[2019.10.30-00.03.16:615][  0]LogTemp: Display: Module 'LinuxTargetPlatform' loaded TargetPlatform 'Linux'
[2019.10.30-00.03.16:638][  0]LogTemp: Display: Module 'LuminTargetPlatform' loaded TargetPlatform 'Lumin'
[2019.10.30-00.03.16:638][  0]LogTemp: Display: Module 'LuminTargetPlatform' loaded TargetPlatform 'LuminClient'
[2019.10.30-00.03.16:638][  0]LogTargetPlatformManager: Display: Building Assets For Windows
[2019.10.30-00.03.16:645][  0]LogAudioDebug: Display: Lib vorbis DLL was dynamically loaded.
[2019.10.30-00.03.16:687][  0]LogShaderCompilers: Guid format shader working directory is -1 characters bigger than the processId version (../../../../../GitHub/LastResisters/LastResisters/Intermediate/Shaders/WorkingDirectory/13904/).
[2019.10.30-00.03.16:688][  0]LogShaderCompilers: Cleaned the shader compiler working directory 'C:/Users/17004523/AppData/Local/Temp/UnrealShaderWorkingDir/DC918081400D608028CFC0BD9764B36B/'.
[2019.10.30-00.03.16:690][  0]LogXGEController: Cannot use XGE Controller as Incredibuild is not installed on this machine.
[2019.10.30-00.03.16:690][  0]LogShaderCompilers: Cannot use XGE Shader Compiler as Incredibuild is not installed on this machine.
[2019.10.30-00.03.16:690][  0]LogShaderCompilers: Display: Using Local Shader Compiler.
[2019.10.30-00.03.17:403][  0]LogDerivedDataCache: Display: Max Cache Size: 512 MB
[2019.10.30-00.03.17:496][  0]LogDerivedDataCache: Loaded boot cache 0.09s 73MB C:/Users/17004523/AppData/Local/UnrealEngine/4.23/DerivedDataCache/Boot.ddc.
[2019.10.30-00.03.17:497][  0]LogDerivedDataCache: Display: Loaded Boot cache: C:/Users/17004523/AppData/Local/UnrealEngine/4.23/DerivedDataCache/Boot.ddc
[2019.10.30-00.03.17:497][  0]LogDerivedDataCache: FDerivedDataBackendGraph:  Pak pak cache file ../../../../../GitHub/LastResisters/LastResisters/DerivedDataCache/DDC.ddp not found, will not use a pak cache.
[2019.10.30-00.03.17:497][  0]LogDerivedDataCache: Unable to find inner node Pak for hierarchical cache Hierarchy.
[2019.10.30-00.03.17:497][  0]LogDerivedDataCache: FDerivedDataBackendGraph:  CompressedPak pak cache file ../../../../../GitHub/LastResisters/LastResisters/DerivedDataCache/Compressed.ddp not found, will not use a pak cache.
[2019.10.30-00.03.17:497][  0]LogDerivedDataCache: Unable to find inner node CompressedPak for hierarchical cache Hierarchy.
[2019.10.30-00.03.17:515][  0]LogDerivedDataCache: Display: Pak cache opened for reading ../../../Engine/DerivedDataCache/Compressed.ddp.
[2019.10.30-00.03.17:515][  0]LogDerivedDataCache: FDerivedDataBackendGraph:  EnterprisePak pak cache file ../../../Enterprise/DerivedDataCache/Compressed.ddp not found, will not use a pak cache.
[2019.10.30-00.03.17:515][  0]LogDerivedDataCache: Unable to find inner node EnterprisePak for hierarchical cache Hierarchy.
[2019.10.30-00.03.17:520][  0]LogDerivedDataCache: Using Local data cache path C:/Users/17004523/AppData/Local/UnrealEngine/Common/DerivedDataCache: Writable
[2019.10.30-00.03.17:520][  0]LogDerivedDataCache: Shared data cache path not found in *engine.ini, will not use an Shared cache.
[2019.10.30-00.03.17:520][  0]LogDerivedDataCache: Unable to find inner node Shared for hierarchical cache Hierarchy.
[2019.10.30-00.03.17:555][  0]LogMaterial: Verifying Global Shaders for PCD3D_SM5
[2019.10.30-00.03.17:558][  0]LogSlate: Using FreeType 2.6.0
[2019.10.30-00.03.17:559][  0]LogSlate: SlateFontServices - WITH_FREETYPE: 1, WITH_HARFBUZZ: 1
[2019.10.30-00.03.17:629][  0]LogAssetRegistry: FAssetRegistry took 0.0024 seconds to start up
[2019.10.30-00.03.17:920][  0]LogInit: Selected Device Profile: [Windows]
[2019.10.30-00.03.18:073][  0]LogMeshReduction: Using QuadricMeshReduction for automatic static mesh reduction
[2019.10.30-00.03.18:073][  0]LogMeshReduction: Using SimplygonMeshReduction for automatic skeletal mesh reduction
[2019.10.30-00.03.18:073][  0]LogMeshReduction: Using ProxyLODMeshReduction for automatic mesh merging
[2019.10.30-00.03.18:073][  0]LogMeshReduction: No distributed automatic mesh merging module available
[2019.10.30-00.03.18:073][  0]LogMeshMerging: No distributed automatic mesh merging module available
[2019.10.30-00.03.18:084][  0]LogNetVersion: LastResisters 1.0.0, NetCL: 8386587, EngineNetVer: 11, GameNetVer: 0 (Checksum: 2470489391)
[2019.10.30-00.03.18:529][  0]LogPackageLocalizationCache: Processed 12 localized package path(s) for 1 prioritized culture(s) in 0.046275 seconds
[2019.10.30-00.03.18:535][  0]LogUObjectArray: 43444 objects as part of root set at end of initial load.
[2019.10.30-00.03.18:535][  0]LogUObjectAllocator: 7548648 out of 0 bytes used by permanent object pool.
[2019.10.30-00.03.18:535][  0]LogUObjectArray: CloseDisregardForGC: 0/0 objects in disregard for GC pool
[2019.10.30-00.03.19:539][  0]LogTcpMessaging: Initializing TcpMessaging bridge
[2019.10.30-00.03.19:543][  0]LogUdpMessaging: Initializing bridge on interface 0.0.0.0:0 to multicast group 230.0.0.1:6666.
[2019.10.30-00.03.19:605][  0]SourceControl: Source control is disabled
[2019.10.30-00.03.19:605][  0]SourceControl: Source control is disabled
[2019.10.30-00.03.19:607][  0]SourceControl: Source control is disabled
[2019.10.30-00.03.19:608][  0]SourceControl: Source control is disabled
[2019.10.30-00.03.19:703][  0]LogAndroidPermission: UAndroidPermissionCallbackProxy::GetInstance
[2019.10.30-00.03.19:877][  0]LogOcInput: OculusInput pre-init called
[2019.10.30-00.03.19:885][  0]LogWindows: Failed to load 'OVRPlugin.dll' (GetLastError=126)
[2019.10.30-00.03.19:885][  0]LogWindows: File 'OVRPlugin.dll' does not exist
[2019.10.30-00.03.19:952][  0]LogClass: Warning: FWeaponSkillGauge::Color is not initialized properly
[2019.10.30-00.03.19:952][  0]LogClass: Display: 1 Uninitialized script stuct members found
[2019.10.30-00.03.19:952][  0]LogAutomationTest: Warning: FWeaponSkillGauge::Color is not initialized properly
[2019.10.30-00.03.19:953][  0]LogEngine: Initializing Engine...
[2019.10.30-00.03.19:954][  0]LogHMD: Failed to initialize OpenVR with code 110
[2019.10.30-00.03.19:955][  0]LogStats: UGameplayTagsManager::InitializeManager -  0.000 s
[2019.10.30-00.03.20:239][  0]LogInit: Initializing FReadOnlyCVARCache
[2019.10.30-00.03.20:251][  0]LogAIModule: Creating AISystem for world Untitled
[2019.10.30-00.03.20:273][  0]LogInit: XAudio2 using 'Speakers (Realtek High Definition Audio)' : 2 channels at 48 kHz using 32 bits per sample (channel mask 0x3)
[2019.10.30-00.03.20:317][  0]LogInit: FAudioDevice initialized.
[2019.10.30-00.03.20:317][  0]LogNetVersion: Set ProjectVersion to 1.0.0.0. Version Checksum will be recalculated on next use.
[2019.10.30-00.03.20:445][  0]LogDerivedDataCache: Saved boot cache 0.13s 73MB C:/Users/17004523/AppData/Local/UnrealEngine/4.23/DerivedDataCache/Boot.ddc.
[2019.10.30-00.03.20:450][  0]LogInit: Texture streaming: Enabled
[2019.10.30-00.03.20:467][  0]LogEngineSessionManager: EngineSessionManager initialized
[2019.10.30-00.03.20:514][  0]LogInit: Transaction tracking system initialized
[2019.10.30-00.03.20:539][  0]BlueprintLog: New page: Editor Load
[2019.10.30-00.03.20:603][  0]LocalizationService: Localization service is disabled
[2019.10.30-00.03.20:819][  0]LogFileCache: Scanning file cache for directory 'D:/GitHub/LastResisters/LastResisters/Content/' took 0.01s
[2019.10.30-00.03.20:819][  0]LogCook: Display: Max memory allowance for cook 16384mb min free memory 0mb
[2019.10.30-00.03.20:820][  0]LogCook: Display: Mobile HDR setting 1
[2019.10.30-00.03.21:008][  0]SourceControl: Source control is disabled
[2019.10.30-00.03.21:008][  0]Cmd: MAP LOAD FILE="../../../Engine/Content/Maps/Templates/Template_Default.umap" TEMPLATE=1 SHOWPROGRESS=1 FEATURELEVEL=3
[2019.10.30-00.03.21:009][  0]LightingResults: New page: Lighting Build
[2019.10.30-00.03.21:011][  0]LogWorld: UWorld::CleanupWorld for Untitled, bSessionEnded=true, bCleanupResources=true
[2019.10.30-00.03.21:011][  0]MapCheck: New page: Map Check
[2019.10.30-00.03.21:011][  0]LightingResults: New page: Lighting Build
[2019.10.30-00.03.21:037][  0]LogUObjectHash: Compacting FUObjectHashTables data took   1.56ms
[2019.10.30-00.03.21:112][  0]LogAIModule: Creating AISystem for world Untitled_1
[2019.10.30-00.03.21:117][  0]LogEditorServer: Finished looking for orphan Actors (0.000 secs)
[2019.10.30-00.03.21:144][  0]LogUObjectHash: Compacting FUObjectHashTables data took   2.61ms
[2019.10.30-00.03.21:144][  0]Cmd: MAP CHECKDEP NOCLEARLOG
[2019.10.30-00.03.21:144][  0]MapCheck: Map check complete: 0 Error(s), 0 Warning(s), took 0.11ms to complete.
[2019.10.30-00.03.21:144][  0]LogFileHelpers: Loading map 'Template_Default' took 0.136
[2019.10.30-00.03.21:417][  0]LogSlate: Updating window title bar state: overlay mode, drag disabled, window buttons hidden, title bar hidden
[2019.10.30-00.03.21:442][  0]LogSlate: Updating window title bar state: overlay mode, drag disabled, window buttons hidden, title bar hidden
[2019.10.30-00.03.21:451][  0]LogSlate: Updating window title bar state: overlay mode, drag disabled, window buttons hidden, title bar hidden
[2019.10.30-00.03.21:459][  0]LogSlate: Updating window title bar state: overlay mode, drag disabled, window buttons hidden, title bar hidden
[2019.10.30-00.03.21:464][  0]LogCollectionManager: Loaded 0 collections in 0.000989 seconds
[2019.10.30-00.03.21:471][  0]LogFileCache: Scanning file cache for directory 'D:/GitHub/LastResisters/LastResisters/Saved/Collections/' took 0.00s
[2019.10.30-00.03.21:472][  0]LogFileCache: Scanning file cache for directory 'D:/GitHub/LastResisters/LastResisters/Content/Developers/17004523/Collections/' took 0.00s
[2019.10.30-00.03.21:472][  0]LogFileCache: Scanning file cache for directory 'D:/GitHub/LastResisters/LastResisters/Content/Collections/' took 0.00s
[2019.10.30-00.03.21:472][  0]LogCollectionManager: Rebuilt the GUID cache for 0 collections in 0.000002 seconds
[2019.10.30-00.03.21:480][  0]LogContentBrowser: Native class hierarchy populated in 0.0086 seconds. Added 2873 classes and 688 folders.
[2019.10.30-00.03.21:487][  0]LogContentBrowser: Native class hierarchy updated for 'WidgetCarousel' in 0.0004 seconds. Added 0 classes and 0 folders.
[2019.10.30-00.03.22:205][  0]LogContentBrowser: Native class hierarchy updated for 'AddContentDialog' in 0.0004 seconds. Added 0 classes and 0 folders.
[2019.10.30-00.03.22:273][  0]LogContentBrowser: Native class hierarchy updated for 'SceneOutliner' in 0.0005 seconds. Added 1 classes and 2 folders.
[2019.10.30-00.03.22:589][  0]LogSlate: Took 0.000497 seconds to synchronously load lazily loaded font '../../../Engine/Content/Slate/Fonts/Roboto-Regular.ttf' (155K)
[2019.10.30-00.03.22:607][  0]LogSlate: Took 0.000534 seconds to synchronously load lazily loaded font '../../../Engine/Content/Slate/Fonts/Roboto-Bold.ttf' (160K)
[2019.10.30-00.03.22:643][  0]LogSlate: Took 0.023692 seconds to synchronously load lazily loaded font '../../../Engine/Content/Editor/Slate/Fonts/FontAwesome.ttf' (139K)
[2019.10.30-00.03.22:879][  0]LogRenderer: Reallocating scene render targets to support 1148x572 Format 10 NumSamples 1 (Frame:1).
[2019.10.30-00.03.23:098][  0]LogContentBrowser: Native class hierarchy updated for 'HierarchicalLODOutliner' in 0.0004 seconds. Added 0 classes and 0 folders.
[2019.10.30-00.03.23:098][  0]LogLoad: (Engine Initialization) Total time: 9.22 seconds
[2019.10.30-00.03.23:099][  0]LogLoad: (Engine Initialization) Total Blueprint compile time: 0.00 seconds
[2019.10.30-00.03.23:210][  0]LogContentStreaming: Texture pool size now 1000 MB
[2019.10.30-00.03.23:288][  0]LogSlate: Took 0.013213 seconds to synchronously load lazily loaded font '../../../Engine/Content/Slate/Fonts/Roboto-Light.ttf' (167K)
[2019.10.30-00.03.23:494][  3]LogAssetRegistry: Asset discovery search completed in 5.8664 seconds
[2019.10.30-00.03.23:500][  3]LogCollectionManager: Rebuilt the object cache for 0 collections in 0.000010 seconds (found 0 objects)
[2019.10.30-00.03.23:500][  3]LogCollectionManager: Fixed up redirectors for 0 collections in 0.000172 seconds (updated 0 objects)
[2019.10.30-00.03.24:154][ 60]LogSlate: Took 0.001552 seconds to synchronously load lazily loaded font '../../../Engine/Content/Slate/Fonts/Roboto-Light.ttf' (167K)
[2019.10.30-00.21.12:382][727]LogSlate: FSceneViewport::OnFocusLost() reason 0
[2019.10.30-00.21.18:394][208]LogBlueprint: Warning: [Compiler MotionControllerPawn] Get Input Axis references unknown Axis 'MotionControllerThumbRight_X' for  Get MotionControllerThumbRight_X
[2019.10.30-00.21.18:394][208]LogBlueprint: Warning: [Compiler MotionControllerPawn] Get Input Axis references unknown Axis 'MotionControllerThumbRight_Y' for  Get MotionControllerThumbRight_Y
[2019.10.30-00.21.18:394][208]LogBlueprint: Warning: [Compiler MotionControllerPawn] Get Input Axis references unknown Axis 'MotionControllerThumbLeft_Y' for  Get MotionControllerThumbLeft_Y
[2019.10.30-00.21.18:395][208]LogBlueprint: Warning: [Compiler MotionControllerPawn] Get Input Axis references unknown Axis 'MotionControllerThumbLeft_X' for  Get MotionControllerThumbLeft_X
[2019.10.30-00.21.18:395][208]LogBlueprint: Warning: [Compiler MotionControllerPawn] InputAction Event references unknown Action 'TeleportRight' for  InputAction TeleportRight
[2019.10.30-00.21.18:395][208]LogBlueprint: Warning: [Compiler MotionControllerPawn] InputAction Event references unknown Action 'TeleportLeft' for  InputAction TeleportLeft
[2019.10.30-00.21.18:395][208]LogBlueprint: Warning: [Compiler MotionControllerPawn] InputAction Event references unknown Action 'GrabRight' for  InputAction GrabRight
[2019.10.30-00.21.18:395][208]LogBlueprint: Warning: [Compiler MotionControllerPawn] InputAction Event references unknown Action 'GrabLeft' for  InputAction GrabLeft
[2019.10.30-00.21.18:851][208]LogAIModule: Creating AISystem for world UITestMap
[2019.10.30-00.21.18:895][208]LogAssetEditorManager: Opening Asset editor for World /Game/VirtualRealityBP/Maps/UITestMap.UITestMap
[2019.10.30-00.21.18:925][208]LogUObjectHash: Compacting FUObjectHashTables data took   2.85ms
[2019.10.30-00.21.18:939][208]Cmd: MAP LOAD FILE="../../../../../GitHub/LastResisters/LastResisters/Content/VirtualRealityBP/Maps/UITestMap.umap" TEMPLATE=0 SHOWPROGRESS=1 FEATURELEVEL=3
[2019.10.30-00.21.18:940][208]LightingResults: New page: Lighting Build
[2019.10.30-00.21.18:940][208]LoadErrors: New page: Loading map: UITestMap.umap
[2019.10.30-00.21.18:940][208]LogWorld: UWorld::CleanupWorld for Untitled_1, bSessionEnded=true, bCleanupResources=true
[2019.10.30-00.21.18:941][208]MapCheck: New page: Map Check
[2019.10.30-00.21.18:941][208]LightingResults: New page: Lighting Build
[2019.10.30-00.21.18:966][208]LogUObjectHash: Compacting FUObjectHashTables data took   1.72ms
[2019.10.30-00.21.19:107][208]LogEditorServer: Finished looking for orphan Actors (0.000 secs)
[2019.10.30-00.21.19:142][208]LogUObjectHash: Compacting FUObjectHashTables data took   1.78ms
[2019.10.30-00.21.19:181][208]Cmd: MAP CHECKDEP NOCLEARLOG
[2019.10.30-00.21.19:182][208]MapCheck: Map check complete: 0 Error(s), 0 Warning(s), took 0.088ms to complete.
[2019.10.30-00.21.19:182][208]LogFileHelpers: Loading map 'UITestMap' took 0.257
[2019.10.30-00.30.14:280][175]LogTemp: Repeating last play command: Selected Viewport
[2019.10.30-00.30.14:293][175]LogBlueprintUserMessages: Early PlayInEditor Detection: Level '/Game/VirtualRealityBP/Maps/UITestMap.UITestMap:PersistentLevel' has LevelScriptBlueprint '/Game/VirtualRealityBP/Maps/UITestMap.UITestMap:PersistentLevel.UITestMap' with GeneratedClass '/Game/VirtualRealityBP/Maps/UITestMap.UITestMap_C' with ClassGeneratedBy '/Game/VirtualRealityBP/Maps/UITestMap.UITestMap:PersistentLevel.UITestMap'
[2019.10.30-00.30.14:293][175]LogPlayLevel: PlayLevel: No blueprints needed recompiling
[2019.10.30-00.30.14:454][175]PIE: New page: PIE session: UITestMap (30 Oct 2019 6:30:14 pm)
[2019.10.30-00.30.14:456][175]LogOnline: OSS: Creating online subsystem instance for: NULL
[2019.10.30-00.30.14:474][175]LogPlayLevel: Creating play world package: /Game/VirtualRealityBP/Maps/UEDPIE_0_UITestMap
[2019.10.30-00.30.14:491][175]LogPlayLevel: PIE: StaticDuplicateObject took: (0.017600s)
[2019.10.30-00.30.14:492][175]LogAIModule: Creating AISystem for world UITestMap
[2019.10.30-00.30.14:492][175]LogPlayLevel: PIE: World Init took: (0.001232s)
[2019.10.30-00.30.14:492][175]LogPlayLevel: PIE: Created PIE world by copying editor world from /Game/VirtualRealityBP/Maps/UITestMap.UITestMap to /Game/VirtualRealityBP/Maps/UEDPIE_0_UITestMap.UITestMap (0.019159s)
[2019.10.30-00.30.14:518][175]LogUObjectHash: Compacting FUObjectHashTables data took   1.61ms
[2019.10.30-00.30.14:545][175]LogInit: XAudio2 using 'Speakers (Realtek High Definition Audio)' : 2 channels at 48 kHz using 32 bits per sample (channel mask 0x3)
[2019.10.30-00.30.14:585][175]LogInit: FAudioDevice initialized.
[2019.10.30-00.30.14:606][175]LogLoad: Game class is 'GameModeBase'
[2019.10.30-00.30.14:612][175]LogWorld: Bringing World /Game/VirtualRealityBP/Maps/UEDPIE_0_UITestMap.UITestMap up for play (max tick rate 0) at 2019.10.30-09.30.14
[2019.10.30-00.30.14:621][175]LogWorld: Bringing up level for play took: 0.010549
[2019.10.30-00.30.14:622][175]LogOnline: OSS: Creating online subsystem instance for: :Context_1
[2019.10.30-00.30.14:647][175]LogContentBrowser: Native class hierarchy updated for 'MovieSceneCapture' in 0.0005 seconds. Added 20 classes and 0 folders.
[2019.10.30-00.30.14:724][175]PIE: Play in editor start time for /Game/VirtualRealityBP/Maps/UEDPIE_0_UITestMap 0.682
[2019.10.30-00.30.14:724][175]LogBlueprintUserMessages: Late PlayInEditor Detection: Level '/Game/VirtualRealityBP/Maps/UITestMap.UITestMap:PersistentLevel' has LevelScriptBlueprint '/Game/VirtualRealityBP/Maps/UITestMap.UITestMap:PersistentLevel.UITestMap' with GeneratedClass '/Game/VirtualRealityBP/Maps/UITestMap.UITestMap_C' with ClassGeneratedBy '/Game/VirtualRealityBP/Maps/UITestMap.UITestMap:PersistentLevel.UITestMap'
[2019.10.30-00.30.14:823][177]LogTemp: Warning: Main Skill: 0, Main Skill Float: 0.058000
[2019.10.30-00.30.14:834][178]LogTemp: Warning: Main Skill: 1, Main Skill Float: 0.066840
[2019.10.30-00.30.14:845][179]LogTemp: Warning: Main Skill: 2, Main Skill Float: 0.075680
[2019.10.30-00.30.14:857][180]LogTemp: Warning: Main Skill: 3, Main Skill Float: 0.084520
[2019.10.30-00.30.14:868][181]LogTemp: Warning: Main Skill: 4, Main Skill Float: 0.093360
[2019.10.30-00.30.14:878][182]LogTemp: Warning: Main Skill: 5, Main Skill Float: 0.102200
[2019.10.30-00.30.14:891][183]LogTemp: Warning: Main Skill: 6, Main Skill Float: 0.111040
[2019.10.30-00.30.14:903][184]LogTemp: Warning: Main Skill: 7, Main Skill Float: 0.119880
[2019.10.30-00.30.14:912][185]LogTemp: Warning: Main Skill: 8, Main Skill Float: 0.128720
[2019.10.30-00.30.14:925][186]LogTemp: Warning: Main Skill: 9, Main Skill Float: 0.137560
[2019.10.30-00.30.14:937][187]LogTemp: Warning: Main Skill: 10, Main Skill Float: 0.146400
[2019.10.30-00.30.14:948][188]LogTemp: Warning: Main Skill: 11, Main Skill Float: 0.155240
[2019.10.30-00.30.14:959][189]LogTemp: Warning: Main Skill: 12, Main Skill Float: 0.164080
[2019.10.30-00.30.14:971][190]LogTemp: Warning: Main Skill: 13, Main Skill Float: 0.172920
[2019.10.30-00.30.14:985][191]LogTemp: Warning: Main Skill: 14, Main Skill Float: 0.181760
[2019.10.30-00.30.14:998][192]LogTemp: Warning: Main Skill: 15, Main Skill Float: 0.190600
[2019.10.30-00.30.15:008][193]LogTemp: Warning: Main Skill: 16, Main Skill Float: 0.199440
[2019.10.30-00.30.15:019][194]LogTemp: Warning: Main Skill: 17, Main Skill Float: 0.208280
[2019.10.30-00.30.15:031][195]LogTemp: Warning: Main Skill: 18, Main Skill Float: 0.217120
[2019.10.30-00.30.15:043][196]LogTemp: Warning: Main Skill: 19, Main Skill Float: 0.225960
[2019.10.30-00.30.15:057][197]LogTemp: Warning: Main Skill: 20, Main Skill Float: 0.234800
[2019.10.30-00.30.15:070][198]LogTemp: Warning: Main Skill: 21, Main Skill Float: 0.243640
[2019.10.30-00.30.15:084][199]LogTemp: Warning: Main Skill: 22, Main Skill Float: 0.252480
[2019.10.30-00.30.15:100][200]LogTemp: Warning: Main Skill: 23, Main Skill Float: 0.261320
[2019.10.30-00.30.15:110][201]LogTemp: Warning: Main Skill: 24, Main Skill Float: 0.270160
[2019.10.30-00.30.15:121][202]LogTemp: Warning: Main Skill: 25, Main Skill Float: 0.279000
[2019.10.30-00.30.15:133][203]LogTemp: Warning: Main Skill: 26, Main Skill Float: 0.287840
[2019.10.30-00.30.15:142][204]LogTemp: Warning: Main Skill: 27, Main Skill Float: 0.296680
[2019.10.30-00.30.15:153][205]LogTemp: Warning: Main Skill: 28, Main Skill Float: 0.305520
[2019.10.30-00.30.15:164][206]LogTemp: Warning: Main Skill: 29, Main Skill Float: 0.314360
[2019.10.30-00.30.15:174][207]LogTemp: Warning: Main Skill: 30, Main Skill Float: 0.323200
[2019.10.30-00.30.15:185][208]LogTemp: Warning: Main Skill: 31, Main Skill Float: 0.332040
[2019.10.30-00.30.15:193][209]LogTemp: Warning: Main Skill: 32, Main Skill Float: 0.340880
[2019.10.30-00.30.15:204][210]LogTemp: Warning: Main Skill: 33, Main Skill Float: 0.349720
[2019.10.30-00.30.15:213][211]LogTemp: Warning: Main Skill: 34, Main Skill Float: 0.358560
[2019.10.30-00.30.15:223][212]LogTemp: Warning: Main Skill: 35, Main Skill Float: 0.367400
[2019.10.30-00.30.15:232][213]LogTemp: Warning: Main Skill: 36, Main Skill Float: 0.376240
[2019.10.30-00.30.15:240][214]LogTemp: Warning: Main Skill: 37, Main Skill Float: 0.385080
[2019.10.30-00.30.15:249][215]LogTemp: Warning: Main Skill: 38, Main Skill Float: 0.393920
[2019.10.30-00.30.15:258][216]LogTemp: Warning: Main Skill: 39, Main Skill Float: 0.402760
[2019.10.30-00.30.15:268][217]LogTemp: Warning: Main Skill: 40, Main Skill Float: 0.411600
[2019.10.30-00.30.15:277][218]LogTemp: Warning: Main Skill: 41, Main Skill Float: 0.420440
[2019.10.30-00.30.15:290][219]LogTemp: Warning: Main Skill: 42, Main Skill Float: 0.429280
[2019.10.30-00.30.15:300][220]LogTemp: Warning: Main Skill: 43, Main Skill Float: 0.438120
[2019.10.30-00.30.15:310][221]LogTemp: Warning: Main Skill: 44, Main Skill Float: 0.446960
[2019.10.30-00.30.15:323][222]LogTemp: Warning: Main Skill: 45, Main Skill Float: 0.455800
[2019.10.30-00.30.15:337][223]LogTemp: Warning: Main Skill: 46, Main Skill Float: 0.464640
[2019.10.30-00.30.15:349][224]LogTemp: Warning: Main Skill: 47, Main Skill Float: 0.473480
[2019.10.30-00.30.15:361][225]LogTemp: Warning: Main Skill: 48, Main Skill Float: 0.482320
[2019.10.30-00.30.15:377][226]LogTemp: Warning: Main Skill: 49, Main Skill Float: 0.491160
[2019.10.30-00.30.15:394][227]LogTemp: Warning: Main Skill: 50, Main Skill Float: 0.500000
[2019.10.30-00.30.15:410][228]LogTemp: Warning: Main Skill: 51, Main Skill Float: 0.508840
[2019.10.30-00.30.15:427][229]LogTemp: Warning: Main Skill: 52, Main Skill Float: 0.517680
[2019.10.30-00.30.15:442][230]LogTemp: Warning: Main Skill: 53, Main Skill Float: 0.526520
[2019.10.30-00.30.15:457][231]LogTemp: Warning: Main Skill: 54, Main Skill Float: 0.535360
[2019.10.30-00.30.15:469][232]LogTemp: Warning: Main Skill: 55, Main Skill Float: 0.544200
[2019.10.30-00.30.15:484][233]LogTemp: Warning: Main Skill: 56, Main Skill Float: 0.553040
[2019.10.30-00.30.15:495][234]LogTemp: Warning: Main Skill: 57, Main Skill Float: 0.561880
[2019.10.30-00.30.15:507][235]LogTemp: Warning: Main Skill: 58, Main Skill Float: 0.570720
[2019.10.30-00.30.15:519][236]LogTemp: Warning: Main Skill: 59, Main Skill Float: 0.579560
[2019.10.30-00.30.15:527][237]LogTemp: Warning: Main Skill: 60, Main Skill Float: 0.588400
[2019.10.30-00.30.15:537][238]LogTemp: Warning: Main Skill: 61, Main Skill Float: 0.597240
[2019.10.30-00.30.15:545][239]LogTemp: Warning: Main Skill: 62, Main Skill Float: 0.606080
[2019.10.30-00.30.15:555][240]LogTemp: Warning: Main Skill: 63, Main Skill Float: 0.614920
[2019.10.30-00.30.15:565][241]LogTemp: Warning: Main Skill: 64, Main Skill Float: 0.623760
[2019.10.30-00.30.15:572][242]LogTemp: Warning: Main Skill: 65, Main Skill Float: 0.632600
[2019.10.30-00.30.15:583][243]LogTemp: Warning: Main Skill: 66, Main Skill Float: 0.641440
[2019.10.30-00.30.15:591][244]LogTemp: Warning: Main Skill: 67, Main Skill Float: 0.650280
[2019.10.30-00.30.15:601][245]LogTemp: Warning: Main Skill: 68, Main Skill Float: 0.659120
[2019.10.30-00.30.15:610][246]LogTemp: Warning: Main Skill: 69, Main Skill Float: 0.667960
[2019.10.30-00.30.15:620][247]LogTemp: Warning: Main Skill: 70, Main Skill Float: 0.676800
[2019.10.30-00.30.15:628][248]LogTemp: Warning: Main Skill: 71, Main Skill Float: 0.685640
[2019.10.30-00.30.15:638][249]LogTemp: Warning: Main Skill: 72, Main Skill Float: 0.694480
[2019.10.30-00.30.15:649][250]LogTemp: Warning: Main Skill: 73, Main Skill Float: 0.703320
[2019.10.30-00.30.15:658][251]LogTemp: Warning: Main Skill: 74, Main Skill Float: 0.712160
[2019.10.30-00.30.15:668][252]LogTemp: Warning: Main Skill: 75, Main Skill Float: 0.721000
[2019.10.30-00.30.15:678][253]LogTemp: Warning: Main Skill: 76, Main Skill Float: 0.729840
[2019.10.30-00.30.15:690][254]LogTemp: Warning: Main Skill: 77, Main Skill Float: 0.738680
[2019.10.30-00.30.15:700][255]LogTemp: Warning: Main Skill: 78, Main Skill Float: 0.747520
[2019.10.30-00.30.15:710][256]LogTemp: Warning: Main Skill: 79, Main Skill Float: 0.756360
[2019.10.30-00.30.15:721][257]LogTemp: Warning: Main Skill: 80, Main Skill Float: 0.765200
[2019.10.30-00.30.15:732][258]LogTemp: Warning: Main Skill: 81, Main Skill Float: 0.774040
[2019.10.30-00.30.15:742][259]LogTemp: Warning: Main Skill: 82, Main Skill Float: 0.782880
[2019.10.30-00.30.15:752][260]LogTemp: Warning: Main Skill: 83, Main Skill Float: 0.791720
[2019.10.30-00.30.15:762][261]LogTemp: Warning: Main Skill: 84, Main Skill Float: 0.800560
[2019.10.30-00.30.15:772][262]LogTemp: Warning: Main Skill: 85, Main Skill Float: 0.809400
[2019.10.30-00.30.15:786][263]LogTemp: Warning: Main Skill: 86, Main Skill Float: 0.818240
[2019.10.30-00.30.15:795][264]LogTemp: Warning: Main Skill: 87, Main Skill Float: 0.827080
[2019.10.30-00.30.15:806][265]LogTemp: Warning: Main Skill: 88, Main Skill Float: 0.835920
[2019.10.30-00.30.15:817][266]LogTemp: Warning: Main Skill: 89, Main Skill Float: 0.844760
[2019.10.30-00.30.15:826][267]LogTemp: Warning: Main Skill: 90, Main Skill Float: 0.853600
[2019.10.30-00.30.15:838][268]LogTemp: Warning: Main Skill: 91, Main Skill Float: 0.862440
[2019.10.30-00.30.15:850][269]LogTemp: Warning: Main Skill: 92, Main Skill Float: 0.871280
[2019.10.30-00.30.15:860][270]LogTemp: Warning: Main Skill: 93, Main Skill Float: 0.880120
[2019.10.30-00.30.15:871][271]LogTemp: Warning: Main Skill: 94, Main Skill Float: 0.888960
[2019.10.30-00.30.15:883][272]LogTemp: Warning: Main Skill: 95, Main Skill Float: 0.897800
[2019.10.30-00.30.15:893][273]LogTemp: Warning: Main Skill: 96, Main Skill Float: 0.906640
[2019.10.30-00.30.15:904][274]LogTemp: Warning: Main Skill: 97, Main Skill Float: 0.915480
[2019.10.30-00.30.15:913][275]LogTemp: Warning: Main Skill: 98, Main Skill Float: 0.924320
[2019.10.30-00.30.15:924][276]LogTemp: Warning: Main Skill: 99, Main Skill Float: 0.933160
[2019.10.30-00.30.15:934][277]LogTemp: Warning: Play Animation
[2019.10.30-00.30.15:934][277]LogTemp: Warning: Timer Handle was valid
[2019.10.30-00.30.15:934][277]LogTemp: Warning: Play Animation
[2019.10.30-00.30.15:934][277]LogTemp: Warning: Timer Handle was valid
[2019.10.30-00.30.16:686][348]LogTemp: Warning: STOP!!!
[2019.10.30-00.30.18:166][475]LogBlueprintUserMessages: Early EndPlayMap Detection: Level '/Game/VirtualRealityBP/Maps/UITestMap.UITestMap:PersistentLevel' has LevelScriptBlueprint '/Game/VirtualRealityBP/Maps/UITestMap.UITestMap:PersistentLevel.UITestMap' with GeneratedClass '/Game/VirtualRealityBP/Maps/UITestMap.UITestMap_C' with ClassGeneratedBy '/Game/VirtualRealityBP/Maps/UITestMap.UITestMap:PersistentLevel.UITestMap'
[2019.10.30-00.30.18:169][475]LogSlate: Updating window title bar state: overlay mode, drag disabled, window buttons hidden, title bar hidden
[2019.10.30-00.30.18:169][475]LogWorld: BeginTearingDown for /Game/VirtualRealityBP/Maps/UEDPIE_0_UITestMap
[2019.10.30-00.30.18:169][475]LogWorld: UWorld::CleanupWorld for UITestMap, bSessionEnded=true, bCleanupResources=true
[2019.10.30-00.30.18:190][475]LogPlayLevel: Display: Shutting down PIE online subsystems
[2019.10.30-00.30.18:191][475]LogBlueprintUserMessages: Late EndPlayMap Detection: Level '/Game/VirtualRealityBP/Maps/UITestMap.UITestMap:PersistentLevel' has LevelScriptBlueprint '/Game/VirtualRealityBP/Maps/UITestMap.UITestMap:PersistentLevel.UITestMap' with GeneratedClass '/Game/VirtualRealityBP/Maps/UITestMap.UITestMap_C' with ClassGeneratedBy '/Game/VirtualRealityBP/Maps/UITestMap.UITestMap:PersistentLevel.UITestMap'
[2019.10.30-00.30.18:221][475]LogSlate: Updating window title bar state: overlay mode, drag disabled, window buttons hidden, title bar hidden
[2019.10.30-00.30.18:226][475]LogUObjectHash: Compacting FUObjectHashTables data took   2.45ms
[2019.10.30-00.30.18:273][476]LogPlayLevel: Display: Destroying online subsystem :Context_1
[2019.10.30-00.35.05:571][516]LogTemp: Repeating last play command: Selected Viewport
[2019.10.30-00.35.05:582][516]LogBlueprintUserMessages: Early PlayInEditor Detection: Level '/Game/VirtualRealityBP/Maps/UITestMap.UITestMap:PersistentLevel' has LevelScriptBlueprint '/Game/VirtualRealityBP/Maps/UITestMap.UITestMap:PersistentLevel.UITestMap' with GeneratedClass '/Game/VirtualRealityBP/Maps/UITestMap.UITestMap_C' with ClassGeneratedBy '/Game/VirtualRealityBP/Maps/UITestMap.UITestMap:PersistentLevel.UITestMap'
[2019.10.30-00.35.05:582][516]LogPlayLevel: PlayLevel: No blueprints needed recompiling
[2019.10.30-00.35.05:582][516]PIE: New page: PIE session: UITestMap (30 Oct 2019 6:35:05 pm)
[2019.10.30-00.35.05:583][516]LogPlayLevel: Creating play world package: /Game/VirtualRealityBP/Maps/UEDPIE_0_UITestMap
[2019.10.30-00.35.05:602][516]LogPlayLevel: PIE: StaticDuplicateObject took: (0.019529s)
[2019.10.30-00.35.05:603][516]LogAIModule: Creating AISystem for world UITestMap
[2019.10.30-00.35.05:603][516]LogPlayLevel: PIE: World Init took: (0.001154s)
[2019.10.30-00.35.05:603][516]LogPlayLevel: PIE: Created PIE world by copying editor world from /Game/VirtualRealityBP/Maps/UITestMap.UITestMap to /Game/VirtualRealityBP/Maps/UEDPIE_0_UITestMap.UITestMap (0.020848s)
[2019.10.30-00.35.05:629][516]LogUObjectHash: Compacting FUObjectHashTables data took   1.93ms
[2019.10.30-00.35.05:645][516]LogInit: XAudio2 using 'Speakers (Realtek High Definition Audio)' : 2 channels at 48 kHz using 32 bits per sample (channel mask 0x3)
[2019.10.30-00.35.05:683][516]LogInit: FAudioDevice initialized.
[2019.10.30-00.35.05:694][516]LogLoad: Game class is 'GameModeBase'
[2019.10.30-00.35.05:696][516]LogWorld: Bringing World /Game/VirtualRealityBP/Maps/UEDPIE_0_UITestMap.UITestMap up for play (max tick rate 0) at 2019.10.30-09.35.05
[2019.10.30-00.35.05:697][516]LogWorld: Bringing up level for play took: 0.001951
[2019.10.30-00.35.05:697][516]LogOnline: OSS: Creating online subsystem instance for: :Context_2
[2019.10.30-00.35.05:702][516]PIE: Play in editor start time for /Game/VirtualRealityBP/Maps/UEDPIE_0_UITestMap -0.34
[2019.10.30-00.35.05:702][516]LogBlueprintUserMessages: Late PlayInEditor Detection: Level '/Game/VirtualRealityBP/Maps/UITestMap.UITestMap:PersistentLevel' has LevelScriptBlueprint '/Game/VirtualRealityBP/Maps/UITestMap.UITestMap:PersistentLevel.UITestMap' with GeneratedClass '/Game/VirtualRealityBP/Maps/UITestMap.UITestMap_C' with ClassGeneratedBy '/Game/VirtualRealityBP/Maps/UITestMap.UITestMap:PersistentLevel.UITestMap'
[2019.10.30-00.35.05:772][518]LogTemp: Warning: Main Skill: 0, Main Skill Float: 0.058000
[2019.10.30-00.35.05:784][519]LogTemp: Warning: Main Skill: 1, Main Skill Float: 0.066840
[2019.10.30-00.35.05:798][520]LogTemp: Warning: Main Skill: 2, Main Skill Float: 0.075680
[2019.10.30-00.35.05:812][521]LogTemp: Warning: Main Skill: 3, Main Skill Float: 0.084520
[2019.10.30-00.35.05:825][522]LogTemp: Warning: Main Skill: 4, Main Skill Float: 0.093360
[2019.10.30-00.35.05:835][523]LogTemp: Warning: Main Skill: 5, Main Skill Float: 0.102200
[2019.10.30-00.35.05:848][524]LogTemp: Warning: Main Skill: 6, Main Skill Float: 0.111040
[2019.10.30-00.35.05:862][525]LogTemp: Warning: Main Skill: 7, Main Skill Float: 0.119880
[2019.10.30-00.35.05:879][526]LogTemp: Warning: Main Skill: 8, Main Skill Float: 0.128720
[2019.10.30-00.35.05:888][527]LogTemp: Warning: Main Skill: 9, Main Skill Float: 0.137560
[2019.10.30-00.35.05:901][528]LogTemp: Warning: Main Skill: 10, Main Skill Float: 0.146400
[2019.10.30-00.35.05:922][529]LogTemp: Warning: Main Skill: 11, Main Skill Float: 0.155240
[2019.10.30-00.35.05:933][530]LogTemp: Warning: Main Skill: 12, Main Skill Float: 0.164080
[2019.10.30-00.35.05:950][531]LogTemp: Warning: Main Skill: 13, Main Skill Float: 0.172920
[2019.10.30-00.35.05:966][532]LogTemp: Warning: Main Skill: 14, Main Skill Float: 0.181760
[2019.10.30-00.35.05:977][533]LogTemp: Warning: Main Skill: 15, Main Skill Float: 0.190600
[2019.10.30-00.35.05:989][534]LogTemp: Warning: Main Skill: 16, Main Skill Float: 0.199440
[2019.10.30-00.35.06:001][535]LogTemp: Warning: Main Skill: 17, Main Skill Float: 0.208280
[2019.10.30-00.35.06:017][536]LogTemp: Warning: Main Skill: 18, Main Skill Float: 0.217120
[2019.10.30-00.35.06:030][537]LogTemp: Warning: Main Skill: 19, Main Skill Float: 0.225960
[2019.10.30-00.35.06:042][538]LogTemp: Warning: Main Skill: 20, Main Skill Float: 0.234800
[2019.10.30-00.35.06:053][539]LogTemp: Warning: Main Skill: 21, Main Skill Float: 0.243640
[2019.10.30-00.35.06:065][540]LogTemp: Warning: Main Skill: 22, Main Skill Float: 0.252480
[2019.10.30-00.35.06:078][541]LogTemp: Warning: Main Skill: 23, Main Skill Float: 0.261320
[2019.10.30-00.35.06:092][542]LogTemp: Warning: Main Skill: 24, Main Skill Float: 0.270160
[2019.10.30-00.35.06:103][543]LogTemp: Warning: Main Skill: 25, Main Skill Float: 0.279000
[2019.10.30-00.35.06:116][544]LogTemp: Warning: Main Skill: 26, Main Skill Float: 0.287840
[2019.10.30-00.35.06:131][545]LogTemp: Warning: Main Skill: 27, Main Skill Float: 0.296680
[2019.10.30-00.35.06:143][546]LogTemp: Warning: Main Skill: 28, Main Skill Float: 0.305520
[2019.10.30-00.35.06:153][547]LogTemp: Warning: Main Skill: 29, Main Skill Float: 0.314360
[2019.10.30-00.35.06:166][548]LogTemp: Warning: Main Skill: 30, Main Skill Float: 0.323200
[2019.10.30-00.35.06:178][549]LogTemp: Warning: Main Skill: 31, Main Skill Float: 0.332040
[2019.10.30-00.35.06:188][550]LogTemp: Warning: Main Skill: 32, Main Skill Float: 0.340880
[2019.10.30-00.35.06:201][551]LogTemp: Warning: Main Skill: 33, Main Skill Float: 0.349720
[2019.10.30-00.35.06:213][552]LogTemp: Warning: Main Skill: 34, Main Skill Float: 0.358560
[2019.10.30-00.35.06:225][553]LogTemp: Warning: Main Skill: 35, Main Skill Float: 0.367400
[2019.10.30-00.35.06:235][554]LogTemp: Warning: Main Skill: 36, Main Skill Float: 0.376240
[2019.10.30-00.35.06:251][555]LogTemp: Warning: Main Skill: 37, Main Skill Float: 0.385080
[2019.10.30-00.35.06:264][556]LogTemp: Warning: Main Skill: 38, Main Skill Float: 0.393920
[2019.10.30-00.35.06:278][557]LogTemp: Warning: Main Skill: 39, Main Skill Float: 0.402760
[2019.10.30-00.35.06:292][558]LogTemp: Warning: Main Skill: 40, Main Skill Float: 0.411600
[2019.10.30-00.35.06:303][559]LogTemp: Warning: Main Skill: 41, Main Skill Float: 0.420440
[2019.10.30-00.35.06:315][560]LogTemp: Warning: Main Skill: 42, Main Skill Float: 0.429280
[2019.10.30-00.35.06:326][561]LogTemp: Warning: Main Skill: 43, Main Skill Float: 0.438120
[2019.10.30-00.35.06:337][562]LogTemp: Warning: Main Skill: 44, Main Skill Float: 0.446960
[2019.10.30-00.35.06:348][563]LogTemp: Warning: Main Skill: 45, Main Skill Float: 0.455800
[2019.10.30-00.35.06:360][564]LogTemp: Warning: Main Skill: 46, Main Skill Float: 0.464640
[2019.10.30-00.35.06:370][565]LogTemp: Warning: Main Skill: 47, Main Skill Float: 0.473480
[2019.10.30-00.35.06:383][566]LogTemp: Warning: Main Skill: 48, Main Skill Float: 0.482320
[2019.10.30-00.35.06:394][567]LogTemp: Warning: Main Skill: 49, Main Skill Float: 0.491160
[2019.10.30-00.35.06:403][568]LogTemp: Warning: Main Skill: 50, Main Skill Float: 0.500000
[2019.10.30-00.35.06:414][569]LogTemp: Warning: Main Skill: 51, Main Skill Float: 0.508840
[2019.10.30-00.35.06:424][570]LogTemp: Warning: Main Skill: 52, Main Skill Float: 0.517680
[2019.10.30-00.35.06:433][571]LogTemp: Warning: Main Skill: 53, Main Skill Float: 0.526520
[2019.10.30-00.35.06:443][572]LogTemp: Warning: Main Skill: 54, Main Skill Float: 0.535360
[2019.10.30-00.35.06:452][573]LogTemp: Warning: Main Skill: 55, Main Skill Float: 0.544200
[2019.10.30-00.35.06:463][574]LogTemp: Warning: Main Skill: 56, Main Skill Float: 0.553040
[2019.10.30-00.35.06:472][575]LogTemp: Warning: Main Skill: 57, Main Skill Float: 0.561880
[2019.10.30-00.35.06:483][576]LogTemp: Warning: Main Skill: 58, Main Skill Float: 0.570720
[2019.10.30-00.35.06:494][577]LogTemp: Warning: Main Skill: 59, Main Skill Float: 0.579560
[2019.10.30-00.35.06:503][578]LogTemp: Warning: Main Skill: 60, Main Skill Float: 0.588400
[2019.10.30-00.35.06:514][579]LogTemp: Warning: Main Skill: 61, Main Skill Float: 0.597240
[2019.10.30-00.35.06:525][580]LogTemp: Warning: Main Skill: 62, Main Skill Float: 0.606080
[2019.10.30-00.35.06:535][581]LogTemp: Warning: Main Skill: 63, Main Skill Float: 0.614920
[2019.10.30-00.35.06:547][582]LogTemp: Warning: Main Skill: 64, Main Skill Float: 0.623760
[2019.10.30-00.35.06:558][583]LogTemp: Warning: Main Skill: 65, Main Skill Float: 0.632600
[2019.10.30-00.35.06:567][584]LogTemp: Warning: Main Skill: 66, Main Skill Float: 0.641440
[2019.10.30-00.35.06:581][585]LogTemp: Warning: Main Skill: 67, Main Skill Float: 0.650280
[2019.10.30-00.35.06:595][586]LogTemp: Warning: Main Skill: 68, Main Skill Float: 0.659120
[2019.10.30-00.35.06:608][587]LogTemp: Warning: Main Skill: 69, Main Skill Float: 0.667960
[2019.10.30-00.35.06:619][588]LogTemp: Warning: Main Skill: 70, Main Skill Float: 0.676800
[2019.10.30-00.35.06:630][589]LogTemp: Warning: Main Skill: 71, Main Skill Float: 0.685640
[2019.10.30-00.35.06:642][590]LogTemp: Warning: Main Skill: 72, Main Skill Float: 0.694480
[2019.10.30-00.35.06:652][591]LogTemp: Warning: Main Skill: 73, Main Skill Float: 0.703320
[2019.10.30-00.35.06:663][592]LogTemp: Warning: Main Skill: 74, Main Skill Float: 0.712160
[2019.10.30-00.35.06:674][593]LogTemp: Warning: Main Skill: 75, Main Skill Float: 0.721000
[2019.10.30-00.35.06:685][594]LogTemp: Warning: Main Skill: 76, Main Skill Float: 0.729840
[2019.10.30-00.35.06:696][595]LogTemp: Warning: Main Skill: 77, Main Skill Float: 0.738680
[2019.10.30-00.35.06:707][596]LogTemp: Warning: Main Skill: 78, Main Skill Float: 0.747520
[2019.10.30-00.35.06:716][597]LogTemp: Warning: Main Skill: 79, Main Skill Float: 0.756360
[2019.10.30-00.35.06:728][598]LogTemp: Warning: Main Skill: 80, Main Skill Float: 0.765200
[2019.10.30-00.35.06:738][599]LogTemp: Warning: Main Skill: 81, Main Skill Float: 0.774040
[2019.10.30-00.35.06:749][600]LogTemp: Warning: Main Skill: 82, Main Skill Float: 0.782880
[2019.10.30-00.35.06:759][601]LogTemp: Warning: Main Skill: 83, Main Skill Float: 0.791720
[2019.10.30-00.35.06:770][602]LogTemp: Warning: Main Skill: 84, Main Skill Float: 0.800560
[2019.10.30-00.35.06:782][603]LogTemp: Warning: Main Skill: 85, Main Skill Float: 0.809400
[2019.10.30-00.35.06:793][604]LogTemp: Warning: Main Skill: 86, Main Skill Float: 0.818240
[2019.10.30-00.35.06:803][605]LogTemp: Warning: Main Skill: 87, Main Skill Float: 0.827080
[2019.10.30-00.35.06:816][606]LogTemp: Warning: Main Skill: 88, Main Skill Float: 0.835920
[2019.10.30-00.35.06:827][607]LogTemp: Warning: Main Skill: 89, Main Skill Float: 0.844760
[2019.10.30-00.35.06:837][608]LogTemp: Warning: Main Skill: 90, Main Skill Float: 0.853600
[2019.10.30-00.35.06:851][609]LogTemp: Warning: Main Skill: 91, Main Skill Float: 0.862440
[2019.10.30-00.35.06:865][610]LogTemp: Warning: Main Skill: 92, Main Skill Float: 0.871280
[2019.10.30-00.35.06:879][611]LogTemp: Warning: Main Skill: 93, Main Skill Float: 0.880120
[2019.10.30-00.35.06:889][612]LogTemp: Warning: Main Skill: 94, Main Skill Float: 0.888960
[2019.10.30-00.35.06:901][613]LogTemp: Warning: Main Skill: 95, Main Skill Float: 0.897800
[2019.10.30-00.35.06:912][614]LogTemp: Warning: Main Skill: 96, Main Skill Float: 0.906640
[2019.10.30-00.35.06:921][615]LogTemp: Warning: Main Skill: 97, Main Skill Float: 0.915480
[2019.10.30-00.35.06:933][616]LogTemp: Warning: Main Skill: 98, Main Skill Float: 0.924320
[2019.10.30-00.35.06:947][617]LogTemp: Warning: Main Skill: 99, Main Skill Float: 0.933160
[2019.10.30-00.35.06:960][618]LogTemp: Warning: Play Animation
[2019.10.30-00.35.06:960][618]LogTemp: Warning: Timer Handle was valid
[2019.10.30-00.35.06:960][618]LogTemp: Warning: Play Animation
[2019.10.30-00.35.06:960][618]LogTemp: Warning: Timer Handle was valid
[2019.10.30-00.35.07:685][677]LogBlueprintUserMessages: Early EndPlayMap Detection: Level '/Game/VirtualRealityBP/Maps/UITestMap.UITestMap:PersistentLevel' has LevelScriptBlueprint '/Game/VirtualRealityBP/Maps/UITestMap.UITestMap:PersistentLevel.UITestMap' with GeneratedClass '/Game/VirtualRealityBP/Maps/UITestMap.UITestMap_C' with ClassGeneratedBy '/Game/VirtualRealityBP/Maps/UITestMap.UITestMap:PersistentLevel.UITestMap'
[2019.10.30-00.35.07:685][677]LogSlate: Updating window title bar state: overlay mode, drag disabled, window buttons hidden, title bar hidden
[2019.10.30-00.35.07:685][677]LogWorld: BeginTearingDown for /Game/VirtualRealityBP/Maps/UEDPIE_0_UITestMap
[2019.10.30-00.35.07:687][677]LogWorld: UWorld::CleanupWorld for UITestMap, bSessionEnded=true, bCleanupResources=true
[2019.10.30-00.35.07:702][677]LogPlayLevel: Display: Shutting down PIE online subsystems
[2019.10.30-00.35.07:703][677]LogBlueprintUserMessages: Late EndPlayMap Detection: Level '/Game/VirtualRealityBP/Maps/UITestMap.UITestMap:PersistentLevel' has LevelScriptBlueprint '/Game/VirtualRealityBP/Maps/UITestMap.UITestMap:PersistentLevel.UITestMap' with GeneratedClass '/Game/VirtualRealityBP/Maps/UITestMap.UITestMap_C' with ClassGeneratedBy '/Game/VirtualRealityBP/Maps/UITestMap.UITestMap:PersistentLevel.UITestMap'
[2019.10.30-00.35.07:732][677]LogSlate: Updating window title bar state: overlay mode, drag disabled, window buttons hidden, title bar hidden
[2019.10.30-00.35.07:735][677]LogUObjectHash: Compacting FUObjectHashTables data took   1.50ms
[2019.10.30-00.35.07:793][680]LogPlayLevel: Display: Destroying online subsystem :Context_2
[2019.10.30-00.35.10:012][828]LogUProjectInfo: Found projects:
[2019.10.30-00.35.13:240][ 63]LogSlate: Window 'Open Project' being destroyed
