Log file open, 10/23/19 09:34:19
LogWindows: Failed to load 'aqProf.dll' (GetLastError=126)
LogWindows: File 'aqProf.dll' does not exist
LogWindows: Failed to load 'VtuneApi.dll' (GetLastError=126)
LogWindows: File 'VtuneApi.dll' does not exist
LogWindows: Failed to load 'VtuneApi32e.dll' (GetLastError=126)
LogWindows: File 'VtuneApi32e.dll' does not exist
LogConsoleResponse: Display: Failed to find resolution value strings in scalability ini. Falling back to default.
LogInit: Display: Running engine for game: LastResisters
LogPlatformFile: Not using cached read wrapper
LogTaskGraph: Started task graph with 5 named threads and 23 total threads with 3 sets of task threads.
LogStats: Stats thread started at 0.094500
LogD3D11RHI: Loaded GFSDK_Aftermath_Lib.x64.dll
LogICUInternationalization: ICU TimeZone Detection - Raw Offset: +9:00, Platform Override: ''
LogPluginManager: Mounting plugin Paper2D
LogPluginManager: Mounting plugin AISupport
LogPluginManager: Mounting plugin LightPropagationVolume
LogPluginManager: Mounting plugin ActorLayerUtilities
LogPluginManager: Mounting plugin AnimationSharing
LogPluginManager: Mounting plugin CLionSourceCodeAccess
LogPluginManager: Mounting plugin CodeLiteSourceCodeAccess
LogPluginManager: Mounting plugin GitSourceControl
LogPluginManager: Mounting plugin KDevelopSourceCodeAccess
LogPluginManager: Mounting plugin NullSourceCodeAccess
LogPluginManager: Mounting plugin PerforceSourceControl
LogPluginManager: Mounting plugin SubversionSourceControl
LogPluginManager: Mounting plugin UObjectPlugin
LogPluginManager: Mounting plugin VisualStudioCodeSourceCodeAccess
LogPluginManager: Mounting plugin VisualStudioSourceCodeAccess
LogPluginManager: Mounting plugin XCodeSourceCodeAccess
LogPluginManager: Mounting plugin AssetManagerEditor
LogPluginManager: Mounting plugin CryptoKeys
LogPluginManager: Mounting plugin CurveEditorTools
LogPluginManager: Mounting plugin DataValidation
LogPluginManager: Mounting plugin FacialAnimation
LogPluginManager: Mounting plugin GameplayTagsEditor
LogPluginManager: Mounting plugin MacGraphicsSwitching
LogPluginManager: Mounting plugin MaterialAnalyzer
LogPluginManager: Mounting plugin MobileLauncherProfileWizard
LogPluginManager: Mounting plugin PluginBrowser
LogPluginManager: Mounting plugin SpeedTreeImporter
LogPluginManager: Mounting plugin DatasmithContent
LogPluginManager: Mounting plugin VariantManagerContent
LogPluginManager: Mounting plugin AlembicImporter
LogPluginManager: Mounting plugin AutomationUtils
LogPluginManager: Mounting plugin BackChannel
LogPluginManager: Mounting plugin CharacterAI
LogPluginManager: Mounting plugin GeometryCache
LogPluginManager: Mounting plugin HTML5Networking
LogPluginManager: Mounting plugin PlatformCrypto
LogPluginManager: Mounting plugin ProxyLODPlugin
LogPluginManager: Mounting plugin SkeletalReduction
LogPluginManager: Mounting plugin MagicLeap
LogPluginManager: Mounting plugin MagicLeapMedia
LogPluginManager: Mounting plugin AndroidMedia
LogPluginManager: Mounting plugin AvfMedia
LogPluginManager: Mounting plugin ImgMedia
LogPluginManager: Mounting plugin MediaCompositing
LogPluginManager: Mounting plugin MediaPlayerEditor
LogPluginManager: Mounting plugin WebMMedia
LogPluginManager: Mounting plugin WmfMedia
LogPluginManager: Mounting plugin TcpMessaging
LogPluginManager: Mounting plugin UdpMessaging
LogPluginManager: Mounting plugin ActorSequence
LogPluginManager: Mounting plugin LevelSequenceEditor
LogPluginManager: Mounting plugin MatineeToLevelSequence
LogPluginManager: Mounting plugin NetcodeUnitTest
LogPluginManager: Mounting plugin NUTUnrealEngine4
LogPluginManager: Mounting plugin OnlineSubsystemGooglePlay
LogPluginManager: Mounting plugin OnlineSubsystemIOS
LogPluginManager: Mounting plugin OnlineSubsystem
LogPluginManager: Mounting plugin OnlineSubsystemNull
LogPluginManager: Mounting plugin OnlineSubsystemUtils
LogPluginManager: Mounting plugin LauncherChunkInstaller
LogPluginManager: Mounting plugin AndroidDeviceProfileSelector
LogPluginManager: Mounting plugin AndroidMoviePlayer
LogPluginManager: Mounting plugin AndroidPermission
LogPluginManager: Mounting plugin AppleImageUtils
LogPluginManager: Mounting plugin AppleMoviePlayer
LogPluginManager: Mounting plugin ArchVisCharacter
LogPluginManager: Mounting plugin AudioCapture
LogPluginManager: Mounting plugin CableComponent
LogPluginManager: Mounting plugin CustomMeshComponent
LogPluginManager: Mounting plugin EditableMesh
LogPluginManager: Mounting plugin ExampleDeviceProfileSelector
LogPluginManager: Mounting plugin GoogleCloudMessaging
LogPluginManager: Mounting plugin IOSDeviceProfileSelector
LogPluginManager: Mounting plugin LinuxDeviceProfileSelector
LogPluginManager: Mounting plugin LocationServicesBPLibrary
LogPluginManager: Mounting plugin MobilePatchingUtils
LogPluginManager: Mounting plugin OculusVR
LogPluginManager: Mounting plugin PhysXVehicles
LogPluginManager: Mounting plugin ProceduralMeshComponent
LogPluginManager: Mounting plugin RuntimePhysXCooking
LogPluginManager: Mounting plugin SignificanceManager
LogPluginManager: Mounting plugin SteamVR
LogPluginManager: Mounting plugin WebMMoviePlayer
LogPluginManager: Mounting plugin WindowsMoviePlayer
LogPluginManager: Mounting plugin ScreenshotTools
LogInit: Using libcurl 7.55.1-DEV
LogInit:  - built for x86_64-pc-win32
LogInit:  - supports SSL with OpenSSL/1.1.1
LogInit:  - supports HTTP deflate (compression) using libz 1.2.8
LogInit:  - other features:
LogInit:      CURL_VERSION_SSL
LogInit:      CURL_VERSION_LIBZ
LogInit:      CURL_VERSION_IPV6
LogInit:      CURL_VERSION_ASYNCHDNS
LogInit:      CURL_VERSION_LARGEFILE
LogInit:      CURL_VERSION_IDN
LogInit:  CurlRequestOptions (configurable via config and command line):
LogInit:  - bVerifyPeer = true  - Libcurl will verify peer certificate
LogInit:  - bUseHttpProxy = false  - Libcurl will NOT use HTTP proxy
LogInit:  - bDontReuseConnections = false  - Libcurl will reuse connections
LogInit:  - MaxHostConnections = 16  - Libcurl will limit the number of connections to a host
LogInit:  - LocalHostAddr = Default
LogInit:  - BufferSize = 65536
LogOnline: OSS: Creating online subsystem instance for: NULL
LogInit: WinSock: version 1.1 (2.2), MaxSocks=32767, MaxUdp=65467
LogInit: Build: ++UE4+Release-4.23-CL-8386587
LogInit: Engine Version: 4.23.0-8386587+++UE4+Release-4.23
LogInit: Compatible Engine Version: 4.23.0-8386587+++UE4+Release-4.23
LogInit: Net CL: 8386587
LogInit: OS: Windows 10 (Release 1903) (), CPU: Intel(R) Core(TM) i7-7700HQ CPU @ 2.80GHz, GPU: Intel(R) HD Graphics 630
LogInit: Compiled (64-bit): Aug 31 2019 02:04:44
LogInit: Compiled with Visual C++: 19.16.27030.01
LogInit: Build Configuration: Development
LogInit: Branch Name: ++UE4+Release-4.23
LogInit: Command Line:  -skipcompile
LogInit: Base Directory: D:/Unreal Engine/UE_4.23/Engine/Binaries/Win64/
LogInit: Installed Engine Build: 1
LogDevObjectVersion: Number of dev versions registered: 23
LogDevObjectVersion:   Dev-Blueprints (B0D832E4-1F89-4F0D-ACCF-7EB736FD4AA2): 10
LogDevObjectVersion:   Dev-Build (E1C64328-A22C-4D53-A36C-8E866417BD8C): 0
LogDevObjectVersion:   Dev-Core (375EC13C-06E4-48FB-B500-84F0262A717E): 3
LogDevObjectVersion:   Dev-Editor (E4B068ED-F494-42E9-A231-DA0B2E46BB41): 34
LogDevObjectVersion:   Dev-Framework (CFFC743F-43B0-4480-9391-14DF171D2073): 35
LogDevObjectVersion:   Dev-Mobile (B02B49B5-BB20-44E9-A304-32B752E40360): 2
LogDevObjectVersion:   Dev-Networking (A4E4105C-59A1-49B5-A7C5-40C4547EDFEE): 0
LogDevObjectVersion:   Dev-Online (39C831C9-5AE6-47DC-9A44-9C173E1C8E7C): 0
LogDevObjectVersion:   Dev-Physics (78F01B33-EBEA-4F98-B9B4-84EACCB95AA2): 0
LogDevObjectVersion:   Dev-Platform (6631380F-2D4D-43E0-8009-CF276956A95A): 0
LogDevObjectVersion:   Dev-Rendering (12F88B9F-8875-4AFC-A67C-D90C383ABD29): 31
LogDevObjectVersion:   Dev-Sequencer (7B5AE74C-D270-4C10-A958-57980B212A5A): 11
LogDevObjectVersion:   Dev-VR (D7296918-1DD6-4BDD-9DE2-64A83CC13884): 2
LogDevObjectVersion:   Dev-LoadTimes (C2A15278-BFE7-4AFE-6C17-90FF531DF755): 1
LogDevObjectVersion:   Private-Geometry (6EACA3D4-40EC-4CC1-B786-8BED09428FC5): 3
LogDevObjectVersion:   Dev-AnimPhys (29E575DD-E0A3-4627-9D10-D276232CDCEA): 17
LogDevObjectVersion:   Dev-Anim (AF43A65D-7FD3-4947-9873-3E8ED9C1BB05): 2
LogDevObjectVersion:   Dev-ReflectionCapture (6B266CEC-1EC7-4B8F-A30B-E4D90942FC07): 1
LogDevObjectVersion:   Dev-Automation (0DF73D61-A23F-47EA-B727-89E90C41499A): 1
LogDevObjectVersion:   FortniteMain (601D1886-AC64-4F84-AA16-D3DE0DEAC7D6): 27
LogDevObjectVersion:   Dev-Enterprise (9DFFBCD6-494F-0158-E221-12823C92A888): 6
LogDevObjectVersion:   Dev-Niagara (F2AED0AC-9AFE-416F-8664-AA7FFA26D6FC): 1
LogDevObjectVersion:   Dev-Destruction (174F1F0B-B4C6-45A5-B13F-2EE8D0FB917D): 9
LogInit: Presizing for max 16777216 objects, including 0 objects not considered by GC, pre-allocating 0 bytes for permanent pool.
LogInit: Object subsystem initialized
LogConfig: Setting CVar [[con.DebugEarlyDefault:1]]
LogConfig: Setting CVar [[r.setres:1280x720]]
[2019.10.23-00.34.20:418][  0]LogConfig: Setting CVar [[r.VSync:0]]
[2019.10.23-00.34.20:418][  0]LogConfig: Setting CVar [[r.RHICmdBypass:0]]
[2019.10.23-00.34.20:418][  0]LogConfig: Applying CVar settings from Section [/Script/Engine.RendererSettings] File [C:/Users/17004523/Documents/LastResisters/LastResisters/Saved/Config/Windows/Engine.ini]
[2019.10.23-00.34.20:418][  0]LogConfig: Setting CVar [[r.GPUCrashDebugging:0]]
[2019.10.23-00.34.20:418][  0]LogConfig: Setting CVar [[r.DefaultFeature.AmbientOcclusion:0]]
[2019.10.23-00.34.20:418][  0]LogConfig: Setting CVar [[r.DefaultFeature.AmbientOcclusionStaticFraction:0]]
[2019.10.23-00.34.20:418][  0]LogConfig: Setting CVar [[vr.InstancedStereo:1]]
[2019.10.23-00.34.20:418][  0]LogConfig: Setting CVar [[r.SeparateTranslucency:0]]
[2019.10.23-00.34.20:418][  0]LogConfig: Setting CVar [[r.HZBOcclusion:0]]
[2019.10.23-00.34.20:418][  0]LogConfig: Setting CVar [[r.SSR.MaxRoughness:0]]
[2019.10.23-00.34.20:418][  0]LogConfig: Setting CVar [[r.rhicmdbypass:0]]
[2019.10.23-00.34.20:418][  0]LogConfig: Setting CVar [[r.Mobile.UseHWsRGBEncoding:1]]
[2019.10.23-00.34.20:418][  0]LogConfig: Applying CVar settings from Section [/Script/Engine.RendererOverrideSettings] File [C:/Users/17004523/Documents/LastResisters/LastResisters/Saved/Config/Windows/Engine.ini]
[2019.10.23-00.34.20:418][  0]LogConfig: Applying CVar settings from Section [/Script/Engine.StreamingSettings] File [C:/Users/17004523/Documents/LastResisters/LastResisters/Saved/Config/Windows/Engine.ini]
[2019.10.23-00.34.20:418][  0]LogConfig: Setting CVar [[s.MinBulkDataSizeForAsyncLoading:131072]]
[2019.10.23-00.34.20:418][  0]LogConfig: Setting CVar [[s.AsyncLoadingThreadEnabled:0]]
[2019.10.23-00.34.20:418][  0]LogConfig: Setting CVar [[s.EventDrivenLoaderEnabled:1]]
[2019.10.23-00.34.20:418][  0]LogConfig: Setting CVar [[s.WarnIfTimeLimitExceeded:0]]
[2019.10.23-00.34.20:418][  0]LogConfig: Setting CVar [[s.TimeLimitExceededMultiplier:1.5]]
[2019.10.23-00.34.20:418][  0]LogConfig: Setting CVar [[s.TimeLimitExceededMinTime:0.005]]
[2019.10.23-00.34.20:418][  0]LogConfig: Setting CVar [[s.UseBackgroundLevelStreaming:1]]
[2019.10.23-00.34.20:418][  0]LogConfig: Setting CVar [[s.PriorityAsyncLoadingExtraTime:15.0]]
[2019.10.23-00.34.20:418][  0]LogConfig: Setting CVar [[s.LevelStreamingActorsUpdateTimeLimit:5.0]]
[2019.10.23-00.34.20:418][  0]LogConfig: Setting CVar [[s.PriorityLevelStreamingActorsUpdateExtraTime:5.0]]
[2019.10.23-00.34.20:418][  0]LogConfig: Setting CVar [[s.LevelStreamingComponentsRegistrationGranularity:10]]
[2019.10.23-00.34.20:418][  0]LogConfig: Setting CVar [[s.UnregisterComponentsTimeLimit:1.0]]
[2019.10.23-00.34.20:418][  0]LogConfig: Setting CVar [[s.LevelStreamingComponentsUnregistrationGranularity:5]]
[2019.10.23-00.34.20:418][  0]LogConfig: Applying CVar settings from Section [/Script/Engine.GarbageCollectionSettings] File [C:/Users/17004523/Documents/LastResisters/LastResisters/Saved/Config/Windows/Engine.ini]
[2019.10.23-00.34.20:418][  0]LogConfig: Setting CVar [[gc.MaxObjectsNotConsideredByGC:1]]
[2019.10.23-00.34.20:418][  0]LogConfig: Setting CVar [[gc.SizeOfPermanentObjectPool:0]]
[2019.10.23-00.34.20:418][  0]LogConfig: Setting CVar [[gc.FlushStreamingOnGC:0]]
[2019.10.23-00.34.20:418][  0]LogConfig: Setting CVar [[gc.NumRetriesBeforeForcingGC:10]]
[2019.10.23-00.34.20:418][  0]LogConfig: Setting CVar [[gc.AllowParallelGC:1]]
[2019.10.23-00.34.20:418][  0]LogConfig: Setting CVar [[gc.TimeBetweenPurgingPendingKillObjects:61.1]]
[2019.10.23-00.34.20:418][  0]LogConfig: Setting CVar [[gc.MaxObjectsInEditor:16777216]]
[2019.10.23-00.34.20:418][  0]LogConfig: Setting CVar [[gc.IncrementalBeginDestroyEnabled:1]]
[2019.10.23-00.34.20:418][  0]LogConfig: Setting CVar [[gc.CreateGCClusters:1]]
[2019.10.23-00.34.20:418][  0]LogConfig: Setting CVar [[gc.MinGCClusterSize:5]]
[2019.10.23-00.34.20:418][  0]LogConfig: Setting CVar [[gc.ActorClusteringEnabled:0]]
[2019.10.23-00.34.20:418][  0]LogConfig: Setting CVar [[gc.BlueprintClusteringEnabled:0]]
[2019.10.23-00.34.20:418][  0]LogConfig: Setting CVar [[gc.UseDisregardForGCOnDedicatedServers:0]]
[2019.10.23-00.34.20:418][  0]LogConfig: Applying CVar settings from Section [/Script/Engine.NetworkSettings] File [C:/Users/17004523/Documents/LastResisters/LastResisters/Saved/Config/Windows/Engine.ini]
[2019.10.23-00.34.20:418][  0]LogConfig: Applying CVar settings from Section [/Script/UnrealEd.CookerSettings] File [C:/Users/17004523/Documents/LastResisters/LastResisters/Saved/Config/Windows/Engine.ini]
[2019.10.23-00.34.20:427][  0]LogConfig: Applying CVar settings from Section [ViewDistanceQuality@3] File [C:/Users/17004523/Documents/LastResisters/LastResisters/Saved/Config/Windows/Scalability.ini]
[2019.10.23-00.34.20:427][  0]LogConfig: Setting CVar [[r.SkeletalMeshLODBias:0]]
[2019.10.23-00.34.20:427][  0]LogConfig: Setting CVar [[r.ViewDistanceScale:1.0]]
[2019.10.23-00.34.20:427][  0]LogConfig: Applying CVar settings from Section [AntiAliasingQuality@3] File [C:/Users/17004523/Documents/LastResisters/LastResisters/Saved/Config/Windows/Scalability.ini]
[2019.10.23-00.34.20:427][  0]LogConfig: Setting CVar [[r.PostProcessAAQuality:3]]
[2019.10.23-00.34.20:427][  0]LogConfig: Applying CVar settings from Section [ShadowQuality@3] File [C:/Users/17004523/Documents/LastResisters/LastResisters/Saved/Config/Windows/Scalability.ini]
[2019.10.23-00.34.20:427][  0]LogConfig: Setting CVar [[r.LightFunctionQuality:1]]
[2019.10.23-00.34.20:427][  0]LogConfig: Setting CVar [[r.ShadowQuality:5]]
[2019.10.23-00.34.20:427][  0]LogConfig: Setting CVar [[r.Shadow.CSM.MaxCascades:10]]
[2019.10.23-00.34.20:427][  0]LogConfig: Setting CVar [[r.Shadow.MaxResolution:2048]]
[2019.10.23-00.34.20:427][  0]LogConfig: Setting CVar [[r.Shadow.MaxCSMResolution:2048]]
[2019.10.23-00.34.20:427][  0]LogConfig: Setting CVar [[r.Shadow.RadiusThreshold:0.01]]
[2019.10.23-00.34.20:427][  0]LogConfig: Setting CVar [[r.Shadow.DistanceScale:1.0]]
[2019.10.23-00.34.20:427][  0]LogConfig: Setting CVar [[r.Shadow.CSM.TransitionScale:1.0]]
[2019.10.23-00.34.20:427][  0]LogConfig: Setting CVar [[r.Shadow.PreShadowResolutionFactor:1.0]]
[2019.10.23-00.34.20:427][  0]LogConfig: Setting CVar [[r.DistanceFieldShadowing:1]]
[2019.10.23-00.34.20:427][  0]LogConfig: Setting CVar [[r.DistanceFieldAO:1]]
[2019.10.23-00.34.20:427][  0]LogConfig: Setting CVar [[r.AOQuality:2]]
[2019.10.23-00.34.20:427][  0]LogConfig: Setting CVar [[r.VolumetricFog:1]]
[2019.10.23-00.34.20:427][  0]LogConfig: Setting CVar [[r.VolumetricFog.GridPixelSize:8]]
[2019.10.23-00.34.20:427][  0]LogConfig: Setting CVar [[r.VolumetricFog.GridSizeZ:128]]
[2019.10.23-00.34.20:427][  0]LogConfig: Setting CVar [[r.VolumetricFog.HistoryMissSupersampleCount:4]]
[2019.10.23-00.34.20:427][  0]LogConfig: Setting CVar [[r.LightMaxDrawDistanceScale:1]]
[2019.10.23-00.34.20:427][  0]LogConfig: Setting CVar [[r.CapsuleShadows:1]]
[2019.10.23-00.34.20:427][  0]LogConfig: Applying CVar settings from Section [PostProcessQuality@3] File [C:/Users/17004523/Documents/LastResisters/LastResisters/Saved/Config/Windows/Scalability.ini]
[2019.10.23-00.34.20:427][  0]LogConfig: Setting CVar [[r.MotionBlurQuality:0]]
[2019.10.23-00.34.20:427][  0]LogConfig: Setting CVar [[r.AmbientOcclusionMipLevelFactor:0.4]]
[2019.10.23-00.34.20:427][  0]LogConfig: Setting CVar [[r.AmbientOcclusionMaxQuality:100]]
[2019.10.23-00.34.20:427][  0]LogConfig: Setting CVar [[r.AmbientOcclusionLevels:0]]
[2019.10.23-00.34.20:427][  0]LogConfig: Setting CVar [[r.AmbientOcclusionRadiusScale:1.0]]
[2019.10.23-00.34.20:427][  0]LogConfig: Setting CVar [[r.DepthOfFieldQuality:0]]
[2019.10.23-00.34.20:427][  0]LogConfig: Setting CVar [[r.RenderTargetPoolMin:400]]
[2019.10.23-00.34.20:428][  0]LogConfig: Setting CVar [[r.LensFlareQuality:0]]
[2019.10.23-00.34.20:428][  0]LogConfig: Setting CVar [[r.SceneColorFringeQuality:0]]
[2019.10.23-00.34.20:428][  0]LogConfig: Setting CVar [[r.EyeAdaptationQuality:2]]
[2019.10.23-00.34.20:428][  0]LogConfig: Setting CVar [[r.BloomQuality:1]]
[2019.10.23-00.34.20:428][  0]LogConfig: Setting CVar [[r.FastBlurThreshold:0]]
[2019.10.23-00.34.20:428][  0]LogConfig: Setting CVar [[r.Upscale.Quality:3]]
[2019.10.23-00.34.20:428][  0]LogConfig: Setting CVar [[r.Tonemapper.GrainQuantization:1]]
[2019.10.23-00.34.20:428][  0]LogConfig: Setting CVar [[r.LightShaftQuality:1]]
[2019.10.23-00.34.20:428][  0]LogConfig: Setting CVar [[r.Filter.SizeScale:1]]
[2019.10.23-00.34.20:428][  0]LogConfig: Setting CVar [[r.Tonemapper.Quality:5]]
[2019.10.23-00.34.20:428][  0]LogConfig: Setting CVar [[r.DOF.Gather.AccumulatorQuality:1        ; higher gathering accumulator quality]]
[2019.10.23-00.34.20:428][  0]LogConfig: Setting CVar [[r.DOF.Gather.PostfilterMethod:1          ; Median3x3 postfilering method]]
[2019.10.23-00.34.20:428][  0]LogConfig: Setting CVar [[r.DOF.Gather.EnableBokehSettings:0       ; no bokeh simulation when gathering]]
[2019.10.23-00.34.20:428][  0]LogConfig: Setting CVar [[r.DOF.Gather.RingCount:4                 ; medium number of samples when gathering]]
[2019.10.23-00.34.20:428][  0]LogConfig: Setting CVar [[r.DOF.Scatter.ForegroundCompositing:1    ; additive foreground scattering]]
[2019.10.23-00.34.20:428][  0]LogConfig: Setting CVar [[r.DOF.Scatter.BackgroundCompositing:2    ; additive background scattering]]
[2019.10.23-00.34.20:428][  0]LogConfig: Setting CVar [[r.DOF.Scatter.EnableBokehSettings:1      ; bokeh simulation when scattering]]
[2019.10.23-00.34.20:428][  0]LogConfig: Setting CVar [[r.DOF.Scatter.MaxSpriteRatio:0.1         ; only a maximum of 10% of scattered bokeh]]
[2019.10.23-00.34.20:428][  0]LogConfig: Setting CVar [[r.DOF.Recombine.Quality:1                ; cheap slight out of focus]]
[2019.10.23-00.34.20:428][  0]LogConfig: Setting CVar [[r.DOF.Recombine.EnableBokehSettings:0    ; no bokeh simulation on slight out of focus]]
[2019.10.23-00.34.20:428][  0]LogConfig: Setting CVar [[r.DOF.TemporalAAQuality:1                ; more stable temporal accumulation]]
[2019.10.23-00.34.20:428][  0]LogConfig: Setting CVar [[r.DOF.Kernel.MaxForegroundRadius:0.025]]
[2019.10.23-00.34.20:428][  0]LogConfig: Setting CVar [[r.DOF.Kernel.MaxBackgroundRadius:0.025]]
[2019.10.23-00.34.20:428][  0]LogConfig: Applying CVar settings from Section [TextureQuality@3] File [C:/Users/17004523/Documents/LastResisters/LastResisters/Saved/Config/Windows/Scalability.ini]
[2019.10.23-00.34.20:428][  0]LogConfig: Setting CVar [[r.Streaming.MipBias:0]]
[2019.10.23-00.34.20:428][  0]LogConfig: Setting CVar [[r.Streaming.AmortizeCPUToGPUCopy:0]]
[2019.10.23-00.34.20:428][  0]LogConfig: Setting CVar [[r.Streaming.MaxNumTexturesToStreamPerFrame:0]]
[2019.10.23-00.34.20:428][  0]LogConfig: Setting CVar [[r.Streaming.Boost:1]]
[2019.10.23-00.34.20:428][  0]LogConfig: Setting CVar [[r.MaxAnisotropy:8]]
[2019.10.23-00.34.20:428][  0]LogConfig: Setting CVar [[r.Streaming.LimitPoolSizeToVRAM:0]]
[2019.10.23-00.34.20:428][  0]LogConfig: Setting CVar [[r.Streaming.PoolSize:1000]]
[2019.10.23-00.34.20:428][  0]LogConfig: Setting CVar [[r.Streaming.MaxEffectiveScreenSize:0]]
[2019.10.23-00.34.20:428][  0]LogConfig: Applying CVar settings from Section [EffectsQuality@3] File [C:/Users/17004523/Documents/LastResisters/LastResisters/Saved/Config/Windows/Scalability.ini]
[2019.10.23-00.34.20:428][  0]LogConfig: Setting CVar [[r.TranslucencyLightingVolumeDim:4]]
[2019.10.23-00.34.20:428][  0]LogConfig: Setting CVar [[r.RefractionQuality:2]]
[2019.10.23-00.34.20:428][  0]LogConfig: Setting CVar [[r.SSR.Quality:0]]
[2019.10.23-00.34.20:428][  0]LogConfig: Setting CVar [[r.SceneColorFormat:2]]
[2019.10.23-00.34.20:428][  0]LogConfig: Setting CVar [[r.DetailMode:2]]
[2019.10.23-00.34.20:428][  0]LogConfig: Setting CVar [[r.TranslucencyVolumeBlur:0]]
[2019.10.23-00.34.20:428][  0]LogConfig: Setting CVar [[r.MaterialQualityLevel:1 ; High quality]]
[2019.10.23-00.34.20:428][  0]LogConfig: Setting CVar [[r.SSS.Scale:1]]
[2019.10.23-00.34.20:428][  0]LogConfig: Setting CVar [[r.SSS.SampleSet:2]]
[2019.10.23-00.34.20:428][  0]LogConfig: Setting CVar [[r.SSS.Quality:1]]
[2019.10.23-00.34.20:428][  0]LogConfig: Setting CVar [[r.SSS.HalfRes:1]]
[2019.10.23-00.34.20:429][  0]LogConfig: Setting CVar [[r.EmitterSpawnRateScale:1.0]]
[2019.10.23-00.34.20:429][  0]LogConfig: Setting CVar [[r.ParticleLightQuality:2]]
[2019.10.23-00.34.20:429][  0]LogConfig: Applying CVar settings from Section [FoliageQuality@3] File [C:/Users/17004523/Documents/LastResisters/LastResisters/Saved/Config/Windows/Scalability.ini]
[2019.10.23-00.34.20:429][  0]LogConfig: Setting CVar [[foliage.DensityScale:1.0]]
[2019.10.23-00.34.20:429][  0]LogConfig: Setting CVar [[grass.DensityScale:1.0]]
[2019.10.23-00.34.20:429][  0]LogInit: Selected Device Profile: [Windows]
[2019.10.23-00.34.20:429][  0]LogInit: Applying CVar settings loaded from the selected device profile: [Windows]
[2019.10.23-00.34.20:434][  0]LogHAL: Display: Platform has ~ 16 GB [17055166464 / 17179869184 / 16], which maps to Larger [LargestMinGB=32, LargerMinGB=12, DefaultMinGB=8, SmallerMinGB=6, SmallestMinGB=0)
[2019.10.23-00.34.20:435][  0]LogInit: Going up to parent DeviceProfile []
[2019.10.23-00.34.20:435][  0]LogConfig: Applying CVar settings from Section [ViewDistanceQuality@3] File [C:/Users/17004523/Documents/LastResisters/LastResisters/Saved/Config/Windows/Scalability.ini]
[2019.10.23-00.34.20:435][  0]LogConfig: Setting CVar [[r.SkeletalMeshLODBias:0]]
[2019.10.23-00.34.20:435][  0]LogConfig: Setting CVar [[r.ViewDistanceScale:1.0]]
[2019.10.23-00.34.20:435][  0]LogConfig: Applying CVar settings from Section [AntiAliasingQuality@3] File [C:/Users/17004523/Documents/LastResisters/LastResisters/Saved/Config/Windows/Scalability.ini]
[2019.10.23-00.34.20:435][  0]LogConfig: Setting CVar [[r.PostProcessAAQuality:3]]
[2019.10.23-00.34.20:435][  0]LogConfig: Applying CVar settings from Section [ShadowQuality@3] File [C:/Users/17004523/Documents/LastResisters/LastResisters/Saved/Config/Windows/Scalability.ini]
[2019.10.23-00.34.20:435][  0]LogConfig: Setting CVar [[r.LightFunctionQuality:1]]
[2019.10.23-00.34.20:435][  0]LogConfig: Setting CVar [[r.ShadowQuality:5]]
[2019.10.23-00.34.20:435][  0]LogConfig: Setting CVar [[r.Shadow.CSM.MaxCascades:10]]
[2019.10.23-00.34.20:435][  0]LogConfig: Setting CVar [[r.Shadow.MaxResolution:2048]]
[2019.10.23-00.34.20:435][  0]LogConfig: Setting CVar [[r.Shadow.MaxCSMResolution:2048]]
[2019.10.23-00.34.20:435][  0]LogConfig: Setting CVar [[r.Shadow.RadiusThreshold:0.01]]
[2019.10.23-00.34.20:435][  0]LogConfig: Setting CVar [[r.Shadow.DistanceScale:1.0]]
[2019.10.23-00.34.20:435][  0]LogConfig: Setting CVar [[r.Shadow.CSM.TransitionScale:1.0]]
[2019.10.23-00.34.20:435][  0]LogConfig: Setting CVar [[r.Shadow.PreShadowResolutionFactor:1.0]]
[2019.10.23-00.34.20:435][  0]LogConfig: Setting CVar [[r.DistanceFieldShadowing:1]]
[2019.10.23-00.34.20:435][  0]LogConfig: Setting CVar [[r.DistanceFieldAO:1]]
[2019.10.23-00.34.20:435][  0]LogConfig: Setting CVar [[r.AOQuality:2]]
[2019.10.23-00.34.20:435][  0]LogConfig: Setting CVar [[r.VolumetricFog:1]]
[2019.10.23-00.34.20:435][  0]LogConfig: Setting CVar [[r.VolumetricFog.GridPixelSize:8]]
[2019.10.23-00.34.20:435][  0]LogConfig: Setting CVar [[r.VolumetricFog.GridSizeZ:128]]
[2019.10.23-00.34.20:435][  0]LogConfig: Setting CVar [[r.VolumetricFog.HistoryMissSupersampleCount:4]]
[2019.10.23-00.34.20:435][  0]LogConfig: Setting CVar [[r.LightMaxDrawDistanceScale:1]]
[2019.10.23-00.34.20:435][  0]LogConfig: Setting CVar [[r.CapsuleShadows:1]]
[2019.10.23-00.34.20:435][  0]LogConfig: Applying CVar settings from Section [PostProcessQuality@3] File [C:/Users/17004523/Documents/LastResisters/LastResisters/Saved/Config/Windows/Scalability.ini]
[2019.10.23-00.34.20:435][  0]LogConfig: Setting CVar [[r.MotionBlurQuality:0]]
[2019.10.23-00.34.20:435][  0]LogConfig: Setting CVar [[r.AmbientOcclusionMipLevelFactor:0.4]]
[2019.10.23-00.34.20:435][  0]LogConfig: Setting CVar [[r.AmbientOcclusionMaxQuality:100]]
[2019.10.23-00.34.20:435][  0]LogConfig: Setting CVar [[r.AmbientOcclusionLevels:0]]
[2019.10.23-00.34.20:435][  0]LogConfig: Setting CVar [[r.AmbientOcclusionRadiusScale:1.0]]
[2019.10.23-00.34.20:435][  0]LogConfig: Setting CVar [[r.DepthOfFieldQuality:0]]
[2019.10.23-00.34.20:435][  0]LogConfig: Setting CVar [[r.RenderTargetPoolMin:400]]
[2019.10.23-00.34.20:435][  0]LogConfig: Setting CVar [[r.LensFlareQuality:0]]
[2019.10.23-00.34.20:435][  0]LogConfig: Setting CVar [[r.SceneColorFringeQuality:0]]
[2019.10.23-00.34.20:435][  0]LogConfig: Setting CVar [[r.EyeAdaptationQuality:2]]
[2019.10.23-00.34.20:435][  0]LogConfig: Setting CVar [[r.BloomQuality:1]]
[2019.10.23-00.34.20:435][  0]LogConfig: Setting CVar [[r.FastBlurThreshold:0]]
[2019.10.23-00.34.20:435][  0]LogConfig: Setting CVar [[r.Upscale.Quality:3]]
[2019.10.23-00.34.20:435][  0]LogConfig: Setting CVar [[r.Tonemapper.GrainQuantization:1]]
[2019.10.23-00.34.20:435][  0]LogConfig: Setting CVar [[r.LightShaftQuality:1]]
[2019.10.23-00.34.20:435][  0]LogConfig: Setting CVar [[r.Filter.SizeScale:1]]
[2019.10.23-00.34.20:435][  0]LogConfig: Setting CVar [[r.Tonemapper.Quality:5]]
[2019.10.23-00.34.20:435][  0]LogConfig: Setting CVar [[r.DOF.Gather.AccumulatorQuality:1        ; higher gathering accumulator quality]]
[2019.10.23-00.34.20:435][  0]LogConfig: Setting CVar [[r.DOF.Gather.PostfilterMethod:1          ; Median3x3 postfilering method]]
[2019.10.23-00.34.20:435][  0]LogConfig: Setting CVar [[r.DOF.Gather.EnableBokehSettings:0       ; no bokeh simulation when gathering]]
[2019.10.23-00.34.20:435][  0]LogConfig: Setting CVar [[r.DOF.Gather.RingCount:4                 ; medium number of samples when gathering]]
[2019.10.23-00.34.20:435][  0]LogConfig: Setting CVar [[r.DOF.Scatter.ForegroundCompositing:1    ; additive foreground scattering]]
[2019.10.23-00.34.20:435][  0]LogConfig: Setting CVar [[r.DOF.Scatter.BackgroundCompositing:2    ; additive background scattering]]
[2019.10.23-00.34.20:435][  0]LogConfig: Setting CVar [[r.DOF.Scatter.EnableBokehSettings:1      ; bokeh simulation when scattering]]
[2019.10.23-00.34.20:435][  0]LogConfig: Setting CVar [[r.DOF.Scatter.MaxSpriteRatio:0.1         ; only a maximum of 10% of scattered bokeh]]
[2019.10.23-00.34.20:435][  0]LogConfig: Setting CVar [[r.DOF.Recombine.Quality:1                ; cheap slight out of focus]]
[2019.10.23-00.34.20:435][  0]LogConfig: Setting CVar [[r.DOF.Recombine.EnableBokehSettings:0    ; no bokeh simulation on slight out of focus]]
[2019.10.23-00.34.20:435][  0]LogConfig: Setting CVar [[r.DOF.TemporalAAQuality:1                ; more stable temporal accumulation]]
[2019.10.23-00.34.20:436][  0]LogConfig: Setting CVar [[r.DOF.Kernel.MaxForegroundRadius:0.025]]
[2019.10.23-00.34.20:436][  0]LogConfig: Setting CVar [[r.DOF.Kernel.MaxBackgroundRadius:0.025]]
[2019.10.23-00.34.20:436][  0]LogConfig: Applying CVar settings from Section [TextureQuality@3] File [C:/Users/17004523/Documents/LastResisters/LastResisters/Saved/Config/Windows/Scalability.ini]
[2019.10.23-00.34.20:436][  0]LogConfig: Setting CVar [[r.Streaming.MipBias:0]]
[2019.10.23-00.34.20:436][  0]LogConfig: Setting CVar [[r.Streaming.AmortizeCPUToGPUCopy:0]]
[2019.10.23-00.34.20:436][  0]LogConfig: Setting CVar [[r.Streaming.MaxNumTexturesToStreamPerFrame:0]]
[2019.10.23-00.34.20:436][  0]LogConfig: Setting CVar [[r.Streaming.Boost:1]]
[2019.10.23-00.34.20:436][  0]LogConfig: Setting CVar [[r.MaxAnisotropy:8]]
[2019.10.23-00.34.20:436][  0]LogConfig: Setting CVar [[r.Streaming.LimitPoolSizeToVRAM:0]]
[2019.10.23-00.34.20:436][  0]LogConfig: Setting CVar [[r.Streaming.PoolSize:1000]]
[2019.10.23-00.34.20:436][  0]LogConfig: Setting CVar [[r.Streaming.MaxEffectiveScreenSize:0]]
[2019.10.23-00.34.20:436][  0]LogConfig: Applying CVar settings from Section [EffectsQuality@3] File [C:/Users/17004523/Documents/LastResisters/LastResisters/Saved/Config/Windows/Scalability.ini]
[2019.10.23-00.34.20:436][  0]LogConfig: Setting CVar [[r.TranslucencyLightingVolumeDim:4]]
[2019.10.23-00.34.20:436][  0]LogConfig: Setting CVar [[r.RefractionQuality:2]]
[2019.10.23-00.34.20:436][  0]LogConfig: Setting CVar [[r.SSR.Quality:0]]
[2019.10.23-00.34.20:436][  0]LogConfig: Setting CVar [[r.SceneColorFormat:2]]
[2019.10.23-00.34.20:436][  0]LogConfig: Setting CVar [[r.DetailMode:2]]
[2019.10.23-00.34.20:436][  0]LogConfig: Setting CVar [[r.TranslucencyVolumeBlur:0]]
[2019.10.23-00.34.20:436][  0]LogConfig: Setting CVar [[r.MaterialQualityLevel:1 ; High quality]]
[2019.10.23-00.34.20:436][  0]LogConfig: Setting CVar [[r.SSS.Scale:1]]
[2019.10.23-00.34.20:436][  0]LogConfig: Setting CVar [[r.SSS.SampleSet:2]]
[2019.10.23-00.34.20:436][  0]LogConfig: Setting CVar [[r.SSS.Quality:1]]
[2019.10.23-00.34.20:436][  0]LogConfig: Setting CVar [[r.SSS.HalfRes:1]]
[2019.10.23-00.34.20:436][  0]LogConfig: Setting CVar [[r.EmitterSpawnRateScale:1.0]]
[2019.10.23-00.34.20:436][  0]LogConfig: Setting CVar [[r.ParticleLightQuality:2]]
[2019.10.23-00.34.20:436][  0]LogConfig: Applying CVar settings from Section [FoliageQuality@3] File [C:/Users/17004523/Documents/LastResisters/LastResisters/Saved/Config/Windows/Scalability.ini]
[2019.10.23-00.34.20:436][  0]LogConfig: Setting CVar [[foliage.DensityScale:1.0]]
[2019.10.23-00.34.20:436][  0]LogConfig: Setting CVar [[grass.DensityScale:1.0]]
[2019.10.23-00.34.20:436][  0]LogConfig: Applying CVar settings from Section [Startup] File [../../../Engine/Config/ConsoleVariables.ini]
[2019.10.23-00.34.20:437][  0]LogConfig: Setting CVar [[net.UseAdaptiveNetUpdateFrequency:0]]
[2019.10.23-00.34.20:437][  0]LogConfig: Setting CVar [[p.chaos.AllowCreatePhysxBodies:1]]
[2019.10.23-00.34.20:437][  0]LogConfig: Applying CVar settings from Section [ConsoleVariables] File [C:/Users/17004523/Documents/LastResisters/LastResisters/Saved/Config/Windows/Engine.ini]
[2019.10.23-00.34.20:437][  0]LogInit: Computer: PFT-17004523
[2019.10.23-00.34.20:437][  0]LogInit: User: 17004523
[2019.10.23-00.34.20:437][  0]LogInit: CPU Page size=4096, Cores=4
[2019.10.23-00.34.20:437][  0]LogInit: High frequency timer resolution =10.000000 MHz
[2019.10.23-00.34.20:438][  0]LogMemory: Memory total: Physical=15.9GB (16GB approx)
[2019.10.23-00.34.20:438][  0]LogMemory: Platform Memory Stats for Windows
[2019.10.23-00.34.20:438][  0]LogMemory: Process Physical Memory: 101.63 MB used, 101.63 MB peak
[2019.10.23-00.34.20:438][  0]LogMemory: Process Virtual Memory: 89.21 MB used, 89.21 MB peak
[2019.10.23-00.34.20:438][  0]LogMemory: Physical Memory: 12872.45 MB used,  3392.63 MB free, 16265.07 MB total
[2019.10.23-00.34.20:438][  0]LogMemory: Virtual Memory: 4657.90 MB used,  134213072.00 MB free, 134217728.00 MB total
[2019.10.23-00.34.20:451][  0]LogWindows: WindowsPlatformFeatures enabled
[2019.10.23-00.34.20:739][  0]LogInit: Using OS detected language (en-US).
[2019.10.23-00.34.20:739][  0]LogInit: Using OS detected locale (en-SG).
[2019.10.23-00.34.20:740][  0]LogTextLocalizationManager: No specific localization for 'en-US' exists, so the 'en' localization will be used.
[2019.10.23-00.34.21:441][  0]LogInit: Setting process to per monitor DPI aware
[2019.10.23-00.34.21:626][  0]LogSlate: New Slate User Created.  User Index 0, Is Virtual User: 0
[2019.10.23-00.34.21:626][  0]LogSlate: Slate User Registered.  User Index 0, Is Virtual User: 0
[2019.10.23-00.34.22:686][  0]LogHMD: Failed to initialize OpenVR with code 110
[2019.10.23-00.34.22:686][  0]LogD3D11RHI: D3D11 adapters:
[2019.10.23-00.34.22:829][  0]LogD3D11RHI:    0. 'NVIDIA GeForce GTX 1050' (Feature Level 11_0)
[2019.10.23-00.34.22:829][  0]LogD3D11RHI:       4021/0/8132 MB DedicatedVideo/DedicatedSystem/SharedSystem, Outputs:2, VendorId:0x10de
[2019.10.23-00.34.22:842][  0]LogD3D11RHI:    1. 'Intel(R) HD Graphics 630' (Feature Level 11_0)
[2019.10.23-00.34.22:842][  0]LogD3D11RHI:       128/0/8132 MB DedicatedVideo/DedicatedSystem/SharedSystem, Outputs:0, VendorId:0x8086
[2019.10.23-00.34.22:852][  0]LogD3D11RHI:    2. 'Microsoft Basic Render Driver' (Feature Level 11_0)
[2019.10.23-00.34.22:852][  0]LogD3D11RHI:       0/0/8132 MB DedicatedVideo/DedicatedSystem/SharedSystem, Outputs:0, VendorId:0x1414
[2019.10.23-00.34.22:852][  0]LogD3D11RHI: Chosen D3D11 Adapter: 0
[2019.10.23-00.34.22:900][  0]LogD3D11RHI: Creating new Direct3DDevice
[2019.10.23-00.34.22:900][  0]LogD3D11RHI:     GPU DeviceId: 0x1c8d (for the marketing name, search the web for "GPU Device Id")
[2019.10.23-00.34.22:900][  0]LogWindows: EnumDisplayDevices:
[2019.10.23-00.34.22:901][  0]LogWindows:    0. 'Intel(R) HD Graphics 630' (P:1 D:1)
[2019.10.23-00.34.22:901][  0]LogWindows:    1. 'Intel(R) HD Graphics 630' (P:0 D:1)
[2019.10.23-00.34.22:901][  0]LogWindows:    2. 'Intel(R) HD Graphics 630' (P:0 D:0)
[2019.10.23-00.34.22:902][  0]LogWindows: DebugString: PrimaryIsNotTheChoosenAdapter PrimaryIsNotTheChoosenAdapter PrimaryIsNotTheChoosenAdapter FoundDriverCount:0 
[2019.10.23-00.34.22:902][  0]LogD3D11RHI:     Adapter Name: NVIDIA GeForce GTX 1050
[2019.10.23-00.34.22:902][  0]LogD3D11RHI:   Driver Version: Unknown (internal:Unknown, unified:Unknown)
[2019.10.23-00.34.22:902][  0]LogD3D11RHI:      Driver Date: Unknown
[2019.10.23-00.34.22:902][  0]LogRHI: Texture pool is 2814 MB (70% of 4021 MB)
[2019.10.23-00.34.22:977][  0]LogD3D11RHI: Async texture creation enabled
[2019.10.23-00.34.23:035][  0]LogD3D11RHI: GPU Timing Frequency: 1000.000000 (Debug: 2 1)
[2019.10.23-00.34.24:113][  0]LogTemp: Display: Module 'AllDesktopTargetPlatform' loaded TargetPlatform 'AllDesktop'
[2019.10.23-00.34.24:139][  0]LogTemp: Display: Module 'MacClientTargetPlatform' loaded TargetPlatform 'MacClient'
[2019.10.23-00.34.24:161][  0]LogTemp: Display: Module 'MacNoEditorTargetPlatform' loaded TargetPlatform 'MacNoEditor'
[2019.10.23-00.34.24:179][  0]LogTemp: Display: Module 'MacServerTargetPlatform' loaded TargetPlatform 'MacServer'
[2019.10.23-00.34.24:218][  0]LogTemp: Display: Module 'MacTargetPlatform' loaded TargetPlatform 'Mac'
[2019.10.23-00.34.24:240][  0]LogTemp: Display: Module 'WindowsClientTargetPlatform' loaded TargetPlatform 'WindowsClient'
[2019.10.23-00.34.24:262][  0]LogTemp: Display: Module 'WindowsNoEditorTargetPlatform' loaded TargetPlatform 'WindowsNoEditor'
[2019.10.23-00.34.24:284][  0]LogTemp: Display: Module 'WindowsServerTargetPlatform' loaded TargetPlatform 'WindowsServer'
[2019.10.23-00.34.24:309][  0]LogTemp: Display: Module 'WindowsTargetPlatform' loaded TargetPlatform 'Windows'
[2019.10.23-00.34.24:361][  0]LogTemp: Display: Module 'AndroidTargetPlatform' loaded TargetPlatform 'Android'
[2019.10.23-00.34.24:361][  0]LogTemp: Display: Module 'AndroidTargetPlatform' loaded TargetPlatform 'Android_ASTC'
[2019.10.23-00.34.24:361][  0]LogTemp: Display: Module 'AndroidTargetPlatform' loaded TargetPlatform 'Android_ATC'
[2019.10.23-00.34.24:361][  0]LogTemp: Display: Module 'AndroidTargetPlatform' loaded TargetPlatform 'Android_DXT'
[2019.10.23-00.34.24:361][  0]LogTemp: Display: Module 'AndroidTargetPlatform' loaded TargetPlatform 'Android_ETC1'
[2019.10.23-00.34.24:361][  0]LogTemp: Display: Module 'AndroidTargetPlatform' loaded TargetPlatform 'Android_ETC1a'
[2019.10.23-00.34.24:361][  0]LogTemp: Display: Module 'AndroidTargetPlatform' loaded TargetPlatform 'Android_ETC2'
[2019.10.23-00.34.24:361][  0]LogTemp: Display: Module 'AndroidTargetPlatform' loaded TargetPlatform 'Android_PVRTC'
[2019.10.23-00.34.24:361][  0]LogTemp: Display: Module 'AndroidTargetPlatform' loaded TargetPlatform 'AndroidClient'
[2019.10.23-00.34.24:361][  0]LogTemp: Display: Module 'AndroidTargetPlatform' loaded TargetPlatform 'Android_ASTCClient'
[2019.10.23-00.34.24:362][  0]LogTemp: Display: Module 'AndroidTargetPlatform' loaded TargetPlatform 'Android_ATCClient'
[2019.10.23-00.34.24:362][  0]LogTemp: Display: Module 'AndroidTargetPlatform' loaded TargetPlatform 'Android_DXTClient'
[2019.10.23-00.34.24:362][  0]LogTemp: Display: Module 'AndroidTargetPlatform' loaded TargetPlatform 'Android_ETC1Client'
[2019.10.23-00.34.24:362][  0]LogTemp: Display: Module 'AndroidTargetPlatform' loaded TargetPlatform 'Android_ETC1aClient'
[2019.10.23-00.34.24:362][  0]LogTemp: Display: Module 'AndroidTargetPlatform' loaded TargetPlatform 'Android_ETC2Client'
[2019.10.23-00.34.24:362][  0]LogTemp: Display: Module 'AndroidTargetPlatform' loaded TargetPlatform 'Android_PVRTCClient'
[2019.10.23-00.34.24:362][  0]LogTemp: Display: Module 'AndroidTargetPlatform' loaded TargetPlatform 'Android_Multi'
[2019.10.23-00.34.24:362][  0]LogTemp: Display: Module 'AndroidTargetPlatform' loaded TargetPlatform 'Android_MultiClient'
[2019.10.23-00.34.24:379][  0]LogTemp: Display: Module 'HTML5TargetPlatform' loaded TargetPlatform 'HTML5'
[2019.10.23-00.34.24:457][  0]LogTemp: Display: Module 'IOSTargetPlatform' loaded TargetPlatform 'IOSClient'
[2019.10.23-00.34.24:458][  0]LogTemp: Display: Module 'IOSTargetPlatform' loaded TargetPlatform 'IOS'
[2019.10.23-00.34.24:496][  0]LogTemp: Display: Module 'TVOSTargetPlatform' loaded TargetPlatform 'TVOSClient'
[2019.10.23-00.34.24:496][  0]LogTemp: Display: Module 'TVOSTargetPlatform' loaded TargetPlatform 'TVOS'
[2019.10.23-00.34.24:537][  0]LogTemp: Display: Module 'LinuxClientTargetPlatform' loaded TargetPlatform 'LinuxClient'
[2019.10.23-00.34.24:552][  0]LogTemp: Display: Module 'LinuxNoEditorTargetPlatform' loaded TargetPlatform 'LinuxNoEditor'
[2019.10.23-00.34.24:571][  0]LogTemp: Display: Module 'LinuxServerTargetPlatform' loaded TargetPlatform 'LinuxServer'
[2019.10.23-00.34.24:598][  0]LogTemp: Display: Module 'LinuxTargetPlatform' loaded TargetPlatform 'Linux'
[2019.10.23-00.34.24:657][  0]LogTemp: Display: Module 'LuminTargetPlatform' loaded TargetPlatform 'Lumin'
[2019.10.23-00.34.24:657][  0]LogTemp: Display: Module 'LuminTargetPlatform' loaded TargetPlatform 'LuminClient'
[2019.10.23-00.34.24:657][  0]LogTargetPlatformManager: Display: Building Assets For Windows
[2019.10.23-00.34.24:715][  0]LogAudioDebug: Display: Lib vorbis DLL was dynamically loaded.
[2019.10.23-00.34.25:052][  0]LogShaderCompilers: Guid format shader working directory is -7 characters bigger than the processId version (C:/Users/17004523/Documents/LastResisters/LastResisters/Intermediate/Shaders/WorkingDirectory/31152/).
[2019.10.23-00.34.25:053][  0]LogShaderCompilers: Cleaned the shader compiler working directory 'C:/Users/17004523/AppData/Local/Temp/UnrealShaderWorkingDir/68756C824CB5D201597223B2DF425997/'.
[2019.10.23-00.34.25:066][  0]LogXGEController: Cannot use XGE Controller as Incredibuild is not installed on this machine.
[2019.10.23-00.34.25:066][  0]LogShaderCompilers: Cannot use XGE Shader Compiler as Incredibuild is not installed on this machine.
[2019.10.23-00.34.25:066][  0]LogShaderCompilers: Display: Using Local Shader Compiler.
[2019.10.23-00.34.26:004][  0]LogDerivedDataCache: Display: Max Cache Size: 512 MB
[2019.10.23-00.34.26:303][  0]LogDerivedDataCache: Loaded boot cache 0.30s 83MB C:/Users/17004523/AppData/Local/UnrealEngine/4.23/DerivedDataCache/Boot.ddc.
[2019.10.23-00.34.26:303][  0]LogDerivedDataCache: Display: Loaded Boot cache: C:/Users/17004523/AppData/Local/UnrealEngine/4.23/DerivedDataCache/Boot.ddc
[2019.10.23-00.34.26:303][  0]LogDerivedDataCache: FDerivedDataBackendGraph:  Pak pak cache file C:/Users/17004523/Documents/LastResisters/LastResisters/DerivedDataCache/DDC.ddp not found, will not use a pak cache.
[2019.10.23-00.34.26:303][  0]LogDerivedDataCache: Unable to find inner node Pak for hierarchical cache Hierarchy.
[2019.10.23-00.34.26:303][  0]LogDerivedDataCache: FDerivedDataBackendGraph:  CompressedPak pak cache file C:/Users/17004523/Documents/LastResisters/LastResisters/DerivedDataCache/Compressed.ddp not found, will not use a pak cache.
[2019.10.23-00.34.26:303][  0]LogDerivedDataCache: Unable to find inner node CompressedPak for hierarchical cache Hierarchy.
[2019.10.23-00.34.26:328][  0]LogDerivedDataCache: Display: Pak cache opened for reading ../../../Engine/DerivedDataCache/Compressed.ddp.
[2019.10.23-00.34.26:329][  0]LogDerivedDataCache: FDerivedDataBackendGraph:  EnterprisePak pak cache file ../../../Enterprise/DerivedDataCache/Compressed.ddp not found, will not use a pak cache.
[2019.10.23-00.34.26:329][  0]LogDerivedDataCache: Unable to find inner node EnterprisePak for hierarchical cache Hierarchy.
[2019.10.23-00.34.26:331][  0]LogDerivedDataCache: Using Local data cache path C:/Users/17004523/AppData/Local/UnrealEngine/Common/DerivedDataCache: Writable
[2019.10.23-00.34.26:331][  0]LogDerivedDataCache: Shared data cache path not found in *engine.ini, will not use an Shared cache.
[2019.10.23-00.34.26:331][  0]LogDerivedDataCache: Unable to find inner node Shared for hierarchical cache Hierarchy.
[2019.10.23-00.34.26:385][  0]LogMaterial: Verifying Global Shaders for PCD3D_SM5
[2019.10.23-00.34.26:412][  0]LogSlate: Using FreeType 2.6.0
[2019.10.23-00.34.26:424][  0]LogSlate: SlateFontServices - WITH_FREETYPE: 1, WITH_HARFBUZZ: 1
[2019.10.23-00.34.26:822][  0]LogAssetRegistry: FAssetRegistry took 0.0040 seconds to start up
[2019.10.23-00.34.27:243][  0]LogInit: Selected Device Profile: [Windows]
[2019.10.23-00.34.27:647][  0]LogMeshReduction: Using QuadricMeshReduction for automatic static mesh reduction
[2019.10.23-00.34.27:647][  0]LogMeshReduction: Using SimplygonMeshReduction for automatic skeletal mesh reduction
[2019.10.23-00.34.27:647][  0]LogMeshReduction: Using ProxyLODMeshReduction for automatic mesh merging
[2019.10.23-00.34.27:647][  0]LogMeshReduction: No distributed automatic mesh merging module available
[2019.10.23-00.34.27:647][  0]LogMeshMerging: No distributed automatic mesh merging module available
[2019.10.23-00.34.27:663][  0]LogNetVersion: LastResisters 1.0.0, NetCL: 8386587, EngineNetVer: 11, GameNetVer: 0 (Checksum: 2470489391)
[2019.10.23-00.34.28:330][  0]LogPackageLocalizationCache: Processed 12 localized package path(s) for 1 prioritized culture(s) in 0.095047 seconds
[2019.10.23-00.34.28:344][  0]LogUObjectArray: 43444 objects as part of root set at end of initial load.
[2019.10.23-00.34.28:344][  0]LogUObjectAllocator: 7548648 out of 0 bytes used by permanent object pool.
[2019.10.23-00.34.28:344][  0]LogUObjectArray: CloseDisregardForGC: 0/0 objects in disregard for GC pool
[2019.10.23-00.34.36:127][  0]LogTcpMessaging: Initializing TcpMessaging bridge
[2019.10.23-00.34.36:144][  0]LogUdpMessaging: Initializing bridge on interface 0.0.0.0:0 to multicast group 230.0.0.1:6666.
[2019.10.23-00.34.36:422][  0]SourceControl: Source control is disabled
[2019.10.23-00.34.36:422][  0]SourceControl: Source control is disabled
[2019.10.23-00.34.36:472][  0]SourceControl: Source control is disabled
[2019.10.23-00.34.36:510][  0]SourceControl: Source control is disabled
[2019.10.23-00.34.37:215][  0]LogAndroidPermission: UAndroidPermissionCallbackProxy::GetInstance
[2019.10.23-00.34.37:676][  0]LogOcInput: OculusInput pre-init called
[2019.10.23-00.34.37:715][  0]LogWindows: Failed to load 'OVRPlugin.dll' (GetLastError=126)
[2019.10.23-00.34.37:715][  0]LogWindows: File 'OVRPlugin.dll' does not exist
[2019.10.23-00.34.37:926][  0]LogEngine: Initializing Engine...
[2019.10.23-00.34.37:927][  0]LogHMD: Failed to initialize OpenVR with code 110
[2019.10.23-00.34.37:929][  0]LogStats: UGameplayTagsManager::InitializeManager -  0.000 s
[2019.10.23-00.34.38:378][  0]LogInit: Initializing FReadOnlyCVARCache
[2019.10.23-00.34.38:437][  0]LogAIModule: Creating AISystem for world Untitled
[2019.10.23-00.34.38:466][  0]LogInit: XAudio2 using 'Speakers (Realtek High Definition Audio)' : 2 channels at 48 kHz using 32 bits per sample (channel mask 0x3)
[2019.10.23-00.34.38:520][  0]LogInit: FAudioDevice initialized.
[2019.10.23-00.34.38:521][  0]LogNetVersion: Set ProjectVersion to 1.0.0.0. Version Checksum will be recalculated on next use.
[2019.10.23-00.34.38:674][  0]LogDerivedDataCache: Saved boot cache 0.15s 83MB C:/Users/17004523/AppData/Local/UnrealEngine/4.23/DerivedDataCache/Boot.ddc.
[2019.10.23-00.34.38:684][  0]LogInit: Texture streaming: Enabled
[2019.10.23-00.34.38:913][  0]LogEngineSessionManager: EngineSessionManager initialized
[2019.10.23-00.34.39:050][  0]LogInit: Transaction tracking system initialized
[2019.10.23-00.34.39:269][  0]BlueprintLog: New page: Editor Load
[2019.10.23-00.34.39:664][  0]LocalizationService: Localization service is disabled
[2019.10.23-00.34.40:391][  0]LogCook: Display: Max memory allowance for cook 16384mb min free memory 0mb
[2019.10.23-00.34.40:391][  0]LogCook: Display: Mobile HDR setting 1
[2019.10.23-00.34.41:277][  0]LogFileCache: Scanning file cache for directory 'C:/Users/17004523/Documents/LastResisters/LastResisters/Content/' took 0.01s
[2019.10.23-00.34.41:312][  0]SourceControl: Source control is disabled
[2019.10.23-00.34.41:448][  0]LogSlate: Took 0.007404 seconds to synchronously load lazily loaded font '../../../Engine/Content/Slate/Fonts/Roboto-Regular.ttf' (155K)
[2019.10.23-00.35.07:481][  0]LogSlate: Window 'Restore Packages' being destroyed
[2019.10.23-00.35.07:481][  0]LogWindowsTextInputMethodSystem: Display: IME system now deactivated.
[2019.10.23-00.35.07:522][  0]LogWindowsTextInputMethodSystem: Display: IME system now deactivated.
[2019.10.23-00.35.07:524][  0]Cmd: MAP LOAD FILE="C:/Users/17004523/Documents/LastResisters/LastResisters/Content/VirtualRealityBP/Maps/StartupMap.umap" TEMPLATE=0 SHOWPROGRESS=1 FEATURELEVEL=3
[2019.10.23-00.35.07:526][  0]LightingResults: New page: Lighting Build
[2019.10.23-00.35.07:546][  0]LogWorld: UWorld::CleanupWorld for Untitled, bSessionEnded=true, bCleanupResources=true
[2019.10.23-00.35.07:547][  0]MapCheck: New page: Map Check
[2019.10.23-00.35.07:547][  0]LightingResults: New page: Lighting Build
[2019.10.23-00.35.07:585][  0]LogUObjectHash: Compacting FUObjectHashTables data took   3.97ms
[2019.10.23-00.35.07:607][  0]LogLinker: Warning: While loading 'C:/Users/17004523/Documents/LastResisters/LastResisters/Content/VirtualRealityBP/Maps/StartupMap.umap' failed to load '/Game/VirtualRealityBP/Maps/StartupMap_BuiltData': Can't find file.
[2019.10.23-00.35.07:608][  0]LogLinker: Warning: While loading 'C:/Users/17004523/Documents/LastResisters/LastResisters/Content/VirtualRealityBP/Maps/StartupMap.umap' failed to load '/Game/VirtualRealityBP/Maps/StartupMap_BuiltData': Can't find file.
[2019.10.23-00.35.07:693][  0]LogLinker: Warning: While loading 'C:/Users/17004523/Documents/LastResisters/LastResisters/Content/VirtualRealityBP/Maps/StartupMap.umap' failed to load '/Game/VirtualRealityBP/Maps/StartupMap_BuiltData': Can't find file.
[2019.10.23-00.35.07:693][  0]LogLinker: Warning: While loading 'C:/Users/17004523/Documents/LastResisters/LastResisters/Content/VirtualRealityBP/Maps/StartupMap.umap' failed to load '/Game/VirtualRealityBP/Maps/StartupMap_BuiltData': Can't find file.
[2019.10.23-00.35.07:696][  0]LogLinker: Warning: Failed to load '/Game/VirtualRealityBP/Maps/StartupMap_BuiltData': Can't find file.
[2019.10.23-00.35.07:697][  0]LogLinker: Warning: Failed to load '/Game/VirtualRealityBP/Maps/StartupMap_BuiltData': Can't find file.
[2019.10.23-00.35.07:697][  0]LogLinker: Warning: Failed to load '/Game/VirtualRealityBP/Maps/StartupMap_BuiltData': Can't find file.
[2019.10.23-00.35.07:697][  0]LogLinker: Warning: Failed to load '/Game/VirtualRealityBP/Maps/StartupMap_BuiltData': Can't find file.
[2019.10.23-00.35.07:736][  0]LogLinker: Warning: While loading 'C:/Users/17004523/Documents/LastResisters/LastResisters/Content/VirtualRealityBP/Maps/StartupMap.umap' failed to load '/Game/VirtualRealityBP/Maps/StartupMap_BuiltData': Can't find file.
[2019.10.23-00.35.07:737][  0]LoadErrors: Failed to load /Game/VirtualRealityBP/Maps/StartupMap_BuiltData.StartupMap_BuiltData Referenced by PersistentLevel
[2019.10.23-00.35.07:739][  0]LogLinker: Warning: While loading 'C:/Users/17004523/Documents/LastResisters/LastResisters/Content/VirtualRealityBP/Maps/StartupMap.umap' failed to load '/Game/VirtualRealityBP/Maps/StartupMap_BuiltData': Can't find file.
[2019.10.23-00.35.07:739][  0]LoadErrors: Failed to load /Game/VirtualRealityBP/Maps/StartupMap_BuiltData.StartupMap_BuiltData Referenced by PersistentLevel
[2019.10.23-00.35.07:877][  0]LogAIModule: Creating AISystem for world StartupMap
[2019.10.23-00.35.07:903][  0]LogEditorServer: Finished looking for orphan Actors (0.000 secs)
[2019.10.23-00.35.07:947][  0]LogUObjectHash: Compacting FUObjectHashTables data took   4.47ms
[2019.10.23-00.35.07:950][  0]Cmd: MAP CHECKDEP NOCLEARLOG
[2019.10.23-00.35.07:951][  0]MapCheck: Map check complete: 0 Error(s), 0 Warning(s), took 0.403ms to complete.
[2019.10.23-00.35.07:951][  0]LogFileHelpers: Loading map 'StartupMap' took 0.427
[2019.10.23-00.35.08:161][  0]LogSlate: Updating window title bar state: overlay mode, drag disabled, window buttons hidden, title bar hidden
[2019.10.23-00.35.08:188][  0]LogSlate: Updating window title bar state: overlay mode, drag disabled, window buttons hidden, title bar hidden
[2019.10.23-00.35.08:199][  0]LogSlate: Updating window title bar state: overlay mode, drag disabled, window buttons hidden, title bar hidden
[2019.10.23-00.35.08:218][  0]LogSlate: Updating window title bar state: overlay mode, drag disabled, window buttons hidden, title bar hidden
[2019.10.23-00.35.08:246][  0]LogCollectionManager: Loaded 0 collections in 0.002196 seconds
[2019.10.23-00.35.08:274][  0]LogFileCache: Scanning file cache for directory 'C:/Users/17004523/Documents/LastResisters/LastResisters/Saved/Collections/' took 0.00s
[2019.10.23-00.35.08:274][  0]LogFileCache: Scanning file cache for directory 'C:/Users/17004523/Documents/LastResisters/LastResisters/Content/Developers/17004523/Collections/' took 0.00s
[2019.10.23-00.35.08:274][  0]LogFileCache: Scanning file cache for directory 'C:/Users/17004523/Documents/LastResisters/LastResisters/Content/Collections/' took 0.00s
[2019.10.23-00.35.08:274][  0]LogCollectionManager: Rebuilt the GUID cache for 0 collections in 0.000002 seconds
[2019.10.23-00.35.08:291][  0]LogContentBrowser: Native class hierarchy populated in 0.0168 seconds. Added 2864 classes and 682 folders.
[2019.10.23-00.35.08:337][  0]LogContentBrowser: Native class hierarchy updated for 'WidgetCarousel' in 0.0007 seconds. Added 0 classes and 0 folders.
[2019.10.23-00.35.09:431][  0]LogContentBrowser: Native class hierarchy updated for 'AddContentDialog' in 0.0009 seconds. Added 0 classes and 0 folders.
[2019.10.23-00.35.09:503][  0]LogContentBrowser: Native class hierarchy updated for 'SceneOutliner' in 0.0011 seconds. Added 1 classes and 2 folders.
[2019.10.23-00.35.09:800][  0]LogSlate: Took 0.017895 seconds to synchronously load lazily loaded font '../../../Engine/Content/Slate/Fonts/Roboto-Bold.ttf' (160K)
[2019.10.23-00.35.09:827][  0]LogSlate: Took 0.015587 seconds to synchronously load lazily loaded font '../../../Engine/Content/Editor/Slate/Fonts/FontAwesome.ttf' (139K)
[2019.10.23-00.35.09:840][  0]LogSlate: Took 0.012790 seconds to synchronously load lazily loaded font '../../../Engine/Content/Slate/Fonts/DroidSansMono.ttf' (77K)
[2019.10.23-00.35.10:092][  0]LogRenderer: Reallocating scene render targets to support 916x436 Format 26 NumSamples 1 (Frame:1).
[2019.10.23-00.35.11:491][  0]LogContentBrowser: Native class hierarchy updated for 'HierarchicalLODOutliner' in 0.0009 seconds. Added 0 classes and 0 folders.
[2019.10.23-00.35.11:492][  0]LogLoad: (Engine Initialization) Total time: 53.66 seconds
[2019.10.23-00.35.11:492][  0]LogLoad: (Engine Initialization) Total Blueprint compile time: 0.00 seconds
[2019.10.23-00.35.11:583][  0]LogContentStreaming: Texture pool size now 1000 MB
[2019.10.23-00.35.12:471][  9]LogAssetRegistry: Asset discovery search completed in 45.6502 seconds
[2019.10.23-00.35.12:480][  9]LogCollectionManager: Rebuilt the object cache for 0 collections in 0.000011 seconds (found 0 objects)
[2019.10.23-00.35.12:480][  9]LogCollectionManager: Fixed up redirectors for 0 collections in 0.000352 seconds (updated 0 objects)
[2019.10.23-00.35.12:824][ 10]LogUObjectHash: Compacting FUObjectHashTables data took   1.04ms
[2019.10.23-00.35.13:254][ 10]LogSlate: Window 'Message Log' being destroyed
[2019.10.23-00.35.13:261][ 10]LogSlate: Window 'LastResisters - Unreal Editor' being destroyed
[2019.10.23-00.35.13:263][ 10]LogWindowsTextInputMethodSystem: Display: IME system now deactivated.
[2019.10.23-00.35.13:542][ 11]Cmd: QUIT_EDITOR
[2019.10.23-00.35.13:888][ 11]LogExit: Preparing to exit.
[2019.10.23-00.35.14:592][ 11]LogDemo: Cleaned up 0 splitscreen connections with owner deletion
[2019.10.23-00.35.14:697][ 11]LogWorld: UWorld::CleanupWorld for None, bSessionEnded=true, bCleanupResources=true
[2019.10.23-00.35.14:698][ 11]LogExit: Editor shut down
[2019.10.23-00.35.14:698][ 11]LogExit: Transaction tracking system shut down
[2019.10.23-00.35.16:366][ 11]LogExit: Object subsystem successfully closed.
[2019.10.23-00.35.16:566][ 11]LogShaderCompilers: Display: Shaders left to compile 0
[2019.10.23-00.35.17:477][ 11]LogModuleManager: Shutting down and abandoning module HierarchicalLODOutliner (670)
[2019.10.23-00.35.17:477][ 11]LogModuleManager: Shutting down and abandoning module SceneOutliner (668)
[2019.10.23-00.35.17:477][ 11]LogModuleManager: Shutting down and abandoning module AddContentDialog (666)
[2019.10.23-00.35.17:490][ 11]LogModuleManager: Shutting down and abandoning module WidgetCarousel (665)
[2019.10.23-00.35.17:490][ 11]LogModuleManager: Shutting down and abandoning module EditorWidgets (662)
[2019.10.23-00.35.17:490][ 11]LogModuleManager: Shutting down and abandoning module CollectionManager (660)
[2019.10.23-00.35.17:506][ 11]LogModuleManager: Shutting down and abandoning module StatsViewer (658)
[2019.10.23-00.35.17:527][ 11]LogModuleManager: Shutting down and abandoning module VirtualTexturingEditor (656)
[2019.10.23-00.35.17:527][ 11]LogModuleManager: Shutting down and abandoning module FoliageEdit (654)
[2019.10.23-00.35.17:531][ 11]LogModuleManager: Shutting down and abandoning module LandscapeEditor (652)
[2019.10.23-00.35.17:557][ 11]LogModuleManager: Shutting down and abandoning module MeshPaintMode (650)
[2019.10.23-00.35.17:557][ 11]LogModuleManager: Shutting down and abandoning module SceneDepthPickerMode (648)
[2019.10.23-00.35.17:557][ 11]LogModuleManager: Shutting down and abandoning module ActorPickerMode (646)
[2019.10.23-00.35.17:557][ 11]LogModuleManager: Shutting down and abandoning module GeometryMode (644)
[2019.10.23-00.35.17:563][ 11]LogModuleManager: Shutting down and abandoning module TextureAlignMode (642)
[2019.10.23-00.35.17:563][ 11]LogModuleManager: Shutting down and abandoning module BspMode (640)
[2019.10.23-00.35.17:563][ 11]LogModuleManager: Shutting down and abandoning module PIEPreviewDeviceProfileSelector (638)
[2019.10.23-00.35.17:569][ 11]LogModuleManager: Shutting down and abandoning module SequenceRecorderSections (636)
[2019.10.23-00.35.17:570][ 11]LogModuleManager: Shutting down and abandoning module AutomationWorker (634)
[2019.10.23-00.35.17:570][ 11]LogModuleManager: Shutting down and abandoning module OculusMR (632)
[2019.10.23-00.35.17:570][ 11]LogModuleManager: Shutting down and abandoning module AudioCaptureEditor (630)
[2019.10.23-00.35.17:571][ 11]LogModuleManager: Shutting down and abandoning module MatineeToLevelSequence (628)
[2019.10.23-00.35.17:599][ 11]LogModuleManager: Shutting down and abandoning module LevelSequenceEditor (626)
[2019.10.23-00.35.17:631][ 11]LogModuleManager: Shutting down and abandoning module PlacementMode (625)
[2019.10.23-00.35.17:631][ 11]LogModuleManager: Shutting down and abandoning module MaterialEditor (624)
[2019.10.23-00.35.17:631][ 11]LogModuleManager: Shutting down and abandoning module ActorSequenceEditor (620)
[2019.10.23-00.35.17:641][ 11]LogModuleManager: Shutting down and abandoning module WmfMediaFactory (618)
[2019.10.23-00.35.17:641][ 11]LogModuleManager: Shutting down and abandoning module WmfMediaEditor (616)
[2019.10.23-00.35.17:642][ 11]LogModuleManager: Shutting down and abandoning module WebMMediaFactory (614)
[2019.10.23-00.35.17:642][ 11]LogModuleManager: Shutting down and abandoning module WebMMediaEditor (612)
[2019.10.23-00.35.17:642][ 11]LogModuleManager: Shutting down and abandoning module WebMMedia (610)
[2019.10.23-00.35.17:642][ 11]LogModuleManager: Shutting down and abandoning module MediaPlayerEditor (608)
[2019.10.23-00.35.17:658][ 11]LogModuleManager: Shutting down and abandoning module MediaCompositingEditor (606)
[2019.10.23-00.35.17:672][ 11]LogModuleManager: Shutting down and abandoning module SequenceRecorder (605)
[2019.10.23-00.35.17:672][ 11]LogModuleManager: Shutting down and abandoning module OpenExrWrapper (602)
[2019.10.23-00.35.17:672][ 11]LogModuleManager: Shutting down and abandoning module ImgMediaFactory (600)
[2019.10.23-00.35.17:672][ 11]LogModuleManager: Shutting down and abandoning module ImgMediaEditor (598)
[2019.10.23-00.35.17:672][ 11]LogModuleManager: Shutting down and abandoning module AvfMediaFactory (596)
[2019.10.23-00.35.17:672][ 11]LogModuleManager: Shutting down and abandoning module AvfMediaEditor (594)
[2019.10.23-00.35.17:672][ 11]LogModuleManager: Shutting down and abandoning module AndroidMediaFactory (592)
[2019.10.23-00.35.17:672][ 11]LogModuleManager: Shutting down and abandoning module AndroidMediaEditor (590)
[2019.10.23-00.35.17:673][ 11]LogModuleManager: Shutting down and abandoning module MagicLeapCameraPreviewFactory (588)
[2019.10.23-00.35.17:673][ 11]LogModuleManager: Shutting down and abandoning module MagicLeapMediaCodecFactory (586)
[2019.10.23-00.35.17:673][ 11]LogModuleManager: Shutting down and abandoning module MagicLeapMediaFactory (584)
[2019.10.23-00.35.17:673][ 11]LogModuleManager: Shutting down and abandoning module MagicLeapMediaEditor (582)
[2019.10.23-00.35.17:673][ 11]LogModuleManager: Shutting down and abandoning module CharacterAI (580)
[2019.10.23-00.35.17:673][ 11]LogModuleManager: Shutting down and abandoning module SmartSnapping (578)
[2019.10.23-00.35.17:673][ 11]LogModuleManager: Shutting down and abandoning module SessionServices (576)
[2019.10.23-00.35.17:673][ 11]LogModuleManager: Shutting down and abandoning module MeshPaint (574)
[2019.10.23-00.35.17:690][ 11]LogModuleManager: Shutting down and abandoning module ViewportSnapping (572)
[2019.10.23-00.35.17:690][ 11]LogModuleManager: Shutting down and abandoning module ViewportInteraction (570)
[2019.10.23-00.35.17:690][ 11]LogModuleManager: Shutting down and abandoning module ClothPainter (568)
[2019.10.23-00.35.17:701][ 11]LogModuleManager: Shutting down and abandoning module SkeletalMeshEditor (567)
[2019.10.23-00.35.17:724][ 11]LogModuleManager: Shutting down and abandoning module LogVisualizer (564)
[2019.10.23-00.35.17:726][ 11]LogModuleManager: Shutting down and abandoning module IntroTutorials (562)
[2019.10.23-00.35.17:726][ 11]LogModuleManager: Shutting down and abandoning module GameProjectGeneration (561)
[2019.10.23-00.35.17:734][ 11]LogModuleManager: Shutting down and abandoning module LuminPlatformEditor (558)
[2019.10.23-00.35.17:734][ 11]LogModuleManager: Shutting down and abandoning module IOSPlatformEditor (556)
[2019.10.23-00.35.17:743][ 11]LogModuleManager: Shutting down and abandoning module HTML5PlatformEditor (554)
[2019.10.23-00.35.17:743][ 11]LogModuleManager: Shutting down and abandoning module AndroidPlatformEditor (552)
[2019.10.23-00.35.17:743][ 11]LogModuleManager: Shutting down and abandoning module AndroidDeviceDetection (551)
[2019.10.23-00.35.17:902][ 11]LogModuleManager: Shutting down and abandoning module WindowsPlatformEditor (548)
[2019.10.23-00.35.17:903][ 11]LogModuleManager: Shutting down and abandoning module LuminRuntimeSettings (546)
[2019.10.23-00.35.17:903][ 11]LogModuleManager: Shutting down and abandoning module IOSRuntimeSettings (544)
[2019.10.23-00.35.17:903][ 11]LogModuleManager: Shutting down and abandoning module AndroidRuntimeSettings (542)
[2019.10.23-00.35.17:903][ 11]LogModuleManager: Shutting down and abandoning module TimeManagementEditor (540)
[2019.10.23-00.35.17:903][ 11]LogModuleManager: Shutting down and abandoning module InputBindingEditor (538)
[2019.10.23-00.35.17:904][ 11]LogModuleManager: Shutting down and abandoning module MergeActors (536)
[2019.10.23-00.35.17:933][ 11]LogModuleManager: Shutting down and abandoning module LocalizationDashboard (534)
[2019.10.23-00.35.17:942][ 11]LogModuleManager: Shutting down and abandoning module LocalizationService (533)
[2019.10.23-00.35.17:968][ 11]LogModuleManager: Shutting down and abandoning module HardwareTargeting (530)
[2019.10.23-00.35.17:968][ 11]LogModuleManager: Shutting down and abandoning module DeviceProfileEditor (528)
[2019.10.23-00.35.17:979][ 11]LogModuleManager: Shutting down and abandoning module UndoHistory (526)
[2019.10.23-00.35.17:992][ 11]LogModuleManager: Shutting down and abandoning module XmlParser (524)
[2019.10.23-00.35.17:992][ 11]LogModuleManager: Shutting down and abandoning module Blutility (522)
[2019.10.23-00.35.17:992][ 11]LogModuleManager: Shutting down and abandoning module ProjectSettingsViewer (520)
[2019.10.23-00.35.17:992][ 11]LogModuleManager: Shutting down and abandoning module ProjectTargetPlatformEditor (519)
[2019.10.23-00.35.17:993][ 11]LogModuleManager: Shutting down and abandoning module EditorSettingsViewer (516)
[2019.10.23-00.35.17:993][ 11]LogModuleManager: Shutting down and abandoning module SettingsEditor (514)
[2019.10.23-00.35.18:010][ 11]LogModuleManager: Shutting down and abandoning module ProjectLauncher (512)
[2019.10.23-00.35.18:016][ 11]LogModuleManager: Shutting down and abandoning module SessionFrontend (510)
[2019.10.23-00.35.18:026][ 11]LogModuleManager: Shutting down and abandoning module ProfilerClient (508)
[2019.10.23-00.35.18:027][ 11]LogModuleManager: Shutting down and abandoning module DeviceManager (506)
[2019.10.23-00.35.18:040][ 11]LogModuleManager: Shutting down and abandoning module TargetDeviceServices (505)
[2019.10.23-00.35.18:094][ 11]LogModuleManager: Shutting down and abandoning module AutomationController (502)
[2019.10.23-00.35.18:097][ 11]LogModuleManager: Shutting down and abandoning module AutomationWindow (500)
[2019.10.23-00.35.18:114][ 11]LogModuleManager: Shutting down and abandoning module Layers (498)
[2019.10.23-00.35.18:152][ 11]LogModuleManager: Shutting down and abandoning module ComponentVisualizers (496)
[2019.10.23-00.35.18:152][ 11]LogModuleManager: Shutting down and abandoning module DetailCustomizations (494)
[2019.10.23-00.35.18:152][ 11]LogModuleManager: Shutting down and abandoning module PackagesDialog (492)
[2019.10.23-00.35.18:152][ 11]LogModuleManager: Shutting down and abandoning module AnimationBlueprintEditor (490)
[2019.10.23-00.35.18:181][ 11]LogModuleManager: Shutting down and abandoning module Persona (488)
[2019.10.23-00.35.18:205][ 11]LogModuleManager: Shutting down and abandoning module AdvancedPreviewScene (487)
[2019.10.23-00.35.18:205][ 11]LogModuleManager: Shutting down and abandoning module AnimGraph (485)
[2019.10.23-00.35.18:205][ 11]LogModuleManager: Shutting down and abandoning module Kismet (482)
[2019.10.23-00.35.18:223][ 11]LogModuleManager: Shutting down and abandoning module KismetWidgets (481)
[2019.10.23-00.35.18:234][ 11]LogModuleManager: Shutting down and abandoning module GraphEditor (478)
[2019.10.23-00.35.18:235][ 11]LogModuleManager: Shutting down and abandoning module StructViewer (476)
[2019.10.23-00.35.18:235][ 11]LogModuleManager: Shutting down and abandoning module ClassViewer (474)
[2019.10.23-00.35.18:235][ 11]LogModuleManager: Shutting down and abandoning module Toolbox (472)
[2019.10.23-00.35.18:236][ 11]LogModuleManager: Shutting down and abandoning module DesktopPlatform (471)
[2019.10.23-00.35.18:247][ 11]LogModuleManager: Shutting down and abandoning module ModuleUI (468)
[2019.10.23-00.35.18:256][ 11]LogModuleManager: Shutting down and abandoning module MovieSceneTools (466)
[2019.10.23-00.35.18:278][ 11]LogModuleManager: Shutting down and abandoning module OutputLog (464)
[2019.10.23-00.35.18:278][ 11]LogModuleManager: Shutting down and abandoning module GammaUI (462)
[2019.10.23-00.35.18:283][ 11]LogModuleManager: Shutting down and abandoning module Documentation (460)
[2019.10.23-00.35.18:284][ 11]LogModuleManager: Shutting down and abandoning module LiveCoding (458)
[2019.10.23-00.35.18:299][ 11]LogModuleManager: Shutting down and abandoning module LevelSequence (456)
[2019.10.23-00.35.18:299][ 11]LogModuleManager: Shutting down and abandoning module MovieSceneTracks (454)
[2019.10.23-00.35.18:299][ 11]LogModuleManager: Shutting down and abandoning module MovieScene (452)
[2019.10.23-00.35.18:299][ 11]LogModuleManager: Shutting down and abandoning module StreamingPauseRendering (450)
[2019.10.23-00.35.18:299][ 11]LogModuleManager: Shutting down and abandoning module LauncherPlatform (448)
[2019.10.23-00.35.18:299][ 11]LogModuleManager: Shutting down and abandoning module AnalyticsET (446)
[2019.10.23-00.35.18:299][ 11]LogModuleManager: Shutting down and abandoning module PortalServices (444)
[2019.10.23-00.35.18:299][ 11]LogModuleManager: Shutting down and abandoning module PortalRpc (442)
[2019.10.23-00.35.18:299][ 11]LogModuleManager: Shutting down and abandoning module MessagingRpc (440)
[2019.10.23-00.35.18:299][ 11]LogModuleManager: Shutting down and abandoning module AIModule (438)
[2019.10.23-00.35.18:311][ 11]LogModuleManager: Shutting down and abandoning module GameplayDebugger (437)
[2019.10.23-00.35.18:311][ 11]LogModuleManager: Shutting down and abandoning module AITestSuite (435)
[2019.10.23-00.35.18:311][ 11]LogModuleManager: Shutting down and abandoning module NavigationSystem (433)
[2019.10.23-00.35.18:311][ 11]LogModuleManager: Shutting down and abandoning module ImageWriteQueue (430)
[2019.10.23-00.35.18:324][ 11]LogModuleManager: Shutting down and abandoning module ProfilerService (428)
[2019.10.23-00.35.18:358][ 11]LogModuleManager: Shutting down and abandoning module TaskGraph (426)
[2019.10.23-00.35.18:369][ 11]LogModuleManager: Shutting down and abandoning module ScreenshotTools (424)
[2019.10.23-00.35.18:369][ 11]LogModuleManager: Shutting down and abandoning module SteamVRController (422)
[2019.10.23-00.35.18:369][ 11]LogModuleManager: Shutting down and abandoning module ProceduralMeshComponentEditor (420)
[2019.10.23-00.35.18:369][ 11]LogModuleManager: Shutting down and abandoning module ProceduralMeshComponent (418)
[2019.10.23-00.35.18:386][ 11]LogModuleManager: Shutting down and abandoning module OculusEditor (416)
[2019.10.23-00.35.18:386][ 11]LogModuleManager: Shutting down and abandoning module OculusInput (414)
[2019.10.23-00.35.18:387][ 11]LogModuleManager: Shutting down and abandoning module MobilePatchingUtils (412)
[2019.10.23-00.35.18:387][ 11]LogModuleManager: Shutting down and abandoning module EditableMesh (410)
[2019.10.23-00.35.18:414][ 11]LogModuleManager: Shutting down and abandoning module CustomMeshComponent (408)
[2019.10.23-00.35.18:414][ 11]LogModuleManager: Shutting down and abandoning module CableComponent (406)
[2019.10.23-00.35.18:415][ 11]LogModuleManager: Shutting down and abandoning module AudioCapture (404)
[2019.10.23-00.35.18:415][ 11]LogModuleManager: Shutting down and abandoning module ArchVisCharacter (402)
[2019.10.23-00.35.18:415][ 11]LogModuleManager: Shutting down and abandoning module AppleImageUtilsBlueprintSupport (400)
[2019.10.23-00.35.18:415][ 11]LogModuleManager: Shutting down and abandoning module AppleImageUtils (398)
[2019.10.23-00.35.18:415][ 11]LogModuleManager: Shutting down and abandoning module AndroidPermission (396)
[2019.10.23-00.35.18:415][ 11]LogModuleManager: Shutting down and abandoning module NUTUnrealEngine4 (394)
[2019.10.23-00.35.18:421][ 11]LogModuleManager: Shutting down and abandoning module NetcodeUnitTest (392)
[2019.10.23-00.35.18:435][ 11]LogModuleManager: Shutting down and abandoning module MediaCompositing (390)
[2019.10.23-00.35.18:436][ 11]LogModuleManager: Shutting down and abandoning module ImgMedia (388)
[2019.10.23-00.35.18:446][ 11]LogModuleManager: Shutting down and abandoning module MagicLeapHelperVulkan (386)
[2019.10.23-00.35.18:447][ 11]LogModuleManager: Shutting down and abandoning module MagicLeapHelperOpenGL (384)
[2019.10.23-00.35.18:447][ 11]LogModuleManager: Shutting down and abandoning module MagicLeapAudio (382)
[2019.10.23-00.35.18:460][ 11]LogModuleManager: Shutting down and abandoning module HTML5Networking (380)
[2019.10.23-00.35.18:460][ 11]LogModuleManager: Shutting down and abandoning module GeometryCacheTracks (378)
[2019.10.23-00.35.18:460][ 11]LogModuleManager: Shutting down and abandoning module GeometryCacheSequencer (376)
[2019.10.23-00.35.18:460][ 11]LogModuleManager: Shutting down and abandoning module BackChannel (374)
[2019.10.23-00.35.18:469][ 11]LogModuleManager: Shutting down and abandoning module AutomationUtilsEditor (372)
[2019.10.23-00.35.18:470][ 11]LogModuleManager: Shutting down and abandoning module AutomationUtils (370)
[2019.10.23-00.35.18:470][ 11]LogModuleManager: Shutting down and abandoning module AlembicImporter (368)
[2019.10.23-00.35.18:483][ 11]LogModuleManager: Shutting down and abandoning module AlembicLibrary (367)
[2019.10.23-00.35.18:483][ 11]LogModuleManager: Shutting down and abandoning module GeometryCache (366)
[2019.10.23-00.35.18:483][ 11]LogModuleManager: Shutting down and abandoning module GeometryCacheEd (365)
[2019.10.23-00.35.18:483][ 11]LogModuleManager: Shutting down and abandoning module VariantManagerContent (360)
[2019.10.23-00.35.18:484][ 11]LogModuleManager: Shutting down and abandoning module DatasmithContentEditor (358)
[2019.10.23-00.35.18:484][ 11]LogModuleManager: Shutting down and abandoning module SpeedTreeImporter (356)
[2019.10.23-00.35.18:484][ 11]LogModuleManager: Shutting down and abandoning module PluginBrowser (354)
[2019.10.23-00.35.18:508][ 11]LogModuleManager: Shutting down and abandoning module MobileLauncherProfileWizard (352)
[2019.10.23-00.35.18:519][ 11]LogModuleManager: Shutting down and abandoning module MaterialAnalyzer (350)
[2019.10.23-00.35.18:531][ 11]LogModuleManager: Shutting down and abandoning module CurveEditorTools (348)
[2019.10.23-00.35.18:551][ 11]LogModuleManager: Shutting down and abandoning module CurveEditor (347)
[2019.10.23-00.35.18:556][ 11]LogModuleManager: Shutting down and abandoning module CryptoKeysOpenSSL (344)
[2019.10.23-00.35.18:556][ 11]LogModuleManager: Shutting down and abandoning module CryptoKeys (342)
[2019.10.23-00.35.18:557][ 11]LogModuleManager: Shutting down and abandoning module VisualStudioSourceCodeAccess (340)
[2019.10.23-00.35.18:557][ 11]LogModuleManager: Shutting down and abandoning module VisualStudioCodeSourceCodeAccess (338)
[2019.10.23-00.35.18:557][ 11]LogModuleManager: Shutting down and abandoning module UObjectPlugin (336)
[2019.10.23-00.35.18:557][ 11]LogModuleManager: Shutting down and abandoning module SubversionSourceControl (334)
[2019.10.23-00.35.18:569][ 11]LogModuleManager: Shutting down and abandoning module PerforceSourceControl (332)
[2019.10.23-00.35.18:579][ 11]LogModuleManager: Shutting down and abandoning module GitSourceControl (330)
[2019.10.23-00.35.18:593][ 11]LogModuleManager: Shutting down and abandoning module SourceControl (329)
[2019.10.23-00.35.18:593][ 11]LogModuleManager: Shutting down and abandoning module CLionSourceCodeAccess (326)
[2019.10.23-00.35.18:593][ 11]LogModuleManager: Shutting down and abandoning module AnimationSharingEd (324)
[2019.10.23-00.35.18:593][ 11]LogModuleManager: Shutting down and abandoning module ActorLayerUtilitiesEditor (322)
[2019.10.23-00.35.18:593][ 11]LogModuleManager: Shutting down and abandoning module ActorLayerUtilities (320)
[2019.10.23-00.35.18:593][ 11]LogModuleManager: Shutting down and abandoning module LightPropagationVolumeEditor (318)
[2019.10.23-00.35.18:593][ 11]LogModuleManager: Shutting down and abandoning module PaperTiledImporter (316)
[2019.10.23-00.35.18:594][ 11]LogModuleManager: Shutting down and abandoning module PaperSpriteSheetImporter (314)
[2019.10.23-00.35.18:594][ 11]LogModuleManager: Shutting down and abandoning module Paper2DEditor (312)
[2019.10.23-00.35.18:607][ 11]LogModuleManager: Shutting down and abandoning module LastResisters (310)
[2019.10.23-00.35.18:608][ 11]LogModuleManager: Shutting down and abandoning module SignificanceManager (308)
[2019.10.23-00.35.18:608][ 11]LogModuleManager: Shutting down and abandoning module RuntimePhysXCooking (306)
[2019.10.23-00.35.18:608][ 11]LogModuleManager: Shutting down and abandoning module PhysXVehiclesEditor (304)
[2019.10.23-00.35.18:608][ 11]LogModuleManager: Shutting down and abandoning module LocationServicesBPLibrary (300)
[2019.10.23-00.35.18:608][ 11]LogModuleManager: Shutting down and abandoning module ActorSequence (298)
[2019.10.23-00.35.18:608][ 11]LogModuleManager: Shutting down and abandoning module UdpMessaging (296)
[2019.10.23-00.35.18:711][ 11]LogModuleManager: Shutting down and abandoning module TcpMessaging (294)
[2019.10.23-00.35.18:822][ 11]LogModuleManager: Shutting down and abandoning module MagicLeapIdentity (292)
[2019.10.23-00.35.18:822][ 11]LogModuleManager: Shutting down and abandoning module MagicLeapSecureStorage (290)
[2019.10.23-00.35.18:822][ 11]LogModuleManager: Shutting down and abandoning module MagicLeapHandTracking (288)
[2019.10.23-00.35.18:830][ 11]LogModuleManager: Shutting down and abandoning module MagicLeapEyeTracker (286)
[2019.10.23-00.35.18:830][ 11]LogModuleManager: Shutting down and abandoning module MagicLeapController (284)
[2019.10.23-00.35.18:830][ 11]LogSlate: Slate User Destroyed.  User Index 0, Is Virtual User: 0
[2019.10.23-00.35.18:830][ 11]LogModuleManager: Shutting down and abandoning module MagicLeapAR (282)
[2019.10.23-00.35.18:831][ 11]LogModuleManager: Shutting down and abandoning module AugmentedReality (281)
[2019.10.23-00.35.18:831][ 11]LogModuleManager: Shutting down and abandoning module GameplayTagsEditor (278)
[2019.10.23-00.35.18:838][ 11]LogModuleManager: Shutting down and abandoning module FacialAnimationEditor (276)
[2019.10.23-00.35.18:838][ 11]LogModuleManager: Shutting down and abandoning module FacialAnimation (274)
[2019.10.23-00.35.18:838][ 11]LogModuleManager: Shutting down and abandoning module DataValidation (272)
[2019.10.23-00.35.18:838][ 11]LogModuleManager: Shutting down and abandoning module AssetManagerEditor (270)
[2019.10.23-00.35.18:853][ 11]LogModuleManager: Shutting down and abandoning module LevelEditor (269)
[2019.10.23-00.35.18:886][ 11]LogModuleManager: Shutting down and abandoning module PixelInspectorModule (268)
[2019.10.23-00.35.18:887][ 11]LogModuleManager: Shutting down and abandoning module CommonMenuExtensions (266)
[2019.10.23-00.35.18:888][ 11]LogModuleManager: Shutting down and abandoning module MainFrame (264)
[2019.10.23-00.35.18:888][ 11]LogModuleManager: Shutting down and abandoning module HotReload (263)
[2019.10.23-00.35.18:889][ 11]LogModuleManager: Shutting down and abandoning module ContentBrowser (259)
[2019.10.23-00.35.18:894][ 11]LogModuleManager: Shutting down and abandoning module TreeMap (257)
[2019.10.23-00.35.18:903][ 11]LogModuleManager: Shutting down and abandoning module AnimationSharing (254)
[2019.10.23-00.35.18:903][ 11]LogModuleManager: Shutting down and abandoning module LightPropagationVolumeRuntime (252)
[2019.10.23-00.35.18:903][ 11]LogModuleManager: Shutting down and abandoning module Paper2D (250)
[2019.10.23-00.35.18:917][ 11]LogModuleManager: Shutting down and abandoning module WindowsMoviePlayer (248)
[2019.10.23-00.35.18:940][ 11]LogModuleManager: Shutting down and abandoning module WebMMoviePlayer (246)
[2019.10.23-00.35.18:952][ 11]LogModuleManager: Shutting down and abandoning module NetworkReplayStreaming (244)
[2019.10.23-00.35.18:952][ 11]LogModuleManager: Shutting down and abandoning module PacketHandler (242)
[2019.10.23-00.35.18:952][ 11]LogModuleManager: Shutting down and abandoning module ClothingSystemEditor (240)
[2019.10.23-00.35.18:952][ 11]LogModuleManager: Shutting down and abandoning module ClothingSystemRuntime (238)
[2019.10.23-00.35.18:978][ 11]LogModuleManager: Shutting down and abandoning module MediaAssets (236)
[2019.10.23-00.35.18:979][ 11]LogModuleManager: Shutting down and abandoning module Overlay (234)
[2019.10.23-00.35.18:979][ 11]LogModuleManager: Shutting down and abandoning module OverlayEditor (233)
[2019.10.23-00.35.18:979][ 11]LogModuleManager: Shutting down and abandoning module VREditor (230)
[2019.10.23-00.35.18:995][ 11]LogModuleManager: Shutting down and abandoning module StringTableEditor (228)
[2019.10.23-00.35.19:017][ 11]LogModuleManager: Shutting down and abandoning module GameplayTasksEditor (226)
[2019.10.23-00.35.19:017][ 11]LogModuleManager: Shutting down and abandoning module BehaviorTreeEditor (224)
[2019.10.23-00.35.19:041][ 11]LogModuleManager: Shutting down and abandoning module FunctionalTesting (222)
[2019.10.23-00.35.19:055][ 11]LogModuleManager: Shutting down and abandoning module CollisionAnalyzer (220)
[2019.10.23-00.35.19:071][ 11]LogModuleManager: Shutting down and abandoning module WorkspaceMenuStructure (219)
[2019.10.23-00.35.19:084][ 11]LogModuleManager: Shutting down and abandoning module UMG (216)
[2019.10.23-00.35.19:085][ 11]LogModuleManager: Shutting down and abandoning module UMGEditor (215)
[2019.10.23-00.35.19:086][ 11]LogModuleManager: Shutting down and abandoning module Sequencer (214)
[2019.10.23-00.35.19:120][ 11]LogModuleManager: Shutting down and abandoning module MessageLog (211)
[2019.10.23-00.35.19:120][ 11]LogModuleManager: Shutting down and abandoning module SlateReflector (206)
[2019.10.23-00.35.19:150][ 11]LogModuleManager: Shutting down and abandoning module Slate (204)
[2019.10.23-00.35.19:150][ 11]LogModuleManager: Shutting down and abandoning module LandscapeEditorUtilities (202)
[2019.10.23-00.35.19:150][ 11]LogModuleManager: Shutting down and abandoning module EditorStyle (200)
[2019.10.23-00.35.19:154][ 11]LogModuleManager: Shutting down and abandoning module UnrealEd (198)
[2019.10.23-00.35.19:155][ 11]LogModuleManager: Shutting down and abandoning module MRMesh (196)
[2019.10.23-00.35.19:155][ 11]LogModuleManager: Shutting down and abandoning module SourceCodeAccess (194)
[2019.10.23-00.35.19:155][ 11]LogModuleManager: Shutting down and abandoning module HeadMountedDisplay (192)
[2019.10.23-00.35.19:156][ 11]LogModuleManager: Shutting down and abandoning module XAudio2 (190)
[2019.10.23-00.35.19:156][ 11]LogModuleManager: Shutting down and abandoning module Networking (188)
[2019.10.23-00.35.19:157][ 11]LogModuleManager: Shutting down and abandoning module Core (186)
[2019.10.23-00.35.19:157][ 11]LogModuleManager: Shutting down and abandoning module KismetCompiler (184)
[2019.10.23-00.35.19:157][ 11]LogModuleManager: Shutting down and abandoning module MeshUtilities (182)
[2019.10.23-00.35.19:157][ 11]LogModuleManager: Shutting down and abandoning module MeshMergeUtilities (181)
[2019.10.23-00.35.19:166][ 11]LogModuleManager: Shutting down and abandoning module MeshReductionInterface (180)
[2019.10.23-00.35.19:167][ 11]LogModuleManager: Shutting down and abandoning module SkeletalMeshReduction (179)
[2019.10.23-00.35.19:178][ 11]LogModuleManager: Shutting down and abandoning module ProxyLODMeshReduction (177)
[2019.10.23-00.35.19:201][ 11]LogModuleManager: Shutting down and abandoning module QuadricMeshReduction (175)
[2019.10.23-00.35.19:214][ 11]LogModuleManager: Shutting down and abandoning module MaterialBaking (171)
[2019.10.23-00.35.19:220][ 11]LogModuleManager: Shutting down and abandoning module NullInstallBundleManager (166)
[2019.10.23-00.35.19:220][ 11]LogModuleManager: Shutting down and abandoning module DerivedDataCache (164)
[2019.10.23-00.35.19:597][ 11]LogDerivedDataCache: Shutdown
[2019.10.23-00.35.19:597][ 11]LogModuleManager: Shutting down and abandoning module XGEController (162)
[2019.10.23-00.35.19:598][ 11]LogModuleManager: Shutting down and abandoning module TargetPlatform (160)
[2019.10.23-00.35.19:618][ 11]LogModuleManager: Shutting down and abandoning module VulkanShaderFormat (159)
[2019.10.23-00.35.19:627][ 11]LogModuleManager: Shutting down and abandoning module ShaderFormatVectorVM (157)
[2019.10.23-00.35.19:637][ 11]LogModuleManager: Shutting down and abandoning module ShaderFormatOpenGL (155)
[2019.10.23-00.35.19:643][ 11]LogModuleManager: Shutting down and abandoning module ShaderFormatD3D (153)
[2019.10.23-00.35.19:644][ 11]LogModuleManager: Shutting down and abandoning module MetalShaderFormat (151)
[2019.10.23-00.35.19:657][ 11]LogModuleManager: Shutting down and abandoning module TextureFormatUncompressed (149)
[2019.10.23-00.35.19:657][ 11]LogModuleManager: Shutting down and abandoning module TextureFormatPVR (147)
[2019.10.23-00.35.19:657][ 11]LogModuleManager: Shutting down and abandoning module TextureFormatDXT (145)
[2019.10.23-00.35.19:658][ 11]LogModuleManager: Shutting down and abandoning module TextureFormatIntelISPCTexComp (143)
[2019.10.23-00.35.19:671][ 11]LogModuleManager: Shutting down and abandoning module TextureFormatASTC (141)
[2019.10.23-00.35.19:671][ 11]LogModuleManager: Shutting down and abandoning module ImageWrapper (140)
[2019.10.23-00.35.19:671][ 11]LogModuleManager: Shutting down and abandoning module TextureFormatAndroid (137)
[2019.10.23-00.35.19:671][ 11]LogModuleManager: Shutting down and abandoning module AudioFormatOpus (135)
[2019.10.23-00.35.19:675][ 11]LogModuleManager: Shutting down and abandoning module AudioFormatOgg (133)
[2019.10.23-00.35.19:675][ 11]LogModuleManager: Shutting down and abandoning module AudioFormatADPCM (131)
[2019.10.23-00.35.19:675][ 11]LogModuleManager: Shutting down and abandoning module LuminTargetPlatform (129)
[2019.10.23-00.35.19:691][ 11]LogModuleManager: Shutting down and abandoning module LinuxTargetPlatform (127)
[2019.10.23-00.35.19:692][ 11]LogModuleManager: Shutting down and abandoning module LinuxServerTargetPlatform (125)
[2019.10.23-00.35.19:701][ 11]LogModuleManager: Shutting down and abandoning module LinuxNoEditorTargetPlatform (123)
[2019.10.23-00.35.19:703][ 11]LogModuleManager: Shutting down and abandoning module LinuxClientTargetPlatform (121)
[2019.10.23-00.35.19:709][ 11]LogModuleManager: Shutting down and abandoning module TVOSTargetPlatform (119)
[2019.10.23-00.35.19:710][ 11]LogModuleManager: Shutting down and abandoning module Messaging (117)
[2019.10.23-00.35.19:710][ 11]LogModuleManager: Shutting down and abandoning module IOSTargetPlatform (115)
[2019.10.23-00.35.19:713][ 11]LogModuleManager: Shutting down and abandoning module HTML5TargetPlatform (113)
[2019.10.23-00.35.19:713][ 11]LogModuleManager: Shutting down and abandoning module AndroidTargetPlatform (111)
[2019.10.23-00.35.19:729][ 11]LogModuleManager: Shutting down and abandoning module WindowsTargetPlatform (109)
[2019.10.23-00.35.19:729][ 11]LogModuleManager: Shutting down and abandoning module WindowsServerTargetPlatform (107)
[2019.10.23-00.35.19:729][ 11]LogModuleManager: Shutting down and abandoning module WindowsNoEditorTargetPlatform (105)
[2019.10.23-00.35.19:729][ 11]LogModuleManager: Shutting down and abandoning module WindowsClientTargetPlatform (103)
[2019.10.23-00.35.19:729][ 11]LogModuleManager: Shutting down and abandoning module MacTargetPlatform (101)
[2019.10.23-00.35.19:729][ 11]LogModuleManager: Shutting down and abandoning module MacServerTargetPlatform (99)
[2019.10.23-00.35.19:729][ 11]LogModuleManager: Shutting down and abandoning module MacNoEditorTargetPlatform (97)
[2019.10.23-00.35.19:729][ 11]LogModuleManager: Shutting down and abandoning module MacClientTargetPlatform (95)
[2019.10.23-00.35.19:729][ 11]LogModuleManager: Shutting down and abandoning module AllDesktopTargetPlatform (93)
[2019.10.23-00.35.19:729][ 11]LogModuleManager: Shutting down and abandoning module InputCore (90)
[2019.10.23-00.35.19:729][ 11]LogModuleManager: Shutting down and abandoning module Settings (88)
[2019.10.23-00.35.19:729][ 11]LogModuleManager: Shutting down and abandoning module DirectoryWatcher (86)
[2019.10.23-00.35.19:729][ 11]LogModuleManager: Shutting down and abandoning module PhysXCooking (84)
[2019.10.23-00.35.19:729][ 11]LogModuleManager: Shutting down and abandoning module WindowsPlatformFeatures (82)
[2019.10.23-00.35.19:729][ 11]LogModuleManager: Shutting down and abandoning module GameplayMediaEncoder (81)
[2019.10.23-00.35.19:739][ 11]LogModuleManager: Shutting down and abandoning module SteamVR (78)
[2019.10.23-00.35.19:747][ 11]LogHMD: Freeing OpenVRDLLHandle.
[2019.10.23-00.35.19:757][ 11]LogModuleManager: Shutting down and abandoning module OculusHMD (76)
[2019.10.23-00.35.19:764][ 11]LogModuleManager: Shutting down and abandoning module ExampleDeviceProfileSelector (74)
[2019.10.23-00.35.19:764][ 11]LogModuleManager: Shutting down and abandoning module LauncherChunkInstaller (72)
[2019.10.23-00.35.19:764][ 11]LogModuleManager: Shutting down and abandoning module OnlineBlueprintSupport (70)
[2019.10.23-00.35.19:764][ 11]LogModuleManager: Shutting down and abandoning module OnlineSubsystem (66)
[2019.10.23-00.35.19:777][ 11]LogModuleManager: Shutting down and abandoning module XMPP (61)
[2019.10.23-00.35.19:799][ 11]LogModuleManager: Shutting down and abandoning module WebSockets (60)
[2019.10.23-00.35.19:857][ 11]LogModuleManager: Shutting down and abandoning module HTTP (57)
[2019.10.23-00.35.19:857][ 11]LogHttp: Display: Http module shutting down, but needs to wait on 1 outstanding Http requests:
[2019.10.23-00.35.19:857][ 11]LogHttp: Display: 	verb=[POST] url=[https://datarouter.ol.epicgames.com/datarouter/api/v1/public/data?SessionID=%7B37C3F613-41FA-DFAF-F6B2-3381B21433C6%7D&AppID=UEEditor.Rocket.Release&AppVersion=4.23.0-8386587%2B%2B%2BUE4%2BRelease-4.23&UserID=f95071fc42364ca1a032f3953cfa429e%7Ca7367820a2f2447f94c6f1bdf181b826%7Cc1dbdfd1-cadf-4b53-ae44-6162d8fb8a95&AppEnvironment=datacollector-binary&UploadType=eteventstream] status=Processing
[2019.10.23-00.35.19:860][ 11]LogModuleManager: Shutting down and abandoning module SSL (56)
[2019.10.23-00.35.19:862][ 11]LogModuleManager: Shutting down and abandoning module WmfMedia (52)
[2019.10.23-00.35.19:890][ 11]LogModuleManager: Shutting down and abandoning module Media (51)
[2019.10.23-00.35.19:891][ 11]LogModuleManager: Shutting down and abandoning module MagicLeap (48)
[2019.10.23-00.35.19:892][ 11]LogModuleManager: Shutting down and abandoning module DatasmithContent (46)
[2019.10.23-00.35.19:892][ 11]LogModuleManager: Shutting down and abandoning module AISupportModule (44)
[2019.10.23-00.35.19:893][ 11]LogModuleManager: Shutting down and abandoning module PlatformCryptoOpenSSL (42)
[2019.10.23-00.35.19:898][ 11]LogModuleManager: Shutting down and abandoning module PlatformCrypto (40)
[2019.10.23-00.35.19:898][ 11]LogModuleManager: Shutting down and abandoning module AnimationModifiers (38)
[2019.10.23-00.35.19:909][ 11]LogModuleManager: Shutting down and abandoning module PropertyEditor (37)
[2019.10.23-00.35.19:909][ 11]LogModuleManager: Shutting down and abandoning module AudioEditor (34)
[2019.10.23-00.35.19:924][ 11]LogModuleManager: Shutting down and abandoning module TextureCompressor (32)
[2019.10.23-00.35.19:924][ 11]LogModuleManager: Shutting down and abandoning module RenderCore (30)
[2019.10.23-00.35.19:924][ 11]LogModuleManager: Shutting down and abandoning module Landscape (28)
[2019.10.23-00.35.19:924][ 11]LogModuleManager: Shutting down and abandoning module SlateRHIRenderer (26)
[2019.10.23-00.35.19:949][ 11]LogModuleManager: Shutting down and abandoning module OpenGLDrv (24)
[2019.10.23-00.35.19:971][ 11]LogModuleManager: Shutting down and abandoning module D3D11RHI (22)
[2019.10.23-00.35.19:972][ 11]LogModuleManager: Shutting down and abandoning module AnimGraphRuntime (20)
[2019.10.23-00.35.19:973][ 11]LogModuleManager: Shutting down and abandoning module Renderer (18)
[2019.10.23-00.35.19:986][ 11]LogModuleManager: Shutting down and abandoning module Engine (16)
[2019.10.23-00.35.19:986][ 11]LogModuleManager: Shutting down and abandoning module CoreUObject (14)
[2019.10.23-00.35.19:987][ 11]LogModuleManager: Shutting down and abandoning module NetworkFile (12)
[2019.10.23-00.35.19:997][ 11]LogModuleManager: Shutting down and abandoning module CookedIterativeFile (10)
[2019.10.23-00.35.19:998][ 11]LogModuleManager: Shutting down and abandoning module StreamingFile (8)
[2019.10.23-00.35.20:005][ 11]LogModuleManager: Shutting down and abandoning module SandboxFile (6)
[2019.10.23-00.35.20:006][ 11]LogModuleManager: Shutting down and abandoning module PakFile (4)
[2019.10.23-00.35.20:011][ 11]LogModuleManager: Shutting down and abandoning module RSA (3)
[2019.10.23-00.35.20:022][ 11]LogD3D11RHI: Shutdown
[2019.10.23-00.35.20:032][ 11]LogD3D11RHI: CleanupD3DDevice
[2019.10.23-00.35.20:062][ 11]LogRendererCore: FGlobalDynamicReadBuffer::Cleanup()
[2019.10.23-00.35.20:062][ 11]LogRendererCore: FGlobalDynamicReadBuffer::Cleanup()
[2019.10.23-00.35.20:062][ 11]LogRendererCore: FGlobalDynamicReadBuffer::Cleanup()
[2019.10.23-00.35.20:439][ 11]LogD3D11RHI: ~FD3D11DynamicRHI
[2019.10.23-00.35.20:494][ 11]LogExit: Exiting.
[2019.10.23-00.35.20:510][ 11]Log file closed, 10/23/19 09:35:20
