Log file open, 10/23/19 10:19:29
LogWindows: Failed to load 'aqProf.dll' (GetLastError=126)
LogWindows: File 'aqProf.dll' does not exist
LogWindows: Failed to load 'VtuneApi.dll' (GetLastError=126)
LogWindows: File 'VtuneApi.dll' does not exist
LogWindows: Failed to load 'VtuneApi32e.dll' (GetLastError=126)
LogWindows: File 'VtuneApi32e.dll' does not exist
LogConsoleResponse: Display: Failed to find resolution value strings in scalability ini. Falling back to default.
LogInit: Display: Running engine for game: LastResisters
LogPlatformFile: Not using cached read wrapper
LogTaskGraph: Started task graph with 5 named threads and 35 total threads with 3 sets of task threads.
LogStats: Stats thread started at 0.185787
LogD3D11RHI: Loaded GFSDK_Aftermath_Lib.x64.dll
LogICUInternationalization: ICU TimeZone Detection - Raw Offset: +9:00, Platform Override: ''
LogPluginManager: Mounting plugin Paper2D
LogPluginManager: Mounting plugin AISupport
LogPluginManager: Mounting plugin LightPropagationVolume
LogPluginManager: Mounting plugin ActorLayerUtilities
LogPluginManager: Mounting plugin AnimationSharing
LogPluginManager: Mounting plugin CLionSourceCodeAccess
LogPluginManager: Mounting plugin CodeLiteSourceCodeAccess
LogPluginManager: Mounting plugin GitSourceControl
LogPluginManager: Mounting plugin KDevelopSourceCodeAccess
LogPluginManager: Mounting plugin NullSourceCodeAccess
LogPluginManager: Mounting plugin PerforceSourceControl
LogPluginManager: Mounting plugin SubversionSourceControl
LogPluginManager: Mounting plugin UObjectPlugin
LogPluginManager: Mounting plugin VisualStudioCodeSourceCodeAccess
LogPluginManager: Mounting plugin VisualStudioSourceCodeAccess
LogPluginManager: Mounting plugin XCodeSourceCodeAccess
LogPluginManager: Mounting plugin AssetManagerEditor
LogPluginManager: Mounting plugin CryptoKeys
LogPluginManager: Mounting plugin CurveEditorTools
LogPluginManager: Mounting plugin DataValidation
LogPluginManager: Mounting plugin FacialAnimation
LogPluginManager: Mounting plugin GameplayTagsEditor
LogPluginManager: Mounting plugin MacGraphicsSwitching
LogPluginManager: Mounting plugin MaterialAnalyzer
LogPluginManager: Mounting plugin MobileLauncherProfileWizard
LogPluginManager: Mounting plugin PluginBrowser
LogPluginManager: Mounting plugin SpeedTreeImporter
LogPluginManager: Mounting plugin DatasmithContent
LogPluginManager: Mounting plugin VariantManagerContent
LogPluginManager: Mounting plugin AlembicImporter
LogPluginManager: Mounting plugin AutomationUtils
LogPluginManager: Mounting plugin BackChannel
LogPluginManager: Mounting plugin CharacterAI
LogPluginManager: Mounting plugin GeometryCache
LogPluginManager: Mounting plugin HTML5Networking
LogPluginManager: Mounting plugin PlatformCrypto
LogPluginManager: Mounting plugin ProxyLODPlugin
LogPluginManager: Mounting plugin SkeletalReduction
LogPluginManager: Mounting plugin MagicLeap
LogPluginManager: Mounting plugin MagicLeapMedia
LogPluginManager: Mounting plugin AndroidMedia
LogPluginManager: Mounting plugin AvfMedia
LogPluginManager: Mounting plugin ImgMedia
LogPluginManager: Mounting plugin MediaCompositing
LogPluginManager: Mounting plugin MediaPlayerEditor
LogPluginManager: Mounting plugin WebMMedia
LogPluginManager: Mounting plugin WmfMedia
LogPluginManager: Mounting plugin TcpMessaging
LogPluginManager: Mounting plugin UdpMessaging
LogPluginManager: Mounting plugin ActorSequence
LogPluginManager: Mounting plugin LevelSequenceEditor
LogPluginManager: Mounting plugin MatineeToLevelSequence
LogPluginManager: Mounting plugin NetcodeUnitTest
LogPluginManager: Mounting plugin NUTUnrealEngine4
LogPluginManager: Mounting plugin OnlineSubsystemGooglePlay
LogPluginManager: Mounting plugin OnlineSubsystemIOS
LogPluginManager: Mounting plugin OnlineSubsystem
LogPluginManager: Mounting plugin OnlineSubsystemNull
LogPluginManager: Mounting plugin OnlineSubsystemUtils
LogPluginManager: Mounting plugin LauncherChunkInstaller
LogPluginManager: Mounting plugin AndroidDeviceProfileSelector
LogPluginManager: Mounting plugin AndroidMoviePlayer
LogPluginManager: Mounting plugin AndroidPermission
LogPluginManager: Mounting plugin AppleImageUtils
LogPluginManager: Mounting plugin AppleMoviePlayer
LogPluginManager: Mounting plugin ArchVisCharacter
LogPluginManager: Mounting plugin AudioCapture
LogPluginManager: Mounting plugin CableComponent
LogPluginManager: Mounting plugin CustomMeshComponent
LogPluginManager: Mounting plugin EditableMesh
LogPluginManager: Mounting plugin ExampleDeviceProfileSelector
LogPluginManager: Mounting plugin GoogleCloudMessaging
LogPluginManager: Mounting plugin IOSDeviceProfileSelector
LogPluginManager: Mounting plugin LinuxDeviceProfileSelector
LogPluginManager: Mounting plugin LocationServicesBPLibrary
LogPluginManager: Mounting plugin MobilePatchingUtils
LogPluginManager: Mounting plugin OculusVR
LogPluginManager: Mounting plugin PhysXVehicles
LogPluginManager: Mounting plugin ProceduralMeshComponent
LogPluginManager: Mounting plugin RuntimePhysXCooking
LogPluginManager: Mounting plugin SignificanceManager
LogPluginManager: Mounting plugin SteamVR
LogPluginManager: Mounting plugin WebMMoviePlayer
LogPluginManager: Mounting plugin WindowsMoviePlayer
LogPluginManager: Mounting plugin ScreenshotTools
LogInit: Using libcurl 7.55.1-DEV
LogInit:  - built for x86_64-pc-win32
LogInit:  - supports SSL with OpenSSL/1.1.1
LogInit:  - supports HTTP deflate (compression) using libz 1.2.8
LogInit:  - other features:
LogInit:      CURL_VERSION_SSL
LogInit:      CURL_VERSION_LIBZ
LogInit:      CURL_VERSION_IPV6
LogInit:      CURL_VERSION_ASYNCHDNS
LogInit:      CURL_VERSION_LARGEFILE
LogInit:      CURL_VERSION_IDN
LogInit:  CurlRequestOptions (configurable via config and command line):
LogInit:  - bVerifyPeer = true  - Libcurl will verify peer certificate
LogInit:  - bUseHttpProxy = false  - Libcurl will NOT use HTTP proxy
LogInit:  - bDontReuseConnections = false  - Libcurl will reuse connections
LogInit:  - MaxHostConnections = 16  - Libcurl will limit the number of connections to a host
LogInit:  - LocalHostAddr = Default
LogInit:  - BufferSize = 65536
LogOnline: OSS: Creating online subsystem instance for: NULL
LogInit: WinSock: version 1.1 (2.2), MaxSocks=32767, MaxUdp=65467
LogInit: Build: ++UE4+Release-4.23-CL-8386587
LogInit: Engine Version: 4.23.0-8386587+++UE4+Release-4.23
LogInit: Compatible Engine Version: 4.23.0-8386587+++UE4+Release-4.23
LogInit: Net CL: 8386587
LogInit: OS: Windows 10 (Release 1903) (), CPU: Intel(R) Core(TM) i7-8750H CPU @ 2.20GHz, GPU: Intel(R) UHD Graphics 630
LogInit: Compiled (64-bit): Aug 31 2019 02:04:44
LogInit: Compiled with Visual C++: 19.16.27030.01
LogInit: Build Configuration: Development
LogInit: Branch Name: ++UE4+Release-4.23
LogInit: Command Line:  -skipcompile
LogInit: Base Directory: C:/Program Files/Epic Games/UE_4.23/Engine/Binaries/Win64/
LogInit: Installed Engine Build: 1
LogDevObjectVersion: Number of dev versions registered: 23
LogDevObjectVersion:   Dev-Blueprints (B0D832E4-1F89-4F0D-ACCF-7EB736FD4AA2): 10
LogDevObjectVersion:   Dev-Build (E1C64328-A22C-4D53-A36C-8E866417BD8C): 0
LogDevObjectVersion:   Dev-Core (375EC13C-06E4-48FB-B500-84F0262A717E): 3
LogDevObjectVersion:   Dev-Editor (E4B068ED-F494-42E9-A231-DA0B2E46BB41): 34
LogDevObjectVersion:   Dev-Framework (CFFC743F-43B0-4480-9391-14DF171D2073): 35
LogDevObjectVersion:   Dev-Mobile (B02B49B5-BB20-44E9-A304-32B752E40360): 2
LogDevObjectVersion:   Dev-Networking (A4E4105C-59A1-49B5-A7C5-40C4547EDFEE): 0
LogDevObjectVersion:   Dev-Online (39C831C9-5AE6-47DC-9A44-9C173E1C8E7C): 0
LogDevObjectVersion:   Dev-Physics (78F01B33-EBEA-4F98-B9B4-84EACCB95AA2): 0
LogDevObjectVersion:   Dev-Platform (6631380F-2D4D-43E0-8009-CF276956A95A): 0
LogDevObjectVersion:   Dev-Rendering (12F88B9F-8875-4AFC-A67C-D90C383ABD29): 31
LogDevObjectVersion:   Dev-Sequencer (7B5AE74C-D270-4C10-A958-57980B212A5A): 11
LogDevObjectVersion:   Dev-VR (D7296918-1DD6-4BDD-9DE2-64A83CC13884): 2
LogDevObjectVersion:   Dev-LoadTimes (C2A15278-BFE7-4AFE-6C17-90FF531DF755): 1
LogDevObjectVersion:   Private-Geometry (6EACA3D4-40EC-4CC1-B786-8BED09428FC5): 3
LogDevObjectVersion:   Dev-AnimPhys (29E575DD-E0A3-4627-9D10-D276232CDCEA): 17
LogDevObjectVersion:   Dev-Anim (AF43A65D-7FD3-4947-9873-3E8ED9C1BB05): 2
LogDevObjectVersion:   Dev-ReflectionCapture (6B266CEC-1EC7-4B8F-A30B-E4D90942FC07): 1
LogDevObjectVersion:   Dev-Automation (0DF73D61-A23F-47EA-B727-89E90C41499A): 1
LogDevObjectVersion:   FortniteMain (601D1886-AC64-4F84-AA16-D3DE0DEAC7D6): 27
LogDevObjectVersion:   Dev-Enterprise (9DFFBCD6-494F-0158-E221-12823C92A888): 6
LogDevObjectVersion:   Dev-Niagara (F2AED0AC-9AFE-416F-8664-AA7FFA26D6FC): 1
LogDevObjectVersion:   Dev-Destruction (174F1F0B-B4C6-45A5-B13F-2EE8D0FB917D): 9
LogInit: Presizing for max 16777216 objects, including 0 objects not considered by GC, pre-allocating 0 bytes for permanent pool.
LogInit: Object subsystem initialized
LogConfig: Setting CVar [[con.DebugEarlyDefault:1]]
LogConfig: Setting CVar [[r.setres:1280x720]]
[2019.10.23-01.19.29:519][  0]LogConfig: Setting CVar [[r.VSync:0]]
[2019.10.23-01.19.29:519][  0]LogConfig: Setting CVar [[r.RHICmdBypass:0]]
[2019.10.23-01.19.29:519][  0]LogConfig: Applying CVar settings from Section [/Script/Engine.RendererSettings] File [C:/Users/drelj/Desktop/Folder(NYP)/NAGOYA OITP/ProjectGIT/LastResisters/Saved/Config/Windows/Engine.ini]
[2019.10.23-01.19.29:519][  0]LogConfig: Setting CVar [[r.GPUCrashDebugging:0]]
[2019.10.23-01.19.29:519][  0]LogConfig: Setting CVar [[r.DefaultFeature.AmbientOcclusion:0]]
[2019.10.23-01.19.29:519][  0]LogConfig: Setting CVar [[r.DefaultFeature.AmbientOcclusionStaticFraction:0]]
[2019.10.23-01.19.29:519][  0]LogConfig: Setting CVar [[vr.InstancedStereo:1]]
[2019.10.23-01.19.29:519][  0]LogConfig: Setting CVar [[r.SeparateTranslucency:0]]
[2019.10.23-01.19.29:519][  0]LogConfig: Setting CVar [[r.HZBOcclusion:0]]
[2019.10.23-01.19.29:519][  0]LogConfig: Setting CVar [[r.SSR.MaxRoughness:0]]
[2019.10.23-01.19.29:519][  0]LogConfig: Setting CVar [[r.rhicmdbypass:0]]
[2019.10.23-01.19.29:519][  0]LogConfig: Setting CVar [[r.Mobile.UseHWsRGBEncoding:1]]
[2019.10.23-01.19.29:520][  0]LogConfig: Applying CVar settings from Section [/Script/Engine.RendererOverrideSettings] File [C:/Users/drelj/Desktop/Folder(NYP)/NAGOYA OITP/ProjectGIT/LastResisters/Saved/Config/Windows/Engine.ini]
[2019.10.23-01.19.29:520][  0]LogConfig: Applying CVar settings from Section [/Script/Engine.StreamingSettings] File [C:/Users/drelj/Desktop/Folder(NYP)/NAGOYA OITP/ProjectGIT/LastResisters/Saved/Config/Windows/Engine.ini]
[2019.10.23-01.19.29:520][  0]LogConfig: Setting CVar [[s.MinBulkDataSizeForAsyncLoading:131072]]
[2019.10.23-01.19.29:520][  0]LogConfig: Setting CVar [[s.AsyncLoadingThreadEnabled:0]]
[2019.10.23-01.19.29:520][  0]LogConfig: Setting CVar [[s.EventDrivenLoaderEnabled:1]]
[2019.10.23-01.19.29:520][  0]LogConfig: Setting CVar [[s.WarnIfTimeLimitExceeded:0]]
[2019.10.23-01.19.29:520][  0]LogConfig: Setting CVar [[s.TimeLimitExceededMultiplier:1.5]]
[2019.10.23-01.19.29:520][  0]LogConfig: Setting CVar [[s.TimeLimitExceededMinTime:0.005]]
[2019.10.23-01.19.29:520][  0]LogConfig: Setting CVar [[s.UseBackgroundLevelStreaming:1]]
[2019.10.23-01.19.29:520][  0]LogConfig: Setting CVar [[s.PriorityAsyncLoadingExtraTime:15.0]]
[2019.10.23-01.19.29:520][  0]LogConfig: Setting CVar [[s.LevelStreamingActorsUpdateTimeLimit:5.0]]
[2019.10.23-01.19.29:520][  0]LogConfig: Setting CVar [[s.PriorityLevelStreamingActorsUpdateExtraTime:5.0]]
[2019.10.23-01.19.29:521][  0]LogConfig: Setting CVar [[s.LevelStreamingComponentsRegistrationGranularity:10]]
[2019.10.23-01.19.29:521][  0]LogConfig: Setting CVar [[s.UnregisterComponentsTimeLimit:1.0]]
[2019.10.23-01.19.29:521][  0]LogConfig: Setting CVar [[s.LevelStreamingComponentsUnregistrationGranularity:5]]
[2019.10.23-01.19.29:521][  0]LogConfig: Applying CVar settings from Section [/Script/Engine.GarbageCollectionSettings] File [C:/Users/drelj/Desktop/Folder(NYP)/NAGOYA OITP/ProjectGIT/LastResisters/Saved/Config/Windows/Engine.ini]
[2019.10.23-01.19.29:521][  0]LogConfig: Setting CVar [[gc.MaxObjectsNotConsideredByGC:1]]
[2019.10.23-01.19.29:521][  0]LogConfig: Setting CVar [[gc.SizeOfPermanentObjectPool:0]]
[2019.10.23-01.19.29:521][  0]LogConfig: Setting CVar [[gc.FlushStreamingOnGC:0]]
[2019.10.23-01.19.29:521][  0]LogConfig: Setting CVar [[gc.NumRetriesBeforeForcingGC:10]]
[2019.10.23-01.19.29:521][  0]LogConfig: Setting CVar [[gc.AllowParallelGC:1]]
[2019.10.23-01.19.29:521][  0]LogConfig: Setting CVar [[gc.TimeBetweenPurgingPendingKillObjects:61.1]]
[2019.10.23-01.19.29:521][  0]LogConfig: Setting CVar [[gc.MaxObjectsInEditor:16777216]]
[2019.10.23-01.19.29:521][  0]LogConfig: Setting CVar [[gc.IncrementalBeginDestroyEnabled:1]]
[2019.10.23-01.19.29:521][  0]LogConfig: Setting CVar [[gc.CreateGCClusters:1]]
[2019.10.23-01.19.29:522][  0]LogConfig: Setting CVar [[gc.MinGCClusterSize:5]]
[2019.10.23-01.19.29:522][  0]LogConfig: Setting CVar [[gc.ActorClusteringEnabled:0]]
[2019.10.23-01.19.29:522][  0]LogConfig: Setting CVar [[gc.BlueprintClusteringEnabled:0]]
[2019.10.23-01.19.29:522][  0]LogConfig: Setting CVar [[gc.UseDisregardForGCOnDedicatedServers:0]]
[2019.10.23-01.19.29:522][  0]LogConfig: Applying CVar settings from Section [/Script/Engine.NetworkSettings] File [C:/Users/drelj/Desktop/Folder(NYP)/NAGOYA OITP/ProjectGIT/LastResisters/Saved/Config/Windows/Engine.ini]
[2019.10.23-01.19.29:522][  0]LogConfig: Applying CVar settings from Section [/Script/UnrealEd.CookerSettings] File [C:/Users/drelj/Desktop/Folder(NYP)/NAGOYA OITP/ProjectGIT/LastResisters/Saved/Config/Windows/Engine.ini]
[2019.10.23-01.19.29:531][  0]LogConfig: Applying CVar settings from Section [ViewDistanceQuality@3] File [C:/Users/drelj/Desktop/Folder(NYP)/NAGOYA OITP/ProjectGIT/LastResisters/Saved/Config/Windows/Scalability.ini]
[2019.10.23-01.19.29:531][  0]LogConfig: Setting CVar [[r.SkeletalMeshLODBias:0]]
[2019.10.23-01.19.29:531][  0]LogConfig: Setting CVar [[r.ViewDistanceScale:1.0]]
[2019.10.23-01.19.29:531][  0]LogConfig: Applying CVar settings from Section [AntiAliasingQuality@3] File [C:/Users/drelj/Desktop/Folder(NYP)/NAGOYA OITP/ProjectGIT/LastResisters/Saved/Config/Windows/Scalability.ini]
[2019.10.23-01.19.29:531][  0]LogConfig: Setting CVar [[r.PostProcessAAQuality:3]]
[2019.10.23-01.19.29:532][  0]LogConfig: Applying CVar settings from Section [ShadowQuality@3] File [C:/Users/drelj/Desktop/Folder(NYP)/NAGOYA OITP/ProjectGIT/LastResisters/Saved/Config/Windows/Scalability.ini]
[2019.10.23-01.19.29:532][  0]LogConfig: Setting CVar [[r.LightFunctionQuality:1]]
[2019.10.23-01.19.29:532][  0]LogConfig: Setting CVar [[r.ShadowQuality:5]]
[2019.10.23-01.19.29:532][  0]LogConfig: Setting CVar [[r.Shadow.CSM.MaxCascades:10]]
[2019.10.23-01.19.29:532][  0]LogConfig: Setting CVar [[r.Shadow.MaxResolution:2048]]
[2019.10.23-01.19.29:532][  0]LogConfig: Setting CVar [[r.Shadow.MaxCSMResolution:2048]]
[2019.10.23-01.19.29:532][  0]LogConfig: Setting CVar [[r.Shadow.RadiusThreshold:0.01]]
[2019.10.23-01.19.29:532][  0]LogConfig: Setting CVar [[r.Shadow.DistanceScale:1.0]]
[2019.10.23-01.19.29:532][  0]LogConfig: Setting CVar [[r.Shadow.CSM.TransitionScale:1.0]]
[2019.10.23-01.19.29:532][  0]LogConfig: Setting CVar [[r.Shadow.PreShadowResolutionFactor:1.0]]
[2019.10.23-01.19.29:532][  0]LogConfig: Setting CVar [[r.DistanceFieldShadowing:1]]
[2019.10.23-01.19.29:533][  0]LogConfig: Setting CVar [[r.DistanceFieldAO:1]]
[2019.10.23-01.19.29:533][  0]LogConfig: Setting CVar [[r.AOQuality:2]]
[2019.10.23-01.19.29:533][  0]LogConfig: Setting CVar [[r.VolumetricFog:1]]
[2019.10.23-01.19.29:533][  0]LogConfig: Setting CVar [[r.VolumetricFog.GridPixelSize:8]]
[2019.10.23-01.19.29:533][  0]LogConfig: Setting CVar [[r.VolumetricFog.GridSizeZ:128]]
[2019.10.23-01.19.29:533][  0]LogConfig: Setting CVar [[r.VolumetricFog.HistoryMissSupersampleCount:4]]
[2019.10.23-01.19.29:533][  0]LogConfig: Setting CVar [[r.LightMaxDrawDistanceScale:1]]
[2019.10.23-01.19.29:533][  0]LogConfig: Setting CVar [[r.CapsuleShadows:1]]
[2019.10.23-01.19.29:533][  0]LogConfig: Applying CVar settings from Section [PostProcessQuality@3] File [C:/Users/drelj/Desktop/Folder(NYP)/NAGOYA OITP/ProjectGIT/LastResisters/Saved/Config/Windows/Scalability.ini]
[2019.10.23-01.19.29:533][  0]LogConfig: Setting CVar [[r.MotionBlurQuality:0]]
[2019.10.23-01.19.29:533][  0]LogConfig: Setting CVar [[r.AmbientOcclusionMipLevelFactor:0.4]]
[2019.10.23-01.19.29:533][  0]LogConfig: Setting CVar [[r.AmbientOcclusionMaxQuality:100]]
[2019.10.23-01.19.29:534][  0]LogConfig: Setting CVar [[r.AmbientOcclusionLevels:0]]
[2019.10.23-01.19.29:534][  0]LogConfig: Setting CVar [[r.AmbientOcclusionRadiusScale:1.0]]
[2019.10.23-01.19.29:534][  0]LogConfig: Setting CVar [[r.DepthOfFieldQuality:0]]
[2019.10.23-01.19.29:534][  0]LogConfig: Setting CVar [[r.RenderTargetPoolMin:400]]
[2019.10.23-01.19.29:534][  0]LogConfig: Setting CVar [[r.LensFlareQuality:0]]
[2019.10.23-01.19.29:534][  0]LogConfig: Setting CVar [[r.SceneColorFringeQuality:0]]
[2019.10.23-01.19.29:534][  0]LogConfig: Setting CVar [[r.EyeAdaptationQuality:2]]
[2019.10.23-01.19.29:534][  0]LogConfig: Setting CVar [[r.BloomQuality:1]]
[2019.10.23-01.19.29:534][  0]LogConfig: Setting CVar [[r.FastBlurThreshold:0]]
[2019.10.23-01.19.29:534][  0]LogConfig: Setting CVar [[r.Upscale.Quality:3]]
[2019.10.23-01.19.29:534][  0]LogConfig: Setting CVar [[r.Tonemapper.GrainQuantization:1]]
[2019.10.23-01.19.29:534][  0]LogConfig: Setting CVar [[r.LightShaftQuality:1]]
[2019.10.23-01.19.29:534][  0]LogConfig: Setting CVar [[r.Filter.SizeScale:1]]
[2019.10.23-01.19.29:534][  0]LogConfig: Setting CVar [[r.Tonemapper.Quality:5]]
[2019.10.23-01.19.29:534][  0]LogConfig: Setting CVar [[r.DOF.Gather.AccumulatorQuality:1        ; higher gathering accumulator quality]]
[2019.10.23-01.19.29:534][  0]LogConfig: Setting CVar [[r.DOF.Gather.PostfilterMethod:1          ; Median3x3 postfilering method]]
[2019.10.23-01.19.29:534][  0]LogConfig: Setting CVar [[r.DOF.Gather.EnableBokehSettings:0       ; no bokeh simulation when gathering]]
[2019.10.23-01.19.29:535][  0]LogConfig: Setting CVar [[r.DOF.Gather.RingCount:4                 ; medium number of samples when gathering]]
[2019.10.23-01.19.29:535][  0]LogConfig: Setting CVar [[r.DOF.Scatter.ForegroundCompositing:1    ; additive foreground scattering]]
[2019.10.23-01.19.29:535][  0]LogConfig: Setting CVar [[r.DOF.Scatter.BackgroundCompositing:2    ; additive background scattering]]
[2019.10.23-01.19.29:535][  0]LogConfig: Setting CVar [[r.DOF.Scatter.EnableBokehSettings:1      ; bokeh simulation when scattering]]
[2019.10.23-01.19.29:535][  0]LogConfig: Setting CVar [[r.DOF.Scatter.MaxSpriteRatio:0.1         ; only a maximum of 10% of scattered bokeh]]
[2019.10.23-01.19.29:535][  0]LogConfig: Setting CVar [[r.DOF.Recombine.Quality:1                ; cheap slight out of focus]]
[2019.10.23-01.19.29:535][  0]LogConfig: Setting CVar [[r.DOF.Recombine.EnableBokehSettings:0    ; no bokeh simulation on slight out of focus]]
[2019.10.23-01.19.29:535][  0]LogConfig: Setting CVar [[r.DOF.TemporalAAQuality:1                ; more stable temporal accumulation]]
[2019.10.23-01.19.29:535][  0]LogConfig: Setting CVar [[r.DOF.Kernel.MaxForegroundRadius:0.025]]
[2019.10.23-01.19.29:535][  0]LogConfig: Setting CVar [[r.DOF.Kernel.MaxBackgroundRadius:0.025]]
[2019.10.23-01.19.29:535][  0]LogConfig: Applying CVar settings from Section [TextureQuality@3] File [C:/Users/drelj/Desktop/Folder(NYP)/NAGOYA OITP/ProjectGIT/LastResisters/Saved/Config/Windows/Scalability.ini]
[2019.10.23-01.19.29:535][  0]LogConfig: Setting CVar [[r.Streaming.MipBias:0]]
[2019.10.23-01.19.29:535][  0]LogConfig: Setting CVar [[r.Streaming.AmortizeCPUToGPUCopy:0]]
[2019.10.23-01.19.29:535][  0]LogConfig: Setting CVar [[r.Streaming.MaxNumTexturesToStreamPerFrame:0]]
[2019.10.23-01.19.29:535][  0]LogConfig: Setting CVar [[r.Streaming.Boost:1]]
[2019.10.23-01.19.29:535][  0]LogConfig: Setting CVar [[r.MaxAnisotropy:8]]
[2019.10.23-01.19.29:535][  0]LogConfig: Setting CVar [[r.Streaming.LimitPoolSizeToVRAM:0]]
[2019.10.23-01.19.29:535][  0]LogConfig: Setting CVar [[r.Streaming.PoolSize:1000]]
[2019.10.23-01.19.29:536][  0]LogConfig: Setting CVar [[r.Streaming.MaxEffectiveScreenSize:0]]
[2019.10.23-01.19.29:536][  0]LogConfig: Applying CVar settings from Section [EffectsQuality@3] File [C:/Users/drelj/Desktop/Folder(NYP)/NAGOYA OITP/ProjectGIT/LastResisters/Saved/Config/Windows/Scalability.ini]
[2019.10.23-01.19.29:536][  0]LogConfig: Setting CVar [[r.TranslucencyLightingVolumeDim:4]]
[2019.10.23-01.19.29:536][  0]LogConfig: Setting CVar [[r.RefractionQuality:2]]
[2019.10.23-01.19.29:536][  0]LogConfig: Setting CVar [[r.SSR.Quality:0]]
[2019.10.23-01.19.29:536][  0]LogConfig: Setting CVar [[r.SceneColorFormat:2]]
[2019.10.23-01.19.29:536][  0]LogConfig: Setting CVar [[r.DetailMode:2]]
[2019.10.23-01.19.29:536][  0]LogConfig: Setting CVar [[r.TranslucencyVolumeBlur:0]]
[2019.10.23-01.19.29:536][  0]LogConfig: Setting CVar [[r.MaterialQualityLevel:1 ; High quality]]
[2019.10.23-01.19.29:536][  0]LogConfig: Setting CVar [[r.SSS.Scale:1]]
[2019.10.23-01.19.29:536][  0]LogConfig: Setting CVar [[r.SSS.SampleSet:2]]
[2019.10.23-01.19.29:536][  0]LogConfig: Setting CVar [[r.SSS.Quality:1]]
[2019.10.23-01.19.29:536][  0]LogConfig: Setting CVar [[r.SSS.HalfRes:1]]
[2019.10.23-01.19.29:536][  0]LogConfig: Setting CVar [[r.EmitterSpawnRateScale:1.0]]
[2019.10.23-01.19.29:537][  0]LogConfig: Setting CVar [[r.ParticleLightQuality:2]]
[2019.10.23-01.19.29:537][  0]LogConfig: Applying CVar settings from Section [FoliageQuality@3] File [C:/Users/drelj/Desktop/Folder(NYP)/NAGOYA OITP/ProjectGIT/LastResisters/Saved/Config/Windows/Scalability.ini]
[2019.10.23-01.19.29:537][  0]LogConfig: Setting CVar [[foliage.DensityScale:1.0]]
[2019.10.23-01.19.29:537][  0]LogConfig: Setting CVar [[grass.DensityScale:1.0]]
[2019.10.23-01.19.29:537][  0]LogInit: Selected Device Profile: [Windows]
[2019.10.23-01.19.29:537][  0]LogInit: Applying CVar settings loaded from the selected device profile: [Windows]
[2019.10.23-01.19.29:545][  0]LogHAL: Display: Platform has ~ 16 GB [17014509568 / 17179869184 / 16], which maps to Larger [LargestMinGB=32, LargerMinGB=12, DefaultMinGB=8, SmallerMinGB=6, SmallestMinGB=0)
[2019.10.23-01.19.29:545][  0]LogInit: Going up to parent DeviceProfile []
[2019.10.23-01.19.29:545][  0]LogConfig: Applying CVar settings from Section [ViewDistanceQuality@3] File [C:/Users/drelj/Desktop/Folder(NYP)/NAGOYA OITP/ProjectGIT/LastResisters/Saved/Config/Windows/Scalability.ini]
[2019.10.23-01.19.29:545][  0]LogConfig: Setting CVar [[r.SkeletalMeshLODBias:0]]
[2019.10.23-01.19.29:546][  0]LogConfig: Setting CVar [[r.ViewDistanceScale:1.0]]
[2019.10.23-01.19.29:546][  0]LogConfig: Applying CVar settings from Section [AntiAliasingQuality@3] File [C:/Users/drelj/Desktop/Folder(NYP)/NAGOYA OITP/ProjectGIT/LastResisters/Saved/Config/Windows/Scalability.ini]
[2019.10.23-01.19.29:546][  0]LogConfig: Setting CVar [[r.PostProcessAAQuality:3]]
[2019.10.23-01.19.29:546][  0]LogConfig: Applying CVar settings from Section [ShadowQuality@3] File [C:/Users/drelj/Desktop/Folder(NYP)/NAGOYA OITP/ProjectGIT/LastResisters/Saved/Config/Windows/Scalability.ini]
[2019.10.23-01.19.29:546][  0]LogConfig: Setting CVar [[r.LightFunctionQuality:1]]
[2019.10.23-01.19.29:546][  0]LogConfig: Setting CVar [[r.ShadowQuality:5]]
[2019.10.23-01.19.29:546][  0]LogConfig: Setting CVar [[r.Shadow.CSM.MaxCascades:10]]
[2019.10.23-01.19.29:546][  0]LogConfig: Setting CVar [[r.Shadow.MaxResolution:2048]]
[2019.10.23-01.19.29:546][  0]LogConfig: Setting CVar [[r.Shadow.MaxCSMResolution:2048]]
[2019.10.23-01.19.29:546][  0]LogConfig: Setting CVar [[r.Shadow.RadiusThreshold:0.01]]
[2019.10.23-01.19.29:546][  0]LogConfig: Setting CVar [[r.Shadow.DistanceScale:1.0]]
[2019.10.23-01.19.29:546][  0]LogConfig: Setting CVar [[r.Shadow.CSM.TransitionScale:1.0]]
[2019.10.23-01.19.29:546][  0]LogConfig: Setting CVar [[r.Shadow.PreShadowResolutionFactor:1.0]]
[2019.10.23-01.19.29:547][  0]LogConfig: Setting CVar [[r.DistanceFieldShadowing:1]]
[2019.10.23-01.19.29:547][  0]LogConfig: Setting CVar [[r.DistanceFieldAO:1]]
[2019.10.23-01.19.29:547][  0]LogConfig: Setting CVar [[r.AOQuality:2]]
[2019.10.23-01.19.29:547][  0]LogConfig: Setting CVar [[r.VolumetricFog:1]]
[2019.10.23-01.19.29:547][  0]LogConfig: Setting CVar [[r.VolumetricFog.GridPixelSize:8]]
[2019.10.23-01.19.29:547][  0]LogConfig: Setting CVar [[r.VolumetricFog.GridSizeZ:128]]
[2019.10.23-01.19.29:547][  0]LogConfig: Setting CVar [[r.VolumetricFog.HistoryMissSupersampleCount:4]]
[2019.10.23-01.19.29:547][  0]LogConfig: Setting CVar [[r.LightMaxDrawDistanceScale:1]]
[2019.10.23-01.19.29:547][  0]LogConfig: Setting CVar [[r.CapsuleShadows:1]]
[2019.10.23-01.19.29:547][  0]LogConfig: Applying CVar settings from Section [PostProcessQuality@3] File [C:/Users/drelj/Desktop/Folder(NYP)/NAGOYA OITP/ProjectGIT/LastResisters/Saved/Config/Windows/Scalability.ini]
[2019.10.23-01.19.29:548][  0]LogConfig: Setting CVar [[r.MotionBlurQuality:0]]
[2019.10.23-01.19.29:548][  0]LogConfig: Setting CVar [[r.AmbientOcclusionMipLevelFactor:0.4]]
[2019.10.23-01.19.29:548][  0]LogConfig: Setting CVar [[r.AmbientOcclusionMaxQuality:100]]
[2019.10.23-01.19.29:548][  0]LogConfig: Setting CVar [[r.AmbientOcclusionLevels:0]]
[2019.10.23-01.19.29:548][  0]LogConfig: Setting CVar [[r.AmbientOcclusionRadiusScale:1.0]]
[2019.10.23-01.19.29:548][  0]LogConfig: Setting CVar [[r.DepthOfFieldQuality:0]]
[2019.10.23-01.19.29:548][  0]LogConfig: Setting CVar [[r.RenderTargetPoolMin:400]]
[2019.10.23-01.19.29:548][  0]LogConfig: Setting CVar [[r.LensFlareQuality:0]]
[2019.10.23-01.19.29:548][  0]LogConfig: Setting CVar [[r.SceneColorFringeQuality:0]]
[2019.10.23-01.19.29:548][  0]LogConfig: Setting CVar [[r.EyeAdaptationQuality:2]]
[2019.10.23-01.19.29:548][  0]LogConfig: Setting CVar [[r.BloomQuality:1]]
[2019.10.23-01.19.29:548][  0]LogConfig: Setting CVar [[r.FastBlurThreshold:0]]
[2019.10.23-01.19.29:549][  0]LogConfig: Setting CVar [[r.Upscale.Quality:3]]
[2019.10.23-01.19.29:549][  0]LogConfig: Setting CVar [[r.Tonemapper.GrainQuantization:1]]
[2019.10.23-01.19.29:549][  0]LogConfig: Setting CVar [[r.LightShaftQuality:1]]
[2019.10.23-01.19.29:549][  0]LogConfig: Setting CVar [[r.Filter.SizeScale:1]]
[2019.10.23-01.19.29:549][  0]LogConfig: Setting CVar [[r.Tonemapper.Quality:5]]
[2019.10.23-01.19.29:549][  0]LogConfig: Setting CVar [[r.DOF.Gather.AccumulatorQuality:1        ; higher gathering accumulator quality]]
[2019.10.23-01.19.29:549][  0]LogConfig: Setting CVar [[r.DOF.Gather.PostfilterMethod:1          ; Median3x3 postfilering method]]
[2019.10.23-01.19.29:549][  0]LogConfig: Setting CVar [[r.DOF.Gather.EnableBokehSettings:0       ; no bokeh simulation when gathering]]
[2019.10.23-01.19.29:549][  0]LogConfig: Setting CVar [[r.DOF.Gather.RingCount:4                 ; medium number of samples when gathering]]
[2019.10.23-01.19.29:549][  0]LogConfig: Setting CVar [[r.DOF.Scatter.ForegroundCompositing:1    ; additive foreground scattering]]
[2019.10.23-01.19.29:550][  0]LogConfig: Setting CVar [[r.DOF.Scatter.BackgroundCompositing:2    ; additive background scattering]]
[2019.10.23-01.19.29:550][  0]LogConfig: Setting CVar [[r.DOF.Scatter.EnableBokehSettings:1      ; bokeh simulation when scattering]]
[2019.10.23-01.19.29:550][  0]LogConfig: Setting CVar [[r.DOF.Scatter.MaxSpriteRatio:0.1         ; only a maximum of 10% of scattered bokeh]]
[2019.10.23-01.19.29:550][  0]LogConfig: Setting CVar [[r.DOF.Recombine.Quality:1                ; cheap slight out of focus]]
[2019.10.23-01.19.29:550][  0]LogConfig: Setting CVar [[r.DOF.Recombine.EnableBokehSettings:0    ; no bokeh simulation on slight out of focus]]
[2019.10.23-01.19.29:550][  0]LogConfig: Setting CVar [[r.DOF.TemporalAAQuality:1                ; more stable temporal accumulation]]
[2019.10.23-01.19.29:550][  0]LogConfig: Setting CVar [[r.DOF.Kernel.MaxForegroundRadius:0.025]]
[2019.10.23-01.19.29:550][  0]LogConfig: Setting CVar [[r.DOF.Kernel.MaxBackgroundRadius:0.025]]
[2019.10.23-01.19.29:550][  0]LogConfig: Applying CVar settings from Section [TextureQuality@3] File [C:/Users/drelj/Desktop/Folder(NYP)/NAGOYA OITP/ProjectGIT/LastResisters/Saved/Config/Windows/Scalability.ini]
[2019.10.23-01.19.29:550][  0]LogConfig: Setting CVar [[r.Streaming.MipBias:0]]
[2019.10.23-01.19.29:550][  0]LogConfig: Setting CVar [[r.Streaming.AmortizeCPUToGPUCopy:0]]
[2019.10.23-01.19.29:551][  0]LogConfig: Setting CVar [[r.Streaming.MaxNumTexturesToStreamPerFrame:0]]
[2019.10.23-01.19.29:551][  0]LogConfig: Setting CVar [[r.Streaming.Boost:1]]
[2019.10.23-01.19.29:551][  0]LogConfig: Setting CVar [[r.MaxAnisotropy:8]]
[2019.10.23-01.19.29:551][  0]LogConfig: Setting CVar [[r.Streaming.LimitPoolSizeToVRAM:0]]
[2019.10.23-01.19.29:551][  0]LogConfig: Setting CVar [[r.Streaming.PoolSize:1000]]
[2019.10.23-01.19.29:551][  0]LogConfig: Setting CVar [[r.Streaming.MaxEffectiveScreenSize:0]]
[2019.10.23-01.19.29:551][  0]LogConfig: Applying CVar settings from Section [EffectsQuality@3] File [C:/Users/drelj/Desktop/Folder(NYP)/NAGOYA OITP/ProjectGIT/LastResisters/Saved/Config/Windows/Scalability.ini]
[2019.10.23-01.19.29:551][  0]LogConfig: Setting CVar [[r.TranslucencyLightingVolumeDim:4]]
[2019.10.23-01.19.29:551][  0]LogConfig: Setting CVar [[r.RefractionQuality:2]]
[2019.10.23-01.19.29:551][  0]LogConfig: Setting CVar [[r.SSR.Quality:0]]
[2019.10.23-01.19.29:551][  0]LogConfig: Setting CVar [[r.SceneColorFormat:2]]
[2019.10.23-01.19.29:551][  0]LogConfig: Setting CVar [[r.DetailMode:2]]
[2019.10.23-01.19.29:551][  0]LogConfig: Setting CVar [[r.TranslucencyVolumeBlur:0]]
[2019.10.23-01.19.29:552][  0]LogConfig: Setting CVar [[r.MaterialQualityLevel:1 ; High quality]]
[2019.10.23-01.19.29:552][  0]LogConfig: Setting CVar [[r.SSS.Scale:1]]
[2019.10.23-01.19.29:552][  0]LogConfig: Setting CVar [[r.SSS.SampleSet:2]]
[2019.10.23-01.19.29:552][  0]LogConfig: Setting CVar [[r.SSS.Quality:1]]
[2019.10.23-01.19.29:552][  0]LogConfig: Setting CVar [[r.SSS.HalfRes:1]]
[2019.10.23-01.19.29:552][  0]LogConfig: Setting CVar [[r.EmitterSpawnRateScale:1.0]]
[2019.10.23-01.19.29:552][  0]LogConfig: Setting CVar [[r.ParticleLightQuality:2]]
[2019.10.23-01.19.29:552][  0]LogConfig: Applying CVar settings from Section [FoliageQuality@3] File [C:/Users/drelj/Desktop/Folder(NYP)/NAGOYA OITP/ProjectGIT/LastResisters/Saved/Config/Windows/Scalability.ini]
[2019.10.23-01.19.29:552][  0]LogConfig: Setting CVar [[foliage.DensityScale:1.0]]
[2019.10.23-01.19.29:552][  0]LogConfig: Setting CVar [[grass.DensityScale:1.0]]
[2019.10.23-01.19.29:552][  0]LogConfig: Applying CVar settings from Section [Startup] File [../../../Engine/Config/ConsoleVariables.ini]
[2019.10.23-01.19.29:553][  0]LogConfig: Setting CVar [[net.UseAdaptiveNetUpdateFrequency:0]]
[2019.10.23-01.19.29:553][  0]LogConfig: Setting CVar [[p.chaos.AllowCreatePhysxBodies:1]]
[2019.10.23-01.19.29:553][  0]LogConfig: Applying CVar settings from Section [ConsoleVariables] File [C:/Users/drelj/Desktop/Folder(NYP)/NAGOYA OITP/ProjectGIT/LastResisters/Saved/Config/Windows/Engine.ini]
[2019.10.23-01.19.29:553][  0]LogInit: Computer: DESKTOP-AGS92BI
[2019.10.23-01.19.29:553][  0]LogInit: User: drelj
[2019.10.23-01.19.29:553][  0]LogInit: CPU Page size=4096, Cores=6
[2019.10.23-01.19.29:554][  0]LogInit: High frequency timer resolution =10.000000 MHz
[2019.10.23-01.19.29:554][  0]LogMemory: Memory total: Physical=15.8GB (16GB approx)
[2019.10.23-01.19.29:554][  0]LogMemory: Platform Memory Stats for Windows
[2019.10.23-01.19.29:554][  0]LogMemory: Process Physical Memory: 102.41 MB used, 102.42 MB peak
[2019.10.23-01.19.29:554][  0]LogMemory: Process Virtual Memory: 99.85 MB used, 99.85 MB peak
[2019.10.23-01.19.29:554][  0]LogMemory: Physical Memory: 10204.30 MB used,  6022.00 MB free, 16226.30 MB total
[2019.10.23-01.19.29:554][  0]LogMemory: Virtual Memory: 4684.99 MB used,  134213040.00 MB free, 134217728.00 MB total
[2019.10.23-01.19.29:562][  0]LogWindows: WindowsPlatformFeatures enabled
[2019.10.23-01.19.29:846][  0]LogInit: Using OS detected language (en-US).
[2019.10.23-01.19.29:846][  0]LogInit: Using OS detected locale (en-SG).
[2019.10.23-01.19.29:847][  0]LogTextLocalizationManager: No specific localization for 'en-US' exists, so the 'en' localization will be used.
[2019.10.23-01.19.30:059][  0]LogInit: Setting process to per monitor DPI aware
[2019.10.23-01.19.30:193][  0]LogSlate: New Slate User Created.  User Index 0, Is Virtual User: 0
[2019.10.23-01.19.30:193][  0]LogSlate: Slate User Registered.  User Index 0, Is Virtual User: 0
[2019.10.23-01.19.32:146][  0]LogHMD: Failed to initialize OpenVR with code 126
[2019.10.23-01.19.32:146][  0]LogD3D11RHI: D3D11 adapters:
[2019.10.23-01.19.32:264][  0]LogD3D11RHI:    0. 'NVIDIA GeForce GTX 1060' (Feature Level 11_0)
[2019.10.23-01.19.32:264][  0]LogD3D11RHI:       6052/0/8113 MB DedicatedVideo/DedicatedSystem/SharedSystem, Outputs:2, VendorId:0x10de
[2019.10.23-01.19.32:289][  0]LogD3D11RHI:    1. 'Intel(R) UHD Graphics 630' (Feature Level 11_0)
[2019.10.23-01.19.32:290][  0]LogD3D11RHI:       128/0/8113 MB DedicatedVideo/DedicatedSystem/SharedSystem, Outputs:0, VendorId:0x8086
[2019.10.23-01.19.32:297][  0]LogD3D11RHI:    2. 'Microsoft Basic Render Driver' (Feature Level 11_0)
[2019.10.23-01.19.32:298][  0]LogD3D11RHI:       0/0/8113 MB DedicatedVideo/DedicatedSystem/SharedSystem, Outputs:0, VendorId:0x1414
[2019.10.23-01.19.32:298][  0]LogD3D11RHI: Chosen D3D11 Adapter: 0
[2019.10.23-01.19.32:333][  0]LogD3D11RHI: Creating new Direct3DDevice
[2019.10.23-01.19.32:333][  0]LogD3D11RHI:     GPU DeviceId: 0x1c20 (for the marketing name, search the web for "GPU Device Id")
[2019.10.23-01.19.32:333][  0]LogWindows: EnumDisplayDevices:
[2019.10.23-01.19.32:334][  0]LogWindows:    0. 'Intel(R) UHD Graphics 630' (P:1 D:1)
[2019.10.23-01.19.32:334][  0]LogWindows:    1. 'Intel(R) UHD Graphics 630' (P:0 D:0)
[2019.10.23-01.19.32:334][  0]LogWindows:    2. 'Intel(R) UHD Graphics 630' (P:0 D:0)
[2019.10.23-01.19.32:335][  0]LogWindows:    3. 'NVIDIA GeForce GTX 1060' (P:0 D:1)
[2019.10.23-01.19.32:335][  0]LogWindows: DebugString: PrimaryIsNotTheChoosenAdapter PrimaryIsNotTheChoosenAdapter PrimaryIsNotTheChoosenAdapter 
[2019.10.23-01.19.32:335][  0]LogD3D11RHI:     Adapter Name: NVIDIA GeForce GTX 1060
[2019.10.23-01.19.32:335][  0]LogD3D11RHI:   Driver Version: 436.48 (internal:26.21.14.3648, unified:436.48)
[2019.10.23-01.19.32:335][  0]LogD3D11RHI:      Driver Date: 9-26-2019
[2019.10.23-01.19.32:335][  0]LogRHI: Texture pool is 4236 MB (70% of 6052 MB)
[2019.10.23-01.19.32:383][  0]LogD3D11RHI: Async texture creation enabled
[2019.10.23-01.19.32:409][  0]LogD3D11RHI: GPU Timing Frequency: 1000.000000 (Debug: 2 1)
[2019.10.23-01.19.32:772][  0]LogTemp: Display: Module 'AllDesktopTargetPlatform' loaded TargetPlatform 'AllDesktop'
[2019.10.23-01.19.32:782][  0]LogTemp: Display: Module 'MacClientTargetPlatform' loaded TargetPlatform 'MacClient'
[2019.10.23-01.19.32:793][  0]LogTemp: Display: Module 'MacNoEditorTargetPlatform' loaded TargetPlatform 'MacNoEditor'
[2019.10.23-01.19.32:804][  0]LogTemp: Display: Module 'MacServerTargetPlatform' loaded TargetPlatform 'MacServer'
[2019.10.23-01.19.32:819][  0]LogTemp: Display: Module 'MacTargetPlatform' loaded TargetPlatform 'Mac'
[2019.10.23-01.19.32:832][  0]LogTemp: Display: Module 'WindowsClientTargetPlatform' loaded TargetPlatform 'WindowsClient'
[2019.10.23-01.19.32:846][  0]LogTemp: Display: Module 'WindowsNoEditorTargetPlatform' loaded TargetPlatform 'WindowsNoEditor'
[2019.10.23-01.19.32:862][  0]LogTemp: Display: Module 'WindowsServerTargetPlatform' loaded TargetPlatform 'WindowsServer'
[2019.10.23-01.19.32:868][  0]LogTemp: Display: Module 'WindowsTargetPlatform' loaded TargetPlatform 'Windows'
[2019.10.23-01.19.32:918][  0]LogTemp: Display: Module 'AndroidTargetPlatform' loaded TargetPlatform 'Android'
[2019.10.23-01.19.32:918][  0]LogTemp: Display: Module 'AndroidTargetPlatform' loaded TargetPlatform 'Android_ASTC'
[2019.10.23-01.19.32:918][  0]LogTemp: Display: Module 'AndroidTargetPlatform' loaded TargetPlatform 'Android_ATC'
[2019.10.23-01.19.32:918][  0]LogTemp: Display: Module 'AndroidTargetPlatform' loaded TargetPlatform 'Android_DXT'
[2019.10.23-01.19.32:918][  0]LogTemp: Display: Module 'AndroidTargetPlatform' loaded TargetPlatform 'Android_ETC1'
[2019.10.23-01.19.32:918][  0]LogTemp: Display: Module 'AndroidTargetPlatform' loaded TargetPlatform 'Android_ETC1a'
[2019.10.23-01.19.32:918][  0]LogTemp: Display: Module 'AndroidTargetPlatform' loaded TargetPlatform 'Android_ETC2'
[2019.10.23-01.19.32:918][  0]LogTemp: Display: Module 'AndroidTargetPlatform' loaded TargetPlatform 'Android_PVRTC'
[2019.10.23-01.19.32:918][  0]LogTemp: Display: Module 'AndroidTargetPlatform' loaded TargetPlatform 'AndroidClient'
[2019.10.23-01.19.32:918][  0]LogTemp: Display: Module 'AndroidTargetPlatform' loaded TargetPlatform 'Android_ASTCClient'
[2019.10.23-01.19.32:918][  0]LogTemp: Display: Module 'AndroidTargetPlatform' loaded TargetPlatform 'Android_ATCClient'
[2019.10.23-01.19.32:918][  0]LogTemp: Display: Module 'AndroidTargetPlatform' loaded TargetPlatform 'Android_DXTClient'
[2019.10.23-01.19.32:919][  0]LogTemp: Display: Module 'AndroidTargetPlatform' loaded TargetPlatform 'Android_ETC1Client'
[2019.10.23-01.19.32:919][  0]LogTemp: Display: Module 'AndroidTargetPlatform' loaded TargetPlatform 'Android_ETC1aClient'
[2019.10.23-01.19.32:919][  0]LogTemp: Display: Module 'AndroidTargetPlatform' loaded TargetPlatform 'Android_ETC2Client'
[2019.10.23-01.19.32:919][  0]LogTemp: Display: Module 'AndroidTargetPlatform' loaded TargetPlatform 'Android_PVRTCClient'
[2019.10.23-01.19.32:919][  0]LogTemp: Display: Module 'AndroidTargetPlatform' loaded TargetPlatform 'Android_Multi'
[2019.10.23-01.19.32:919][  0]LogTemp: Display: Module 'AndroidTargetPlatform' loaded TargetPlatform 'Android_MultiClient'
[2019.10.23-01.19.32:923][  0]LogTemp: Display: Module 'HTML5TargetPlatform' loaded TargetPlatform 'HTML5'
[2019.10.23-01.19.32:959][  0]LogTemp: Display: Module 'IOSTargetPlatform' loaded TargetPlatform 'IOSClient'
[2019.10.23-01.19.32:960][  0]LogTemp: Display: Module 'IOSTargetPlatform' loaded TargetPlatform 'IOS'
[2019.10.23-01.19.32:980][  0]LogTemp: Display: Module 'TVOSTargetPlatform' loaded TargetPlatform 'TVOSClient'
[2019.10.23-01.19.32:980][  0]LogTemp: Display: Module 'TVOSTargetPlatform' loaded TargetPlatform 'TVOS'
[2019.10.23-01.19.32:991][  0]LogTemp: Display: Module 'LinuxClientTargetPlatform' loaded TargetPlatform 'LinuxClient'
[2019.10.23-01.19.33:001][  0]LogTemp: Display: Module 'LinuxNoEditorTargetPlatform' loaded TargetPlatform 'LinuxNoEditor'
[2019.10.23-01.19.33:012][  0]LogTemp: Display: Module 'LinuxServerTargetPlatform' loaded TargetPlatform 'LinuxServer'
[2019.10.23-01.19.33:030][  0]LogTemp: Display: Module 'LinuxTargetPlatform' loaded TargetPlatform 'Linux'
[2019.10.23-01.19.33:061][  0]LogTemp: Display: Module 'LuminTargetPlatform' loaded TargetPlatform 'Lumin'
[2019.10.23-01.19.33:061][  0]LogTemp: Display: Module 'LuminTargetPlatform' loaded TargetPlatform 'LuminClient'
[2019.10.23-01.19.33:061][  0]LogTargetPlatformManager: Display: Building Assets For Windows
[2019.10.23-01.19.33:109][  0]LogAudioDebug: Display: Lib vorbis DLL was dynamically loaded.
[2019.10.23-01.19.33:228][  0]LogShaderCompilers: Guid format shader working directory is -41 characters bigger than the processId version (../../../../../../Users/drelj/Desktop/Folder(NYP)/NAGOYA OITP/ProjectGIT/LastResisters/Intermediate/Shaders/WorkingDirectory/10700/).
[2019.10.23-01.19.33:228][  0]LogShaderCompilers: Cleaned the shader compiler working directory 'C:/Users/drelj/AppData/Local/Temp/UnrealShaderWorkingDir/FEB3804D4AF696F8A42ED985E000492A/'.
[2019.10.23-01.19.33:231][  0]LogXGEController: Cannot use XGE Controller as Incredibuild is not installed on this machine.
[2019.10.23-01.19.33:231][  0]LogShaderCompilers: Cannot use XGE Shader Compiler as Incredibuild is not installed on this machine.
[2019.10.23-01.19.33:231][  0]LogShaderCompilers: Display: Using Local Shader Compiler.
[2019.10.23-01.19.35:466][  0]LogDerivedDataCache: Display: Max Cache Size: 512 MB
[2019.10.23-01.19.35:533][  0]LogDerivedDataCache: Loaded boot cache 0.07s 90MB C:/Users/drelj/AppData/Local/UnrealEngine/4.23/DerivedDataCache/Boot.ddc.
[2019.10.23-01.19.35:533][  0]LogDerivedDataCache: Display: Loaded Boot cache: C:/Users/drelj/AppData/Local/UnrealEngine/4.23/DerivedDataCache/Boot.ddc
[2019.10.23-01.19.35:533][  0]LogDerivedDataCache: FDerivedDataBackendGraph:  Pak pak cache file ../../../../../../Users/drelj/Desktop/Folder(NYP)/NAGOYA OITP/ProjectGIT/LastResisters/DerivedDataCache/DDC.ddp not found, will not use a pak cache.
[2019.10.23-01.19.35:534][  0]LogDerivedDataCache: Unable to find inner node Pak for hierarchical cache Hierarchy.
[2019.10.23-01.19.35:534][  0]LogDerivedDataCache: FDerivedDataBackendGraph:  CompressedPak pak cache file ../../../../../../Users/drelj/Desktop/Folder(NYP)/NAGOYA OITP/ProjectGIT/LastResisters/DerivedDataCache/Compressed.ddp not found, will not use a pak cache.
[2019.10.23-01.19.35:534][  0]LogDerivedDataCache: Unable to find inner node CompressedPak for hierarchical cache Hierarchy.
[2019.10.23-01.19.35:550][  0]LogDerivedDataCache: Display: Pak cache opened for reading ../../../Engine/DerivedDataCache/Compressed.ddp.
[2019.10.23-01.19.35:551][  0]LogDerivedDataCache: FDerivedDataBackendGraph:  EnterprisePak pak cache file ../../../Enterprise/DerivedDataCache/Compressed.ddp not found, will not use a pak cache.
[2019.10.23-01.19.35:551][  0]LogDerivedDataCache: Unable to find inner node EnterprisePak for hierarchical cache Hierarchy.
[2019.10.23-01.19.35:555][  0]LogDerivedDataCache: Using Local data cache path C:/Users/drelj/AppData/Local/UnrealEngine/Common/DerivedDataCache: Writable
[2019.10.23-01.19.35:555][  0]LogDerivedDataCache: Shared data cache path not found in *engine.ini, will not use an Shared cache.
[2019.10.23-01.19.35:555][  0]LogDerivedDataCache: Unable to find inner node Shared for hierarchical cache Hierarchy.
[2019.10.23-01.19.35:575][  0]LogMaterial: Verifying Global Shaders for PCD3D_SM5
[2019.10.23-01.19.35:578][  0]LogSlate: Using FreeType 2.6.0
[2019.10.23-01.19.35:590][  0]LogSlate: SlateFontServices - WITH_FREETYPE: 1, WITH_HARFBUZZ: 1
[2019.10.23-01.19.35:785][  0]LogAssetRegistry: FAssetRegistry took 0.0048 seconds to start up
[2019.10.23-01.19.36:055][  0]LogInit: Selected Device Profile: [Windows]
[2019.10.23-01.19.36:293][  0]LogMeshReduction: Using QuadricMeshReduction for automatic static mesh reduction
[2019.10.23-01.19.36:294][  0]LogMeshReduction: Using SimplygonMeshReduction for automatic skeletal mesh reduction
[2019.10.23-01.19.36:294][  0]LogMeshReduction: Using ProxyLODMeshReduction for automatic mesh merging
[2019.10.23-01.19.36:294][  0]LogMeshReduction: No distributed automatic mesh merging module available
[2019.10.23-01.19.36:294][  0]LogMeshMerging: No distributed automatic mesh merging module available
[2019.10.23-01.19.36:325][  0]LogNetVersion: LastResisters 1.0.0, NetCL: 8386587, EngineNetVer: 11, GameNetVer: 0 (Checksum: 2470489391)
[2019.10.23-01.19.37:278][  0]LogPackageLocalizationCache: Processed 12 localized package path(s) for 1 prioritized culture(s) in 0.058535 seconds
[2019.10.23-01.19.37:286][  0]LogUObjectArray: 43444 objects as part of root set at end of initial load.
[2019.10.23-01.19.37:287][  0]LogUObjectAllocator: 7548648 out of 0 bytes used by permanent object pool.
[2019.10.23-01.19.37:287][  0]LogUObjectArray: CloseDisregardForGC: 0/0 objects in disregard for GC pool
[2019.10.23-01.19.39:582][  0]LogTcpMessaging: Initializing TcpMessaging bridge
[2019.10.23-01.19.39:589][  0]LogUdpMessaging: Initializing bridge on interface 0.0.0.0:0 to multicast group 230.0.0.1:6666.
[2019.10.23-01.19.39:732][  0]SourceControl: Source control is disabled
[2019.10.23-01.19.39:732][  0]SourceControl: Source control is disabled
[2019.10.23-01.19.39:736][  0]SourceControl: Source control is disabled
[2019.10.23-01.19.39:739][  0]SourceControl: Source control is disabled
[2019.10.23-01.19.39:910][  0]LogAndroidPermission: UAndroidPermissionCallbackProxy::GetInstance
[2019.10.23-01.19.40:092][  0]LogOcInput: OculusInput pre-init called
[2019.10.23-01.19.40:103][  0]LogWindows: Failed to load 'OVRPlugin.dll' (GetLastError=126)
[2019.10.23-01.19.40:103][  0]LogWindows: File 'OVRPlugin.dll' does not exist
[2019.10.23-01.19.40:209][  0]LogEngine: Initializing Engine...
[2019.10.23-01.19.40:255][  0]LogHMD: Failed to initialize OpenVR with code 126
[2019.10.23-01.19.40:256][  0]LogStats: UGameplayTagsManager::InitializeManager -  0.000 s
[2019.10.23-01.19.40:629][  0]LogInit: Initializing FReadOnlyCVARCache
[2019.10.23-01.19.40:648][  0]LogAIModule: Creating AISystem for world Untitled
[2019.10.23-01.19.40:662][  0]LogInit: XAudio2 using 'Speakers (Realtek High Definition Audio)' : 2 channels at 48 kHz using 32 bits per sample (channel mask 0x3)
[2019.10.23-01.19.40:691][  0]LogInit: FAudioDevice initialized.
[2019.10.23-01.19.40:691][  0]LogNetVersion: Set ProjectVersion to 1.0.0.0. Version Checksum will be recalculated on next use.
[2019.10.23-01.19.40:748][  0]LogDerivedDataCache: Saved boot cache 0.06s 90MB C:/Users/drelj/AppData/Local/UnrealEngine/4.23/DerivedDataCache/Boot.ddc.
[2019.10.23-01.19.40:758][  0]LogInit: Texture streaming: Enabled
[2019.10.23-01.19.40:782][  0]LogEngineSessionManager: EngineSessionManager initialized
[2019.10.23-01.19.40:858][  0]LogInit: Transaction tracking system initialized
[2019.10.23-01.19.40:904][  0]BlueprintLog: New page: Editor Load
[2019.10.23-01.19.41:011][  0]LocalizationService: Localization service is disabled
[2019.10.23-01.19.41:676][  0]LogFileCache: Scanning file cache for directory 'C:/Users/drelj/Desktop/Folder(NYP)/NAGOYA OITP/ProjectGIT/LastResisters/Content/' took 0.01s
[2019.10.23-01.19.41:676][  0]LogCook: Display: Max memory allowance for cook 16384mb min free memory 0mb
[2019.10.23-01.19.41:676][  0]LogCook: Display: Mobile HDR setting 1
[2019.10.23-01.19.42:044][  0]SourceControl: Source control is disabled
[2019.10.23-01.19.42:045][  0]Cmd: MAP LOAD FILE="../../../../../../Users/drelj/Desktop/Folder(NYP)/NAGOYA OITP/ProjectGIT/LastResisters/Content/VirtualRealityBP/Maps/PlayerMoveTestMap.umap" TEMPLATE=0 SHOWPROGRESS=1 FEATURELEVEL=3
[2019.10.23-01.19.42:045][  0]LightingResults: New page: Lighting Build
[2019.10.23-01.19.42:048][  0]LogWorld: UWorld::CleanupWorld for Untitled, bSessionEnded=true, bCleanupResources=true
[2019.10.23-01.19.42:048][  0]MapCheck: New page: Map Check
[2019.10.23-01.19.42:048][  0]LightingResults: New page: Lighting Build
[2019.10.23-01.19.42:074][  0]LogUObjectHash: Compacting FUObjectHashTables data took   1.39ms
[2019.10.23-01.19.42:140][  0]LogBlueprint: Warning: [Compiler MixamoCharacter_Master] InputAction Event references unknown Action 'Jump' for  InputAction Jump
[2019.10.23-01.19.42:140][  0]LogBlueprint: Warning: [Compiler MixamoCharacter_Master] Input Axis Event references unknown Axis 'LookUpRate' for  InputAxis LookUpRate
[2019.10.23-01.19.42:140][  0]LogBlueprint: Warning: [Compiler MixamoCharacter_Master] Input Axis Event references unknown Axis 'TurnRate' for  InputAxis TurnRate
[2019.10.23-01.19.42:140][  0]LogBlueprint: Warning: [Compiler MixamoCharacter_Master] Input Axis Event references unknown Axis 'Turn' for  InputAxis Turn
[2019.10.23-01.19.42:141][  0]LogBlueprint: Warning: [Compiler MixamoCharacter_Master] Input Axis Event references unknown Axis 'MoveRight' for  InputAxis MoveRight
[2019.10.23-01.19.42:141][  0]LogBlueprint: Warning: [Compiler MixamoCharacter_Master] Input Axis Event references unknown Axis 'LookUp' for  InputAxis LookUp
[2019.10.23-01.19.42:142][  0]LogBlueprint: Warning: Node '/Game/MixamoAnimPack/MixamoCharacter_Master.MixamoCharacter_Master:EdGraph_0.K2Node_FunctionEntry_19' missing NodeGuid because of upgrade from old package version, this can cause deterministic cooking issues please resave package.
[2019.10.23-01.19.42:175][  0]LogBlueprint: Warning: Node '/Game/MixamoAnimPack/Mixamo_Alpha/Anims/MixamoAnimBP_Alpha.MixamoAnimBP_Alpha:EdGraph_0.K2Node_CommutativeAssociativeBinaryOperator_2253' missing NodeGuid because of upgrade from old package version, this can cause deterministic cooking issues please resave package.
[2019.10.23-01.19.42:175][  0]LogBlueprint: Warning: Node '/Game/MixamoAnimPack/Mixamo_Alpha/Anims/MixamoAnimBP_Alpha.MixamoAnimBP_Alpha:EdGraph_0.K2Node_CallFunction_102548' missing NodeGuid because of upgrade from old package version, this can cause deterministic cooking issues please resave package.
[2019.10.23-01.19.42:175][  0]LogBlueprint: Warning: Node '/Game/MixamoAnimPack/Mixamo_Alpha/Anims/MixamoAnimBP_Alpha.MixamoAnimBP_Alpha:EdGraph_0.K2Node_VariableGet_2488' missing NodeGuid because of upgrade from old package version, this can cause deterministic cooking issues please resave package.
[2019.10.23-01.19.42:175][  0]LogBlueprint: Warning: Node '/Game/MixamoAnimPack/Mixamo_Alpha/Anims/MixamoAnimBP_Alpha.MixamoAnimBP_Alpha:EdGraph_0.K2Node_FunctionResult_0' missing NodeGuid because of upgrade from old package version, this can cause deterministic cooking issues please resave package.
[2019.10.23-01.19.42:176][  0]LogBlueprint: Warning: Node '/Game/MixamoAnimPack/Mixamo_Alpha/Anims/MixamoAnimBP_Alpha.MixamoAnimBP_Alpha:EdGraph_0.K2Node_FunctionEntry_139' missing NodeGuid because of upgrade from old package version, this can cause deterministic cooking issues please resave package.
[2019.10.23-01.19.42:176][  0]LogBlueprint: Warning: Node '/Game/MixamoAnimPack/Mixamo_Alpha/Anims/MixamoAnimBP_Alpha.MixamoAnimBP_Alpha:EdGraph_1.K2Node_FunctionResult_0' missing NodeGuid because of upgrade from old package version, this can cause deterministic cooking issues please resave package.
[2019.10.23-01.19.42:176][  0]LogBlueprint: Warning: Node '/Game/MixamoAnimPack/Mixamo_Alpha/Anims/MixamoAnimBP_Alpha.MixamoAnimBP_Alpha:EdGraph_1.K2Node_FunctionEntry_0' missing NodeGuid because of upgrade from old package version, this can cause deterministic cooking issues please resave package.
[2019.10.23-01.19.42:793][  0]LogBlueprint: Warning: Node '/Game/MixamoAnimPack/MixamoCharacter_Master.MixamoCharacter_Master:EventGraph.EdGraphNode_Comment_93' missing NodeGuid because of upgrade from old package version, this can cause deterministic cooking issues please resave package.
[2019.10.23-01.19.42:793][  0]LogBlueprint: Warning: Node '/Game/MixamoAnimPack/MixamoCharacter_Master.MixamoCharacter_Master:EventGraph.K2Node_Comment_1' missing NodeGuid because of upgrade from old package version, this can cause deterministic cooking issues please resave package.
[2019.10.23-01.19.42:793][  0]LogBlueprint: Warning: Node '/Game/MixamoAnimPack/MixamoCharacter_Master.MixamoCharacter_Master:EventGraph.K2Node_Comment_39' missing NodeGuid because of upgrade from old package version, this can cause deterministic cooking issues please resave package.
[2019.10.23-01.19.42:793][  0]LogBlueprint: Warning: Node '/Game/MixamoAnimPack/MixamoCharacter_Master.MixamoCharacter_Master:EventGraph.K2Node_Comment_56' missing NodeGuid because of upgrade from old package version, this can cause deterministic cooking issues please resave package.
[2019.10.23-01.19.42:794][  0]LogBlueprint: Warning: Node '/Game/MixamoAnimPack/MixamoCharacter_Master.MixamoCharacter_Master:EventGraph.K2Node_CallFunction_108971' missing NodeGuid because of upgrade from old package version, this can cause deterministic cooking issues please resave package.
[2019.10.23-01.19.42:794][  0]LogBlueprint: Warning: Node '/Game/MixamoAnimPack/MixamoCharacter_Master.MixamoCharacter_Master:EventGraph.K2Node_CallFunction_112027' missing NodeGuid because of upgrade from old package version, this can cause deterministic cooking issues please resave package.
[2019.10.23-01.19.42:794][  0]LogBlueprint: Warning: Node '/Game/MixamoAnimPack/MixamoCharacter_Master.MixamoCharacter_Master:EventGraph.K2Node_CallFunction_20844' missing NodeGuid because of upgrade from old package version, this can cause deterministic cooking issues please resave package.
[2019.10.23-01.19.42:794][  0]LogBlueprint: Warning: Node '/Game/MixamoAnimPack/MixamoCharacter_Master.MixamoCharacter_Master:EventGraph.K2Node_CallFunction_21305' missing NodeGuid because of upgrade from old package version, this can cause deterministic cooking issues please resave package.
[2019.10.23-01.19.42:794][  0]LogBlueprint: Warning: Node '/Game/MixamoAnimPack/MixamoCharacter_Master.MixamoCharacter_Master:EventGraph.K2Node_CallFunction_3716' missing NodeGuid because of upgrade from old package version, this can cause deterministic cooking issues please resave package.
[2019.10.23-01.19.42:794][  0]LogBlueprint: Warning: Node '/Game/MixamoAnimPack/MixamoCharacter_Master.MixamoCharacter_Master:EventGraph.K2Node_CallFunction_4184' missing NodeGuid because of upgrade from old package version, this can cause deterministic cooking issues please resave package.
[2019.10.23-01.19.42:794][  0]LogBlueprint: Warning: Node '/Game/MixamoAnimPack/MixamoCharacter_Master.MixamoCharacter_Master:EventGraph.K2Node_CallFunction_4223' missing NodeGuid because of upgrade from old package version, this can cause deterministic cooking issues please resave package.
[2019.10.23-01.19.42:794][  0]LogBlueprint: Warning: Node '/Game/MixamoAnimPack/MixamoCharacter_Master.MixamoCharacter_Master:EventGraph.K2Node_CallFunction_4678' missing NodeGuid because of upgrade from old package version, this can cause deterministic cooking issues please resave package.
[2019.10.23-01.19.42:794][  0]LogBlueprint: Warning: Node '/Game/MixamoAnimPack/MixamoCharacter_Master.MixamoCharacter_Master:EventGraph.K2Node_CallFunction_61214' missing NodeGuid because of upgrade from old package version, this can cause deterministic cooking issues please resave package.
[2019.10.23-01.19.42:794][  0]LogBlueprint: Warning: Node '/Game/MixamoAnimPack/MixamoCharacter_Master.MixamoCharacter_Master:EventGraph.K2Node_CallFunction_61534' missing NodeGuid because of upgrade from old package version, this can cause deterministic cooking issues please resave package.
[2019.10.23-01.19.42:795][  0]LogBlueprint: Warning: Node '/Game/MixamoAnimPack/MixamoCharacter_Master.MixamoCharacter_Master:EventGraph.K2Node_CallFunction_65164' missing NodeGuid because of upgrade from old package version, this can cause deterministic cooking issues please resave package.
[2019.10.23-01.19.42:795][  0]LogBlueprint: Warning: Node '/Game/MixamoAnimPack/MixamoCharacter_Master.MixamoCharacter_Master:EventGraph.K2Node_CallFunction_7346' missing NodeGuid because of upgrade from old package version, this can cause deterministic cooking issues please resave package.
[2019.10.23-01.19.42:795][  0]LogBlueprint: Warning: Node '/Game/MixamoAnimPack/MixamoCharacter_Master.MixamoCharacter_Master:EventGraph.K2Node_CallFunction_8160' missing NodeGuid because of upgrade from old package version, this can cause deterministic cooking issues please resave package.
[2019.10.23-01.19.42:795][  0]LogBlueprint: Warning: Node '/Game/MixamoAnimPack/MixamoCharacter_Master.MixamoCharacter_Master:EventGraph.K2Node_CallFunction_8427' missing NodeGuid because of upgrade from old package version, this can cause deterministic cooking issues please resave package.
[2019.10.23-01.19.42:795][  0]LogBlueprint: Warning: Node '/Game/MixamoAnimPack/MixamoCharacter_Master.MixamoCharacter_Master:EventGraph.K2Node_CallFunction_8733' missing NodeGuid because of upgrade from old package version, this can cause deterministic cooking issues please resave package.
[2019.10.23-01.19.42:795][  0]LogBlueprint: Warning: Node '/Game/MixamoAnimPack/MixamoCharacter_Master.MixamoCharacter_Master:EventGraph.K2Node_CallFunction_87421' missing NodeGuid because of upgrade from old package version, this can cause deterministic cooking issues please resave package.
[2019.10.23-01.19.42:795][  0]LogBlueprint: Warning: Node '/Game/MixamoAnimPack/MixamoCharacter_Master.MixamoCharacter_Master:EventGraph.K2Node_CallFunction_8781' missing NodeGuid because of upgrade from old package version, this can cause deterministic cooking issues please resave package.
[2019.10.23-01.19.42:795][  0]LogBlueprint: Warning: Node '/Game/MixamoAnimPack/MixamoCharacter_Master.MixamoCharacter_Master:EventGraph.K2Node_CommutativeAssociativeBinaryOperator_153' missing NodeGuid because of upgrade from old package version, this can cause deterministic cooking issues please resave package.
[2019.10.23-01.19.42:795][  0]LogBlueprint: Warning: Node '/Game/MixamoAnimPack/MixamoCharacter_Master.MixamoCharacter_Master:EventGraph.K2Node_CommutativeAssociativeBinaryOperator_155' missing NodeGuid because of upgrade from old package version, this can cause deterministic cooking issues please resave package.
[2019.10.23-01.19.42:796][  0]LogBlueprint: Warning: Node '/Game/MixamoAnimPack/MixamoCharacter_Master.MixamoCharacter_Master:EventGraph.K2Node_DynamicCast_179' missing NodeGuid because of upgrade from old package version, this can cause deterministic cooking issues please resave package.
[2019.10.23-01.19.42:796][  0]LogBlueprint: Warning: Node '/Game/MixamoAnimPack/MixamoCharacter_Master.MixamoCharacter_Master:UserConstructionScript.K2Node_FunctionEntry_19' missing NodeGuid because of upgrade from old package version, this can cause deterministic cooking issues please resave package.
[2019.10.23-01.19.42:796][  0]LogBlueprint: Warning: Node '/Game/MixamoAnimPack/MixamoCharacter_Master.MixamoCharacter_Master:EventGraph.K2Node_IfThenElse_203' missing NodeGuid because of upgrade from old package version, this can cause deterministic cooking issues please resave package.
[2019.10.23-01.19.42:796][  0]LogBlueprint: Warning: Node '/Game/MixamoAnimPack/MixamoCharacter_Master.MixamoCharacter_Master:EventGraph.K2Node_IfThenElse_27' missing NodeGuid because of upgrade from old package version, this can cause deterministic cooking issues please resave package.
[2019.10.23-01.19.42:796][  0]LogBlueprint: Warning: Node '/Game/MixamoAnimPack/MixamoCharacter_Master.MixamoCharacter_Master:EventGraph.K2Node_IfThenElse_41' missing NodeGuid because of upgrade from old package version, this can cause deterministic cooking issues please resave package.
[2019.10.23-01.19.42:796][  0]LogBlueprint: Warning: Node '/Game/MixamoAnimPack/MixamoCharacter_Master.MixamoCharacter_Master:EventGraph.K2Node_InputAction_52' missing NodeGuid because of upgrade from old package version, this can cause deterministic cooking issues please resave package.
[2019.10.23-01.19.42:796][  0]LogBlueprint: Warning: Node '/Game/MixamoAnimPack/MixamoCharacter_Master.MixamoCharacter_Master:EventGraph.K2Node_InputAxisEvent_1058' missing NodeGuid because of upgrade from old package version, this can cause deterministic cooking issues please resave package.
[2019.10.23-01.19.42:796][  0]LogBlueprint: Warning: Node '/Game/MixamoAnimPack/MixamoCharacter_Master.MixamoCharacter_Master:EventGraph.K2Node_InputAxisEvent_1657' missing NodeGuid because of upgrade from old package version, this can cause deterministic cooking issues please resave package.
[2019.10.23-01.19.42:796][  0]LogBlueprint: Warning: Node '/Game/MixamoAnimPack/MixamoCharacter_Master.MixamoCharacter_Master:EventGraph.K2Node_InputAxisEvent_43' missing NodeGuid because of upgrade from old package version, this can cause deterministic cooking issues please resave package.
[2019.10.23-01.19.42:797][  0]LogBlueprint: Warning: Node '/Game/MixamoAnimPack/MixamoCharacter_Master.MixamoCharacter_Master:EventGraph.K2Node_InputAxisEvent_50' missing NodeGuid because of upgrade from old package version, this can cause deterministic cooking issues please resave package.
[2019.10.23-01.19.42:797][  0]LogBlueprint: Warning: Node '/Game/MixamoAnimPack/MixamoCharacter_Master.MixamoCharacter_Master:EventGraph.K2Node_InputAxisEvent_55' missing NodeGuid because of upgrade from old package version, this can cause deterministic cooking issues please resave package.
[2019.10.23-01.19.42:797][  0]LogBlueprint: Warning: Node '/Game/MixamoAnimPack/MixamoCharacter_Master.MixamoCharacter_Master:EventGraph.K2Node_InputAxisEvent_86' missing NodeGuid because of upgrade from old package version, this can cause deterministic cooking issues please resave package.
[2019.10.23-01.19.42:797][  0]LogBlueprint: Warning: Node '/Game/MixamoAnimPack/MixamoCharacter_Master.MixamoCharacter_Master:EventGraph.K2Node_InputKey_17975' missing NodeGuid because of upgrade from old package version, this can cause deterministic cooking issues please resave package.
[2019.10.23-01.19.42:797][  0]LogBlueprint: Warning: Node '/Game/MixamoAnimPack/MixamoCharacter_Master.MixamoCharacter_Master:EventGraph.K2Node_VariableGet_1700' missing NodeGuid because of upgrade from old package version, this can cause deterministic cooking issues please resave package.
[2019.10.23-01.19.42:797][  0]LogBlueprint: Warning: Node '/Game/MixamoAnimPack/MixamoCharacter_Master.MixamoCharacter_Master:EventGraph.K2Node_VariableGet_174' missing NodeGuid because of upgrade from old package version, this can cause deterministic cooking issues please resave package.
[2019.10.23-01.19.42:797][  0]LogBlueprint: Warning: Node '/Game/MixamoAnimPack/MixamoCharacter_Master.MixamoCharacter_Master:EventGraph.K2Node_VariableGet_190' missing NodeGuid because of upgrade from old package version, this can cause deterministic cooking issues please resave package.
[2019.10.23-01.19.42:797][  0]LogBlueprint: Warning: Node '/Game/MixamoAnimPack/MixamoCharacter_Master.MixamoCharacter_Master:EventGraph.K2Node_VariableGet_91' missing NodeGuid because of upgrade from old package version, this can cause deterministic cooking issues please resave package.
[2019.10.23-01.19.42:797][  0]LogBlueprint: Warning: Node '/Game/MixamoAnimPack/MixamoCharacter_Master.MixamoCharacter_Master:EventGraph.K2Node_VariableGet_93' missing NodeGuid because of upgrade from old package version, this can cause deterministic cooking issues please resave package.
[2019.10.23-01.19.42:797][  0]LogBlueprint: Warning: Node '/Game/MixamoAnimPack/MixamoCharacter_Master.MixamoCharacter_Master:EventGraph.K2Node_VariableSet_1333' missing NodeGuid because of upgrade from old package version, this can cause deterministic cooking issues please resave package.
[2019.10.23-01.19.42:798][  0]LogBlueprint: Warning: Node '/Game/MixamoAnimPack/MixamoCharacter_Master.MixamoCharacter_Master:EventGraph.K2Node_VariableSet_1684' missing NodeGuid because of upgrade from old package version, this can cause deterministic cooking issues please resave package.
[2019.10.23-01.19.42:798][  0]LogBlueprint: Warning: Node '/Game/MixamoAnimPack/MixamoCharacter_Master.MixamoCharacter_Master:EventGraph.K2Node_VariableSet_1685' missing NodeGuid because of upgrade from old package version, this can cause deterministic cooking issues please resave package.
[2019.10.23-01.19.42:798][  0]LogBlueprint: Warning: Node '/Game/MixamoAnimPack/MixamoCharacter_Master.MixamoCharacter_Master:EventGraph.K2Node_VariableSet_660' missing NodeGuid because of upgrade from old package version, this can cause deterministic cooking issues please resave package.
[2019.10.23-01.19.42:798][  0]LogBlueprint: Warning: Node '/Game/MixamoAnimPack/MixamoCharacter_Master.MixamoCharacter_Master:EventGraph.K2Node_VariableSet_803' missing NodeGuid because of upgrade from old package version, this can cause deterministic cooking issues please resave package.
[2019.10.23-01.19.42:798][  0]LogBlueprint: Warning: Node '/Game/MixamoAnimPack/MixamoCharacter_Master.MixamoCharacter_Master:EventGraph.K2Node_VariableSet_850' missing NodeGuid because of upgrade from old package version, this can cause deterministic cooking issues please resave package.
[2019.10.23-01.19.43:046][  0]LogBlueprint: Warning: Node '/Game/MixamoAnimPack/Mixamo_Alpha/Anims/MixamoAnimBP_Alpha.MixamoAnimBP_Alpha:AnimGraph.AnimGraphNode_StateMachine_6.Default.AnimStateNode_1.Locomotion/Idle.AnimGraphNode_BlendSpacePlayer_9' missing NodeGuid because of upgrade from old package version, this can cause deterministic cooking issues please resave package.
[2019.10.23-01.19.43:046][  0]LogBlueprint: Warning: Node '/Game/MixamoAnimPack/Mixamo_Alpha/Anims/MixamoAnimBP_Alpha.MixamoAnimBP_Alpha:AnimGraph.AnimGraphNode_Root_5' missing NodeGuid because of upgrade from old package version, this can cause deterministic cooking issues please resave package.
[2019.10.23-01.19.43:046][  0]LogBlueprint: Warning: Node '/Game/MixamoAnimPack/Mixamo_Alpha/Anims/MixamoAnimBP_Alpha.MixamoAnimBP_Alpha:AnimGraph.AnimGraphNode_StateMachine_6.Default.AnimStateNode_2.Run Jump.AnimGraphNode_SequencePlayer_34' missing NodeGuid because of upgrade from old package version, this can cause deterministic cooking issues please resave package.
[2019.10.23-01.19.43:046][  0]LogBlueprint: Warning: Node '/Game/MixamoAnimPack/Mixamo_Alpha/Anims/MixamoAnimBP_Alpha.MixamoAnimBP_Alpha:AnimGraph.AnimGraphNode_StateMachine_6.Default.AnimStateNode_3.Jump.AnimGraphNode_SequencePlayer_483' missing NodeGuid because of upgrade from old package version, this can cause deterministic cooking issues please resave package.
[2019.10.23-01.19.43:046][  0]LogBlueprint: Warning: Node '/Game/MixamoAnimPack/Mixamo_Alpha/Anims/MixamoAnimBP_Alpha.MixamoAnimBP_Alpha:AnimGraph.AnimGraphNode_StateMachine_6.Default.AnimStateNode_7.attacking.AnimGraphNode_SequencePlayer_153' missing NodeGuid because of upgrade from old package version, this can cause deterministic cooking issues please resave package.
[2019.10.23-01.19.43:046][  0]LogBlueprint: Warning: Node '/Game/MixamoAnimPack/Mixamo_Alpha/Anims/MixamoAnimBP_Alpha.MixamoAnimBP_Alpha:AnimGraph.AnimGraphNode_StateMachine_6' missing NodeGuid because of upgrade from old package version, this can cause deterministic cooking issues please resave package.
[2019.10.23-01.19.43:047][  0]LogBlueprint: Warning: Node '/Game/MixamoAnimPack/Mixamo_Alpha/Anims/MixamoAnimBP_Alpha.MixamoAnimBP_Alpha:AnimGraph.AnimGraphNode_StateMachine_6.Default.AnimStateNode_1.Locomotion/Idle.AnimGraphNode_StateResult_20' missing NodeGuid because of upgrade from old package version, this can cause deterministic cooking issues please resave package.
[2019.10.23-01.19.43:047][  0]LogBlueprint: Warning: Node '/Game/MixamoAnimPack/Mixamo_Alpha/Anims/MixamoAnimBP_Alpha.MixamoAnimBP_Alpha:AnimGraph.AnimGraphNode_StateMachine_6.Default.AnimStateNode_2.Run Jump.AnimGraphNode_StateResult_15' missing NodeGuid because of upgrade from old package version, this can cause deterministic cooking issues please resave package.
[2019.10.23-01.19.43:047][  0]LogBlueprint: Warning: Node '/Game/MixamoAnimPack/Mixamo_Alpha/Anims/MixamoAnimBP_Alpha.MixamoAnimBP_Alpha:AnimGraph.AnimGraphNode_StateMachine_6.Default.AnimStateNode_3.Jump.AnimGraphNode_StateResult_55' missing NodeGuid because of upgrade from old package version, this can cause deterministic cooking issues please resave package.
[2019.10.23-01.19.43:047][  0]LogBlueprint: Warning: Node '/Game/MixamoAnimPack/Mixamo_Alpha/Anims/MixamoAnimBP_Alpha.MixamoAnimBP_Alpha:AnimGraph.AnimGraphNode_StateMachine_6.Default.AnimStateNode_7.attacking.AnimGraphNode_StateResult_188' missing NodeGuid because of upgrade from old package version, this can cause deterministic cooking issues please resave package.
[2019.10.23-01.19.43:047][  0]LogBlueprint: Warning: Node '/Game/MixamoAnimPack/Mixamo_Alpha/Anims/MixamoAnimBP_Alpha.MixamoAnimBP_Alpha:AnimGraph.AnimGraphNode_StateMachine_6.Default.AnimStateTransitionNode_1.Transition.AnimGraphNode_TransitionResult_20' missing NodeGuid because of upgrade from old package version, this can cause deterministic cooking issues please resave package.
[2019.10.23-01.19.43:047][  0]LogBlueprint: Warning: Node '/Game/MixamoAnimPack/Mixamo_Alpha/Anims/MixamoAnimBP_Alpha.MixamoAnimBP_Alpha:AnimGraph.AnimGraphNode_StateMachine_6.Default.AnimStateTransitionNode_12.Transition.AnimGraphNode_TransitionResult_467' missing NodeGuid because of upgrade from old package version, this can cause deterministic cooking issues please resave package.
[2019.10.23-01.19.43:047][  0]LogBlueprint: Warning: Node '/Game/MixamoAnimPack/Mixamo_Alpha/Anims/MixamoAnimBP_Alpha.MixamoAnimBP_Alpha:AnimGraph.AnimGraphNode_StateMachine_6.Default.AnimStateTransitionNode_2.Transition.AnimGraphNode_TransitionResult_28' missing NodeGuid because of upgrade from old package version, this can cause deterministic cooking issues please resave package.
[2019.10.23-01.19.43:047][  0]LogBlueprint: Warning: Node '/Game/MixamoAnimPack/Mixamo_Alpha/Anims/MixamoAnimBP_Alpha.MixamoAnimBP_Alpha:AnimGraph.AnimGraphNode_StateMachine_6.Default.AnimStateTransitionNode_5.Transition.AnimGraphNode_TransitionResult_142' missing NodeGuid because of upgrade from old package version, this can cause deterministic cooking issues please resave package.
[2019.10.23-01.19.43:047][  0]LogBlueprint: Warning: Node '/Game/MixamoAnimPack/Mixamo_Alpha/Anims/MixamoAnimBP_Alpha.MixamoAnimBP_Alpha:AnimGraph.AnimGraphNode_StateMachine_6.Default.AnimStateTransitionNode_6.AnimationTransitionGraph_65.AnimGraphNode_TransitionResult_22' missing NodeGuid because of upgrade from old package version, this can cause deterministic cooking issues please resave package.
[2019.10.23-01.19.43:047][  0]LogBlueprint: Warning: Node '/Game/MixamoAnimPack/Mixamo_Alpha/Anims/MixamoAnimBP_Alpha.MixamoAnimBP_Alpha:AnimGraph.AnimGraphNode_StateMachine_6.Default.AnimStateTransitionNode_7.Transition.AnimGraphNode_TransitionResult_148' missing NodeGuid because of upgrade from old package version, this can cause deterministic cooking issues please resave package.
[2019.10.23-01.19.43:048][  0]LogBlueprint: Warning: Node '/Game/MixamoAnimPack/Mixamo_Alpha/Anims/MixamoAnimBP_Alpha.MixamoAnimBP_Alpha:AnimGraph.AnimGraphNode_StateMachine_6.Default.AnimStateTransitionNode_8.Transition.AnimGraphNode_TransitionResult_233' missing NodeGuid because of upgrade from old package version, this can cause deterministic cooking issues please resave package.
[2019.10.23-01.19.43:048][  0]LogBlueprint: Warning: Node '/Game/MixamoAnimPack/Mixamo_Alpha/Anims/MixamoAnimBP_Alpha.MixamoAnimBP_Alpha:AnimGraph.AnimGraphNode_StateMachine_6.Default.AnimStateEntryNode_0' missing NodeGuid because of upgrade from old package version, this can cause deterministic cooking issues please resave package.
[2019.10.23-01.19.43:048][  0]LogBlueprint: Warning: Node '/Game/MixamoAnimPack/Mixamo_Alpha/Anims/MixamoAnimBP_Alpha.MixamoAnimBP_Alpha:AnimGraph.AnimGraphNode_StateMachine_6.Default.AnimStateNode_1' missing NodeGuid because of upgrade from old package version, this can cause deterministic cooking issues please resave package.
[2019.10.23-01.19.43:048][  0]LogBlueprint: Warning: Node '/Game/MixamoAnimPack/Mixamo_Alpha/Anims/MixamoAnimBP_Alpha.MixamoAnimBP_Alpha:AnimGraph.AnimGraphNode_StateMachine_6.Default.AnimStateNode_2' missing NodeGuid because of upgrade from old package version, this can cause deterministic cooking issues please resave package.
[2019.10.23-01.19.43:048][  0]LogBlueprint: Warning: Node '/Game/MixamoAnimPack/Mixamo_Alpha/Anims/MixamoAnimBP_Alpha.MixamoAnimBP_Alpha:AnimGraph.AnimGraphNode_StateMachine_6.Default.AnimStateNode_3' missing NodeGuid because of upgrade from old package version, this can cause deterministic cooking issues please resave package.
[2019.10.23-01.19.43:048][  0]LogBlueprint: Warning: Node '/Game/MixamoAnimPack/Mixamo_Alpha/Anims/MixamoAnimBP_Alpha.MixamoAnimBP_Alpha:AnimGraph.AnimGraphNode_StateMachine_6.Default.AnimStateNode_7' missing NodeGuid because of upgrade from old package version, this can cause deterministic cooking issues please resave package.
[2019.10.23-01.19.43:049][  0]LogBlueprint: Warning: Node '/Game/MixamoAnimPack/Mixamo_Alpha/Anims/MixamoAnimBP_Alpha.MixamoAnimBP_Alpha:AnimGraph.AnimGraphNode_StateMachine_6.Default.AnimStateTransitionNode_1' missing NodeGuid because of upgrade from old package version, this can cause deterministic cooking issues please resave package.
[2019.10.23-01.19.43:049][  0]LogBlueprint: Warning: Node '/Game/MixamoAnimPack/Mixamo_Alpha/Anims/MixamoAnimBP_Alpha.MixamoAnimBP_Alpha:AnimGraph.AnimGraphNode_StateMachine_6.Default.AnimStateTransitionNode_12' missing NodeGuid because of upgrade from old package version, this can cause deterministic cooking issues please resave package.
[2019.10.23-01.19.43:049][  0]LogBlueprint: Warning: Node '/Game/MixamoAnimPack/Mixamo_Alpha/Anims/MixamoAnimBP_Alpha.MixamoAnimBP_Alpha:AnimGraph.AnimGraphNode_StateMachine_6.Default.AnimStateTransitionNode_2' missing NodeGuid because of upgrade from old package version, this can cause deterministic cooking issues please resave package.
[2019.10.23-01.19.43:049][  0]LogBlueprint: Warning: Node '/Game/MixamoAnimPack/Mixamo_Alpha/Anims/MixamoAnimBP_Alpha.MixamoAnimBP_Alpha:AnimGraph.AnimGraphNode_StateMachine_6.Default.AnimStateTransitionNode_5' missing NodeGuid because of upgrade from old package version, this can cause deterministic cooking issues please resave package.
[2019.10.23-01.19.43:049][  0]LogBlueprint: Warning: Node '/Game/MixamoAnimPack/Mixamo_Alpha/Anims/MixamoAnimBP_Alpha.MixamoAnimBP_Alpha:AnimGraph.AnimGraphNode_StateMachine_6.Default.AnimStateTransitionNode_6' missing NodeGuid because of upgrade from old package version, this can cause deterministic cooking issues please resave package.
[2019.10.23-01.19.43:050][  0]LogBlueprint: Warning: Node '/Game/MixamoAnimPack/Mixamo_Alpha/Anims/MixamoAnimBP_Alpha.MixamoAnimBP_Alpha:AnimGraph.AnimGraphNode_StateMachine_6.Default.AnimStateTransitionNode_7' missing NodeGuid because of upgrade from old package version, this can cause deterministic cooking issues please resave package.
[2019.10.23-01.19.43:050][  0]LogBlueprint: Warning: Node '/Game/MixamoAnimPack/Mixamo_Alpha/Anims/MixamoAnimBP_Alpha.MixamoAnimBP_Alpha:AnimGraph.AnimGraphNode_StateMachine_6.Default.AnimStateTransitionNode_8' missing NodeGuid because of upgrade from old package version, this can cause deterministic cooking issues please resave package.
[2019.10.23-01.19.43:050][  0]LogBlueprint: Warning: Node '/Game/MixamoAnimPack/Mixamo_Alpha/Anims/MixamoAnimBP_Alpha.MixamoAnimBP_Alpha:EventGraph.EdGraphNode_Comment_19' missing NodeGuid because of upgrade from old package version, this can cause deterministic cooking issues please resave package.
[2019.10.23-01.19.43:050][  0]LogBlueprint: Warning: Node '/Game/MixamoAnimPack/Mixamo_Alpha/Anims/MixamoAnimBP_Alpha.MixamoAnimBP_Alpha:EventGraph.EdGraphNode_Comment_22' missing NodeGuid because of upgrade from old package version, this can cause deterministic cooking issues please resave package.
[2019.10.23-01.19.43:050][  0]LogBlueprint: Warning: Node '/Game/MixamoAnimPack/Mixamo_Alpha/Anims/MixamoAnimBP_Alpha.MixamoAnimBP_Alpha:EventGraph.EdGraphNode_Comment_26' missing NodeGuid because of upgrade from old package version, this can cause deterministic cooking issues please resave package.
[2019.10.23-01.19.43:051][  0]LogBlueprint: Warning: Node '/Game/MixamoAnimPack/Mixamo_Alpha/Anims/MixamoAnimBP_Alpha.MixamoAnimBP_Alpha:AnimGraph.AnimGraphNode_StateMachine_6.Default.AnimStateTransitionNode_12.Transition.K2Node_CallFunction_91451' missing NodeGuid because of upgrade from old package version, this can cause deterministic cooking issues please resave package.
[2019.10.23-01.19.43:051][  0]LogBlueprint: Warning: Node '/Game/MixamoAnimPack/Mixamo_Alpha/Anims/MixamoAnimBP_Alpha.MixamoAnimBP_Alpha:AnimGraph.AnimGraphNode_StateMachine_6.Default.AnimStateTransitionNode_2.Transition.K2Node_CallFunction_11224' missing NodeGuid because of upgrade from old package version, this can cause deterministic cooking issues please resave package.
[2019.10.23-01.19.43:051][  0]LogBlueprint: Warning: Node '/Game/MixamoAnimPack/Mixamo_Alpha/Anims/MixamoAnimBP_Alpha.MixamoAnimBP_Alpha:AnimGraph.AnimGraphNode_StateMachine_6.Default.AnimStateTransitionNode_5.Transition.K2Node_CallFunction_224620' missing NodeGuid because of upgrade from old package version, this can cause deterministic cooking issues please resave package.
[2019.10.23-01.19.43:051][  0]LogBlueprint: Warning: Node '/Game/MixamoAnimPack/Mixamo_Alpha/Anims/MixamoAnimBP_Alpha.MixamoAnimBP_Alpha:AnimGraph.AnimGraphNode_StateMachine_6.Default.AnimStateTransitionNode_5.Transition.K2Node_CallFunction_2831' missing NodeGuid because of upgrade from old package version, this can cause deterministic cooking issues please resave package.
[2019.10.23-01.19.43:052][  0]LogBlueprint: Warning: Node '/Game/MixamoAnimPack/Mixamo_Alpha/Anims/MixamoAnimBP_Alpha.MixamoAnimBP_Alpha:AnimGraph.AnimGraphNode_StateMachine_6.Default.AnimStateTransitionNode_6.AnimationTransitionGraph_65.K2Node_CallFunction_92056' missing NodeGuid because of upgrade from old package version, this can cause deterministic cooking issues please resave package.
[2019.10.23-01.19.43:052][  0]LogBlueprint: Warning: Node '/Game/MixamoAnimPack/Mixamo_Alpha/Anims/MixamoAnimBP_Alpha.MixamoAnimBP_Alpha:AnimGraph.AnimGraphNode_StateMachine_6.Default.AnimStateTransitionNode_7.Transition.K2Node_CallFunction_225505' missing NodeGuid because of upgrade from old package version, this can cause deterministic cooking issues please resave package.
[2019.10.23-01.19.43:052][  0]LogBlueprint: Warning: Node '/Game/MixamoAnimPack/Mixamo_Alpha/Anims/MixamoAnimBP_Alpha.MixamoAnimBP_Alpha:CanJump.K2Node_CallFunction_102548' missing NodeGuid because of upgrade from old package version, this can cause deterministic cooking issues please resave package.
[2019.10.23-01.19.43:052][  0]LogBlueprint: Warning: Node '/Game/MixamoAnimPack/Mixamo_Alpha/Anims/MixamoAnimBP_Alpha.MixamoAnimBP_Alpha:EventGraph.K2Node_CallFunction_108580' missing NodeGuid because of upgrade from old package version, this can cause deterministic cooking issues please resave package.
[2019.10.23-01.19.43:053][  0]LogBlueprint: Warning: Node '/Game/MixamoAnimPack/Mixamo_Alpha/Anims/MixamoAnimBP_Alpha.MixamoAnimBP_Alpha:EventGraph.K2Node_CallFunction_162498' missing NodeGuid because of upgrade from old package version, this can cause deterministic cooking issues please resave package.
[2019.10.23-01.19.43:053][  0]LogBlueprint: Warning: Node '/Game/MixamoAnimPack/Mixamo_Alpha/Anims/MixamoAnimBP_Alpha.MixamoAnimBP_Alpha:EventGraph.K2Node_CallFunction_169492' missing NodeGuid because of upgrade from old package version, this can cause deterministic cooking issues please resave package.
[2019.10.23-01.19.43:053][  0]LogBlueprint: Warning: Node '/Game/MixamoAnimPack/Mixamo_Alpha/Anims/MixamoAnimBP_Alpha.MixamoAnimBP_Alpha:EventGraph.K2Node_CallFunction_227144' missing NodeGuid because of upgrade from old package version, this can cause deterministic cooking issues please resave package.
[2019.10.23-01.19.43:053][  0]LogBlueprint: Warning: Node '/Game/MixamoAnimPack/Mixamo_Alpha/Anims/MixamoAnimBP_Alpha.MixamoAnimBP_Alpha:EventGraph.K2Node_CallFunction_29781' missing NodeGuid because of upgrade from old package version, this can cause deterministic cooking issues please resave package.
[2019.10.23-01.19.43:053][  0]LogBlueprint: Warning: Node '/Game/MixamoAnimPack/Mixamo_Alpha/Anims/MixamoAnimBP_Alpha.MixamoAnimBP_Alpha:EventGraph.K2Node_CallFunction_29886' missing NodeGuid because of upgrade from old package version, this can cause deterministic cooking issues please resave package.
[2019.10.23-01.19.43:053][  0]LogBlueprint: Warning: Node '/Game/MixamoAnimPack/Mixamo_Alpha/Anims/MixamoAnimBP_Alpha.MixamoAnimBP_Alpha:EventGraph.K2Node_CallFunction_45546' missing NodeGuid because of upgrade from old package version, this can cause deterministic cooking issues please resave package.
[2019.10.23-01.19.43:053][  0]LogBlueprint: Warning: Node '/Game/MixamoAnimPack/Mixamo_Alpha/Anims/MixamoAnimBP_Alpha.MixamoAnimBP_Alpha:EventGraph.K2Node_CallFunction_45889' missing NodeGuid because of upgrade from old package version, this can cause deterministic cooking issues please resave package.
[2019.10.23-01.19.43:053][  0]LogBlueprint: Warning: Node '/Game/MixamoAnimPack/Mixamo_Alpha/Anims/MixamoAnimBP_Alpha.MixamoAnimBP_Alpha:AnimGraph.AnimGraphNode_StateMachine_6.Default.AnimStateTransitionNode_2.Transition.K2Node_CommutativeAssociativeBinaryOperator_211' missing NodeGuid because of upgrade from old package version, this can cause deterministic cooking issues please resave package.
[2019.10.23-01.19.43:053][  0]LogBlueprint: Warning: Node '/Game/MixamoAnimPack/Mixamo_Alpha/Anims/MixamoAnimBP_Alpha.MixamoAnimBP_Alpha:AnimGraph.AnimGraphNode_StateMachine_6.Default.AnimStateTransitionNode_5.Transition.K2Node_CommutativeAssociativeBinaryOperator_77' missing NodeGuid because of upgrade from old package version, this can cause deterministic cooking issues please resave package.
[2019.10.23-01.19.43:054][  0]LogBlueprint: Warning: Node '/Game/MixamoAnimPack/Mixamo_Alpha/Anims/MixamoAnimBP_Alpha.MixamoAnimBP_Alpha:CanJump.K2Node_CommutativeAssociativeBinaryOperator_2253' missing NodeGuid because of upgrade from old package version, this can cause deterministic cooking issues please resave package.
[2019.10.23-01.19.43:054][  0]LogBlueprint: Warning: Node '/Game/MixamoAnimPack/Mixamo_Alpha/Anims/MixamoAnimBP_Alpha.MixamoAnimBP_Alpha:EventGraph.K2Node_CommutativeAssociativeBinaryOperator_521' missing NodeGuid because of upgrade from old package version, this can cause deterministic cooking issues please resave package.
[2019.10.23-01.19.43:054][  0]LogBlueprint: Warning: Node '/Game/MixamoAnimPack/Mixamo_Alpha/Anims/MixamoAnimBP_Alpha.MixamoAnimBP_Alpha:EventGraph.K2Node_DynamicCast_120' missing NodeGuid because of upgrade from old package version, this can cause deterministic cooking issues please resave package.
[2019.10.23-01.19.43:054][  0]LogBlueprint: Warning: Node '/Game/MixamoAnimPack/Mixamo_Alpha/Anims/MixamoAnimBP_Alpha.MixamoAnimBP_Alpha:EventGraph.K2Node_DynamicCast_127' missing NodeGuid because of upgrade from old package version, this can cause deterministic cooking issues please resave package.
[2019.10.23-01.19.43:054][  0]LogBlueprint: Warning: Node '/Game/MixamoAnimPack/Mixamo_Alpha/Anims/MixamoAnimBP_Alpha.MixamoAnimBP_Alpha:EventGraph.K2Node_DynamicCast_99' missing NodeGuid because of upgrade from old package version, this can cause deterministic cooking issues please resave package.
[2019.10.23-01.19.43:054][  0]LogBlueprint: Warning: Node '/Game/MixamoAnimPack/Mixamo_Alpha/Anims/MixamoAnimBP_Alpha.MixamoAnimBP_Alpha:EventGraph.K2Node_Event_1003' missing NodeGuid because of upgrade from old package version, this can cause deterministic cooking issues please resave package.
[2019.10.23-01.19.43:054][  0]LogBlueprint: Warning: Node '/Game/MixamoAnimPack/Mixamo_Alpha/Anims/MixamoAnimBP_Alpha.MixamoAnimBP_Alpha:EventGraph.K2Node_Event_2429' missing NodeGuid because of upgrade from old package version, this can cause deterministic cooking issues please resave package.
[2019.10.23-01.19.43:054][  0]LogBlueprint: Warning: Node '/Game/MixamoAnimPack/Mixamo_Alpha/Anims/MixamoAnimBP_Alpha.MixamoAnimBP_Alpha:EventGraph.K2Node_Event_85' missing NodeGuid because of upgrade from old package version, this can cause deterministic cooking issues please resave package.
[2019.10.23-01.19.43:055][  0]LogBlueprint: Warning: Node '/Game/MixamoAnimPack/Mixamo_Alpha/Anims/MixamoAnimBP_Alpha.MixamoAnimBP_Alpha:EventGraph.K2Node_ExecutionSequence_180' missing NodeGuid because of upgrade from old package version, this can cause deterministic cooking issues please resave package.
[2019.10.23-01.19.43:055][  0]LogBlueprint: Warning: Node '/Game/MixamoAnimPack/Mixamo_Alpha/Anims/MixamoAnimBP_Alpha.MixamoAnimBP_Alpha:CanJump.K2Node_FunctionEntry_139' missing NodeGuid because of upgrade from old package version, this can cause deterministic cooking issues please resave package.
[2019.10.23-01.19.43:055][  0]LogBlueprint: Warning: Node '/Game/MixamoAnimPack/Mixamo_Alpha/Anims/MixamoAnimBP_Alpha.MixamoAnimBP_Alpha:CanJump.K2Node_FunctionResult_0' missing NodeGuid because of upgrade from old package version, this can cause deterministic cooking issues please resave package.
[2019.10.23-01.19.43:055][  0]LogBlueprint: Warning: Node '/Game/MixamoAnimPack/Mixamo_Alpha/Anims/MixamoAnimBP_Alpha.MixamoAnimBP_Alpha:EventGraph.K2Node_IfThenElse_332' missing NodeGuid because of upgrade from old package version, this can cause deterministic cooking issues please resave package.
[2019.10.23-01.19.43:055][  0]LogBlueprint: Warning: Node '/Game/MixamoAnimPack/Mixamo_Alpha/Anims/MixamoAnimBP_Alpha.MixamoAnimBP_Alpha:EventGraph.K2Node_IfThenElse_413' missing NodeGuid because of upgrade from old package version, this can cause deterministic cooking issues please resave package.
[2019.10.23-01.19.43:055][  0]LogBlueprint: Warning: Node '/Game/MixamoAnimPack/Mixamo_Alpha/Anims/MixamoAnimBP_Alpha.MixamoAnimBP_Alpha:AnimGraph.AnimGraphNode_StateMachine_6.Default.AnimStateTransitionNode_12.Transition.K2Node_TransitionRuleGetter_8' missing NodeGuid because of upgrade from old package version, this can cause deterministic cooking issues please resave package.
[2019.10.23-01.19.43:055][  0]LogBlueprint: Warning: Node '/Game/MixamoAnimPack/Mixamo_Alpha/Anims/MixamoAnimBP_Alpha.MixamoAnimBP_Alpha:AnimGraph.AnimGraphNode_StateMachine_6.Default.AnimStateTransitionNode_6.AnimationTransitionGraph_65.K2Node_TransitionRuleGetter_17' missing NodeGuid because of upgrade from old package version, this can cause deterministic cooking issues please resave package.
[2019.10.23-01.19.43:055][  0]LogBlueprint: Warning: Node '/Game/MixamoAnimPack/Mixamo_Alpha/Anims/MixamoAnimBP_Alpha.MixamoAnimBP_Alpha:AnimGraph.AnimGraphNode_StateMachine_6.Default.AnimStateTransitionNode_6.AnimationTransitionGraph_65.K2Node_TransitionRuleGetter_182' missing NodeGuid because of upgrade from old package version, this can cause deterministic cooking issues please resave package.
[2019.10.23-01.19.43:056][  0]LogBlueprint: Warning: Node '/Game/MixamoAnimPack/Mixamo_Alpha/Anims/MixamoAnimBP_Alpha.MixamoAnimBP_Alpha:AnimGraph.AnimGraphNode_StateMachine_6.Default.AnimStateNode_1.Locomotion/Idle.K2Node_VariableGet_589' missing NodeGuid because of upgrade from old package version, this can cause deterministic cooking issues please resave package.
[2019.10.23-01.19.43:056][  0]LogBlueprint: Warning: Node '/Game/MixamoAnimPack/Mixamo_Alpha/Anims/MixamoAnimBP_Alpha.MixamoAnimBP_Alpha:AnimGraph.AnimGraphNode_StateMachine_6.Default.AnimStateTransitionNode_1.Transition.K2Node_VariableGet_208' missing NodeGuid because of upgrade from old package version, this can cause deterministic cooking issues please resave package.
[2019.10.23-01.19.43:056][  0]LogBlueprint: Warning: Node '/Game/MixamoAnimPack/Mixamo_Alpha/Anims/MixamoAnimBP_Alpha.MixamoAnimBP_Alpha:AnimGraph.AnimGraphNode_StateMachine_6.Default.AnimStateTransitionNode_2.Transition.K2Node_VariableGet_125' missing NodeGuid because of upgrade from old package version, this can cause deterministic cooking issues please resave package.
[2019.10.23-01.19.43:056][  0]LogBlueprint: Warning: Node '/Game/MixamoAnimPack/Mixamo_Alpha/Anims/MixamoAnimBP_Alpha.MixamoAnimBP_Alpha:AnimGraph.AnimGraphNode_StateMachine_6.Default.AnimStateTransitionNode_2.Transition.K2Node_VariableGet_129' missing NodeGuid because of upgrade from old package version, this can cause deterministic cooking issues please resave package.
[2019.10.23-01.19.43:056][  0]LogBlueprint: Warning: Node '/Game/MixamoAnimPack/Mixamo_Alpha/Anims/MixamoAnimBP_Alpha.MixamoAnimBP_Alpha:AnimGraph.AnimGraphNode_StateMachine_6.Default.AnimStateTransitionNode_5.Transition.K2Node_VariableGet_1066' missing NodeGuid because of upgrade from old package version, this can cause deterministic cooking issues please resave package.
[2019.10.23-01.19.43:056][  0]LogBlueprint: Warning: Node '/Game/MixamoAnimPack/Mixamo_Alpha/Anims/MixamoAnimBP_Alpha.MixamoAnimBP_Alpha:AnimGraph.AnimGraphNode_StateMachine_6.Default.AnimStateTransitionNode_5.Transition.K2Node_VariableGet_74' missing NodeGuid because of upgrade from old package version, this can cause deterministic cooking issues please resave package.
[2019.10.23-01.19.43:056][  0]LogBlueprint: Warning: Node '/Game/MixamoAnimPack/Mixamo_Alpha/Anims/MixamoAnimBP_Alpha.MixamoAnimBP_Alpha:AnimGraph.AnimGraphNode_StateMachine_6.Default.AnimStateTransitionNode_7.Transition.K2Node_VariableGet_1084' missing NodeGuid because of upgrade from old package version, this can cause deterministic cooking issues please resave package.
[2019.10.23-01.19.43:056][  0]LogBlueprint: Warning: Node '/Game/MixamoAnimPack/Mixamo_Alpha/Anims/MixamoAnimBP_Alpha.MixamoAnimBP_Alpha:AnimGraph.AnimGraphNode_StateMachine_6.Default.AnimStateTransitionNode_8.Transition.K2Node_VariableGet_624' missing NodeGuid because of upgrade from old package version, this can cause deterministic cooking issues please resave package.
[2019.10.23-01.19.43:056][  0]LogBlueprint: Warning: Node '/Game/MixamoAnimPack/Mixamo_Alpha/Anims/MixamoAnimBP_Alpha.MixamoAnimBP_Alpha:CanJump.K2Node_VariableGet_2488' missing NodeGuid because of upgrade from old package version, this can cause deterministic cooking issues please resave package.
[2019.10.23-01.19.43:057][  0]LogBlueprint: Warning: Node '/Game/MixamoAnimPack/Mixamo_Alpha/Anims/MixamoAnimBP_Alpha.MixamoAnimBP_Alpha:EventGraph.K2Node_VariableGet_1007' missing NodeGuid because of upgrade from old package version, this can cause deterministic cooking issues please resave package.
[2019.10.23-01.19.43:057][  0]LogBlueprint: Warning: Node '/Game/MixamoAnimPack/Mixamo_Alpha/Anims/MixamoAnimBP_Alpha.MixamoAnimBP_Alpha:EventGraph.K2Node_VariableGet_1157' missing NodeGuid because of upgrade from old package version, this can cause deterministic cooking issues please resave package.
[2019.10.23-01.19.43:057][  0]LogBlueprint: Warning: Node '/Game/MixamoAnimPack/Mixamo_Alpha/Anims/MixamoAnimBP_Alpha.MixamoAnimBP_Alpha:EventGraph.K2Node_VariableGet_3156' missing NodeGuid because of upgrade from old package version, this can cause deterministic cooking issues please resave package.
[2019.10.23-01.19.43:057][  0]LogBlueprint: Warning: Node '/Game/MixamoAnimPack/Mixamo_Alpha/Anims/MixamoAnimBP_Alpha.MixamoAnimBP_Alpha:EventGraph.K2Node_VariableSet_1402' missing NodeGuid because of upgrade from old package version, this can cause deterministic cooking issues please resave package.
[2019.10.23-01.19.43:057][  0]LogBlueprint: Warning: Node '/Game/MixamoAnimPack/Mixamo_Alpha/Anims/MixamoAnimBP_Alpha.MixamoAnimBP_Alpha:EventGraph.K2Node_VariableSet_2289' missing NodeGuid because of upgrade from old package version, this can cause deterministic cooking issues please resave package.
[2019.10.23-01.19.43:057][  0]LogBlueprint: Warning: Node '/Game/MixamoAnimPack/Mixamo_Alpha/Anims/MixamoAnimBP_Alpha.MixamoAnimBP_Alpha:EventGraph.K2Node_VariableSet_2465' missing NodeGuid because of upgrade from old package version, this can cause deterministic cooking issues please resave package.
[2019.10.23-01.19.43:057][  0]LogBlueprint: Warning: Node '/Game/MixamoAnimPack/Mixamo_Alpha/Anims/MixamoAnimBP_Alpha.MixamoAnimBP_Alpha:EventGraph.K2Node_VariableSet_74' missing NodeGuid because of upgrade from old package version, this can cause deterministic cooking issues please resave package.
[2019.10.23-01.19.43:063][  0]LogAIModule: Creating AISystem for world PlayerMoveTestMap
[2019.10.23-01.19.43:087][  0]LogEditorServer: Finished looking for orphan Actors (0.000 secs)
[2019.10.23-01.19.43:139][  0]LogUObjectHash: Compacting FUObjectHashTables data took   3.60ms
[2019.10.23-01.19.43:139][  0]Cmd: MAP CHECKDEP NOCLEARLOG
[2019.10.23-01.19.43:139][  0]MapCheck: Map check complete: 0 Error(s), 0 Warning(s), took 0.133ms to complete.
[2019.10.23-01.19.43:139][  0]LogFileHelpers: Loading map 'PlayerMoveTestMap' took 1.095
[2019.10.23-01.19.43:275][  0]LogSlate: Updating window title bar state: overlay mode, drag disabled, window buttons hidden, title bar hidden
[2019.10.23-01.19.43:282][  0]LogSlate: Updating window title bar state: overlay mode, drag disabled, window buttons hidden, title bar hidden
[2019.10.23-01.19.43:290][  0]LogSlate: Updating window title bar state: overlay mode, drag disabled, window buttons hidden, title bar hidden
[2019.10.23-01.19.43:296][  0]LogSlate: Updating window title bar state: overlay mode, drag disabled, window buttons hidden, title bar hidden
[2019.10.23-01.19.43:308][  0]LogCollectionManager: Loaded 0 collections in 0.001652 seconds
[2019.10.23-01.19.43:320][  0]LogFileCache: Scanning file cache for directory 'C:/Users/drelj/Desktop/Folder(NYP)/NAGOYA OITP/ProjectGIT/LastResisters/Saved/Collections/' took 0.00s
[2019.10.23-01.19.43:321][  0]LogFileCache: Scanning file cache for directory 'C:/Users/drelj/Desktop/Folder(NYP)/NAGOYA OITP/ProjectGIT/LastResisters/Content/Developers/drelj/Collections/' took 0.00s
[2019.10.23-01.19.43:321][  0]LogFileCache: Scanning file cache for directory 'C:/Users/drelj/Desktop/Folder(NYP)/NAGOYA OITP/ProjectGIT/LastResisters/Content/Collections/' took 0.00s
[2019.10.23-01.19.43:321][  0]LogCollectionManager: Rebuilt the GUID cache for 0 collections in 0.000002 seconds
[2019.10.23-01.19.43:329][  0]LogContentBrowser: Native class hierarchy populated in 0.0075 seconds. Added 2870 classes and 685 folders.
[2019.10.23-01.19.43:336][  0]LogContentBrowser: Native class hierarchy updated for 'WidgetCarousel' in 0.0004 seconds. Added 0 classes and 0 folders.
[2019.10.23-01.19.43:570][  0]LogContentBrowser: Native class hierarchy updated for 'AddContentDialog' in 0.0004 seconds. Added 0 classes and 0 folders.
[2019.10.23-01.19.43:579][  0]LogContentBrowser: Native class hierarchy updated for 'SceneOutliner' in 0.0004 seconds. Added 1 classes and 2 folders.
[2019.10.23-01.19.43:600][  0]LogSlate: Took 0.004947 seconds to synchronously load lazily loaded font '../../../Engine/Content/Slate/Fonts/Roboto-Regular.ttf' (155K)
[2019.10.23-01.19.43:613][  0]LogSlate: Took 0.006876 seconds to synchronously load lazily loaded font '../../../Engine/Content/Slate/Fonts/Roboto-Bold.ttf' (160K)
[2019.10.23-01.19.43:624][  0]LogSlate: Took 0.006544 seconds to synchronously load lazily loaded font '../../../Engine/Content/Editor/Slate/Fonts/FontAwesome.ttf' (139K)
[2019.10.23-01.19.43:742][  0]LogRenderer: Reallocating scene render targets to support 760x348 Format 26 NumSamples 1 (Frame:1).
[2019.10.23-01.19.43:880][  0]LogContentBrowser: Native class hierarchy updated for 'HierarchicalLODOutliner' in 0.0003 seconds. Added 0 classes and 0 folders.
[2019.10.23-01.19.43:880][  0]LogLoad: (Engine Initialization) Total time: 16.08 seconds
[2019.10.23-01.19.43:881][  0]LogLoad: (Engine Initialization) Total Blueprint compile time: 0.00 seconds
[2019.10.23-01.19.43:952][  0]LogContentStreaming: Texture pool size now 1000 MB
[2019.10.23-01.19.43:982][  0]LogSlate: Took 0.003873 seconds to synchronously load lazily loaded font '../../../Engine/Content/Slate/Fonts/Roboto-Light.ttf' (167K)
[2019.10.23-01.19.44:487][ 10]LogAssetRegistry: Asset discovery search completed in 8.7060 seconds
[2019.10.23-01.19.44:490][ 10]LogCollectionManager: Rebuilt the object cache for 0 collections in 0.000003 seconds (found 0 objects)
[2019.10.23-01.19.44:491][ 10]LogCollectionManager: Fixed up redirectors for 0 collections in 0.000241 seconds (updated 0 objects)
[2019.10.23-01.19.46:901][103]LogSlate: FSceneViewport::OnFocusLost() reason 2
[2019.10.23-01.19.53:025][470]LogTemp: Repeating last play command: Simulate
[2019.10.23-01.19.53:044][470]LogBlueprintUserMessages: Early PlayInEditor Detection: Level '/Game/VirtualRealityBP/Maps/PlayerMoveTestMap.PlayerMoveTestMap:PersistentLevel' has LevelScriptBlueprint '/Game/VirtualRealityBP/Maps/PlayerMoveTestMap.PlayerMoveTestMap:PersistentLevel.PlayerMoveTestMap' with GeneratedClass '/Game/VirtualRealityBP/Maps/PlayerMoveTestMap.PlayerMoveTestMap_C' with ClassGeneratedBy '/Game/VirtualRealityBP/Maps/PlayerMoveTestMap.PlayerMoveTestMap:PersistentLevel.PlayerMoveTestMap'
[2019.10.23-01.19.53:045][470]LogPlayLevel: PlayLevel: No blueprints needed recompiling
[2019.10.23-01.19.53:045][470]PIE: New page: SIE session: PlayerMoveTestMap (23 Oct 2019 7:19:53 pm)
[2019.10.23-01.19.53:047][470]LogOnline: OSS: Creating online subsystem instance for: NULL
[2019.10.23-01.19.53:050][470]LogPlayLevel: Creating play world package: /Game/VirtualRealityBP/Maps/UEDPIE_0_PlayerMoveTestMap
[2019.10.23-01.19.53:062][470]LogPlayLevel: PIE: StaticDuplicateObject took: (0.011475s)
[2019.10.23-01.19.53:063][470]LogAIModule: Creating AISystem for world PlayerMoveTestMap
[2019.10.23-01.19.53:064][470]LogPlayLevel: PIE: World Init took: (0.001862s)
[2019.10.23-01.19.53:064][470]LogPlayLevel: PIE: Created PIE world by copying editor world from /Game/VirtualRealityBP/Maps/PlayerMoveTestMap.PlayerMoveTestMap to /Game/VirtualRealityBP/Maps/UEDPIE_0_PlayerMoveTestMap.PlayerMoveTestMap (0.014089s)
[2019.10.23-01.19.53:091][470]LogUObjectHash: Compacting FUObjectHashTables data took   1.40ms
[2019.10.23-01.19.53:101][470]LogInit: XAudio2 using 'Speakers (Realtek High Definition Audio)' : 2 channels at 48 kHz using 32 bits per sample (channel mask 0x3)
[2019.10.23-01.19.53:145][470]LogInit: FAudioDevice initialized.
[2019.10.23-01.19.53:146][470]LogSlate: FSceneViewport::OnFocusLost() reason 2
[2019.10.23-01.19.53:167][470]LogLoad: Game class is 'GameModeBase'
[2019.10.23-01.19.53:172][470]LogWorld: Bringing World /Game/VirtualRealityBP/Maps/UEDPIE_0_PlayerMoveTestMap.PlayerMoveTestMap up for play (max tick rate 60) at 2019.10.23-10.19.53
[2019.10.23-01.19.53:175][470]LogWorld: Bringing up level for play took: 0.005852
[2019.10.23-01.19.53:175][470]LogOnline: OSS: Creating online subsystem instance for: :Context_2
[2019.10.23-01.19.53:178][470]LogGameMode: FindPlayerStart: PATHS NOT DEFINED or NO PLAYERSTART with positive rating
[2019.10.23-01.19.53:185][470]LogContentBrowser: Native class hierarchy updated for 'MovieSceneCapture' in 0.0004 seconds. Added 20 classes and 0 folders.
[2019.10.23-01.19.53:188][470]PIE: Play in editor start time for /Game/VirtualRealityBP/Maps/UEDPIE_0_PlayerMoveTestMap -0.461
[2019.10.23-01.19.53:191][470]LogBlueprintUserMessages: Late PlayInEditor Detection: Level '/Game/VirtualRealityBP/Maps/PlayerMoveTestMap.PlayerMoveTestMap:PersistentLevel' has LevelScriptBlueprint '/Game/VirtualRealityBP/Maps/PlayerMoveTestMap.PlayerMoveTestMap:PersistentLevel.PlayerMoveTestMap' with GeneratedClass '/Game/VirtualRealityBP/Maps/PlayerMoveTestMap.PlayerMoveTestMap_C' with ClassGeneratedBy '/Game/VirtualRealityBP/Maps/PlayerMoveTestMap.PlayerMoveTestMap:PersistentLevel.PlayerMoveTestMap'
[2019.10.23-01.20.03:545][472]LogTemp: Warning: Setting Index: 2
[2019.10.23-01.20.03:546][472]LogTemp: Warning: Setting Index: 4
