Log file open, 10/29/19 15:07:08
LogWindows: Failed to load 'aqProf.dll' (GetLastError=126)
LogWindows: File 'aqProf.dll' does not exist
LogWindows: Failed to load 'VtuneApi.dll' (GetLastError=126)
LogWindows: File 'VtuneApi.dll' does not exist
LogWindows: Failed to load 'VtuneApi32e.dll' (GetLastError=126)
LogWindows: File 'VtuneApi32e.dll' does not exist
LogConsoleResponse: Display: Failed to find resolution value strings in scalability ini. Falling back to default.
LogInit: Display: Running engine for game: LastResisters
LogPlatformFile: Not using cached read wrapper
LogTaskGraph: Started task graph with 5 named threads and 23 total threads with 3 sets of task threads.
LogStats: Stats thread started at 0.122625
LogD3D11RHI: Loaded GFSDK_Aftermath_Lib.x64.dll
LogICUInternationalization: ICU TimeZone Detection - Raw Offset: +9:00, Platform Override: ''
LogPluginManager: Mounting plugin Paper2D
LogPluginManager: Mounting plugin AISupport
LogPluginManager: Mounting plugin LightPropagationVolume
LogPluginManager: Mounting plugin ActorLayerUtilities
LogPluginManager: Mounting plugin AnimationSharing
LogPluginManager: Mounting plugin CLionSourceCodeAccess
LogPluginManager: Mounting plugin CodeLiteSourceCodeAccess
LogPluginManager: Mounting plugin GitSourceControl
LogPluginManager: Mounting plugin KDevelopSourceCodeAccess
LogPluginManager: Mounting plugin NullSourceCodeAccess
LogPluginManager: Mounting plugin PerforceSourceControl
LogPluginManager: Mounting plugin SubversionSourceControl
LogPluginManager: Mounting plugin UObjectPlugin
LogPluginManager: Mounting plugin VisualStudioCodeSourceCodeAccess
LogPluginManager: Mounting plugin VisualStudioSourceCodeAccess
LogPluginManager: Mounting plugin XCodeSourceCodeAccess
LogPluginManager: Mounting plugin AssetManagerEditor
LogPluginManager: Mounting plugin CryptoKeys
LogPluginManager: Mounting plugin CurveEditorTools
LogPluginManager: Mounting plugin DataValidation
LogPluginManager: Mounting plugin FacialAnimation
LogPluginManager: Mounting plugin GameplayTagsEditor
LogPluginManager: Mounting plugin MacGraphicsSwitching
LogPluginManager: Mounting plugin MaterialAnalyzer
LogPluginManager: Mounting plugin MobileLauncherProfileWizard
LogPluginManager: Mounting plugin PluginBrowser
LogPluginManager: Mounting plugin SpeedTreeImporter
LogPluginManager: Mounting plugin DatasmithContent
LogPluginManager: Mounting plugin VariantManagerContent
LogPluginManager: Mounting plugin AlembicImporter
LogPluginManager: Mounting plugin AutomationUtils
LogPluginManager: Mounting plugin BackChannel
LogPluginManager: Mounting plugin CharacterAI
LogPluginManager: Mounting plugin GeometryCache
LogPluginManager: Mounting plugin HTML5Networking
LogPluginManager: Mounting plugin PlatformCrypto
LogPluginManager: Mounting plugin ProxyLODPlugin
LogPluginManager: Mounting plugin SkeletalReduction
LogPluginManager: Mounting plugin MagicLeap
LogPluginManager: Mounting plugin MagicLeapMedia
LogPluginManager: Mounting plugin AndroidMedia
LogPluginManager: Mounting plugin AvfMedia
LogPluginManager: Mounting plugin ImgMedia
LogPluginManager: Mounting plugin MediaCompositing
LogPluginManager: Mounting plugin MediaPlayerEditor
LogPluginManager: Mounting plugin WebMMedia
LogPluginManager: Mounting plugin WmfMedia
LogPluginManager: Mounting plugin TcpMessaging
LogPluginManager: Mounting plugin UdpMessaging
LogPluginManager: Mounting plugin ActorSequence
LogPluginManager: Mounting plugin LevelSequenceEditor
LogPluginManager: Mounting plugin MatineeToLevelSequence
LogPluginManager: Mounting plugin NetcodeUnitTest
LogPluginManager: Mounting plugin NUTUnrealEngine4
LogPluginManager: Mounting plugin OnlineSubsystemGooglePlay
LogPluginManager: Mounting plugin OnlineSubsystemIOS
LogPluginManager: Mounting plugin OnlineSubsystem
LogPluginManager: Mounting plugin OnlineSubsystemNull
LogPluginManager: Mounting plugin OnlineSubsystemUtils
LogPluginManager: Mounting plugin LauncherChunkInstaller
LogPluginManager: Mounting plugin AndroidDeviceProfileSelector
LogPluginManager: Mounting plugin AndroidMoviePlayer
LogPluginManager: Mounting plugin AndroidPermission
LogPluginManager: Mounting plugin AppleImageUtils
LogPluginManager: Mounting plugin AppleMoviePlayer
LogPluginManager: Mounting plugin ArchVisCharacter
LogPluginManager: Mounting plugin AudioCapture
LogPluginManager: Mounting plugin CableComponent
LogPluginManager: Mounting plugin CustomMeshComponent
LogPluginManager: Mounting plugin EditableMesh
LogPluginManager: Mounting plugin ExampleDeviceProfileSelector
LogPluginManager: Mounting plugin GoogleCloudMessaging
LogPluginManager: Mounting plugin IOSDeviceProfileSelector
LogPluginManager: Mounting plugin LinuxDeviceProfileSelector
LogPluginManager: Mounting plugin LocationServicesBPLibrary
LogPluginManager: Mounting plugin MobilePatchingUtils
LogPluginManager: Mounting plugin OculusVR
LogPluginManager: Mounting plugin PhysXVehicles
LogPluginManager: Mounting plugin ProceduralMeshComponent
LogPluginManager: Mounting plugin RuntimePhysXCooking
LogPluginManager: Mounting plugin SignificanceManager
LogPluginManager: Mounting plugin SteamVR
LogPluginManager: Mounting plugin WebMMoviePlayer
LogPluginManager: Mounting plugin WindowsMoviePlayer
LogPluginManager: Mounting plugin ScreenshotTools
LogInit: Using libcurl 7.55.1-DEV
LogInit:  - built for x86_64-pc-win32
LogInit:  - supports SSL with OpenSSL/1.1.1
LogInit:  - supports HTTP deflate (compression) using libz 1.2.8
LogInit:  - other features:
LogInit:      CURL_VERSION_SSL
LogInit:      CURL_VERSION_LIBZ
LogInit:      CURL_VERSION_IPV6
LogInit:      CURL_VERSION_ASYNCHDNS
LogInit:      CURL_VERSION_LARGEFILE
LogInit:      CURL_VERSION_IDN
LogInit:  CurlRequestOptions (configurable via config and command line):
LogInit:  - bVerifyPeer = true  - Libcurl will verify peer certificate
LogInit:  - bUseHttpProxy = false  - Libcurl will NOT use HTTP proxy
LogInit:  - bDontReuseConnections = false  - Libcurl will reuse connections
LogInit:  - MaxHostConnections = 16  - Libcurl will limit the number of connections to a host
LogInit:  - LocalHostAddr = Default
LogInit:  - BufferSize = 65536
LogOnline: OSS: Creating online subsystem instance for: NULL
LogInit: WinSock: version 1.1 (2.2), MaxSocks=32767, MaxUdp=65467
LogInit: Build: ++UE4+Release-4.23-CL-8386587
LogInit: Engine Version: 4.23.0-8386587+++UE4+Release-4.23
LogInit: Compatible Engine Version: 4.23.0-8386587+++UE4+Release-4.23
LogInit: Net CL: 8386587
LogInit: OS: Windows 10 (Release 1903) (), CPU: Intel(R) Core(TM) i7-7700HQ CPU @ 2.80GHz, GPU: Intel(R) HD Graphics 630
LogInit: Compiled (64-bit): Aug 31 2019 02:04:44
LogInit: Compiled with Visual C++: 19.16.27030.01
LogInit: Build Configuration: Development
LogInit: Branch Name: ++UE4+Release-4.23
LogInit: Command Line:  -EpicPortal -epicusername=isaacchunn -epicuserid=a7367820a2f2447f94c6f1bdf181b826 -epiclocale=en-US
LogInit: Base Directory: D:/Unreal Engine/UE_4.23/Engine/Binaries/Win64/
LogInit: Installed Engine Build: 1
LogDevObjectVersion: Number of dev versions registered: 23
LogDevObjectVersion:   Dev-Blueprints (B0D832E4-1F89-4F0D-ACCF-7EB736FD4AA2): 10
LogDevObjectVersion:   Dev-Build (E1C64328-A22C-4D53-A36C-8E866417BD8C): 0
LogDevObjectVersion:   Dev-Core (375EC13C-06E4-48FB-B500-84F0262A717E): 3
LogDevObjectVersion:   Dev-Editor (E4B068ED-F494-42E9-A231-DA0B2E46BB41): 34
LogDevObjectVersion:   Dev-Framework (CFFC743F-43B0-4480-9391-14DF171D2073): 35
LogDevObjectVersion:   Dev-Mobile (B02B49B5-BB20-44E9-A304-32B752E40360): 2
LogDevObjectVersion:   Dev-Networking (A4E4105C-59A1-49B5-A7C5-40C4547EDFEE): 0
LogDevObjectVersion:   Dev-Online (39C831C9-5AE6-47DC-9A44-9C173E1C8E7C): 0
LogDevObjectVersion:   Dev-Physics (78F01B33-EBEA-4F98-B9B4-84EACCB95AA2): 0
LogDevObjectVersion:   Dev-Platform (6631380F-2D4D-43E0-8009-CF276956A95A): 0
LogDevObjectVersion:   Dev-Rendering (12F88B9F-8875-4AFC-A67C-D90C383ABD29): 31
LogDevObjectVersion:   Dev-Sequencer (7B5AE74C-D270-4C10-A958-57980B212A5A): 11
LogDevObjectVersion:   Dev-VR (D7296918-1DD6-4BDD-9DE2-64A83CC13884): 2
LogDevObjectVersion:   Dev-LoadTimes (C2A15278-BFE7-4AFE-6C17-90FF531DF755): 1
LogDevObjectVersion:   Private-Geometry (6EACA3D4-40EC-4CC1-B786-8BED09428FC5): 3
LogDevObjectVersion:   Dev-AnimPhys (29E575DD-E0A3-4627-9D10-D276232CDCEA): 17
LogDevObjectVersion:   Dev-Anim (AF43A65D-7FD3-4947-9873-3E8ED9C1BB05): 2
LogDevObjectVersion:   Dev-ReflectionCapture (6B266CEC-1EC7-4B8F-A30B-E4D90942FC07): 1
LogDevObjectVersion:   Dev-Automation (0DF73D61-A23F-47EA-B727-89E90C41499A): 1
LogDevObjectVersion:   FortniteMain (601D1886-AC64-4F84-AA16-D3DE0DEAC7D6): 27
LogDevObjectVersion:   Dev-Enterprise (9DFFBCD6-494F-0158-E221-12823C92A888): 6
LogDevObjectVersion:   Dev-Niagara (F2AED0AC-9AFE-416F-8664-AA7FFA26D6FC): 1
LogDevObjectVersion:   Dev-Destruction (174F1F0B-B4C6-45A5-B13F-2EE8D0FB917D): 9
LogInit: Presizing for max 16777216 objects, including 0 objects not considered by GC, pre-allocating 0 bytes for permanent pool.
LogInit: Object subsystem initialized
LogConfig: Setting CVar [[con.DebugEarlyDefault:1]]
LogConfig: Setting CVar [[r.setres:1280x720]]
[2019.10.29-06.07.12:469][  0]LogConfig: Setting CVar [[r.VSync:0]]
[2019.10.29-06.07.12:469][  0]LogConfig: Setting CVar [[r.RHICmdBypass:0]]
[2019.10.29-06.07.12:469][  0]LogConfig: Applying CVar settings from Section [/Script/Engine.RendererSettings] File [D:/GitHub/LastResisters/LastResisters/Saved/Config/Windows/Engine.ini]
[2019.10.29-06.07.12:469][  0]LogConfig: Setting CVar [[r.GPUCrashDebugging:0]]
[2019.10.29-06.07.12:469][  0]LogConfig: Applying CVar settings from Section [/Script/Engine.RendererOverrideSettings] File [D:/GitHub/LastResisters/LastResisters/Saved/Config/Windows/Engine.ini]
[2019.10.29-06.07.12:469][  0]LogConfig: Applying CVar settings from Section [/Script/Engine.StreamingSettings] File [D:/GitHub/LastResisters/LastResisters/Saved/Config/Windows/Engine.ini]
[2019.10.29-06.07.12:469][  0]LogConfig: Setting CVar [[s.MinBulkDataSizeForAsyncLoading:131072]]
[2019.10.29-06.07.12:469][  0]LogConfig: Setting CVar [[s.AsyncLoadingThreadEnabled:0]]
[2019.10.29-06.07.12:469][  0]LogConfig: Setting CVar [[s.EventDrivenLoaderEnabled:1]]
[2019.10.29-06.07.12:469][  0]LogConfig: Setting CVar [[s.WarnIfTimeLimitExceeded:0]]
[2019.10.29-06.07.12:469][  0]LogConfig: Setting CVar [[s.TimeLimitExceededMultiplier:1.5]]
[2019.10.29-06.07.12:469][  0]LogConfig: Setting CVar [[s.TimeLimitExceededMinTime:0.005]]
[2019.10.29-06.07.12:469][  0]LogConfig: Setting CVar [[s.UseBackgroundLevelStreaming:1]]
[2019.10.29-06.07.12:469][  0]LogConfig: Setting CVar [[s.PriorityAsyncLoadingExtraTime:15.0]]
[2019.10.29-06.07.12:469][  0]LogConfig: Setting CVar [[s.LevelStreamingActorsUpdateTimeLimit:5.0]]
[2019.10.29-06.07.12:469][  0]LogConfig: Setting CVar [[s.PriorityLevelStreamingActorsUpdateExtraTime:5.0]]
[2019.10.29-06.07.12:469][  0]LogConfig: Setting CVar [[s.LevelStreamingComponentsRegistrationGranularity:10]]
[2019.10.29-06.07.12:469][  0]LogConfig: Setting CVar [[s.UnregisterComponentsTimeLimit:1.0]]
[2019.10.29-06.07.12:469][  0]LogConfig: Setting CVar [[s.LevelStreamingComponentsUnregistrationGranularity:5]]
[2019.10.29-06.07.12:470][  0]LogConfig: Applying CVar settings from Section [/Script/Engine.GarbageCollectionSettings] File [D:/GitHub/LastResisters/LastResisters/Saved/Config/Windows/Engine.ini]
[2019.10.29-06.07.12:470][  0]LogConfig: Setting CVar [[gc.MaxObjectsNotConsideredByGC:1]]
[2019.10.29-06.07.12:470][  0]LogConfig: Setting CVar [[gc.SizeOfPermanentObjectPool:0]]
[2019.10.29-06.07.12:470][  0]LogConfig: Setting CVar [[gc.FlushStreamingOnGC:0]]
[2019.10.29-06.07.12:470][  0]LogConfig: Setting CVar [[gc.NumRetriesBeforeForcingGC:10]]
[2019.10.29-06.07.12:470][  0]LogConfig: Setting CVar [[gc.AllowParallelGC:1]]
[2019.10.29-06.07.12:470][  0]LogConfig: Setting CVar [[gc.TimeBetweenPurgingPendingKillObjects:61.1]]
[2019.10.29-06.07.12:470][  0]LogConfig: Setting CVar [[gc.MaxObjectsInEditor:16777216]]
[2019.10.29-06.07.12:470][  0]LogConfig: Setting CVar [[gc.IncrementalBeginDestroyEnabled:1]]
[2019.10.29-06.07.12:470][  0]LogConfig: Setting CVar [[gc.CreateGCClusters:1]]
[2019.10.29-06.07.12:470][  0]LogConfig: Setting CVar [[gc.MinGCClusterSize:5]]
[2019.10.29-06.07.12:470][  0]LogConfig: Setting CVar [[gc.ActorClusteringEnabled:0]]
[2019.10.29-06.07.12:470][  0]LogConfig: Setting CVar [[gc.BlueprintClusteringEnabled:0]]
[2019.10.29-06.07.12:470][  0]LogConfig: Setting CVar [[gc.UseDisregardForGCOnDedicatedServers:0]]
[2019.10.29-06.07.12:471][  0]LogConfig: Applying CVar settings from Section [/Script/Engine.NetworkSettings] File [D:/GitHub/LastResisters/LastResisters/Saved/Config/Windows/Engine.ini]
[2019.10.29-06.07.12:471][  0]LogConfig: Applying CVar settings from Section [/Script/UnrealEd.CookerSettings] File [D:/GitHub/LastResisters/LastResisters/Saved/Config/Windows/Engine.ini]
[2019.10.29-06.07.12:526][  0]LogConfig: Applying CVar settings from Section [ViewDistanceQuality@3] File [D:/GitHub/LastResisters/LastResisters/Saved/Config/Windows/Scalability.ini]
[2019.10.29-06.07.12:526][  0]LogConfig: Setting CVar [[r.SkeletalMeshLODBias:0]]
[2019.10.29-06.07.12:526][  0]LogConfig: Setting CVar [[r.ViewDistanceScale:1.0]]
[2019.10.29-06.07.12:526][  0]LogConfig: Applying CVar settings from Section [AntiAliasingQuality@3] File [D:/GitHub/LastResisters/LastResisters/Saved/Config/Windows/Scalability.ini]
[2019.10.29-06.07.12:526][  0]LogConfig: Setting CVar [[r.PostProcessAAQuality:4]]
[2019.10.29-06.07.12:526][  0]LogConfig: Applying CVar settings from Section [ShadowQuality@3] File [D:/GitHub/LastResisters/LastResisters/Saved/Config/Windows/Scalability.ini]
[2019.10.29-06.07.12:526][  0]LogConfig: Setting CVar [[r.LightFunctionQuality:1]]
[2019.10.29-06.07.12:527][  0]LogConfig: Setting CVar [[r.ShadowQuality:5]]
[2019.10.29-06.07.12:527][  0]LogConfig: Setting CVar [[r.Shadow.CSM.MaxCascades:10]]
[2019.10.29-06.07.12:527][  0]LogConfig: Setting CVar [[r.Shadow.MaxResolution:2048]]
[2019.10.29-06.07.12:527][  0]LogConfig: Setting CVar [[r.Shadow.MaxCSMResolution:2048]]
[2019.10.29-06.07.12:527][  0]LogConfig: Setting CVar [[r.Shadow.RadiusThreshold:0.01]]
[2019.10.29-06.07.12:527][  0]LogConfig: Setting CVar [[r.Shadow.DistanceScale:1.0]]
[2019.10.29-06.07.12:527][  0]LogConfig: Setting CVar [[r.Shadow.CSM.TransitionScale:1.0]]
[2019.10.29-06.07.12:527][  0]LogConfig: Setting CVar [[r.Shadow.PreShadowResolutionFactor:1.0]]
[2019.10.29-06.07.12:527][  0]LogConfig: Setting CVar [[r.DistanceFieldShadowing:1]]
[2019.10.29-06.07.12:527][  0]LogConfig: Setting CVar [[r.DistanceFieldAO:1]]
[2019.10.29-06.07.12:527][  0]LogConfig: Setting CVar [[r.AOQuality:2]]
[2019.10.29-06.07.12:527][  0]LogConfig: Setting CVar [[r.VolumetricFog:1]]
[2019.10.29-06.07.12:527][  0]LogConfig: Setting CVar [[r.VolumetricFog.GridPixelSize:8]]
[2019.10.29-06.07.12:527][  0]LogConfig: Setting CVar [[r.VolumetricFog.GridSizeZ:128]]
[2019.10.29-06.07.12:527][  0]LogConfig: Setting CVar [[r.VolumetricFog.HistoryMissSupersampleCount:4]]
[2019.10.29-06.07.12:527][  0]LogConfig: Setting CVar [[r.LightMaxDrawDistanceScale:1]]
[2019.10.29-06.07.12:527][  0]LogConfig: Setting CVar [[r.CapsuleShadows:1]]
[2019.10.29-06.07.12:527][  0]LogConfig: Applying CVar settings from Section [PostProcessQuality@3] File [D:/GitHub/LastResisters/LastResisters/Saved/Config/Windows/Scalability.ini]
[2019.10.29-06.07.12:527][  0]LogConfig: Setting CVar [[r.MotionBlurQuality:4]]
[2019.10.29-06.07.12:527][  0]LogConfig: Setting CVar [[r.AmbientOcclusionMipLevelFactor:0.4]]
[2019.10.29-06.07.12:527][  0]LogConfig: Setting CVar [[r.AmbientOcclusionMaxQuality:100]]
[2019.10.29-06.07.12:527][  0]LogConfig: Setting CVar [[r.AmbientOcclusionLevels:-1]]
[2019.10.29-06.07.12:527][  0]LogConfig: Setting CVar [[r.AmbientOcclusionRadiusScale:1.0]]
[2019.10.29-06.07.12:527][  0]LogConfig: Setting CVar [[r.DepthOfFieldQuality:2]]
[2019.10.29-06.07.12:527][  0]LogConfig: Setting CVar [[r.RenderTargetPoolMin:400]]
[2019.10.29-06.07.12:527][  0]LogConfig: Setting CVar [[r.LensFlareQuality:2]]
[2019.10.29-06.07.12:527][  0]LogConfig: Setting CVar [[r.SceneColorFringeQuality:1]]
[2019.10.29-06.07.12:527][  0]LogConfig: Setting CVar [[r.EyeAdaptationQuality:2]]
[2019.10.29-06.07.12:527][  0]LogConfig: Setting CVar [[r.BloomQuality:5]]
[2019.10.29-06.07.12:527][  0]LogConfig: Setting CVar [[r.FastBlurThreshold:100]]
[2019.10.29-06.07.12:527][  0]LogConfig: Setting CVar [[r.Upscale.Quality:3]]
[2019.10.29-06.07.12:527][  0]LogConfig: Setting CVar [[r.Tonemapper.GrainQuantization:1]]
[2019.10.29-06.07.12:527][  0]LogConfig: Setting CVar [[r.LightShaftQuality:1]]
[2019.10.29-06.07.12:527][  0]LogConfig: Setting CVar [[r.Filter.SizeScale:1]]
[2019.10.29-06.07.12:527][  0]LogConfig: Setting CVar [[r.Tonemapper.Quality:5]]
[2019.10.29-06.07.12:527][  0]LogConfig: Setting CVar [[r.DOF.Gather.AccumulatorQuality:1        ; higher gathering accumulator quality]]
[2019.10.29-06.07.12:527][  0]LogConfig: Setting CVar [[r.DOF.Gather.PostfilterMethod:1          ; Median3x3 postfilering method]]
[2019.10.29-06.07.12:527][  0]LogConfig: Setting CVar [[r.DOF.Gather.EnableBokehSettings:0       ; no bokeh simulation when gathering]]
[2019.10.29-06.07.12:527][  0]LogConfig: Setting CVar [[r.DOF.Gather.RingCount:4                 ; medium number of samples when gathering]]
[2019.10.29-06.07.12:527][  0]LogConfig: Setting CVar [[r.DOF.Scatter.ForegroundCompositing:1    ; additive foreground scattering]]
[2019.10.29-06.07.12:527][  0]LogConfig: Setting CVar [[r.DOF.Scatter.BackgroundCompositing:2    ; additive background scattering]]
[2019.10.29-06.07.12:527][  0]LogConfig: Setting CVar [[r.DOF.Scatter.EnableBokehSettings:1      ; bokeh simulation when scattering]]
[2019.10.29-06.07.12:527][  0]LogConfig: Setting CVar [[r.DOF.Scatter.MaxSpriteRatio:0.1         ; only a maximum of 10% of scattered bokeh]]
[2019.10.29-06.07.12:527][  0]LogConfig: Setting CVar [[r.DOF.Recombine.Quality:1                ; cheap slight out of focus]]
[2019.10.29-06.07.12:527][  0]LogConfig: Setting CVar [[r.DOF.Recombine.EnableBokehSettings:0    ; no bokeh simulation on slight out of focus]]
[2019.10.29-06.07.12:527][  0]LogConfig: Setting CVar [[r.DOF.TemporalAAQuality:1                ; more stable temporal accumulation]]
[2019.10.29-06.07.12:527][  0]LogConfig: Setting CVar [[r.DOF.Kernel.MaxForegroundRadius:0.025]]
[2019.10.29-06.07.12:527][  0]LogConfig: Setting CVar [[r.DOF.Kernel.MaxBackgroundRadius:0.025]]
[2019.10.29-06.07.12:527][  0]LogConfig: Applying CVar settings from Section [TextureQuality@3] File [D:/GitHub/LastResisters/LastResisters/Saved/Config/Windows/Scalability.ini]
[2019.10.29-06.07.12:527][  0]LogConfig: Setting CVar [[r.Streaming.MipBias:0]]
[2019.10.29-06.07.12:527][  0]LogConfig: Setting CVar [[r.Streaming.AmortizeCPUToGPUCopy:0]]
[2019.10.29-06.07.12:527][  0]LogConfig: Setting CVar [[r.Streaming.MaxNumTexturesToStreamPerFrame:0]]
[2019.10.29-06.07.12:527][  0]LogConfig: Setting CVar [[r.Streaming.Boost:1]]
[2019.10.29-06.07.12:527][  0]LogConfig: Setting CVar [[r.MaxAnisotropy:8]]
[2019.10.29-06.07.12:527][  0]LogConfig: Setting CVar [[r.Streaming.LimitPoolSizeToVRAM:0]]
[2019.10.29-06.07.12:527][  0]LogConfig: Setting CVar [[r.Streaming.PoolSize:1000]]
[2019.10.29-06.07.12:527][  0]LogConfig: Setting CVar [[r.Streaming.MaxEffectiveScreenSize:0]]
[2019.10.29-06.07.12:527][  0]LogConfig: Applying CVar settings from Section [EffectsQuality@3] File [D:/GitHub/LastResisters/LastResisters/Saved/Config/Windows/Scalability.ini]
[2019.10.29-06.07.12:528][  0]LogConfig: Setting CVar [[r.TranslucencyLightingVolumeDim:64]]
[2019.10.29-06.07.12:528][  0]LogConfig: Setting CVar [[r.RefractionQuality:2]]
[2019.10.29-06.07.12:528][  0]LogConfig: Setting CVar [[r.SSR.Quality:3]]
[2019.10.29-06.07.12:528][  0]LogConfig: Setting CVar [[r.SceneColorFormat:4]]
[2019.10.29-06.07.12:528][  0]LogConfig: Setting CVar [[r.DetailMode:2]]
[2019.10.29-06.07.12:528][  0]LogConfig: Setting CVar [[r.TranslucencyVolumeBlur:1]]
[2019.10.29-06.07.12:528][  0]LogConfig: Setting CVar [[r.MaterialQualityLevel:1 ; High quality]]
[2019.10.29-06.07.12:528][  0]LogConfig: Setting CVar [[r.SSS.Scale:1]]
[2019.10.29-06.07.12:528][  0]LogConfig: Setting CVar [[r.SSS.SampleSet:2]]
[2019.10.29-06.07.12:528][  0]LogConfig: Setting CVar [[r.SSS.Quality:1]]
[2019.10.29-06.07.12:528][  0]LogConfig: Setting CVar [[r.SSS.HalfRes:1]]
[2019.10.29-06.07.12:528][  0]LogConfig: Setting CVar [[r.EmitterSpawnRateScale:1.0]]
[2019.10.29-06.07.12:528][  0]LogConfig: Setting CVar [[r.ParticleLightQuality:2]]
[2019.10.29-06.07.12:528][  0]LogConfig: Applying CVar settings from Section [FoliageQuality@3] File [D:/GitHub/LastResisters/LastResisters/Saved/Config/Windows/Scalability.ini]
[2019.10.29-06.07.12:528][  0]LogConfig: Setting CVar [[foliage.DensityScale:1.0]]
[2019.10.29-06.07.12:528][  0]LogConfig: Setting CVar [[grass.DensityScale:1.0]]
[2019.10.29-06.07.12:531][  0]LogInit: Selected Device Profile: [Windows]
[2019.10.29-06.07.12:531][  0]LogInit: Applying CVar settings loaded from the selected device profile: [Windows]
[2019.10.29-06.07.12:572][  0]LogHAL: Display: Platform has ~ 16 GB [17055166464 / 17179869184 / 16], which maps to Larger [LargestMinGB=32, LargerMinGB=12, DefaultMinGB=8, SmallerMinGB=6, SmallestMinGB=0)
[2019.10.29-06.07.12:572][  0]LogInit: Going up to parent DeviceProfile []
[2019.10.29-06.07.12:582][  0]LogConfig: Applying CVar settings from Section [ViewDistanceQuality@3] File [D:/GitHub/LastResisters/LastResisters/Saved/Config/Windows/Scalability.ini]
[2019.10.29-06.07.12:582][  0]LogConfig: Setting CVar [[r.SkeletalMeshLODBias:0]]
[2019.10.29-06.07.12:582][  0]LogConfig: Setting CVar [[r.ViewDistanceScale:1.0]]
[2019.10.29-06.07.12:582][  0]LogConfig: Applying CVar settings from Section [AntiAliasingQuality@3] File [D:/GitHub/LastResisters/LastResisters/Saved/Config/Windows/Scalability.ini]
[2019.10.29-06.07.12:582][  0]LogConfig: Setting CVar [[r.PostProcessAAQuality:4]]
[2019.10.29-06.07.12:582][  0]LogConfig: Applying CVar settings from Section [ShadowQuality@3] File [D:/GitHub/LastResisters/LastResisters/Saved/Config/Windows/Scalability.ini]
[2019.10.29-06.07.12:582][  0]LogConfig: Setting CVar [[r.LightFunctionQuality:1]]
[2019.10.29-06.07.12:583][  0]LogConfig: Setting CVar [[r.ShadowQuality:5]]
[2019.10.29-06.07.12:583][  0]LogConfig: Setting CVar [[r.Shadow.CSM.MaxCascades:10]]
[2019.10.29-06.07.12:583][  0]LogConfig: Setting CVar [[r.Shadow.MaxResolution:2048]]
[2019.10.29-06.07.12:583][  0]LogConfig: Setting CVar [[r.Shadow.MaxCSMResolution:2048]]
[2019.10.29-06.07.12:583][  0]LogConfig: Setting CVar [[r.Shadow.RadiusThreshold:0.01]]
[2019.10.29-06.07.12:583][  0]LogConfig: Setting CVar [[r.Shadow.DistanceScale:1.0]]
[2019.10.29-06.07.12:583][  0]LogConfig: Setting CVar [[r.Shadow.CSM.TransitionScale:1.0]]
[2019.10.29-06.07.12:583][  0]LogConfig: Setting CVar [[r.Shadow.PreShadowResolutionFactor:1.0]]
[2019.10.29-06.07.12:583][  0]LogConfig: Setting CVar [[r.DistanceFieldShadowing:1]]
[2019.10.29-06.07.12:583][  0]LogConfig: Setting CVar [[r.DistanceFieldAO:1]]
[2019.10.29-06.07.12:583][  0]LogConfig: Setting CVar [[r.AOQuality:2]]
[2019.10.29-06.07.12:583][  0]LogConfig: Setting CVar [[r.VolumetricFog:1]]
[2019.10.29-06.07.12:583][  0]LogConfig: Setting CVar [[r.VolumetricFog.GridPixelSize:8]]
[2019.10.29-06.07.12:583][  0]LogConfig: Setting CVar [[r.VolumetricFog.GridSizeZ:128]]
[2019.10.29-06.07.12:583][  0]LogConfig: Setting CVar [[r.VolumetricFog.HistoryMissSupersampleCount:4]]
[2019.10.29-06.07.12:583][  0]LogConfig: Setting CVar [[r.LightMaxDrawDistanceScale:1]]
[2019.10.29-06.07.12:583][  0]LogConfig: Setting CVar [[r.CapsuleShadows:1]]
[2019.10.29-06.07.12:583][  0]LogConfig: Applying CVar settings from Section [PostProcessQuality@3] File [D:/GitHub/LastResisters/LastResisters/Saved/Config/Windows/Scalability.ini]
[2019.10.29-06.07.12:583][  0]LogConfig: Setting CVar [[r.MotionBlurQuality:4]]
[2019.10.29-06.07.12:583][  0]LogConfig: Setting CVar [[r.AmbientOcclusionMipLevelFactor:0.4]]
[2019.10.29-06.07.12:583][  0]LogConfig: Setting CVar [[r.AmbientOcclusionMaxQuality:100]]
[2019.10.29-06.07.12:583][  0]LogConfig: Setting CVar [[r.AmbientOcclusionLevels:-1]]
[2019.10.29-06.07.12:583][  0]LogConfig: Setting CVar [[r.AmbientOcclusionRadiusScale:1.0]]
[2019.10.29-06.07.12:583][  0]LogConfig: Setting CVar [[r.DepthOfFieldQuality:2]]
[2019.10.29-06.07.12:583][  0]LogConfig: Setting CVar [[r.RenderTargetPoolMin:400]]
[2019.10.29-06.07.12:583][  0]LogConfig: Setting CVar [[r.LensFlareQuality:2]]
[2019.10.29-06.07.12:583][  0]LogConfig: Setting CVar [[r.SceneColorFringeQuality:1]]
[2019.10.29-06.07.12:583][  0]LogConfig: Setting CVar [[r.EyeAdaptationQuality:2]]
[2019.10.29-06.07.12:584][  0]LogConfig: Setting CVar [[r.BloomQuality:5]]
[2019.10.29-06.07.12:584][  0]LogConfig: Setting CVar [[r.FastBlurThreshold:100]]
[2019.10.29-06.07.12:584][  0]LogConfig: Setting CVar [[r.Upscale.Quality:3]]
[2019.10.29-06.07.12:584][  0]LogConfig: Setting CVar [[r.Tonemapper.GrainQuantization:1]]
[2019.10.29-06.07.12:584][  0]LogConfig: Setting CVar [[r.LightShaftQuality:1]]
[2019.10.29-06.07.12:584][  0]LogConfig: Setting CVar [[r.Filter.SizeScale:1]]
[2019.10.29-06.07.12:584][  0]LogConfig: Setting CVar [[r.Tonemapper.Quality:5]]
[2019.10.29-06.07.12:584][  0]LogConfig: Setting CVar [[r.DOF.Gather.AccumulatorQuality:1        ; higher gathering accumulator quality]]
[2019.10.29-06.07.12:584][  0]LogConfig: Setting CVar [[r.DOF.Gather.PostfilterMethod:1          ; Median3x3 postfilering method]]
[2019.10.29-06.07.12:584][  0]LogConfig: Setting CVar [[r.DOF.Gather.EnableBokehSettings:0       ; no bokeh simulation when gathering]]
[2019.10.29-06.07.12:584][  0]LogConfig: Setting CVar [[r.DOF.Gather.RingCount:4                 ; medium number of samples when gathering]]
[2019.10.29-06.07.12:584][  0]LogConfig: Setting CVar [[r.DOF.Scatter.ForegroundCompositing:1    ; additive foreground scattering]]
[2019.10.29-06.07.12:584][  0]LogConfig: Setting CVar [[r.DOF.Scatter.BackgroundCompositing:2    ; additive background scattering]]
[2019.10.29-06.07.12:584][  0]LogConfig: Setting CVar [[r.DOF.Scatter.EnableBokehSettings:1      ; bokeh simulation when scattering]]
[2019.10.29-06.07.12:584][  0]LogConfig: Setting CVar [[r.DOF.Scatter.MaxSpriteRatio:0.1         ; only a maximum of 10% of scattered bokeh]]
[2019.10.29-06.07.12:584][  0]LogConfig: Setting CVar [[r.DOF.Recombine.Quality:1                ; cheap slight out of focus]]
[2019.10.29-06.07.12:584][  0]LogConfig: Setting CVar [[r.DOF.Recombine.EnableBokehSettings:0    ; no bokeh simulation on slight out of focus]]
[2019.10.29-06.07.12:584][  0]LogConfig: Setting CVar [[r.DOF.TemporalAAQuality:1                ; more stable temporal accumulation]]
[2019.10.29-06.07.12:584][  0]LogConfig: Setting CVar [[r.DOF.Kernel.MaxForegroundRadius:0.025]]
[2019.10.29-06.07.12:584][  0]LogConfig: Setting CVar [[r.DOF.Kernel.MaxBackgroundRadius:0.025]]
[2019.10.29-06.07.12:585][  0]LogConfig: Applying CVar settings from Section [TextureQuality@3] File [D:/GitHub/LastResisters/LastResisters/Saved/Config/Windows/Scalability.ini]
[2019.10.29-06.07.12:585][  0]LogConfig: Setting CVar [[r.Streaming.MipBias:0]]
[2019.10.29-06.07.12:585][  0]LogConfig: Setting CVar [[r.Streaming.AmortizeCPUToGPUCopy:0]]
[2019.10.29-06.07.12:585][  0]LogConfig: Setting CVar [[r.Streaming.MaxNumTexturesToStreamPerFrame:0]]
[2019.10.29-06.07.12:585][  0]LogConfig: Setting CVar [[r.Streaming.Boost:1]]
[2019.10.29-06.07.12:585][  0]LogConfig: Setting CVar [[r.MaxAnisotropy:8]]
[2019.10.29-06.07.12:585][  0]LogConfig: Setting CVar [[r.Streaming.LimitPoolSizeToVRAM:0]]
[2019.10.29-06.07.12:585][  0]LogConfig: Setting CVar [[r.Streaming.PoolSize:1000]]
[2019.10.29-06.07.12:585][  0]LogConfig: Setting CVar [[r.Streaming.MaxEffectiveScreenSize:0]]
[2019.10.29-06.07.12:585][  0]LogConfig: Applying CVar settings from Section [EffectsQuality@3] File [D:/GitHub/LastResisters/LastResisters/Saved/Config/Windows/Scalability.ini]
[2019.10.29-06.07.12:585][  0]LogConfig: Setting CVar [[r.TranslucencyLightingVolumeDim:64]]
[2019.10.29-06.07.12:585][  0]LogConfig: Setting CVar [[r.RefractionQuality:2]]
[2019.10.29-06.07.12:585][  0]LogConfig: Setting CVar [[r.SSR.Quality:3]]
[2019.10.29-06.07.12:585][  0]LogConfig: Setting CVar [[r.SceneColorFormat:4]]
[2019.10.29-06.07.12:585][  0]LogConfig: Setting CVar [[r.DetailMode:2]]
[2019.10.29-06.07.12:585][  0]LogConfig: Setting CVar [[r.TranslucencyVolumeBlur:1]]
[2019.10.29-06.07.12:585][  0]LogConfig: Setting CVar [[r.MaterialQualityLevel:1 ; High quality]]
[2019.10.29-06.07.12:585][  0]LogConfig: Setting CVar [[r.SSS.Scale:1]]
[2019.10.29-06.07.12:585][  0]LogConfig: Setting CVar [[r.SSS.SampleSet:2]]
[2019.10.29-06.07.12:585][  0]LogConfig: Setting CVar [[r.SSS.Quality:1]]
[2019.10.29-06.07.12:585][  0]LogConfig: Setting CVar [[r.SSS.HalfRes:1]]
[2019.10.29-06.07.12:585][  0]LogConfig: Setting CVar [[r.EmitterSpawnRateScale:1.0]]
[2019.10.29-06.07.12:585][  0]LogConfig: Setting CVar [[r.ParticleLightQuality:2]]
[2019.10.29-06.07.12:586][  0]LogConfig: Applying CVar settings from Section [FoliageQuality@3] File [D:/GitHub/LastResisters/LastResisters/Saved/Config/Windows/Scalability.ini]
[2019.10.29-06.07.12:586][  0]LogConfig: Setting CVar [[foliage.DensityScale:1.0]]
[2019.10.29-06.07.12:586][  0]LogConfig: Setting CVar [[grass.DensityScale:1.0]]
[2019.10.29-06.07.12:586][  0]LogConfig: Applying CVar settings from Section [Startup] File [../../../Engine/Config/ConsoleVariables.ini]
[2019.10.29-06.07.12:597][  0]LogConfig: Setting CVar [[net.UseAdaptiveNetUpdateFrequency:0]]
[2019.10.29-06.07.12:597][  0]LogConfig: Setting CVar [[p.chaos.AllowCreatePhysxBodies:1]]
[2019.10.29-06.07.12:597][  0]LogConfig: Applying CVar settings from Section [ConsoleVariables] File [D:/GitHub/LastResisters/LastResisters/Saved/Config/Windows/Engine.ini]
[2019.10.29-06.07.12:600][  0]LogInit: Computer: PFT-17004523
[2019.10.29-06.07.12:600][  0]LogInit: User: 17004523
[2019.10.29-06.07.12:601][  0]LogInit: CPU Page size=4096, Cores=4
[2019.10.29-06.07.12:601][  0]LogInit: High frequency timer resolution =10.000000 MHz
[2019.10.29-06.07.12:603][  0]LogMemory: Memory total: Physical=15.9GB (16GB approx)
[2019.10.29-06.07.12:603][  0]LogMemory: Platform Memory Stats for Windows
[2019.10.29-06.07.12:603][  0]LogMemory: Process Physical Memory: 100.82 MB used, 100.82 MB peak
[2019.10.29-06.07.12:604][  0]LogMemory: Process Virtual Memory: 99.47 MB used, 99.47 MB peak
[2019.10.29-06.07.12:604][  0]LogMemory: Physical Memory: 11641.91 MB used,  4623.16 MB free, 16265.07 MB total
[2019.10.29-06.07.12:604][  0]LogMemory: Virtual Memory: 4667.34 MB used,  134213064.00 MB free, 134217728.00 MB total
[2019.10.29-06.07.12:627][  0]LogWindows: WindowsPlatformFeatures enabled
[2019.10.29-06.07.13:453][  0]LogInit: Using OS detected language (en-US).
[2019.10.29-06.07.13:453][  0]LogInit: Using OS detected locale (en-SG).
[2019.10.29-06.07.13:499][  0]LogTextLocalizationManager: No specific localization for 'en-US' exists, so the 'en' localization will be used.
[2019.10.29-06.07.15:072][  0]LogInit: Setting process to per monitor DPI aware
[2019.10.29-06.07.15:832][  0]LogSlate: New Slate User Created.  User Index 0, Is Virtual User: 0
[2019.10.29-06.07.15:832][  0]LogSlate: Slate User Registered.  User Index 0, Is Virtual User: 0
[2019.10.29-06.07.17:215][  0]LogHMD: Failed to initialize OpenVR with code 110
[2019.10.29-06.07.17:215][  0]LogD3D11RHI: D3D11 adapters:
[2019.10.29-06.07.17:343][  0]LogD3D11RHI:    0. 'NVIDIA GeForce GTX 1050' (Feature Level 11_0)
[2019.10.29-06.07.17:343][  0]LogD3D11RHI:       4021/0/8132 MB DedicatedVideo/DedicatedSystem/SharedSystem, Outputs:2, VendorId:0x10de
[2019.10.29-06.07.17:355][  0]LogD3D11RHI:    1. 'Intel(R) HD Graphics 630' (Feature Level 11_0)
[2019.10.29-06.07.17:355][  0]LogD3D11RHI:       128/0/8132 MB DedicatedVideo/DedicatedSystem/SharedSystem, Outputs:0, VendorId:0x8086
[2019.10.29-06.07.17:361][  0]LogD3D11RHI:    2. 'Microsoft Basic Render Driver' (Feature Level 11_0)
[2019.10.29-06.07.17:361][  0]LogD3D11RHI:       0/0/8132 MB DedicatedVideo/DedicatedSystem/SharedSystem, Outputs:0, VendorId:0x1414
[2019.10.29-06.07.17:361][  0]LogD3D11RHI: Chosen D3D11 Adapter: 0
[2019.10.29-06.07.17:417][  0]LogD3D11RHI: Creating new Direct3DDevice
[2019.10.29-06.07.17:417][  0]LogD3D11RHI:     GPU DeviceId: 0x1c8d (for the marketing name, search the web for "GPU Device Id")
[2019.10.29-06.07.17:417][  0]LogWindows: EnumDisplayDevices:
[2019.10.29-06.07.17:418][  0]LogWindows:    0. 'Intel(R) HD Graphics 630' (P:1 D:1)
[2019.10.29-06.07.17:418][  0]LogWindows:    1. 'Intel(R) HD Graphics 630' (P:0 D:1)
[2019.10.29-06.07.17:418][  0]LogWindows:    2. 'Intel(R) HD Graphics 630' (P:0 D:0)
[2019.10.29-06.07.17:419][  0]LogWindows: DebugString: PrimaryIsNotTheChoosenAdapter PrimaryIsNotTheChoosenAdapter PrimaryIsNotTheChoosenAdapter FoundDriverCount:0 
[2019.10.29-06.07.17:419][  0]LogD3D11RHI:     Adapter Name: NVIDIA GeForce GTX 1050
[2019.10.29-06.07.17:426][  0]LogD3D11RHI:   Driver Version: Unknown (internal:Unknown, unified:Unknown)
[2019.10.29-06.07.17:426][  0]LogD3D11RHI:      Driver Date: Unknown
[2019.10.29-06.07.17:426][  0]LogRHI: Texture pool is 2814 MB (70% of 4021 MB)
[2019.10.29-06.07.17:498][  0]LogD3D11RHI: Async texture creation enabled
[2019.10.29-06.07.17:700][  0]LogD3D11RHI: GPU Timing Frequency: 1000.000000 (Debug: 2 1)
[2019.10.29-06.07.18:523][  0]LogTemp: Display: Module 'AllDesktopTargetPlatform' loaded TargetPlatform 'AllDesktop'
[2019.10.29-06.07.18:612][  0]LogTemp: Display: Module 'MacClientTargetPlatform' loaded TargetPlatform 'MacClient'
[2019.10.29-06.07.18:630][  0]LogTemp: Display: Module 'MacNoEditorTargetPlatform' loaded TargetPlatform 'MacNoEditor'
[2019.10.29-06.07.18:653][  0]LogTemp: Display: Module 'MacServerTargetPlatform' loaded TargetPlatform 'MacServer'
[2019.10.29-06.07.18:725][  0]LogTemp: Display: Module 'MacTargetPlatform' loaded TargetPlatform 'Mac'
[2019.10.29-06.07.18:901][  0]LogTemp: Display: Module 'WindowsClientTargetPlatform' loaded TargetPlatform 'WindowsClient'
[2019.10.29-06.07.18:916][  0]LogTemp: Display: Module 'WindowsNoEditorTargetPlatform' loaded TargetPlatform 'WindowsNoEditor'
[2019.10.29-06.07.18:932][  0]LogTemp: Display: Module 'WindowsServerTargetPlatform' loaded TargetPlatform 'WindowsServer'
[2019.10.29-06.07.18:944][  0]LogTemp: Display: Module 'WindowsTargetPlatform' loaded TargetPlatform 'Windows'
[2019.10.29-06.07.19:030][  0]LogTemp: Display: Module 'AndroidTargetPlatform' loaded TargetPlatform 'Android'
[2019.10.29-06.07.19:030][  0]LogTemp: Display: Module 'AndroidTargetPlatform' loaded TargetPlatform 'Android_ASTC'
[2019.10.29-06.07.19:030][  0]LogTemp: Display: Module 'AndroidTargetPlatform' loaded TargetPlatform 'Android_ATC'
[2019.10.29-06.07.19:030][  0]LogTemp: Display: Module 'AndroidTargetPlatform' loaded TargetPlatform 'Android_DXT'
[2019.10.29-06.07.19:030][  0]LogTemp: Display: Module 'AndroidTargetPlatform' loaded TargetPlatform 'Android_ETC1'
[2019.10.29-06.07.19:030][  0]LogTemp: Display: Module 'AndroidTargetPlatform' loaded TargetPlatform 'Android_ETC1a'
[2019.10.29-06.07.19:030][  0]LogTemp: Display: Module 'AndroidTargetPlatform' loaded TargetPlatform 'Android_ETC2'
[2019.10.29-06.07.19:030][  0]LogTemp: Display: Module 'AndroidTargetPlatform' loaded TargetPlatform 'Android_PVRTC'
[2019.10.29-06.07.19:030][  0]LogTemp: Display: Module 'AndroidTargetPlatform' loaded TargetPlatform 'AndroidClient'
[2019.10.29-06.07.19:030][  0]LogTemp: Display: Module 'AndroidTargetPlatform' loaded TargetPlatform 'Android_ASTCClient'
[2019.10.29-06.07.19:030][  0]LogTemp: Display: Module 'AndroidTargetPlatform' loaded TargetPlatform 'Android_ATCClient'
[2019.10.29-06.07.19:030][  0]LogTemp: Display: Module 'AndroidTargetPlatform' loaded TargetPlatform 'Android_DXTClient'
[2019.10.29-06.07.19:030][  0]LogTemp: Display: Module 'AndroidTargetPlatform' loaded TargetPlatform 'Android_ETC1Client'
[2019.10.29-06.07.19:030][  0]LogTemp: Display: Module 'AndroidTargetPlatform' loaded TargetPlatform 'Android_ETC1aClient'
[2019.10.29-06.07.19:030][  0]LogTemp: Display: Module 'AndroidTargetPlatform' loaded TargetPlatform 'Android_ETC2Client'
[2019.10.29-06.07.19:030][  0]LogTemp: Display: Module 'AndroidTargetPlatform' loaded TargetPlatform 'Android_PVRTCClient'
[2019.10.29-06.07.19:030][  0]LogTemp: Display: Module 'AndroidTargetPlatform' loaded TargetPlatform 'Android_Multi'
[2019.10.29-06.07.19:030][  0]LogTemp: Display: Module 'AndroidTargetPlatform' loaded TargetPlatform 'Android_MultiClient'
[2019.10.29-06.07.19:084][  0]LogTemp: Display: Module 'HTML5TargetPlatform' loaded TargetPlatform 'HTML5'
[2019.10.29-06.07.19:217][  0]LogTemp: Display: Module 'IOSTargetPlatform' loaded TargetPlatform 'IOSClient'
[2019.10.29-06.07.19:217][  0]LogTemp: Display: Module 'IOSTargetPlatform' loaded TargetPlatform 'IOS'
[2019.10.29-06.07.19:266][  0]LogTemp: Display: Module 'TVOSTargetPlatform' loaded TargetPlatform 'TVOSClient'
[2019.10.29-06.07.19:266][  0]LogTemp: Display: Module 'TVOSTargetPlatform' loaded TargetPlatform 'TVOS'
[2019.10.29-06.07.19:344][  0]LogTemp: Display: Module 'LinuxClientTargetPlatform' loaded TargetPlatform 'LinuxClient'
[2019.10.29-06.07.19:403][  0]LogTemp: Display: Module 'LinuxNoEditorTargetPlatform' loaded TargetPlatform 'LinuxNoEditor'
[2019.10.29-06.07.19:412][  0]LogTemp: Display: Module 'LinuxServerTargetPlatform' loaded TargetPlatform 'LinuxServer'
[2019.10.29-06.07.19:443][  0]LogTemp: Display: Module 'LinuxTargetPlatform' loaded TargetPlatform 'Linux'
[2019.10.29-06.07.19:487][  0]LogTemp: Display: Module 'LuminTargetPlatform' loaded TargetPlatform 'Lumin'
[2019.10.29-06.07.19:487][  0]LogTemp: Display: Module 'LuminTargetPlatform' loaded TargetPlatform 'LuminClient'
[2019.10.29-06.07.19:487][  0]LogTargetPlatformManager: Display: Building Assets For Windows
[2019.10.29-06.07.19:673][  0]LogAudioDebug: Display: Lib vorbis DLL was dynamically loaded.
[2019.10.29-06.07.20:245][  0]LogShaderCompilers: Guid format shader working directory is -1 characters bigger than the processId version (../../../../../GitHub/LastResisters/LastResisters/Intermediate/Shaders/WorkingDirectory/36516/).
[2019.10.29-06.07.20:245][  0]LogShaderCompilers: Cleaned the shader compiler working directory 'C:/Users/17004523/AppData/Local/Temp/UnrealShaderWorkingDir/C960898348207A6A91A294BA9A9C87FE/'.
[2019.10.29-06.07.20:254][  0]LogXGEController: Cannot use XGE Controller as Incredibuild is not installed on this machine.
[2019.10.29-06.07.20:254][  0]LogShaderCompilers: Cannot use XGE Shader Compiler as Incredibuild is not installed on this machine.
[2019.10.29-06.07.20:254][  0]LogShaderCompilers: Display: Using Local Shader Compiler.
[2019.10.29-06.07.22:458][  0]LogDerivedDataCache: Display: Max Cache Size: 512 MB
[2019.10.29-06.07.22:718][  0]LogDerivedDataCache: Loaded boot cache 0.26s 90MB C:/Users/17004523/AppData/Local/UnrealEngine/4.23/DerivedDataCache/Boot.ddc.
[2019.10.29-06.07.22:718][  0]LogDerivedDataCache: Display: Loaded Boot cache: C:/Users/17004523/AppData/Local/UnrealEngine/4.23/DerivedDataCache/Boot.ddc
[2019.10.29-06.07.22:718][  0]LogDerivedDataCache: FDerivedDataBackendGraph:  Pak pak cache file ../../../../../GitHub/LastResisters/LastResisters/DerivedDataCache/DDC.ddp not found, will not use a pak cache.
[2019.10.29-06.07.22:718][  0]LogDerivedDataCache: Unable to find inner node Pak for hierarchical cache Hierarchy.
[2019.10.29-06.07.22:718][  0]LogDerivedDataCache: FDerivedDataBackendGraph:  CompressedPak pak cache file ../../../../../GitHub/LastResisters/LastResisters/DerivedDataCache/Compressed.ddp not found, will not use a pak cache.
[2019.10.29-06.07.22:718][  0]LogDerivedDataCache: Unable to find inner node CompressedPak for hierarchical cache Hierarchy.
[2019.10.29-06.07.22:748][  0]LogDerivedDataCache: Display: Pak cache opened for reading ../../../Engine/DerivedDataCache/Compressed.ddp.
[2019.10.29-06.07.22:749][  0]LogDerivedDataCache: FDerivedDataBackendGraph:  EnterprisePak pak cache file ../../../Enterprise/DerivedDataCache/Compressed.ddp not found, will not use a pak cache.
[2019.10.29-06.07.22:749][  0]LogDerivedDataCache: Unable to find inner node EnterprisePak for hierarchical cache Hierarchy.
[2019.10.29-06.07.22:764][  0]LogDerivedDataCache: Using Local data cache path C:/Users/17004523/AppData/Local/UnrealEngine/Common/DerivedDataCache: Writable
[2019.10.29-06.07.22:765][  0]LogDerivedDataCache: Shared data cache path not found in *engine.ini, will not use an Shared cache.
[2019.10.29-06.07.22:765][  0]LogDerivedDataCache: Unable to find inner node Shared for hierarchical cache Hierarchy.
[2019.10.29-06.07.22:799][  0]LogMaterial: Verifying Global Shaders for PCD3D_SM5
[2019.10.29-06.07.22:844][  0]LogSlate: Using FreeType 2.6.0
[2019.10.29-06.07.23:030][  0]LogSlate: SlateFontServices - WITH_FREETYPE: 1, WITH_HARFBUZZ: 1
[2019.10.29-06.07.24:002][  0]LogAssetRegistry: FAssetRegistry took 0.0067 seconds to start up
[2019.10.29-06.07.28:052][  0]LogInit: Selected Device Profile: [Windows]
[2019.10.29-06.07.29:219][  0]LogMeshReduction: Using QuadricMeshReduction for automatic static mesh reduction
[2019.10.29-06.07.29:219][  0]LogMeshReduction: Using SimplygonMeshReduction for automatic skeletal mesh reduction
[2019.10.29-06.07.29:219][  0]LogMeshReduction: Using ProxyLODMeshReduction for automatic mesh merging
[2019.10.29-06.07.29:219][  0]LogMeshReduction: No distributed automatic mesh merging module available
[2019.10.29-06.07.29:219][  0]LogMeshMerging: No distributed automatic mesh merging module available
[2019.10.29-06.07.29:371][  0]LogNetVersion: LastResisters 1.0.0, NetCL: 8386587, EngineNetVer: 11, GameNetVer: 0 (Checksum: 2470489391)
[2019.10.29-06.07.30:843][  0]LogPackageLocalizationCache: Processed 12 localized package path(s) for 1 prioritized culture(s) in 0.179129 seconds
[2019.10.29-06.07.30:862][  0]LogUObjectArray: 43444 objects as part of root set at end of initial load.
[2019.10.29-06.07.30:862][  0]LogUObjectAllocator: 7548648 out of 0 bytes used by permanent object pool.
[2019.10.29-06.07.30:862][  0]LogUObjectArray: CloseDisregardForGC: 0/0 objects in disregard for GC pool
[2019.10.29-06.07.42:938][  0]LogTcpMessaging: Initializing TcpMessaging bridge
[2019.10.29-06.07.42:956][  0]LogUdpMessaging: Initializing bridge on interface 0.0.0.0:0 to multicast group 230.0.0.1:6666.
[2019.10.29-06.07.43:389][  0]SourceControl: Source control is disabled
[2019.10.29-06.07.43:389][  0]SourceControl: Source control is disabled
[2019.10.29-06.07.43:483][  0]SourceControl: Source control is disabled
[2019.10.29-06.07.43:497][  0]SourceControl: Source control is disabled
[2019.10.29-06.07.44:487][  0]LogAndroidPermission: UAndroidPermissionCallbackProxy::GetInstance
[2019.10.29-06.07.45:013][  0]LogOcInput: OculusInput pre-init called
[2019.10.29-06.07.45:056][  0]LogWindows: Failed to load 'OVRPlugin.dll' (GetLastError=126)
[2019.10.29-06.07.45:056][  0]LogWindows: File 'OVRPlugin.dll' does not exist
[2019.10.29-06.07.45:727][  0]LogEngine: Initializing Engine...
[2019.10.29-06.07.45:740][  0]LogHMD: Failed to initialize OpenVR with code 110
[2019.10.29-06.07.45:756][  0]LogStats: UGameplayTagsManager::InitializeManager -  0.015 s
[2019.10.29-06.07.46:170][  0]LogInit: Initializing FReadOnlyCVARCache
[2019.10.29-06.07.46:984][  0]LogAIModule: Creating AISystem for world Untitled
[2019.10.29-06.07.47:020][  0]LogInit: XAudio2 using 'Speakers (Realtek High Definition Audio)' : 2 channels at 48 kHz using 32 bits per sample (channel mask 0x3)
[2019.10.29-06.07.47:088][  0]LogInit: FAudioDevice initialized.
[2019.10.29-06.07.47:089][  0]LogNetVersion: Set ProjectVersion to 1.0.0.0. Version Checksum will be recalculated on next use.
[2019.10.29-06.07.47:269][  0]LogDerivedDataCache: Saved boot cache 0.18s 73MB C:/Users/17004523/AppData/Local/UnrealEngine/4.23/DerivedDataCache/Boot.ddc.
[2019.10.29-06.07.47:285][  0]LogInit: Texture streaming: Enabled
[2019.10.29-06.07.47:408][  0]LogEngineSessionManager: EngineSessionManager initialized
[2019.10.29-06.07.47:598][  0]LogInit: Transaction tracking system initialized
[2019.10.29-06.07.47:969][  0]BlueprintLog: New page: Editor Load
[2019.10.29-06.07.48:728][  0]LocalizationService: Localization service is disabled
[2019.10.29-06.07.49:782][  0]LogFileCache: Scanning file cache for directory 'D:/GitHub/LastResisters/LastResisters/Content/' took 0.01s
[2019.10.29-06.07.49:782][  0]LogCook: Display: Max memory allowance for cook 16384mb min free memory 0mb
[2019.10.29-06.07.49:783][  0]LogCook: Display: Mobile HDR setting 1
[2019.10.29-06.07.51:317][  0]SourceControl: Source control is disabled
[2019.10.29-06.07.51:318][  0]Cmd: MAP LOAD FILE="../../../Engine/Content/Maps/Templates/Template_Default.umap" TEMPLATE=1 SHOWPROGRESS=1 FEATURELEVEL=3
[2019.10.29-06.07.51:349][  0]LightingResults: New page: Lighting Build
[2019.10.29-06.07.51:361][  0]LogWorld: UWorld::CleanupWorld for Untitled, bSessionEnded=true, bCleanupResources=true
[2019.10.29-06.07.51:361][  0]MapCheck: New page: Map Check
[2019.10.29-06.07.51:361][  0]LightingResults: New page: Lighting Build
[2019.10.29-06.07.51:399][  0]LogUObjectHash: Compacting FUObjectHashTables data took   2.10ms
[2019.10.29-06.07.51:694][  0]LogAIModule: Creating AISystem for world Untitled_1
[2019.10.29-06.07.51:713][  0]LogEditorServer: Finished looking for orphan Actors (0.000 secs)
[2019.10.29-06.07.51:742][  0]LogUObjectHash: Compacting FUObjectHashTables data took   2.29ms
[2019.10.29-06.07.51:775][  0]Cmd: MAP CHECKDEP NOCLEARLOG
[2019.10.29-06.07.51:775][  0]MapCheck: Map check complete: 0 Error(s), 0 Warning(s), took 0.102ms to complete.
[2019.10.29-06.07.51:775][  0]LogFileHelpers: Loading map 'Template_Default' took 0.459
[2019.10.29-06.07.52:150][  0]LogSlate: Updating window title bar state: overlay mode, drag disabled, window buttons hidden, title bar hidden
[2019.10.29-06.07.52:159][  0]LogSlate: Updating window title bar state: overlay mode, drag disabled, window buttons hidden, title bar hidden
[2019.10.29-06.07.52:171][  0]LogSlate: Updating window title bar state: overlay mode, drag disabled, window buttons hidden, title bar hidden
[2019.10.29-06.07.52:181][  0]LogSlate: Updating window title bar state: overlay mode, drag disabled, window buttons hidden, title bar hidden
[2019.10.29-06.07.52:249][  0]LogCollectionManager: Loaded 0 collections in 0.001063 seconds
[2019.10.29-06.07.52:297][  0]LogFileCache: Scanning file cache for directory 'D:/GitHub/LastResisters/LastResisters/Saved/Collections/' took 0.00s
[2019.10.29-06.07.52:298][  0]LogFileCache: Scanning file cache for directory 'D:/GitHub/LastResisters/LastResisters/Content/Developers/17004523/Collections/' took 0.00s
[2019.10.29-06.07.52:298][  0]LogFileCache: Scanning file cache for directory 'D:/GitHub/LastResisters/LastResisters/Content/Collections/' took 0.00s
[2019.10.29-06.07.52:298][  0]LogCollectionManager: Rebuilt the GUID cache for 0 collections in 0.000002 seconds
[2019.10.29-06.07.52:307][  0]LogContentBrowser: Native class hierarchy populated in 0.0091 seconds. Added 2873 classes and 686 folders.
[2019.10.29-06.07.52:349][  0]LogContentBrowser: Native class hierarchy updated for 'WidgetCarousel' in 0.0005 seconds. Added 0 classes and 0 folders.
[2019.10.29-06.07.53:765][  0]LogContentBrowser: Native class hierarchy updated for 'AddContentDialog' in 0.0004 seconds. Added 0 classes and 0 folders.
[2019.10.29-06.07.53:821][  0]LogContentBrowser: Native class hierarchy updated for 'SceneOutliner' in 0.0006 seconds. Added 1 classes and 2 folders.
[2019.10.29-06.07.53:997][  0]LogSlate: Took 0.037956 seconds to synchronously load lazily loaded font '../../../Engine/Content/Slate/Fonts/Roboto-Regular.ttf' (155K)
[2019.10.29-06.07.54:011][  0]LogSlate: Took 0.011766 seconds to synchronously load lazily loaded font '../../../Engine/Content/Slate/Fonts/Roboto-Bold.ttf' (160K)
[2019.10.29-06.07.54:020][  0]LogSlate: Took 0.000517 seconds to synchronously load lazily loaded font '../../../Engine/Content/Editor/Slate/Fonts/FontAwesome.ttf' (139K)
[2019.10.29-06.07.54:171][  0]LogRenderer: Reallocating scene render targets to support 1148x572 Format 10 NumSamples 1 (Frame:1).
[2019.10.29-06.07.54:477][  0]LogContentBrowser: Native class hierarchy updated for 'HierarchicalLODOutliner' in 0.0008 seconds. Added 0 classes and 0 folders.
[2019.10.29-06.07.54:477][  0]LogLoad: (Engine Initialization) Total time: 49.51 seconds
[2019.10.29-06.07.54:477][  0]LogLoad: (Engine Initialization) Total Blueprint compile time: 0.01 seconds
[2019.10.29-06.07.54:607][  0]LogContentStreaming: Texture pool size now 1000 MB
[2019.10.29-06.07.54:650][  0]LogSlate: Took 0.005468 seconds to synchronously load lazily loaded font '../../../Engine/Content/Slate/Fonts/Roboto-Light.ttf' (167K)
[2019.10.29-06.07.55:388][  9]LogAssetRegistry: Asset discovery search completed in 31.3887 seconds
[2019.10.29-06.07.55:393][  9]LogCollectionManager: Rebuilt the object cache for 0 collections in 0.000009 seconds (found 0 objects)
[2019.10.29-06.07.55:393][  9]LogCollectionManager: Fixed up redirectors for 0 collections in 0.000220 seconds (updated 0 objects)
[2019.10.29-06.07.56:033][ 11]LogSlate: Took 0.000667 seconds to synchronously load lazily loaded font '../../../Engine/Content/Slate/Fonts/Roboto-Light.ttf' (167K)
[2019.10.29-06.07.57:780][ 17]LogSlate: FSceneViewport::OnFocusLost() reason 0
[2019.10.29-06.08.05:250][424]LogAssetEditorManager: Opening Asset editor for Class /Script/LastResisters.PlayerUI
[2019.10.29-06.08.09:500][576]LogBlueprint: Warning: [Compiler MotionControllerPawn] Get Input Axis references unknown Axis 'MotionControllerThumbRight_X' for  Get MotionControllerThumbRight_X
[2019.10.29-06.08.09:500][576]LogBlueprint: Warning: [Compiler MotionControllerPawn] Get Input Axis references unknown Axis 'MotionControllerThumbRight_Y' for  Get MotionControllerThumbRight_Y
[2019.10.29-06.08.09:500][576]LogBlueprint: Warning: [Compiler MotionControllerPawn] Get Input Axis references unknown Axis 'MotionControllerThumbLeft_Y' for  Get MotionControllerThumbLeft_Y
[2019.10.29-06.08.09:500][576]LogBlueprint: Warning: [Compiler MotionControllerPawn] Get Input Axis references unknown Axis 'MotionControllerThumbLeft_X' for  Get MotionControllerThumbLeft_X
[2019.10.29-06.08.09:500][576]LogBlueprint: Warning: [Compiler MotionControllerPawn] InputAction Event references unknown Action 'TeleportRight' for  InputAction TeleportRight
[2019.10.29-06.08.09:500][576]LogBlueprint: Warning: [Compiler MotionControllerPawn] InputAction Event references unknown Action 'TeleportLeft' for  InputAction TeleportLeft
[2019.10.29-06.08.09:500][576]LogBlueprint: Warning: [Compiler MotionControllerPawn] InputAction Event references unknown Action 'GrabRight' for  InputAction GrabRight
[2019.10.29-06.08.09:500][576]LogBlueprint: Warning: [Compiler MotionControllerPawn] InputAction Event references unknown Action 'GrabLeft' for  InputAction GrabLeft
[2019.10.29-06.08.09:781][576]LogAIModule: Creating AISystem for world UITestMap
[2019.10.29-06.08.09:802][576]LogAssetEditorManager: Opening Asset editor for World /Game/VirtualRealityBP/Maps/UITestMap.UITestMap
[2019.10.29-06.08.09:841][576]LogUObjectHash: Compacting FUObjectHashTables data took   3.30ms
[2019.10.29-06.08.09:851][576]Cmd: MAP LOAD FILE="../../../../../GitHub/LastResisters/LastResisters/Content/VirtualRealityBP/Maps/UITestMap.umap" TEMPLATE=0 SHOWPROGRESS=1 FEATURELEVEL=3
[2019.10.29-06.08.09:851][576]LightingResults: New page: Lighting Build
[2019.10.29-06.08.09:852][576]LoadErrors: New page: Loading map: UITestMap.umap
[2019.10.29-06.08.09:853][576]LogWorld: UWorld::CleanupWorld for Untitled_1, bSessionEnded=true, bCleanupResources=true
[2019.10.29-06.08.09:861][576]MapCheck: New page: Map Check
[2019.10.29-06.08.09:861][576]LightingResults: New page: Lighting Build
[2019.10.29-06.08.09:923][576]LogUObjectHash: Compacting FUObjectHashTables data took   3.30ms
[2019.10.29-06.08.10:063][576]LogEditorServer: Finished looking for orphan Actors (0.000 secs)
[2019.10.29-06.08.10:120][576]LogUObjectHash: Compacting FUObjectHashTables data took   2.16ms
[2019.10.29-06.08.10:177][576]Cmd: MAP CHECKDEP NOCLEARLOG
[2019.10.29-06.08.10:177][576]MapCheck: Map check complete: 0 Error(s), 0 Warning(s), took 0.148ms to complete.
[2019.10.29-06.08.10:178][576]LogFileHelpers: Loading map 'UITestMap' took 0.335
[2019.10.29-06.08.10:203][576]LogTemp: Warning: SynchronizeProperties
[2019.10.29-06.08.10:203][576]LogTemp: Warning: SynchronizeProperties
[2019.10.29-06.08.11:414][629]LogTemp: Repeating last play command: Selected Viewport
[2019.10.29-06.08.11:428][629]LogBlueprintUserMessages: Early PlayInEditor Detection: Level '/Game/VirtualRealityBP/Maps/UITestMap.UITestMap:PersistentLevel' has LevelScriptBlueprint '/Game/VirtualRealityBP/Maps/UITestMap.UITestMap:PersistentLevel.UITestMap' with GeneratedClass '/Game/VirtualRealityBP/Maps/UITestMap.UITestMap_C' with ClassGeneratedBy '/Game/VirtualRealityBP/Maps/UITestMap.UITestMap:PersistentLevel.UITestMap'
[2019.10.29-06.08.11:428][629]LogPlayLevel: PlayLevel: No blueprints needed recompiling
[2019.10.29-06.08.11:475][629]PIE: New page: PIE session: UITestMap (30 Oct 2019 12:08:11 am)
[2019.10.29-06.08.11:476][629]LogOnline: OSS: Creating online subsystem instance for: NULL
[2019.10.29-06.08.11:478][629]LogPlayLevel: Creating play world package: /Game/VirtualRealityBP/Maps/UEDPIE_0_UITestMap
[2019.10.29-06.08.11:505][629]LogPlayLevel: PIE: StaticDuplicateObject took: (0.026872s)
[2019.10.29-06.08.11:506][629]LogAIModule: Creating AISystem for world UITestMap
[2019.10.29-06.08.11:507][629]LogPlayLevel: PIE: World Init took: (0.002123s)
[2019.10.29-06.08.11:507][629]LogPlayLevel: PIE: Created PIE world by copying editor world from /Game/VirtualRealityBP/Maps/UITestMap.UITestMap to /Game/VirtualRealityBP/Maps/UEDPIE_0_UITestMap.UITestMap (0.029464s)
[2019.10.29-06.08.11:539][629]LogUObjectHash: Compacting FUObjectHashTables data took   2.23ms
[2019.10.29-06.08.11:557][629]LogInit: XAudio2 using 'Speakers (Realtek High Definition Audio)' : 2 channels at 48 kHz using 32 bits per sample (channel mask 0x3)
[2019.10.29-06.08.11:615][629]LogInit: FAudioDevice initialized.
[2019.10.29-06.08.11:635][629]LogLoad: Game class is 'GameModeBase'
[2019.10.29-06.08.11:640][629]LogWorld: Bringing World /Game/VirtualRealityBP/Maps/UEDPIE_0_UITestMap.UITestMap up for play (max tick rate 60) at 2019.10.29-15.08.11
[2019.10.29-06.08.11:642][629]LogWorld: Bringing up level for play took: 0.004762
[2019.10.29-06.08.11:642][629]LogOnline: OSS: Creating online subsystem instance for: :Context_1
[2019.10.29-06.08.11:654][629]LogContentBrowser: Native class hierarchy updated for 'MovieSceneCapture' in 0.0007 seconds. Added 20 classes and 0 folders.
[2019.10.29-06.08.11:663][629]PIE: Play in editor start time for /Game/VirtualRealityBP/Maps/UEDPIE_0_UITestMap -0.403
[2019.10.29-06.08.11:664][629]LogBlueprintUserMessages: Late PlayInEditor Detection: Level '/Game/VirtualRealityBP/Maps/UITestMap.UITestMap:PersistentLevel' has LevelScriptBlueprint '/Game/VirtualRealityBP/Maps/UITestMap.UITestMap:PersistentLevel.UITestMap' with GeneratedClass '/Game/VirtualRealityBP/Maps/UITestMap.UITestMap_C' with ClassGeneratedBy '/Game/VirtualRealityBP/Maps/UITestMap.UITestMap:PersistentLevel.UITestMap'
[2019.10.29-06.08.11:665][629]LogTemp: Warning: SynchronizeProperties
[2019.10.29-06.08.11:666][629]LogTemp: Warning: SynchronizeProperties
[2019.10.29-06.08.11:666][629]LogTemp: Warning: Play Animation
[2019.10.29-06.08.11:666][629]LogTemp: Warning: Timer Handle was valid
[2019.10.29-06.08.11:666][629]LogTemp: Warning: Play Animation
[2019.10.29-06.08.11:666][629]LogTemp: Warning: Timer Handle was valid
[2019.10.29-06.08.11:718][630]LogTemp: Warning: SynchronizeProperties
[2019.10.29-06.08.11:718][630]LogTemp: Warning: SynchronizeProperties
[2019.10.29-06.08.11:718][630]LogTemp: Warning: SynchronizeProperties
[2019.10.29-06.08.11:719][630]LogTemp: Warning: SynchronizeProperties
[2019.10.29-06.08.11:719][630]LogTemp: Warning: SynchronizeProperties
[2019.10.29-06.08.11:719][630]LogTemp: Warning: SynchronizeProperties
[2019.10.29-06.08.11:719][630]LogTemp: Warning: SynchronizeProperties
[2019.10.29-06.08.11:719][630]LogTemp: Warning: SynchronizeProperties
[2019.10.29-06.08.11:719][630]LogTemp: Warning: SynchronizeProperties
[2019.10.29-06.08.11:719][630]LogTemp: Warning: SynchronizeProperties
[2019.10.29-06.08.11:719][630]LogTemp: Warning: SynchronizeProperties
[2019.10.29-06.08.11:719][630]LogTemp: Warning: SynchronizeProperties
[2019.10.29-06.08.11:780][632]LogTemp: Warning: SynchronizeProperties
[2019.10.29-06.08.11:781][632]LogTemp: Warning: SynchronizeProperties
[2019.10.29-06.08.11:817][634]LogTemp: Warning: SynchronizeProperties
[2019.10.29-06.08.11:817][634]LogTemp: Warning: SynchronizeProperties
[2019.10.29-06.08.11:877][637]LogTemp: Warning: SynchronizeProperties
[2019.10.29-06.08.11:877][637]LogTemp: Warning: SynchronizeProperties
[2019.10.29-06.08.11:920][639]LogTemp: Warning: SynchronizeProperties
[2019.10.29-06.08.11:921][639]LogTemp: Warning: SynchronizeProperties
[2019.10.29-06.08.11:980][642]LogTemp: Warning: SynchronizeProperties
[2019.10.29-06.08.11:980][642]LogTemp: Warning: SynchronizeProperties
[2019.10.29-06.08.12:016][644]LogTemp: Warning: SynchronizeProperties
[2019.10.29-06.08.12:017][644]LogTemp: Warning: SynchronizeProperties
[2019.10.29-06.08.12:068][647]LogTemp: Warning: SynchronizeProperties
[2019.10.29-06.08.12:068][647]LogTemp: Warning: SynchronizeProperties
[2019.10.29-06.08.12:116][650]LogTemp: Warning: SynchronizeProperties
[2019.10.29-06.08.12:116][650]LogTemp: Warning: SynchronizeProperties
[2019.10.29-06.08.12:167][653]LogTemp: Warning: SynchronizeProperties
[2019.10.29-06.08.12:168][653]LogTemp: Warning: SynchronizeProperties
[2019.10.29-06.08.12:216][656]LogTemp: Warning: SynchronizeProperties
[2019.10.29-06.08.12:216][656]LogTemp: Warning: SynchronizeProperties
[2019.10.29-06.08.12:266][659]LogTemp: Warning: SynchronizeProperties
[2019.10.29-06.08.12:266][659]LogTemp: Warning: SynchronizeProperties
[2019.10.29-06.08.12:320][662]LogTemp: Warning: SynchronizeProperties
[2019.10.29-06.08.12:320][662]LogTemp: Warning: SynchronizeProperties
[2019.10.29-06.08.12:380][665]LogTemp: Warning: SynchronizeProperties
[2019.10.29-06.08.12:380][665]LogTemp: Warning: SynchronizeProperties
[2019.10.29-06.08.12:416][667]LogTemp: Warning: SynchronizeProperties
[2019.10.29-06.08.12:417][667]LogTemp: Warning: SynchronizeProperties
[2019.10.29-06.08.12:470][670]LogTemp: Warning: SynchronizeProperties
[2019.10.29-06.08.12:470][670]LogTemp: Warning: SynchronizeProperties
[2019.10.29-06.08.12:524][673]LogTemp: Warning: SynchronizeProperties
[2019.10.29-06.08.12:524][673]LogTemp: Warning: SynchronizeProperties
[2019.10.29-06.08.12:567][675]LogTemp: Warning: SynchronizeProperties
[2019.10.29-06.08.12:568][675]LogTemp: Warning: SynchronizeProperties
[2019.10.29-06.08.12:624][678]LogTemp: Warning: SynchronizeProperties
[2019.10.29-06.08.12:624][678]LogTemp: Warning: SynchronizeProperties
[2019.10.29-06.08.12:680][681]LogTemp: Warning: SynchronizeProperties
[2019.10.29-06.08.12:681][681]LogTemp: Warning: SynchronizeProperties
[2019.10.29-06.08.12:731][684]LogTemp: Warning: SynchronizeProperties
[2019.10.29-06.08.12:731][684]LogTemp: Warning: SynchronizeProperties
[2019.10.29-06.08.12:768][686]LogTemp: Warning: SynchronizeProperties
[2019.10.29-06.08.12:768][686]LogTemp: Warning: SynchronizeProperties
[2019.10.29-06.08.12:821][689]LogTemp: Warning: SynchronizeProperties
[2019.10.29-06.08.12:821][689]LogTemp: Warning: SynchronizeProperties
[2019.10.29-06.08.12:875][692]LogTemp: Warning: SynchronizeProperties
[2019.10.29-06.08.12:876][692]LogTemp: Warning: SynchronizeProperties
[2019.10.29-06.08.12:919][694]LogTemp: Warning: SynchronizeProperties
[2019.10.29-06.08.12:919][694]LogTemp: Warning: SynchronizeProperties
[2019.10.29-06.08.12:971][697]LogTemp: Warning: SynchronizeProperties
[2019.10.29-06.08.12:971][697]LogTemp: Warning: SynchronizeProperties
[2019.10.29-06.08.13:021][700]LogTemp: Warning: SynchronizeProperties
[2019.10.29-06.08.13:021][700]LogTemp: Warning: SynchronizeProperties
[2019.10.29-06.08.13:071][703]LogTemp: Warning: SynchronizeProperties
[2019.10.29-06.08.13:072][703]LogTemp: Warning: SynchronizeProperties
[2019.10.29-06.08.13:120][706]LogTemp: Warning: SynchronizeProperties
[2019.10.29-06.08.13:120][706]LogTemp: Warning: SynchronizeProperties
[2019.10.29-06.08.13:181][709]LogTemp: Warning: SynchronizeProperties
[2019.10.29-06.08.13:182][709]LogTemp: Warning: SynchronizeProperties
[2019.10.29-06.08.13:219][711]LogTemp: Warning: SynchronizeProperties
[2019.10.29-06.08.13:219][711]LogTemp: Warning: SynchronizeProperties
[2019.10.29-06.08.13:274][714]LogTemp: Warning: SynchronizeProperties
[2019.10.29-06.08.13:274][714]LogTemp: Warning: SynchronizeProperties
[2019.10.29-06.08.13:314][716]LogTemp: Warning: SynchronizeProperties
[2019.10.29-06.08.13:314][716]LogTemp: Warning: SynchronizeProperties
[2019.10.29-06.08.13:365][719]LogTemp: Warning: SynchronizeProperties
[2019.10.29-06.08.13:365][719]LogTemp: Warning: SynchronizeProperties
[2019.10.29-06.08.13:415][722]LogTemp: Warning: SynchronizeProperties
[2019.10.29-06.08.13:415][722]LogTemp: Warning: SynchronizeProperties
[2019.10.29-06.08.13:467][725]LogTemp: Warning: SynchronizeProperties
[2019.10.29-06.08.13:467][725]LogTemp: Warning: SynchronizeProperties
[2019.10.29-06.08.13:518][728]LogTemp: Warning: SynchronizeProperties
[2019.10.29-06.08.13:518][728]LogTemp: Warning: SynchronizeProperties
[2019.10.29-06.08.13:572][731]LogTemp: Warning: SynchronizeProperties
[2019.10.29-06.08.13:572][731]LogTemp: Warning: SynchronizeProperties
[2019.10.29-06.08.13:624][734]LogTemp: Warning: SynchronizeProperties
[2019.10.29-06.08.13:624][734]LogTemp: Warning: SynchronizeProperties
[2019.10.29-06.08.13:687][737]LogTemp: Warning: SynchronizeProperties
[2019.10.29-06.08.13:687][737]LogTemp: Warning: SynchronizeProperties
[2019.10.29-06.08.13:721][739]LogTemp: Warning: SynchronizeProperties
[2019.10.29-06.08.13:721][739]LogTemp: Warning: SynchronizeProperties
[2019.10.29-06.08.13:771][742]LogTemp: Warning: SynchronizeProperties
[2019.10.29-06.08.13:771][742]LogTemp: Warning: SynchronizeProperties
[2019.10.29-06.08.13:822][745]LogTemp: Warning: SynchronizeProperties
[2019.10.29-06.08.13:823][745]LogTemp: Warning: SynchronizeProperties
[2019.10.29-06.08.13:871][748]LogTemp: Warning: SynchronizeProperties
[2019.10.29-06.08.13:872][748]LogTemp: Warning: SynchronizeProperties
[2019.10.29-06.08.13:915][750]LogTemp: Warning: SynchronizeProperties
[2019.10.29-06.08.13:915][750]LogTemp: Warning: SynchronizeProperties
[2019.10.29-06.08.13:949][752]LogTemp: Warning: Calculated rate
[2019.10.29-06.08.13:966][753]LogTemp: Warning: SynchronizeProperties
[2019.10.29-06.08.13:966][753]LogTemp: Warning: SynchronizeProperties
[2019.10.29-06.08.14:017][756]LogTemp: Warning: SynchronizeProperties
[2019.10.29-06.08.14:018][756]LogTemp: Warning: SynchronizeProperties
[2019.10.29-06.08.14:073][759]LogTemp: Warning: SynchronizeProperties
[2019.10.29-06.08.14:073][759]LogTemp: Warning: SynchronizeProperties
[2019.10.29-06.08.14:075][759]LogBlueprintUserMessages: Early EndPlayMap Detection: Level '/Game/VirtualRealityBP/Maps/UITestMap.UITestMap:PersistentLevel' has LevelScriptBlueprint '/Game/VirtualRealityBP/Maps/UITestMap.UITestMap:PersistentLevel.UITestMap' with GeneratedClass '/Game/VirtualRealityBP/Maps/UITestMap.UITestMap_C' with ClassGeneratedBy '/Game/VirtualRealityBP/Maps/UITestMap.UITestMap:PersistentLevel.UITestMap'
[2019.10.29-06.08.14:077][759]LogSlate: Updating window title bar state: overlay mode, drag disabled, window buttons hidden, title bar hidden
[2019.10.29-06.08.14:078][759]LogWorld: BeginTearingDown for /Game/VirtualRealityBP/Maps/UEDPIE_0_UITestMap
[2019.10.29-06.08.14:079][759]LogWorld: UWorld::CleanupWorld for UITestMap, bSessionEnded=true, bCleanupResources=true
[2019.10.29-06.08.14:096][759]LogPlayLevel: Display: Shutting down PIE online subsystems
[2019.10.29-06.08.14:097][759]LogBlueprintUserMessages: Late EndPlayMap Detection: Level '/Game/VirtualRealityBP/Maps/UITestMap.UITestMap:PersistentLevel' has LevelScriptBlueprint '/Game/VirtualRealityBP/Maps/UITestMap.UITestMap:PersistentLevel.UITestMap' with GeneratedClass '/Game/VirtualRealityBP/Maps/UITestMap.UITestMap_C' with ClassGeneratedBy '/Game/VirtualRealityBP/Maps/UITestMap.UITestMap:PersistentLevel.UITestMap'
[2019.10.29-06.08.14:139][759]LogSlate: Updating window title bar state: overlay mode, drag disabled, window buttons hidden, title bar hidden
[2019.10.29-06.08.14:145][759]LogUObjectHash: Compacting FUObjectHashTables data took   2.59ms
[2019.10.29-06.08.14:185][760]LogPlayLevel: Display: Destroying online subsystem :Context_1
[2019.10.29-06.08.31:622][411]LogSlate: Took 0.057101 seconds to synchronously load lazily loaded font '../../../Engine/Content/Slate/Fonts/Roboto-BoldCondensed.ttf' (158K)
[2019.10.29-06.10.29:122][899]LogSlate: Window 'Add C++ Class' being destroyed
[2019.10.29-06.11.21:718][ 69]Candidate modules for hot reload:
[2019.10.29-06.11.21:718][ 69]  LastResisters
[2019.10.29-06.11.21:719][ 69]Launching UnrealBuildTool... [D:/Unreal Engine/UE_4.23/Engine/Binaries/DotNET/UnrealBuildTool.exe  -ModuleWithSuffix=LastResisters,4968 Win64 Development -TargetType=Editor -Project="D:/GitHub/LastResisters/LastResisters/LastResisters.uproject" "D:/GitHub/LastResisters/LastResisters/LastResisters.uproject"  -IgnoreJunk]
[2019.10.29-06.12.10:750][ 69]CompilerResultsLog: New page: Compilation - 30 Oct 2019 12:12:10 am
[2019.10.29-06.12.10:750][ 69]CompilerResultsLog: Using 'git status' to determine working set for adaptive non-unity build (D:\GitHub\LastResisters).
[2019.10.29-06.12.10:750][ 69]CompilerResultsLog: Invalidating makefile for LastResistersEditor (source file added)
[2019.10.29-06.12.10:750][ 69]CompilerResultsLog: Parsing headers for LastResistersEditor
[2019.10.29-06.12.10:750][ 69]CompilerResultsLog:   Running UnrealHeaderTool "D:\GitHub\LastResisters\LastResisters\LastResisters.uproject" "D:\GitHub\LastResisters\LastResisters\Intermediate\Build\Win64\LastResistersEditor\Development\LastResistersEditor.uhtmanifest" -LogCmds="loginit warning, logexit warning, logdatabase error" -Unattended -WarningsAsErrors -installed
[2019.10.29-06.12.10:750][ 69]CompilerResultsLog: Reflection code generated for LastResistersEditor in 10.5079627 seconds
[2019.10.29-06.12.10:750][ 69]CompilerResultsLog: Using Visual Studio 2017 14.16.27023 toolchain (D:\Visual Studio 2017\VC\Tools\MSVC\14.16.27023) and Windows 10.0.17763.0 SDK (C:\Program Files (x86)\Windows Kits\10).
[2019.10.29-06.12.10:750][ 69]CompilerResultsLog: Building 9 actions with 8 processes...
[2019.10.29-06.12.10:750][ 69]CompilerResultsLog:   [1/9] CircularHealth.cpp
[2019.10.29-06.12.10:751][ 69]CompilerResultsLog:   [2/9] LastResisters.init.gen.cpp
[2019.10.29-06.12.10:751][ 69]CompilerResultsLog:   [3/9] SpriteAnimation.gen.cpp
[2019.10.29-06.12.10:751][ 69]CompilerResultsLog:   [4/9] PlayerUI.cpp
[2019.10.29-06.12.10:751][ 69]CompilerResultsLog:   [5/9] PlayerUI.gen.cpp
[2019.10.29-06.12.10:751][ 69]CompilerResultsLog:   [6/9] SpriteAnimation.cpp
[2019.10.29-06.12.10:751][ 69]CompilerResultsLog:   [7/9] UE4Editor-LastResisters-4968.lib
[2019.10.29-06.12.10:751][ 69]CompilerResultsLog:      Creating library D:\GitHub\LastResisters\LastResisters\Intermediate\Build\Win64\UE4Editor\Development\LastResisters\UE4Editor-LastResisters-4968.lib and object D:\GitHub\LastResisters\LastResisters\Intermediate\Build\Win64\UE4Editor\Development\LastResisters\UE4Editor-LastResisters-4968.exp
[2019.10.29-06.12.10:751][ 69]CompilerResultsLog:   [8/9] UE4Editor-LastResisters-4968.dll
[2019.10.29-06.12.10:751][ 69]CompilerResultsLog:      Creating library D:\GitHub\LastResisters\LastResisters\Intermediate\Build\Win64\UE4Editor\Development\LastResisters\UE4Editor-LastResisters-4968.suppressed.lib and object D:\GitHub\LastResisters\LastResisters\Intermediate\Build\Win64\UE4Editor\Development\LastResisters\UE4Editor-LastResisters-4968.suppressed.exp
[2019.10.29-06.12.10:751][ 69]CompilerResultsLog:   [9/9] LastResistersEditor.target
[2019.10.29-06.12.10:751][ 69]CompilerResultsLog: Total time in Parallel executor: 34.52 seconds
[2019.10.29-06.12.10:751][ 69]CompilerResultsLog: Total execution time: 48.68 seconds
[2019.10.29-06.12.10:751][ 69]LogMainFrame: MainFrame: Module compiling took 49.039 seconds
[2019.10.29-06.12.10:786][ 69]LogUObjectHash: Compacting FUObjectHashTables data took   0.89ms
[2019.10.29-06.12.10:808][ 69]LogClass: Could not find existing class SpriteAnimation in package /Script/LastResisters for HotReload, assuming new class
[2019.10.29-06.12.10:808][ 69]LogClass: Function PlayAnimation is new.
[2019.10.29-06.12.10:808][ 69]LogClass: Function SetCurrentFrame is new.
[2019.10.29-06.12.10:808][ 69]LogClass: Function StopAnimation is new.
[2019.10.29-06.12.10:808][ 69]LogClass: Healthbar HotReload.
[2019.10.29-06.12.10:808][ 69]LogClass: SpecialGauge HotReload.
[2019.10.29-06.12.10:808][ 69]LogClass: HealthbarParameters HotReload.
[2019.10.29-06.12.10:808][ 69]LogClass: SpecialGaugeParameters HotReload.
[2019.10.29-06.12.10:818][ 69]LogHotReload: Re-instancing SpriteAnimation after hot-reload.
[2019.10.29-06.12.10:921][ 69]LogContentBrowser: Native class hierarchy updated for 'LastResisters' in 0.0005 seconds. Added 10 classes and 6 folders.
[2019.10.29-06.12.10:923][ 69]Display: HotReload successful (1 functions remapped  4 scriptstructs remapped)
[2019.10.29-06.12.10:999][ 69]LogUObjectHash: Compacting FUObjectHashTables data took   1.67ms
[2019.10.29-06.12.11:015][ 69]LogContentBrowser: Native class hierarchy populated in 0.0097 seconds. Added 2874 classes and 688 folders.
[2019.10.29-06.12.11:015][ 69]Display: HotReload took 49.3s.
[2019.10.29-06.12.11:017][ 69]Warning: HotReload operation took 49.3s.
[2019.10.29-06.12.11:231][ 69]LogSlate: Window 'Add C++ Class' being destroyed
[2019.10.29-06.12.11:244][ 69]LogHotReload: New module detected: UE4Editor-LastResisters-4968.dll
[2019.10.29-06.12.11:354][ 70]LogHotReload: Starting Hot-Reload from IDE
[2019.10.29-06.12.11:471][ 70]LogUObjectHash: Compacting FUObjectHashTables data took   1.79ms
[2019.10.29-06.12.11:484][ 70]LogContentBrowser: Native class hierarchy updated for 'LastResisters' in 0.0022 seconds. Added 10 classes and 6 folders.
[2019.10.29-06.12.11:502][ 70]Display: HotReload successful (0 functions remapped  4 scriptstructs remapped)
[2019.10.29-06.12.11:552][ 70]LogUObjectHash: Compacting FUObjectHashTables data took   1.31ms
[2019.10.29-06.12.11:607][ 70]LogContentBrowser: Native class hierarchy populated in 0.0376 seconds. Added 2874 classes and 688 folders.
[2019.10.29-06.12.11:617][ 70]Display: HotReload took  0.3s.
[2019.10.29-06.12.22:912][ 73]LogWindows: Error: === Critical error: ===
[2019.10.29-06.12.22:912][ 73]LogWindows: Error: 
[2019.10.29-06.12.22:912][ 73]LogWindows: Error: Fatal error!
[2019.10.29-06.12.22:912][ 73]LogWindows: Error: 
[2019.10.29-06.12.22:912][ 73]LogWindows: Error: Unhandled Exception: EXCEPTION_ACCESS_VIOLATION reading address 0xffffffff
[2019.10.29-06.12.22:912][ 73]LogWindows: Error: 
[2019.10.29-06.12.22:912][ 73]LogWindows: Error: [Callstack] 0x00007ff9ae3ee0ea UE4Editor-SlateCore.dll!UnknownFunction []
[2019.10.29-06.12.22:913][ 73]LogWindows: Error: [Callstack] 0x00007ff9ae3f026b UE4Editor-SlateCore.dll!UnknownFunction []
[2019.10.29-06.12.22:913][ 73]LogWindows: Error: [Callstack] 0x00007ff9ae4782d1 UE4Editor-SlateCore.dll!UnknownFunction []
[2019.10.29-06.12.22:913][ 73]LogWindows: Error: [Callstack] 0x00007ff9ae479db0 UE4Editor-SlateCore.dll!UnknownFunction []
[2019.10.29-06.12.22:913][ 73]LogWindows: Error: [Callstack] 0x00007ff9a3befa01 UE4Editor-Slate.dll!UnknownFunction []
[2019.10.29-06.12.22:913][ 73]LogWindows: Error: [Callstack] 0x00007ff9ae479db0 UE4Editor-SlateCore.dll!UnknownFunction []
[2019.10.29-06.12.22:913][ 73]LogWindows: Error: [Callstack] 0x00007ff9ae47855f UE4Editor-SlateCore.dll!UnknownFunction []
[2019.10.29-06.12.22:913][ 73]LogWindows: Error: [Callstack] 0x00007ff9ae479db0 UE4Editor-SlateCore.dll!UnknownFunction []
[2019.10.29-06.12.22:913][ 73]LogWindows: Error: [Callstack] 0x00007ff9ae477c94 UE4Editor-SlateCore.dll!UnknownFunction []
[2019.10.29-06.12.22:913][ 73]LogWindows: Error: [Callstack] 0x00007ff99666e844 UE4Editor-UMG.dll!UnknownFunction []
[2019.10.29-06.12.22:913][ 73]LogWindows: Error: [Callstack] 0x00007ff9ae479db0 UE4Editor-SlateCore.dll!UnknownFunction []
[2019.10.29-06.12.22:913][ 73]LogWindows: Error: [Callstack] 0x00007ff9ae477c94 UE4Editor-SlateCore.dll!UnknownFunction []
[2019.10.29-06.12.22:913][ 73]LogWindows: Error: [Callstack] 0x00007ff9a3bf5695 UE4Editor-Slate.dll!UnknownFunction []
[2019.10.29-06.12.22:913][ 73]LogWindows: Error: [Callstack] 0x00007ff9ae479db0 UE4Editor-SlateCore.dll!UnknownFunction []
[2019.10.29-06.12.22:913][ 73]LogWindows: Error: [Callstack] 0x00007ff996626427 UE4Editor-UMG.dll!UnknownFunction []
[2019.10.29-06.12.22:913][ 73]LogWindows: Error: [Callstack] 0x00007ff996626b8b UE4Editor-UMG.dll!UnknownFunction []
[2019.10.29-06.12.22:913][ 73]LogWindows: Error: [Callstack] 0x00007ff996626a04 UE4Editor-UMG.dll!UnknownFunction []
[2019.10.29-06.12.22:913][ 73]LogWindows: Error: [Callstack] 0x00007ff996626cdc UE4Editor-UMG.dll!UnknownFunction []
[2019.10.29-06.12.22:913][ 73]LogWindows: Error: [Callstack] 0x00007ff996626206 UE4Editor-UMG.dll!UnknownFunction []
[2019.10.29-06.12.22:913][ 73]LogWindows: Error: [Callstack] 0x00007ff9966be02d UE4Editor-UMG.dll!UnknownFunction []
[2019.10.29-06.12.22:913][ 73]LogWindows: Error: [Callstack] 0x00007ff96447f6e0 UE4Editor-Engine.dll!UnknownFunction []
[2019.10.29-06.12.22:913][ 73]LogWindows: Error: [Callstack] 0x00007ff9644addf4 UE4Editor-Engine.dll!UnknownFunction []
[2019.10.29-06.12.22:913][ 73]LogWindows: Error: [Callstack] 0x00007ff96519f9b3 UE4Editor-Engine.dll!UnknownFunction []
[2019.10.29-06.12.22:913][ 73]LogWindows: Error: [Callstack] 0x00007ff9651acba7 UE4Editor-Engine.dll!UnknownFunction []
[2019.10.29-06.12.22:913][ 73]LogWindows: Error: [Callstack] 0x00007ff98e664e4a UE4Editor-Core.dll!UnknownFunction []
[2019.10.29-06.12.22:913][ 73]LogWindows: Error: [Callstack] 0x00007ff98e66510a UE4Editor-Core.dll!UnknownFunction []
[2019.10.29-06.12.22:913][ 73]LogWindows: Error: [Callstack] 0x00007ff9651cbd9d UE4Editor-Engine.dll!UnknownFunction []
[2019.10.29-06.12.22:913][ 73]LogWindows: Error: [Callstack] 0x00007ff9651d1ed2 UE4Editor-Engine.dll!UnknownFunction []
[2019.10.29-06.12.22:913][ 73]LogWindows: Error: [Callstack] 0x00007ff9649c6e1f UE4Editor-Engine.dll!UnknownFunction []
[2019.10.29-06.12.22:914][ 73]LogWindows: Error: [Callstack] 0x00007ff9649d26ae UE4Editor-Engine.dll!UnknownFunction []
[2019.10.29-06.12.22:914][ 73]LogWindows: Error: [Callstack] 0x00007ff96e30d61c UE4Editor-UnrealEd.dll!UnknownFunction []
[2019.10.29-06.12.22:914][ 73]LogWindows: Error: [Callstack] 0x00007ff96eb64b16 UE4Editor-UnrealEd.dll!UnknownFunction []
[2019.10.29-06.12.22:914][ 73]LogWindows: Error: [Callstack] 0x00007ff7106f7b0a UE4Editor.exe!UnknownFunction []
[2019.10.29-06.12.22:914][ 73]LogWindows: Error: [Callstack] 0x00007ff71070a91c UE4Editor.exe!UnknownFunction []
[2019.10.29-06.12.22:914][ 73]LogWindows: Error: [Callstack] 0x00007ff71070a9fa UE4Editor.exe!UnknownFunction []
[2019.10.29-06.12.22:914][ 73]LogWindows: Error: [Callstack] 0x00007ff71071b92c UE4Editor.exe!UnknownFunction []
[2019.10.29-06.12.22:914][ 73]LogWindows: Error: [Callstack] 0x00007ff71071e60e UE4Editor.exe!UnknownFunction []
[2019.10.29-06.12.22:914][ 73]LogWindows: Error: [Callstack] 0x00007ff9dad47bd4 KERNEL32.DLL!UnknownFunction []
[2019.10.29-06.12.22:914][ 73]LogWindows: Error: [Callstack] 0x00007ff9dcc6ced1 ntdll.dll!UnknownFunction []
[2019.10.29-06.12.22:914][ 73]LogWindows: Error: 
[2019.10.29-06.12.22:927][ 73]LogExit: Executing StaticShutdownAfterError
[2019.10.29-06.12.22:939][ 73]LogWindows: FPlatformMisc::RequestExit(1)
[2019.10.29-06.12.22:999][ 73]Log file closed, 10/29/19 15:12:22
