Log file open, 11/11/19 17:22:03
LogWindows: Failed to load 'aqProf.dll' (GetLastError=126)
LogWindows: File 'aqProf.dll' does not exist
LogWindows: Failed to load 'VtuneApi.dll' (GetLastError=126)
LogWindows: File 'VtuneApi.dll' does not exist
LogWindows: Failed to load 'VtuneApi32e.dll' (GetLastError=126)
LogWindows: File 'VtuneApi32e.dll' does not exist
LogConsoleResponse: Display: Failed to find resolution value strings in scalability ini. Falling back to default.
LogInit: Display: Running engine for game: LastResisters
LogPlatformFile: Not using cached read wrapper
LogTaskGraph: Started task graph with 5 named threads and 23 total threads with 3 sets of task threads.
LogStats: Stats thread started at 0.081143
LogD3D11RHI: Loaded GFSDK_Aftermath_Lib.x64.dll
LogICUInternationalization: ICU TimeZone Detection - Raw Offset: +9:00, Platform Override: ''
LogPluginManager: Mounting plugin Paper2D
LogPluginManager: Mounting plugin AISupport
LogPluginManager: Mounting plugin LightPropagationVolume
LogPluginManager: Mounting plugin ActorLayerUtilities
LogPluginManager: Mounting plugin AnimationSharing
LogPluginManager: Mounting plugin CLionSourceCodeAccess
LogPluginManager: Mounting plugin CodeLiteSourceCodeAccess
LogPluginManager: Mounting plugin GitSourceControl
LogPluginManager: Mounting plugin KDevelopSourceCodeAccess
LogPluginManager: Mounting plugin NullSourceCodeAccess
LogPluginManager: Mounting plugin PerforceSourceControl
LogPluginManager: Mounting plugin SubversionSourceControl
LogPluginManager: Mounting plugin UObjectPlugin
LogPluginManager: Mounting plugin VisualStudioCodeSourceCodeAccess
LogPluginManager: Mounting plugin VisualStudioSourceCodeAccess
LogPluginManager: Mounting plugin XCodeSourceCodeAccess
LogPluginManager: Mounting plugin AssetManagerEditor
LogPluginManager: Mounting plugin CryptoKeys
LogPluginManager: Mounting plugin CurveEditorTools
LogPluginManager: Mounting plugin DataValidation
LogPluginManager: Mounting plugin FacialAnimation
LogPluginManager: Mounting plugin GameplayTagsEditor
LogPluginManager: Mounting plugin MacGraphicsSwitching
LogPluginManager: Mounting plugin MaterialAnalyzer
LogPluginManager: Mounting plugin MobileLauncherProfileWizard
LogPluginManager: Mounting plugin PluginBrowser
LogPluginManager: Mounting plugin SpeedTreeImporter
LogPluginManager: Mounting plugin DatasmithContent
LogPluginManager: Mounting plugin VariantManagerContent
LogPluginManager: Mounting plugin AlembicImporter
LogPluginManager: Mounting plugin AutomationUtils
LogPluginManager: Mounting plugin BackChannel
LogPluginManager: Mounting plugin CharacterAI
LogPluginManager: Mounting plugin GeometryCache
LogPluginManager: Mounting plugin HTML5Networking
LogPluginManager: Mounting plugin PlatformCrypto
LogPluginManager: Mounting plugin ProxyLODPlugin
LogPluginManager: Mounting plugin SkeletalReduction
LogPluginManager: Mounting plugin MagicLeap
LogPluginManager: Mounting plugin MagicLeapMedia
LogPluginManager: Mounting plugin AndroidMedia
LogPluginManager: Mounting plugin AvfMedia
LogPluginManager: Mounting plugin ImgMedia
LogPluginManager: Mounting plugin MediaCompositing
LogPluginManager: Mounting plugin MediaPlayerEditor
LogPluginManager: Mounting plugin WebMMedia
LogPluginManager: Mounting plugin WmfMedia
LogPluginManager: Mounting plugin TcpMessaging
LogPluginManager: Mounting plugin UdpMessaging
LogPluginManager: Mounting plugin ActorSequence
LogPluginManager: Mounting plugin LevelSequenceEditor
LogPluginManager: Mounting plugin MatineeToLevelSequence
LogPluginManager: Mounting plugin NetcodeUnitTest
LogPluginManager: Mounting plugin NUTUnrealEngine4
LogPluginManager: Mounting plugin OnlineSubsystemGooglePlay
LogPluginManager: Mounting plugin OnlineSubsystemIOS
LogPluginManager: Mounting plugin OnlineSubsystem
LogPluginManager: Mounting plugin OnlineSubsystemNull
LogPluginManager: Mounting plugin OnlineSubsystemOculus
LogPluginManager: Mounting plugin OnlineSubsystemUtils
LogPluginManager: Mounting plugin LauncherChunkInstaller
LogPluginManager: Mounting plugin AndroidDeviceProfileSelector
LogPluginManager: Mounting plugin AndroidMoviePlayer
LogPluginManager: Mounting plugin AndroidPermission
LogPluginManager: Mounting plugin ApexDestruction
LogPluginManager: Mounting plugin AppleImageUtils
LogPluginManager: Mounting plugin AppleMoviePlayer
LogPluginManager: Mounting plugin ArchVisCharacter
LogPluginManager: Mounting plugin AudioCapture
LogPluginManager: Mounting plugin CableComponent
LogPluginManager: Mounting plugin CustomMeshComponent
LogPluginManager: Mounting plugin EditableMesh
LogPluginManager: Mounting plugin ExampleDeviceProfileSelector
LogPluginManager: Mounting plugin GoogleCloudMessaging
LogPluginManager: Mounting plugin IOSDeviceProfileSelector
LogPluginManager: Mounting plugin LinuxDeviceProfileSelector
LogPluginManager: Mounting plugin LocationServicesBPLibrary
LogPluginManager: Mounting plugin MobilePatchingUtils
LogPluginManager: Mounting plugin OculusAudio
LogPluginManager: Mounting plugin OculusAvatar
LogPluginManager: Mounting plugin OculusVR
LogPluginManager: Mounting plugin PhysXVehicles
LogPluginManager: Mounting plugin ProceduralMeshComponent
LogPluginManager: Mounting plugin RuntimePhysXCooking
LogPluginManager: Mounting plugin SignificanceManager
LogPluginManager: Mounting plugin SteamVR
LogPluginManager: Mounting plugin WebMMoviePlayer
LogPluginManager: Mounting plugin WindowsMoviePlayer
LogPluginManager: Mounting plugin ScreenshotTools
LogInit: Using libcurl 7.55.1-DEV
LogInit:  - built for x86_64-pc-win32
LogInit:  - supports SSL with OpenSSL/1.1.1
LogInit:  - supports HTTP deflate (compression) using libz 1.2.8
LogInit:  - other features:
LogInit:      CURL_VERSION_SSL
LogInit:      CURL_VERSION_LIBZ
LogInit:      CURL_VERSION_IPV6
LogInit:      CURL_VERSION_ASYNCHDNS
LogInit:      CURL_VERSION_LARGEFILE
LogInit:      CURL_VERSION_IDN
LogInit:  CurlRequestOptions (configurable via config and command line):
LogInit:  - bVerifyPeer = true  - Libcurl will verify peer certificate
LogInit:  - bUseHttpProxy = false  - Libcurl will NOT use HTTP proxy
LogInit:  - bDontReuseConnections = false  - Libcurl will reuse connections
LogInit:  - MaxHostConnections = 16  - Libcurl will limit the number of connections to a host
LogInit:  - LocalHostAddr = Default
LogInit:  - BufferSize = 65536
LogOnline: OSS: Creating online subsystem instance for: NULL
LogInit: WinSock: version 1.1 (2.2), MaxSocks=32767, MaxUdp=65467
LogInit: Build: ++UE4+Release-4.23-CL-9631420
LogInit: Engine Version: 4.23.1-9631420+++UE4+Release-4.23
LogInit: Compatible Engine Version: 4.23.0-8386587+++UE4+Release-4.23
LogInit: Net CL: 8386587
LogInit: OS: Windows 10 (Release 1803) (), CPU: Intel(R) Core(TM) i7-7700K CPU @ 4.20GHz, GPU: NVIDIA GeForce GTX 1080
LogInit: Compiled (64-bit): Oct 18 2019 02:07:44
LogInit: Compiled with Visual C++: 19.16.27030.01
LogInit: Build Configuration: Development
LogInit: Branch Name: ++UE4+Release-4.23
LogInit: Command Line: 
LogInit: Base Directory: D:/UE_4.23/Engine/Binaries/Win64/
LogInit: Installed Engine Build: 1
LogDevObjectVersion: Number of dev versions registered: 23
LogDevObjectVersion:   Dev-Blueprints (B0D832E4-1F89-4F0D-ACCF-7EB736FD4AA2): 10
LogDevObjectVersion:   Dev-Build (E1C64328-A22C-4D53-A36C-8E866417BD8C): 0
LogDevObjectVersion:   Dev-Core (375EC13C-06E4-48FB-B500-84F0262A717E): 3
LogDevObjectVersion:   Dev-Editor (E4B068ED-F494-42E9-A231-DA0B2E46BB41): 34
LogDevObjectVersion:   Dev-Framework (CFFC743F-43B0-4480-9391-14DF171D2073): 35
LogDevObjectVersion:   Dev-Mobile (B02B49B5-BB20-44E9-A304-32B752E40360): 2
LogDevObjectVersion:   Dev-Networking (A4E4105C-59A1-49B5-A7C5-40C4547EDFEE): 0
LogDevObjectVersion:   Dev-Online (39C831C9-5AE6-47DC-9A44-9C173E1C8E7C): 0
LogDevObjectVersion:   Dev-Physics (78F01B33-EBEA-4F98-B9B4-84EACCB95AA2): 0
LogDevObjectVersion:   Dev-Platform (6631380F-2D4D-43E0-8009-CF276956A95A): 0
LogDevObjectVersion:   Dev-Rendering (12F88B9F-8875-4AFC-A67C-D90C383ABD29): 31
LogDevObjectVersion:   Dev-Sequencer (7B5AE74C-D270-4C10-A958-57980B212A5A): 11
LogDevObjectVersion:   Dev-VR (D7296918-1DD6-4BDD-9DE2-64A83CC13884): 2
LogDevObjectVersion:   Dev-LoadTimes (C2A15278-BFE7-4AFE-6C17-90FF531DF755): 1
LogDevObjectVersion:   Private-Geometry (6EACA3D4-40EC-4CC1-B786-8BED09428FC5): 3
LogDevObjectVersion:   Dev-AnimPhys (29E575DD-E0A3-4627-9D10-D276232CDCEA): 17
LogDevObjectVersion:   Dev-Anim (AF43A65D-7FD3-4947-9873-3E8ED9C1BB05): 2
LogDevObjectVersion:   Dev-ReflectionCapture (6B266CEC-1EC7-4B8F-A30B-E4D90942FC07): 1
LogDevObjectVersion:   Dev-Automation (0DF73D61-A23F-47EA-B727-89E90C41499A): 1
LogDevObjectVersion:   FortniteMain (601D1886-AC64-4F84-AA16-D3DE0DEAC7D6): 27
LogDevObjectVersion:   Dev-Enterprise (9DFFBCD6-494F-0158-E221-12823C92A888): 6
LogDevObjectVersion:   Dev-Niagara (F2AED0AC-9AFE-416F-8664-AA7FFA26D6FC): 1
LogDevObjectVersion:   Dev-Destruction (174F1F0B-B4C6-45A5-B13F-2EE8D0FB917D): 9
LogInit: Presizing for max 16777216 objects, including 0 objects not considered by GC, pre-allocating 0 bytes for permanent pool.
LogInit: Object subsystem initialized
LogConfig: Setting CVar [[con.DebugEarlyDefault:1]]
LogConfig: Setting CVar [[r.setres:1280x720]]
[2019.11.11-08.22.03:701][  0]LogConfig: Setting CVar [[r.VSync:0]]
[2019.11.11-08.22.03:701][  0]LogConfig: Setting CVar [[r.RHICmdBypass:0]]
[2019.11.11-08.22.03:701][  0]LogConfig: Applying CVar settings from Section [/Script/Engine.RendererSettings] File [../../../LastRegister2/LastResisters/Saved/Config/Windows/Engine.ini]
[2019.11.11-08.22.03:701][  0]LogConfig: Setting CVar [[r.GPUCrashDebugging:0]]
[2019.11.11-08.22.03:701][  0]LogConfig: Setting CVar [[r.Mobile.UseHWsRGBEncoding:1]]
[2019.11.11-08.22.03:701][  0]LogConfig: Applying CVar settings from Section [/Script/Engine.RendererOverrideSettings] File [../../../LastRegister2/LastResisters/Saved/Config/Windows/Engine.ini]
[2019.11.11-08.22.03:701][  0]LogConfig: Applying CVar settings from Section [/Script/Engine.StreamingSettings] File [../../../LastRegister2/LastResisters/Saved/Config/Windows/Engine.ini]
[2019.11.11-08.22.03:701][  0]LogConfig: Setting CVar [[s.MinBulkDataSizeForAsyncLoading:131072]]
[2019.11.11-08.22.03:701][  0]LogConfig: Setting CVar [[s.AsyncLoadingThreadEnabled:0]]
[2019.11.11-08.22.03:701][  0]LogConfig: Setting CVar [[s.EventDrivenLoaderEnabled:1]]
[2019.11.11-08.22.03:701][  0]LogConfig: Setting CVar [[s.WarnIfTimeLimitExceeded:0]]
[2019.11.11-08.22.03:701][  0]LogConfig: Setting CVar [[s.TimeLimitExceededMultiplier:1.5]]
[2019.11.11-08.22.03:701][  0]LogConfig: Setting CVar [[s.TimeLimitExceededMinTime:0.005]]
[2019.11.11-08.22.03:701][  0]LogConfig: Setting CVar [[s.UseBackgroundLevelStreaming:1]]
[2019.11.11-08.22.03:701][  0]LogConfig: Setting CVar [[s.PriorityAsyncLoadingExtraTime:15.0]]
[2019.11.11-08.22.03:701][  0]LogConfig: Setting CVar [[s.LevelStreamingActorsUpdateTimeLimit:5.0]]
[2019.11.11-08.22.03:701][  0]LogConfig: Setting CVar [[s.PriorityLevelStreamingActorsUpdateExtraTime:5.0]]
[2019.11.11-08.22.03:701][  0]LogConfig: Setting CVar [[s.LevelStreamingComponentsRegistrationGranularity:10]]
[2019.11.11-08.22.03:701][  0]LogConfig: Setting CVar [[s.UnregisterComponentsTimeLimit:1.0]]
[2019.11.11-08.22.03:701][  0]LogConfig: Setting CVar [[s.LevelStreamingComponentsUnregistrationGranularity:5]]
[2019.11.11-08.22.03:701][  0]LogConfig: Applying CVar settings from Section [/Script/Engine.GarbageCollectionSettings] File [../../../LastRegister2/LastResisters/Saved/Config/Windows/Engine.ini]
[2019.11.11-08.22.03:701][  0]LogConfig: Setting CVar [[gc.MaxObjectsNotConsideredByGC:1]]
[2019.11.11-08.22.03:701][  0]LogConfig: Setting CVar [[gc.SizeOfPermanentObjectPool:0]]
[2019.11.11-08.22.03:701][  0]LogConfig: Setting CVar [[gc.FlushStreamingOnGC:0]]
[2019.11.11-08.22.03:701][  0]LogConfig: Setting CVar [[gc.NumRetriesBeforeForcingGC:10]]
[2019.11.11-08.22.03:701][  0]LogConfig: Setting CVar [[gc.AllowParallelGC:1]]
[2019.11.11-08.22.03:701][  0]LogConfig: Setting CVar [[gc.TimeBetweenPurgingPendingKillObjects:61.1]]
[2019.11.11-08.22.03:701][  0]LogConfig: Setting CVar [[gc.MaxObjectsInEditor:16777216]]
[2019.11.11-08.22.03:701][  0]LogConfig: Setting CVar [[gc.IncrementalBeginDestroyEnabled:1]]
[2019.11.11-08.22.03:701][  0]LogConfig: Setting CVar [[gc.CreateGCClusters:1]]
[2019.11.11-08.22.03:701][  0]LogConfig: Setting CVar [[gc.MinGCClusterSize:5]]
[2019.11.11-08.22.03:701][  0]LogConfig: Setting CVar [[gc.ActorClusteringEnabled:0]]
[2019.11.11-08.22.03:701][  0]LogConfig: Setting CVar [[gc.BlueprintClusteringEnabled:0]]
[2019.11.11-08.22.03:701][  0]LogConfig: Setting CVar [[gc.UseDisregardForGCOnDedicatedServers:0]]
[2019.11.11-08.22.03:701][  0]LogConfig: Applying CVar settings from Section [/Script/Engine.NetworkSettings] File [../../../LastRegister2/LastResisters/Saved/Config/Windows/Engine.ini]
[2019.11.11-08.22.03:701][  0]LogConfig: Applying CVar settings from Section [/Script/UnrealEd.CookerSettings] File [../../../LastRegister2/LastResisters/Saved/Config/Windows/Engine.ini]
[2019.11.11-08.22.03:706][  0]LogConfig: Applying CVar settings from Section [ViewDistanceQuality@3] File [../../../LastRegister2/LastResisters/Saved/Config/Windows/Scalability.ini]
[2019.11.11-08.22.03:706][  0]LogConfig: Setting CVar [[r.SkeletalMeshLODBias:0]]
[2019.11.11-08.22.03:706][  0]LogConfig: Setting CVar [[r.ViewDistanceScale:1.0]]
[2019.11.11-08.22.03:706][  0]LogConfig: Applying CVar settings from Section [AntiAliasingQuality@3] File [../../../LastRegister2/LastResisters/Saved/Config/Windows/Scalability.ini]
[2019.11.11-08.22.03:707][  0]LogConfig: Setting CVar [[r.PostProcessAAQuality:4]]
[2019.11.11-08.22.03:707][  0]LogConfig: Applying CVar settings from Section [ShadowQuality@3] File [../../../LastRegister2/LastResisters/Saved/Config/Windows/Scalability.ini]
[2019.11.11-08.22.03:707][  0]LogConfig: Setting CVar [[r.LightFunctionQuality:1]]
[2019.11.11-08.22.03:707][  0]LogConfig: Setting CVar [[r.ShadowQuality:5]]
[2019.11.11-08.22.03:707][  0]LogConfig: Setting CVar [[r.Shadow.CSM.MaxCascades:10]]
[2019.11.11-08.22.03:707][  0]LogConfig: Setting CVar [[r.Shadow.MaxResolution:2048]]
[2019.11.11-08.22.03:707][  0]LogConfig: Setting CVar [[r.Shadow.MaxCSMResolution:2048]]
[2019.11.11-08.22.03:707][  0]LogConfig: Setting CVar [[r.Shadow.RadiusThreshold:0.01]]
[2019.11.11-08.22.03:707][  0]LogConfig: Setting CVar [[r.Shadow.DistanceScale:1.0]]
[2019.11.11-08.22.03:707][  0]LogConfig: Setting CVar [[r.Shadow.CSM.TransitionScale:1.0]]
[2019.11.11-08.22.03:707][  0]LogConfig: Setting CVar [[r.Shadow.PreShadowResolutionFactor:1.0]]
[2019.11.11-08.22.03:707][  0]LogConfig: Setting CVar [[r.DistanceFieldShadowing:1]]
[2019.11.11-08.22.03:707][  0]LogConfig: Setting CVar [[r.DistanceFieldAO:1]]
[2019.11.11-08.22.03:707][  0]LogConfig: Setting CVar [[r.AOQuality:2]]
[2019.11.11-08.22.03:707][  0]LogConfig: Setting CVar [[r.VolumetricFog:1]]
[2019.11.11-08.22.03:707][  0]LogConfig: Setting CVar [[r.VolumetricFog.GridPixelSize:8]]
[2019.11.11-08.22.03:707][  0]LogConfig: Setting CVar [[r.VolumetricFog.GridSizeZ:128]]
[2019.11.11-08.22.03:707][  0]LogConfig: Setting CVar [[r.VolumetricFog.HistoryMissSupersampleCount:4]]
[2019.11.11-08.22.03:707][  0]LogConfig: Setting CVar [[r.LightMaxDrawDistanceScale:1]]
[2019.11.11-08.22.03:707][  0]LogConfig: Setting CVar [[r.CapsuleShadows:1]]
[2019.11.11-08.22.03:707][  0]LogConfig: Applying CVar settings from Section [PostProcessQuality@3] File [../../../LastRegister2/LastResisters/Saved/Config/Windows/Scalability.ini]
[2019.11.11-08.22.03:707][  0]LogConfig: Setting CVar [[r.MotionBlurQuality:4]]
[2019.11.11-08.22.03:707][  0]LogConfig: Setting CVar [[r.AmbientOcclusionMipLevelFactor:0.4]]
[2019.11.11-08.22.03:707][  0]LogConfig: Setting CVar [[r.AmbientOcclusionMaxQuality:100]]
[2019.11.11-08.22.03:707][  0]LogConfig: Setting CVar [[r.AmbientOcclusionLevels:-1]]
[2019.11.11-08.22.03:707][  0]LogConfig: Setting CVar [[r.AmbientOcclusionRadiusScale:1.0]]
[2019.11.11-08.22.03:707][  0]LogConfig: Setting CVar [[r.DepthOfFieldQuality:2]]
[2019.11.11-08.22.03:707][  0]LogConfig: Setting CVar [[r.RenderTargetPoolMin:400]]
[2019.11.11-08.22.03:707][  0]LogConfig: Setting CVar [[r.LensFlareQuality:2]]
[2019.11.11-08.22.03:707][  0]LogConfig: Setting CVar [[r.SceneColorFringeQuality:1]]
[2019.11.11-08.22.03:707][  0]LogConfig: Setting CVar [[r.EyeAdaptationQuality:2]]
[2019.11.11-08.22.03:707][  0]LogConfig: Setting CVar [[r.BloomQuality:5]]
[2019.11.11-08.22.03:707][  0]LogConfig: Setting CVar [[r.FastBlurThreshold:100]]
[2019.11.11-08.22.03:707][  0]LogConfig: Setting CVar [[r.Upscale.Quality:3]]
[2019.11.11-08.22.03:707][  0]LogConfig: Setting CVar [[r.Tonemapper.GrainQuantization:1]]
[2019.11.11-08.22.03:707][  0]LogConfig: Setting CVar [[r.LightShaftQuality:1]]
[2019.11.11-08.22.03:707][  0]LogConfig: Setting CVar [[r.Filter.SizeScale:1]]
[2019.11.11-08.22.03:707][  0]LogConfig: Setting CVar [[r.Tonemapper.Quality:5]]
[2019.11.11-08.22.03:707][  0]LogConfig: Setting CVar [[r.DOF.Gather.AccumulatorQuality:1        ; higher gathering accumulator quality]]
[2019.11.11-08.22.03:707][  0]LogConfig: Setting CVar [[r.DOF.Gather.PostfilterMethod:1          ; Median3x3 postfilering method]]
[2019.11.11-08.22.03:707][  0]LogConfig: Setting CVar [[r.DOF.Gather.EnableBokehSettings:0       ; no bokeh simulation when gathering]]
[2019.11.11-08.22.03:707][  0]LogConfig: Setting CVar [[r.DOF.Gather.RingCount:4                 ; medium number of samples when gathering]]
[2019.11.11-08.22.03:707][  0]LogConfig: Setting CVar [[r.DOF.Scatter.ForegroundCompositing:1    ; additive foreground scattering]]
[2019.11.11-08.22.03:707][  0]LogConfig: Setting CVar [[r.DOF.Scatter.BackgroundCompositing:2    ; additive background scattering]]
[2019.11.11-08.22.03:707][  0]LogConfig: Setting CVar [[r.DOF.Scatter.EnableBokehSettings:1      ; bokeh simulation when scattering]]
[2019.11.11-08.22.03:707][  0]LogConfig: Setting CVar [[r.DOF.Scatter.MaxSpriteRatio:0.1         ; only a maximum of 10% of scattered bokeh]]
[2019.11.11-08.22.03:707][  0]LogConfig: Setting CVar [[r.DOF.Recombine.Quality:1                ; cheap slight out of focus]]
[2019.11.11-08.22.03:707][  0]LogConfig: Setting CVar [[r.DOF.Recombine.EnableBokehSettings:0    ; no bokeh simulation on slight out of focus]]
[2019.11.11-08.22.03:707][  0]LogConfig: Setting CVar [[r.DOF.TemporalAAQuality:1                ; more stable temporal accumulation]]
[2019.11.11-08.22.03:707][  0]LogConfig: Setting CVar [[r.DOF.Kernel.MaxForegroundRadius:0.025]]
[2019.11.11-08.22.03:707][  0]LogConfig: Setting CVar [[r.DOF.Kernel.MaxBackgroundRadius:0.025]]
[2019.11.11-08.22.03:707][  0]LogConfig: Applying CVar settings from Section [TextureQuality@3] File [../../../LastRegister2/LastResisters/Saved/Config/Windows/Scalability.ini]
[2019.11.11-08.22.03:707][  0]LogConfig: Setting CVar [[r.Streaming.MipBias:0]]
[2019.11.11-08.22.03:707][  0]LogConfig: Setting CVar [[r.Streaming.AmortizeCPUToGPUCopy:0]]
[2019.11.11-08.22.03:707][  0]LogConfig: Setting CVar [[r.Streaming.MaxNumTexturesToStreamPerFrame:0]]
[2019.11.11-08.22.03:707][  0]LogConfig: Setting CVar [[r.Streaming.Boost:1]]
[2019.11.11-08.22.03:707][  0]LogConfig: Setting CVar [[r.MaxAnisotropy:8]]
[2019.11.11-08.22.03:707][  0]LogConfig: Setting CVar [[r.Streaming.LimitPoolSizeToVRAM:0]]
[2019.11.11-08.22.03:707][  0]LogConfig: Setting CVar [[r.Streaming.PoolSize:1000]]
[2019.11.11-08.22.03:707][  0]LogConfig: Setting CVar [[r.Streaming.MaxEffectiveScreenSize:0]]
[2019.11.11-08.22.03:707][  0]LogConfig: Applying CVar settings from Section [EffectsQuality@3] File [../../../LastRegister2/LastResisters/Saved/Config/Windows/Scalability.ini]
[2019.11.11-08.22.03:707][  0]LogConfig: Setting CVar [[r.TranslucencyLightingVolumeDim:64]]
[2019.11.11-08.22.03:707][  0]LogConfig: Setting CVar [[r.RefractionQuality:2]]
[2019.11.11-08.22.03:707][  0]LogConfig: Setting CVar [[r.SSR.Quality:3]]
[2019.11.11-08.22.03:707][  0]LogConfig: Setting CVar [[r.SceneColorFormat:4]]
[2019.11.11-08.22.03:707][  0]LogConfig: Setting CVar [[r.DetailMode:2]]
[2019.11.11-08.22.03:707][  0]LogConfig: Setting CVar [[r.TranslucencyVolumeBlur:1]]
[2019.11.11-08.22.03:707][  0]LogConfig: Setting CVar [[r.MaterialQualityLevel:1 ; High quality]]
[2019.11.11-08.22.03:707][  0]LogConfig: Setting CVar [[r.SSS.Scale:1]]
[2019.11.11-08.22.03:707][  0]LogConfig: Setting CVar [[r.SSS.SampleSet:2]]
[2019.11.11-08.22.03:707][  0]LogConfig: Setting CVar [[r.SSS.Quality:1]]
[2019.11.11-08.22.03:707][  0]LogConfig: Setting CVar [[r.SSS.HalfRes:1]]
[2019.11.11-08.22.03:707][  0]LogConfig: Setting CVar [[r.EmitterSpawnRateScale:1.0]]
[2019.11.11-08.22.03:707][  0]LogConfig: Setting CVar [[r.ParticleLightQuality:2]]
[2019.11.11-08.22.03:707][  0]LogConfig: Applying CVar settings from Section [FoliageQuality@3] File [../../../LastRegister2/LastResisters/Saved/Config/Windows/Scalability.ini]
[2019.11.11-08.22.03:707][  0]LogConfig: Setting CVar [[foliage.DensityScale:1.0]]
[2019.11.11-08.22.03:707][  0]LogConfig: Setting CVar [[grass.DensityScale:1.0]]
[2019.11.11-08.22.03:707][  0]LogInit: Selected Device Profile: [Windows]
[2019.11.11-08.22.03:707][  0]LogInit: Applying CVar settings loaded from the selected device profile: [Windows]
[2019.11.11-08.22.03:714][  0]LogHAL: Display: Platform has ~ 32 GB [34292334592 / 34359738368 / 32], which maps to Largest [LargestMinGB=32, LargerMinGB=12, DefaultMinGB=8, SmallerMinGB=6, SmallestMinGB=0)
[2019.11.11-08.22.03:714][  0]LogInit: Going up to parent DeviceProfile []
[2019.11.11-08.22.03:714][  0]LogConfig: Applying CVar settings from Section [ViewDistanceQuality@3] File [../../../LastRegister2/LastResisters/Saved/Config/Windows/Scalability.ini]
[2019.11.11-08.22.03:714][  0]LogConfig: Setting CVar [[r.SkeletalMeshLODBias:0]]
[2019.11.11-08.22.03:714][  0]LogConfig: Setting CVar [[r.ViewDistanceScale:1.0]]
[2019.11.11-08.22.03:714][  0]LogConfig: Applying CVar settings from Section [AntiAliasingQuality@3] File [../../../LastRegister2/LastResisters/Saved/Config/Windows/Scalability.ini]
[2019.11.11-08.22.03:714][  0]LogConfig: Setting CVar [[r.PostProcessAAQuality:4]]
[2019.11.11-08.22.03:714][  0]LogConfig: Applying CVar settings from Section [ShadowQuality@3] File [../../../LastRegister2/LastResisters/Saved/Config/Windows/Scalability.ini]
[2019.11.11-08.22.03:714][  0]LogConfig: Setting CVar [[r.LightFunctionQuality:1]]
[2019.11.11-08.22.03:714][  0]LogConfig: Setting CVar [[r.ShadowQuality:5]]
[2019.11.11-08.22.03:714][  0]LogConfig: Setting CVar [[r.Shadow.CSM.MaxCascades:10]]
[2019.11.11-08.22.03:714][  0]LogConfig: Setting CVar [[r.Shadow.MaxResolution:2048]]
[2019.11.11-08.22.03:714][  0]LogConfig: Setting CVar [[r.Shadow.MaxCSMResolution:2048]]
[2019.11.11-08.22.03:714][  0]LogConfig: Setting CVar [[r.Shadow.RadiusThreshold:0.01]]
[2019.11.11-08.22.03:714][  0]LogConfig: Setting CVar [[r.Shadow.DistanceScale:1.0]]
[2019.11.11-08.22.03:714][  0]LogConfig: Setting CVar [[r.Shadow.CSM.TransitionScale:1.0]]
[2019.11.11-08.22.03:714][  0]LogConfig: Setting CVar [[r.Shadow.PreShadowResolutionFactor:1.0]]
[2019.11.11-08.22.03:714][  0]LogConfig: Setting CVar [[r.DistanceFieldShadowing:1]]
[2019.11.11-08.22.03:714][  0]LogConfig: Setting CVar [[r.DistanceFieldAO:1]]
[2019.11.11-08.22.03:714][  0]LogConfig: Setting CVar [[r.AOQuality:2]]
[2019.11.11-08.22.03:714][  0]LogConfig: Setting CVar [[r.VolumetricFog:1]]
[2019.11.11-08.22.03:714][  0]LogConfig: Setting CVar [[r.VolumetricFog.GridPixelSize:8]]
[2019.11.11-08.22.03:714][  0]LogConfig: Setting CVar [[r.VolumetricFog.GridSizeZ:128]]
[2019.11.11-08.22.03:714][  0]LogConfig: Setting CVar [[r.VolumetricFog.HistoryMissSupersampleCount:4]]
[2019.11.11-08.22.03:714][  0]LogConfig: Setting CVar [[r.LightMaxDrawDistanceScale:1]]
[2019.11.11-08.22.03:714][  0]LogConfig: Setting CVar [[r.CapsuleShadows:1]]
[2019.11.11-08.22.03:714][  0]LogConfig: Applying CVar settings from Section [PostProcessQuality@3] File [../../../LastRegister2/LastResisters/Saved/Config/Windows/Scalability.ini]
[2019.11.11-08.22.03:714][  0]LogConfig: Setting CVar [[r.MotionBlurQuality:4]]
[2019.11.11-08.22.03:714][  0]LogConfig: Setting CVar [[r.AmbientOcclusionMipLevelFactor:0.4]]
[2019.11.11-08.22.03:714][  0]LogConfig: Setting CVar [[r.AmbientOcclusionMaxQuality:100]]
[2019.11.11-08.22.03:714][  0]LogConfig: Setting CVar [[r.AmbientOcclusionLevels:-1]]
[2019.11.11-08.22.03:714][  0]LogConfig: Setting CVar [[r.AmbientOcclusionRadiusScale:1.0]]
[2019.11.11-08.22.03:714][  0]LogConfig: Setting CVar [[r.DepthOfFieldQuality:2]]
[2019.11.11-08.22.03:714][  0]LogConfig: Setting CVar [[r.RenderTargetPoolMin:400]]
[2019.11.11-08.22.03:714][  0]LogConfig: Setting CVar [[r.LensFlareQuality:2]]
[2019.11.11-08.22.03:714][  0]LogConfig: Setting CVar [[r.SceneColorFringeQuality:1]]
[2019.11.11-08.22.03:714][  0]LogConfig: Setting CVar [[r.EyeAdaptationQuality:2]]
[2019.11.11-08.22.03:714][  0]LogConfig: Setting CVar [[r.BloomQuality:5]]
[2019.11.11-08.22.03:714][  0]LogConfig: Setting CVar [[r.FastBlurThreshold:100]]
[2019.11.11-08.22.03:714][  0]LogConfig: Setting CVar [[r.Upscale.Quality:3]]
[2019.11.11-08.22.03:714][  0]LogConfig: Setting CVar [[r.Tonemapper.GrainQuantization:1]]
[2019.11.11-08.22.03:714][  0]LogConfig: Setting CVar [[r.LightShaftQuality:1]]
[2019.11.11-08.22.03:714][  0]LogConfig: Setting CVar [[r.Filter.SizeScale:1]]
[2019.11.11-08.22.03:714][  0]LogConfig: Setting CVar [[r.Tonemapper.Quality:5]]
[2019.11.11-08.22.03:714][  0]LogConfig: Setting CVar [[r.DOF.Gather.AccumulatorQuality:1        ; higher gathering accumulator quality]]
[2019.11.11-08.22.03:714][  0]LogConfig: Setting CVar [[r.DOF.Gather.PostfilterMethod:1          ; Median3x3 postfilering method]]
[2019.11.11-08.22.03:714][  0]LogConfig: Setting CVar [[r.DOF.Gather.EnableBokehSettings:0       ; no bokeh simulation when gathering]]
[2019.11.11-08.22.03:714][  0]LogConfig: Setting CVar [[r.DOF.Gather.RingCount:4                 ; medium number of samples when gathering]]
[2019.11.11-08.22.03:714][  0]LogConfig: Setting CVar [[r.DOF.Scatter.ForegroundCompositing:1    ; additive foreground scattering]]
[2019.11.11-08.22.03:714][  0]LogConfig: Setting CVar [[r.DOF.Scatter.BackgroundCompositing:2    ; additive background scattering]]
[2019.11.11-08.22.03:714][  0]LogConfig: Setting CVar [[r.DOF.Scatter.EnableBokehSettings:1      ; bokeh simulation when scattering]]
[2019.11.11-08.22.03:714][  0]LogConfig: Setting CVar [[r.DOF.Scatter.MaxSpriteRatio:0.1         ; only a maximum of 10% of scattered bokeh]]
[2019.11.11-08.22.03:714][  0]LogConfig: Setting CVar [[r.DOF.Recombine.Quality:1                ; cheap slight out of focus]]
[2019.11.11-08.22.03:714][  0]LogConfig: Setting CVar [[r.DOF.Recombine.EnableBokehSettings:0    ; no bokeh simulation on slight out of focus]]
[2019.11.11-08.22.03:714][  0]LogConfig: Setting CVar [[r.DOF.TemporalAAQuality:1                ; more stable temporal accumulation]]
[2019.11.11-08.22.03:714][  0]LogConfig: Setting CVar [[r.DOF.Kernel.MaxForegroundRadius:0.025]]
[2019.11.11-08.22.03:714][  0]LogConfig: Setting CVar [[r.DOF.Kernel.MaxBackgroundRadius:0.025]]
[2019.11.11-08.22.03:714][  0]LogConfig: Applying CVar settings from Section [TextureQuality@3] File [../../../LastRegister2/LastResisters/Saved/Config/Windows/Scalability.ini]
[2019.11.11-08.22.03:714][  0]LogConfig: Setting CVar [[r.Streaming.MipBias:0]]
[2019.11.11-08.22.03:714][  0]LogConfig: Setting CVar [[r.Streaming.AmortizeCPUToGPUCopy:0]]
[2019.11.11-08.22.03:714][  0]LogConfig: Setting CVar [[r.Streaming.MaxNumTexturesToStreamPerFrame:0]]
[2019.11.11-08.22.03:714][  0]LogConfig: Setting CVar [[r.Streaming.Boost:1]]
[2019.11.11-08.22.03:714][  0]LogConfig: Setting CVar [[r.MaxAnisotropy:8]]
[2019.11.11-08.22.03:714][  0]LogConfig: Setting CVar [[r.Streaming.LimitPoolSizeToVRAM:0]]
[2019.11.11-08.22.03:714][  0]LogConfig: Setting CVar [[r.Streaming.PoolSize:1000]]
[2019.11.11-08.22.03:714][  0]LogConfig: Setting CVar [[r.Streaming.MaxEffectiveScreenSize:0]]
[2019.11.11-08.22.03:714][  0]LogConfig: Applying CVar settings from Section [EffectsQuality@3] File [../../../LastRegister2/LastResisters/Saved/Config/Windows/Scalability.ini]
[2019.11.11-08.22.03:714][  0]LogConfig: Setting CVar [[r.TranslucencyLightingVolumeDim:64]]
[2019.11.11-08.22.03:714][  0]LogConfig: Setting CVar [[r.RefractionQuality:2]]
[2019.11.11-08.22.03:714][  0]LogConfig: Setting CVar [[r.SSR.Quality:3]]
[2019.11.11-08.22.03:714][  0]LogConfig: Setting CVar [[r.SceneColorFormat:4]]
[2019.11.11-08.22.03:714][  0]LogConfig: Setting CVar [[r.DetailMode:2]]
[2019.11.11-08.22.03:714][  0]LogConfig: Setting CVar [[r.TranslucencyVolumeBlur:1]]
[2019.11.11-08.22.03:714][  0]LogConfig: Setting CVar [[r.MaterialQualityLevel:1 ; High quality]]
[2019.11.11-08.22.03:714][  0]LogConfig: Setting CVar [[r.SSS.Scale:1]]
[2019.11.11-08.22.03:714][  0]LogConfig: Setting CVar [[r.SSS.SampleSet:2]]
[2019.11.11-08.22.03:714][  0]LogConfig: Setting CVar [[r.SSS.Quality:1]]
[2019.11.11-08.22.03:714][  0]LogConfig: Setting CVar [[r.SSS.HalfRes:1]]
[2019.11.11-08.22.03:715][  0]LogConfig: Setting CVar [[r.EmitterSpawnRateScale:1.0]]
[2019.11.11-08.22.03:715][  0]LogConfig: Setting CVar [[r.ParticleLightQuality:2]]
[2019.11.11-08.22.03:715][  0]LogConfig: Applying CVar settings from Section [FoliageQuality@3] File [../../../LastRegister2/LastResisters/Saved/Config/Windows/Scalability.ini]
[2019.11.11-08.22.03:715][  0]LogConfig: Setting CVar [[foliage.DensityScale:1.0]]
[2019.11.11-08.22.03:715][  0]LogConfig: Setting CVar [[grass.DensityScale:1.0]]
[2019.11.11-08.22.03:715][  0]LogConfig: Applying CVar settings from Section [Startup] File [../../../Engine/Config/ConsoleVariables.ini]
[2019.11.11-08.22.03:715][  0]LogConfig: Setting CVar [[net.UseAdaptiveNetUpdateFrequency:0]]
[2019.11.11-08.22.03:715][  0]LogConfig: Setting CVar [[p.chaos.AllowCreatePhysxBodies:1]]
[2019.11.11-08.22.03:715][  0]LogConfig: Applying CVar settings from Section [ConsoleVariables] File [../../../LastRegister2/LastResisters/Saved/Config/Windows/Engine.ini]
[2019.11.11-08.22.03:715][  0]LogInit: Computer: F53PC04
[2019.11.11-08.22.03:715][  0]LogInit: User: s172091
[2019.11.11-08.22.03:716][  0]LogInit: CPU Page size=4096, Cores=4
[2019.11.11-08.22.03:716][  0]LogInit: High frequency timer resolution =4.101566 MHz
[2019.11.11-08.22.03:716][  0]LogMemory: Memory total: Physical=31.9GB (32GB approx)
[2019.11.11-08.22.03:716][  0]LogMemory: Platform Memory Stats for Windows
[2019.11.11-08.22.03:716][  0]LogMemory: Process Physical Memory: 101.54 MB used, 101.54 MB peak
[2019.11.11-08.22.03:716][  0]LogMemory: Process Virtual Memory: 102.13 MB used, 102.13 MB peak
[2019.11.11-08.22.03:716][  0]LogMemory: Physical Memory: 7198.31 MB used,  25505.41 MB free, 32703.72 MB total
[2019.11.11-08.22.03:716][  0]LogMemory: Virtual Memory: 4693.93 MB used,  134213032.00 MB free, 134217728.00 MB total
[2019.11.11-08.22.03:721][  0]LogWindows: WindowsPlatformFeatures enabled
[2019.11.11-08.22.03:760][  0]LogInit: Overriding language with editor language configuration option (en).
[2019.11.11-08.22.03:760][  0]LogInit: Overriding locale with editor locale configuration option (en).
[2019.11.11-08.22.03:910][  0]LogInit: Setting process to per monitor DPI aware
[2019.11.11-08.22.03:968][  0]LogSlate: New Slate User Created.  User Index 0, Is Virtual User: 0
[2019.11.11-08.22.03:968][  0]LogSlate: Slate User Registered.  User Index 0, Is Virtual User: 0
[2019.11.11-08.22.05:100][  0]LogHMD: Failed to initialize OpenVR with code 110
[2019.11.11-08.22.05:100][  0]LogD3D11RHI: D3D11 adapters:
[2019.11.11-08.22.05:171][  0]LogD3D11RHI:    0. 'NVIDIA GeForce GTX 1080' (Feature Level 11_0)
[2019.11.11-08.22.05:171][  0]LogD3D11RHI:       8079/0/16351 MB DedicatedVideo/DedicatedSystem/SharedSystem, Outputs:2, VendorId:0x10de
[2019.11.11-08.22.05:174][  0]LogD3D11RHI:    1. 'Microsoft Basic Render Driver' (Feature Level 11_0)
[2019.11.11-08.22.05:174][  0]LogD3D11RHI:       0/0/16351 MB DedicatedVideo/DedicatedSystem/SharedSystem, Outputs:0, VendorId:0x1414
[2019.11.11-08.22.05:174][  0]LogD3D11RHI: Chosen D3D11 Adapter: 0
[2019.11.11-08.22.05:180][  0]LogD3D11RHI: Creating new Direct3DDevice
[2019.11.11-08.22.05:180][  0]LogD3D11RHI:     GPU DeviceId: 0x1b80 (for the marketing name, search the web for "GPU Device Id")
[2019.11.11-08.22.05:180][  0]LogWindows: EnumDisplayDevices:
[2019.11.11-08.22.05:180][  0]LogWindows:    0. 'NVIDIA GeForce GTX 1080' (P:0 D:1)
[2019.11.11-08.22.05:180][  0]LogWindows:    1. 'NVIDIA GeForce GTX 1080' (P:1 D:1)
[2019.11.11-08.22.05:180][  0]LogWindows:    2. 'NVIDIA GeForce GTX 1080' (P:0 D:0)
[2019.11.11-08.22.05:180][  0]LogWindows:    3. 'NVIDIA GeForce GTX 1080' (P:0 D:0)
[2019.11.11-08.22.05:180][  0]LogWindows: DebugString: FoundDriverCount:4 
[2019.11.11-08.22.05:180][  0]LogD3D11RHI:     Adapter Name: NVIDIA GeForce GTX 1080
[2019.11.11-08.22.05:180][  0]LogD3D11RHI:   Driver Version: 431.07 (internal:26.21.14.3107, unified:431.07)
[2019.11.11-08.22.05:180][  0]LogD3D11RHI:      Driver Date: 6-5-2019
[2019.11.11-08.22.05:180][  0]LogRHI: Texture pool is 5655 MB (70% of 8079 MB)
[2019.11.11-08.22.05:227][  0]LogD3D11RHI: Async texture creation enabled
[2019.11.11-08.22.05:237][  0]LogD3D11RHI: GPU Timing Frequency: 1000.000000 (Debug: 2 1)
[2019.11.11-08.22.05:573][  0]LogTemp: Display: Module 'AllDesktopTargetPlatform' loaded TargetPlatform 'AllDesktop'
[2019.11.11-08.22.05:581][  0]LogTemp: Display: Module 'MacClientTargetPlatform' loaded TargetPlatform 'MacClient'
[2019.11.11-08.22.05:589][  0]LogTemp: Display: Module 'MacNoEditorTargetPlatform' loaded TargetPlatform 'MacNoEditor'
[2019.11.11-08.22.05:598][  0]LogTemp: Display: Module 'MacServerTargetPlatform' loaded TargetPlatform 'MacServer'
[2019.11.11-08.22.05:608][  0]LogTemp: Display: Module 'MacTargetPlatform' loaded TargetPlatform 'Mac'
[2019.11.11-08.22.05:617][  0]LogTemp: Display: Module 'WindowsClientTargetPlatform' loaded TargetPlatform 'WindowsClient'
[2019.11.11-08.22.05:625][  0]LogTemp: Display: Module 'WindowsNoEditorTargetPlatform' loaded TargetPlatform 'WindowsNoEditor'
[2019.11.11-08.22.05:634][  0]LogTemp: Display: Module 'WindowsServerTargetPlatform' loaded TargetPlatform 'WindowsServer'
[2019.11.11-08.22.05:638][  0]LogTemp: Display: Module 'WindowsTargetPlatform' loaded TargetPlatform 'Windows'
[2019.11.11-08.22.05:668][  0]LogTemp: Display: Module 'AndroidTargetPlatform' loaded TargetPlatform 'Android'
[2019.11.11-08.22.05:668][  0]LogTemp: Display: Module 'AndroidTargetPlatform' loaded TargetPlatform 'Android_ASTC'
[2019.11.11-08.22.05:668][  0]LogTemp: Display: Module 'AndroidTargetPlatform' loaded TargetPlatform 'Android_ATC'
[2019.11.11-08.22.05:668][  0]LogTemp: Display: Module 'AndroidTargetPlatform' loaded TargetPlatform 'Android_DXT'
[2019.11.11-08.22.05:668][  0]LogTemp: Display: Module 'AndroidTargetPlatform' loaded TargetPlatform 'Android_ETC1'
[2019.11.11-08.22.05:668][  0]LogTemp: Display: Module 'AndroidTargetPlatform' loaded TargetPlatform 'Android_ETC1a'
[2019.11.11-08.22.05:668][  0]LogTemp: Display: Module 'AndroidTargetPlatform' loaded TargetPlatform 'Android_ETC2'
[2019.11.11-08.22.05:668][  0]LogTemp: Display: Module 'AndroidTargetPlatform' loaded TargetPlatform 'Android_PVRTC'
[2019.11.11-08.22.05:668][  0]LogTemp: Display: Module 'AndroidTargetPlatform' loaded TargetPlatform 'AndroidClient'
[2019.11.11-08.22.05:668][  0]LogTemp: Display: Module 'AndroidTargetPlatform' loaded TargetPlatform 'Android_ASTCClient'
[2019.11.11-08.22.05:668][  0]LogTemp: Display: Module 'AndroidTargetPlatform' loaded TargetPlatform 'Android_ATCClient'
[2019.11.11-08.22.05:668][  0]LogTemp: Display: Module 'AndroidTargetPlatform' loaded TargetPlatform 'Android_DXTClient'
[2019.11.11-08.22.05:668][  0]LogTemp: Display: Module 'AndroidTargetPlatform' loaded TargetPlatform 'Android_ETC1Client'
[2019.11.11-08.22.05:668][  0]LogTemp: Display: Module 'AndroidTargetPlatform' loaded TargetPlatform 'Android_ETC1aClient'
[2019.11.11-08.22.05:668][  0]LogTemp: Display: Module 'AndroidTargetPlatform' loaded TargetPlatform 'Android_ETC2Client'
[2019.11.11-08.22.05:668][  0]LogTemp: Display: Module 'AndroidTargetPlatform' loaded TargetPlatform 'Android_PVRTCClient'
[2019.11.11-08.22.05:668][  0]LogTemp: Display: Module 'AndroidTargetPlatform' loaded TargetPlatform 'Android_Multi'
[2019.11.11-08.22.05:668][  0]LogTemp: Display: Module 'AndroidTargetPlatform' loaded TargetPlatform 'Android_MultiClient'
[2019.11.11-08.22.05:671][  0]LogTemp: Display: Module 'HTML5TargetPlatform' loaded TargetPlatform 'HTML5'
[2019.11.11-08.22.05:692][  0]LogTemp: Display: Module 'IOSTargetPlatform' loaded TargetPlatform 'IOSClient'
[2019.11.11-08.22.05:693][  0]LogTemp: Display: Module 'IOSTargetPlatform' loaded TargetPlatform 'IOS'
[2019.11.11-08.22.05:708][  0]LogTemp: Display: Module 'TVOSTargetPlatform' loaded TargetPlatform 'TVOSClient'
[2019.11.11-08.22.05:708][  0]LogTemp: Display: Module 'TVOSTargetPlatform' loaded TargetPlatform 'TVOS'
[2019.11.11-08.22.05:717][  0]LogTemp: Display: Module 'LinuxClientTargetPlatform' loaded TargetPlatform 'LinuxClient'
[2019.11.11-08.22.05:724][  0]LogTemp: Display: Module 'LinuxNoEditorTargetPlatform' loaded TargetPlatform 'LinuxNoEditor'
[2019.11.11-08.22.05:733][  0]LogTemp: Display: Module 'LinuxServerTargetPlatform' loaded TargetPlatform 'LinuxServer'
[2019.11.11-08.22.05:744][  0]LogTemp: Display: Module 'LinuxTargetPlatform' loaded TargetPlatform 'Linux'
[2019.11.11-08.22.05:773][  0]LogTemp: Display: Module 'LuminTargetPlatform' loaded TargetPlatform 'Lumin'
[2019.11.11-08.22.05:773][  0]LogTemp: Display: Module 'LuminTargetPlatform' loaded TargetPlatform 'LuminClient'
[2019.11.11-08.22.05:773][  0]LogTargetPlatformManager: Display: Building Assets For Windows
[2019.11.11-08.22.05:784][  0]LogAudioDebug: Display: Lib vorbis DLL was dynamically loaded.
[2019.11.11-08.22.05:835][  0]LogShaderCompilers: Guid format shader working directory is 11 characters bigger than the processId version (../../../LastRegister2/LastResisters/Intermediate/Shaders/WorkingDirectory/11540/).
[2019.11.11-08.22.05:835][  0]LogShaderCompilers: Cleaned the shader compiler working directory 'C:/Users/s172091/AppData/Local/Temp/UnrealShaderWorkingDir/E40AD73D4550E9EBCCC5BBA5124B6CAB/'.
[2019.11.11-08.22.05:837][  0]LogXGEController: Cleaning working directory: C:/Users/s172091/AppData/Local/Temp/UnrealXGEWorkingDir/
[2019.11.11-08.22.05:839][  0]LogShaderCompilers: Display: Using XGE Shader Compiler (Interception Interface).
[2019.11.11-08.22.06:455][  0]LogDerivedDataCache: Display: Max Cache Size: 512 MB
[2019.11.11-08.22.06:513][  0]LogDerivedDataCache: Loaded boot cache 0.06s 108MB C:/Users/s172091/AppData/Local/UnrealEngine/4.23/DerivedDataCache/Boot.ddc.
[2019.11.11-08.22.06:514][  0]LogDerivedDataCache: Display: Loaded Boot cache: C:/Users/s172091/AppData/Local/UnrealEngine/4.23/DerivedDataCache/Boot.ddc
[2019.11.11-08.22.06:514][  0]LogDerivedDataCache: FDerivedDataBackendGraph:  Pak pak cache file ../../../LastRegister2/LastResisters/DerivedDataCache/DDC.ddp not found, will not use a pak cache.
[2019.11.11-08.22.06:514][  0]LogDerivedDataCache: Unable to find inner node Pak for hierarchical cache Hierarchy.
[2019.11.11-08.22.06:514][  0]LogDerivedDataCache: FDerivedDataBackendGraph:  CompressedPak pak cache file ../../../LastRegister2/LastResisters/DerivedDataCache/Compressed.ddp not found, will not use a pak cache.
[2019.11.11-08.22.06:514][  0]LogDerivedDataCache: Unable to find inner node CompressedPak for hierarchical cache Hierarchy.
[2019.11.11-08.22.06:524][  0]LogDerivedDataCache: Display: Pak cache opened for reading ../../../Engine/DerivedDataCache/Compressed.ddp.
[2019.11.11-08.22.06:524][  0]LogDerivedDataCache: FDerivedDataBackendGraph:  EnterprisePak pak cache file ../../../Enterprise/DerivedDataCache/Compressed.ddp not found, will not use a pak cache.
[2019.11.11-08.22.06:524][  0]LogDerivedDataCache: Unable to find inner node EnterprisePak for hierarchical cache Hierarchy.
[2019.11.11-08.22.06:528][  0]LogDerivedDataCache: Using Local data cache path C:/Users/s172091/AppData/Local/UnrealEngine/Common/DerivedDataCache: Writable
[2019.11.11-08.22.06:528][  0]LogDerivedDataCache: Shared data cache path not found in *engine.ini, will not use an Shared cache.
[2019.11.11-08.22.06:528][  0]LogDerivedDataCache: Unable to find inner node Shared for hierarchical cache Hierarchy.
[2019.11.11-08.22.06:548][  0]LogMaterial: Verifying Global Shaders for PCD3D_SM5
[2019.11.11-08.22.06:550][  0]LogSlate: Using FreeType 2.6.0
[2019.11.11-08.22.06:554][  0]LogSlate: SlateFontServices - WITH_FREETYPE: 1, WITH_HARFBUZZ: 1
[2019.11.11-08.22.06:796][  0]LogAssetRegistry: FAssetRegistry took 0.0023 seconds to start up
[2019.11.11-08.22.07:051][  0]LogInit: Selected Device Profile: [Windows]
[2019.11.11-08.22.07:198][  0]LogMeshReduction: Using QuadricMeshReduction for automatic static mesh reduction
[2019.11.11-08.22.07:198][  0]LogMeshReduction: Using SimplygonMeshReduction for automatic skeletal mesh reduction
[2019.11.11-08.22.07:198][  0]LogMeshReduction: Using ProxyLODMeshReduction for automatic mesh merging
[2019.11.11-08.22.07:198][  0]LogMeshReduction: No distributed automatic mesh merging module available
[2019.11.11-08.22.07:198][  0]LogMeshMerging: No distributed automatic mesh merging module available
[2019.11.11-08.22.07:213][  0]LogNetVersion: LastResisters 1.0.0, NetCL: 8386587, EngineNetVer: 11, GameNetVer: 0 (Checksum: 2470489391)
[2019.11.11-08.22.07:749][  0]LogPackageLocalizationCache: Processed 13 localized package path(s) for 1 prioritized culture(s) in 0.084924 seconds
[2019.11.11-08.22.07:755][  0]LogUObjectArray: 43516 objects as part of root set at end of initial load.
[2019.11.11-08.22.07:755][  0]LogUObjectAllocator: 7562664 out of 0 bytes used by permanent object pool.
[2019.11.11-08.22.07:755][  0]LogUObjectArray: CloseDisregardForGC: 0/0 objects in disregard for GC pool
[2019.11.11-08.22.10:572][  0]LogTcpMessaging: Initializing TcpMessaging bridge
[2019.11.11-08.22.10:575][  0]LogUdpMessaging: Initializing bridge on interface 0.0.0.0:0 to multicast group 230.0.0.1:6666.
[2019.11.11-08.22.10:661][  0]SourceControl: Source control is disabled
[2019.11.11-08.22.10:661][  0]SourceControl: Source control is disabled
[2019.11.11-08.22.10:663][  0]SourceControl: Source control is disabled
[2019.11.11-08.22.10:665][  0]SourceControl: Source control is disabled
[2019.11.11-08.22.10:793][  0]LogOnline: Oculus: Oculus Startup!
[2019.11.11-08.22.10:795][  0]LogAndroidPermission: UAndroidPermissionCallbackProxy::GetInstance
[2019.11.11-08.22.10:894][  0]LogAvatars: Display: UOvrAvatarManager::InitializeSDK()
[2019.11.11-08.22.10:896][  0]LogLinker: Warning: Asset '../../Plugins/Runtime/Oculus/OculusAvatar/Content/Materials/AvatarsPBR_2/OculusAvatars_PBRV2_Mobile.uasset' has been saved with empty engine version. The asset will be loaded but may be incompatible.
[2019.11.11-08.22.10:900][  0]LogLinker: Warning: Asset '../../Plugins/Runtime/Oculus/OculusAvatar/Content/Materials/AvatarsPBR_2/AvatarLighting.uasset' has been saved with empty engine version. The asset will be loaded but may be incompatible.
[2019.11.11-08.22.10:902][  0]LogLinker: Warning: Asset '../../Plugins/Runtime/Oculus/OculusAvatar/Content/Materials/AvatarsPBR_2/Functions/DistributionGGX.uasset' has been saved with empty engine version. The asset will be loaded but may be incompatible.
[2019.11.11-08.22.10:903][  0]LogLinker: Warning: Asset '../../Plugins/Runtime/Oculus/OculusAvatar/Content/Materials/AvatarsPBR_2/Functions/GeometryGGXPartial.uasset' has been saved with empty engine version. The asset will be loaded but may be incompatible.
[2019.11.11-08.22.10:906][  0]LogLinker: Warning: Asset '../../Plugins/Runtime/Oculus/OculusAvatar/Content/Materials/AvatarsPBR_2/Functions/SchlickFresnel.uasset' has been saved with empty engine version. The asset will be loaded but may be incompatible.
[2019.11.11-08.22.10:909][  0]LogLinker: Warning: Asset '../../Plugins/Runtime/Oculus/OculusAvatar/Content/Materials/AvatarsPBR_2/Assets/fallbackAlbedo.uasset' has been saved with empty engine version. The asset will be loaded but may be incompatible.
[2019.11.11-08.22.10:911][  0]LogLinker: Warning: Asset '../../Plugins/Runtime/Oculus/OculusAvatar/Content/Materials/AvatarsPBR_2/Assets/fallbackNormal.uasset' has been saved with empty engine version. The asset will be loaded but may be incompatible.
[2019.11.11-08.22.10:913][  0]LogLinker: Warning: Asset '../../Plugins/Runtime/Oculus/OculusAvatar/Content/Materials/AvatarsPBR_2/Assets/fallbackRoughness.uasset' has been saved with empty engine version. The asset will be loaded but may be incompatible.
[2019.11.11-08.22.10:924][  0]LogLinker: Warning: Asset '../../Plugins/Runtime/Oculus/OculusAvatar/Content/Materials/AvatarsPBR_2/OculusAvatars_PBRV2_Mobile_Combined.uasset' has been saved with empty engine version. The asset will be loaded but may be incompatible.
[2019.11.11-08.22.10:926][  0]LogLinker: Warning: Asset '../../Plugins/Runtime/Oculus/OculusAvatar/Content/Materials/AvatarsPBR_2/Functions/ComputeCombinedMeshColor.uasset' has been saved with empty engine version. The asset will be loaded but may be incompatible.
[2019.11.11-08.22.10:942][  0]LogLinker: Warning: Asset '../../Plugins/Runtime/Oculus/OculusAvatar/Content/Materials/AvatarsPBR_2/OculusAvatars_PBRV2_Exp_Opaque_Body_Mobile.uasset' has been saved with empty engine version. The asset will be loaded but may be incompatible.
[2019.11.11-08.22.10:945][  0]LogLinker: Warning: Asset '../../Plugins/Runtime/Oculus/OculusAvatar/Content/Materials/AvatarsPBR_2/Functions/CombineMasks.uasset' has been saved with empty engine version. The asset will be loaded but may be incompatible.
[2019.11.11-08.22.10:947][  0]LogLinker: Warning: Asset '../../Plugins/Runtime/Oculus/OculusAvatar/Content/Materials/AvatarsPBR_2/Functions/ComputeMask.uasset' has been saved with empty engine version. The asset will be loaded but may be incompatible.
[2019.11.11-08.22.10:959][  0]LogLinker: Warning: Asset '../../Plugins/Runtime/Oculus/OculusAvatar/Content/Materials/AvatarsPBR_2/OculusAvatars_PBRV2_Exp_Opaque_Simple_Mobile.uasset' has been saved with empty engine version. The asset will be loaded but may be incompatible.
[2019.11.11-08.22.10:969][  0]LogLinker: Warning: Asset '../../Plugins/Runtime/Oculus/OculusAvatar/Content/Materials/AvatarsPBR_2/OculusAvatars_PBRV2_Combined_Exp_Opaque_Mobile.uasset' has been saved with empty engine version. The asset will be loaded but may be incompatible.
[2019.11.11-08.22.10:982][  0]LogLinker: Warning: Asset '../../Plugins/Runtime/Oculus/OculusAvatar/Content/Materials/AvatarsPBR_2/OculusAvatars_PBRV2.uasset' has been saved with empty engine version. The asset will be loaded but may be incompatible.
[2019.11.11-08.22.10:993][  0]LogLinker: Warning: Asset '../../Plugins/Runtime/Oculus/OculusAvatar/Content/Materials/AvatarsPBR_2/OculusAvatars_PBRV2_Combined.uasset' has been saved with empty engine version. The asset will be loaded but may be incompatible.
[2019.11.11-08.22.11:007][  0]LogLinker: Warning: Asset '../../Plugins/Runtime/Oculus/OculusAvatar/Content/Materials/AvatarsPBR_2/OculusAvatars_PBRV2_Exp_Masked_Body.uasset' has been saved with empty engine version. The asset will be loaded but may be incompatible.
[2019.11.11-08.22.11:011][  0]LogLinker: Warning: Asset '../../Plugins/Runtime/Oculus/OculusAvatar/Content/Materials/AvatarsPBR_2/Functions/DitherAlphaToOpacityMask.uasset' has been saved with empty engine version. The asset will be loaded but may be incompatible.
[2019.11.11-08.22.11:014][  0]LogLinker: Warning: Asset '../../Plugins/Runtime/Oculus/OculusAvatar/Content/Materials/AvatarsPBR_2/Functions/LDR_LLL1_0.uasset' has been saved with empty engine version. The asset will be loaded but may be incompatible.
[2019.11.11-08.22.11:027][  0]LogLinker: Warning: Asset '../../Plugins/Runtime/Oculus/OculusAvatar/Content/Materials/AvatarsPBR_2/OculusAvatars_PBRV2_Exp_Alpha_Body.uasset' has been saved with empty engine version. The asset will be loaded but may be incompatible.
[2019.11.11-08.22.11:040][  0]LogLinker: Warning: Asset '../../Plugins/Runtime/Oculus/OculusAvatar/Content/Materials/AvatarsPBR_2/OculusAvatars_PBRV2_Exp_Opaque_Body.uasset' has been saved with empty engine version. The asset will be loaded but may be incompatible.
[2019.11.11-08.22.11:051][  0]LogLinker: Warning: Asset '../../Plugins/Runtime/Oculus/OculusAvatar/Content/Materials/AvatarsPBR_2/OculusAvatars_PBRV2_Exp_Alpha_Simple.uasset' has been saved with empty engine version. The asset will be loaded but may be incompatible.
[2019.11.11-08.22.11:061][  0]LogLinker: Warning: Asset '../../Plugins/Runtime/Oculus/OculusAvatar/Content/Materials/AvatarsPBR_2/OculusAvatars_PBRV2_Exp_Masked_Simple.uasset' has been saved with empty engine version. The asset will be loaded but may be incompatible.
[2019.11.11-08.22.11:072][  0]LogLinker: Warning: Asset '../../Plugins/Runtime/Oculus/OculusAvatar/Content/Materials/AvatarsPBR_2/OculusAvatars_PBRV2_Exp_Opaque_Simple.uasset' has been saved with empty engine version. The asset will be loaded but may be incompatible.
[2019.11.11-08.22.11:081][  0]LogLinker: Warning: Asset '../../Plugins/Runtime/Oculus/OculusAvatar/Content/Materials/AvatarsPBR_2/OculusAvatars_PBRV2_Combined_Exp_Masked.uasset' has been saved with empty engine version. The asset will be loaded but may be incompatible.
[2019.11.11-08.22.11:097][  0]LogLinker: Warning: Asset '../../Plugins/Runtime/Oculus/OculusAvatar/Content/Materials/AvatarsPBR_2/OculusAvatars_PBRV2_Combined_Exp_Opaque.uasset' has been saved with empty engine version. The asset will be loaded but may be incompatible.
[2019.11.11-08.22.11:111][  0]LogLinker: Warning: Asset '../../Plugins/Runtime/Oculus/OculusAvatar/Content/Materials/AvatarsPBR_2/OculusAvatars_PBRV2_Combined_Exp_Alpha.uasset' has been saved with empty engine version. The asset will be loaded but may be incompatible.
[2019.11.11-08.22.11:127][  0]LogLinker: Warning: Asset '../../Plugins/Runtime/Oculus/OculusAvatar/Content/Materials/AvatarsPBR_2/OculusAvatars_PBRV2_EyeShell.uasset' has been saved with empty engine version. The asset will be loaded but may be incompatible.
[2019.11.11-08.22.11:136][  0]LogLinker: Warning: Asset '../../Plugins/Runtime/Oculus/OculusAvatar/Content/Materials/AvatarsPBR_2/OculusAvatars_PBRV2_ExpressiveController.uasset' has been saved with empty engine version. The asset will be loaded but may be incompatible.
[2019.11.11-08.22.11:856][  0]LogAvatars: Display: Oculus Avatars No App Id Found: SHUTTING DOWN 牡慍慮敧⹲灣p
[2019.11.11-08.22.11:857][  0]LogOcInput: OculusInput pre-init called
[2019.11.11-08.22.13:218][  0]LogClass: Warning: FWeaponSkillGauge::Color is not initialized properly
[2019.11.11-08.22.13:219][  0]LogClass: Display: 1 Uninitialized script stuct members found
[2019.11.11-08.22.13:219][  0]LogAutomationTest: Warning: FWeaponSkillGauge::Color is not initialized properly
[2019.11.11-08.22.13:219][  0]LogEngine: Initializing Engine...
[2019.11.11-08.22.13:222][  0]LogHMD: Failed to initialize OpenVR with code 110
[2019.11.11-08.22.13:222][  0]LogStats: UGameplayTagsManager::InitializeManager -  0.000 s
[2019.11.11-08.22.13:449][  0]LogInit: Initializing FReadOnlyCVARCache
[2019.11.11-08.22.13:462][  0]LogAIModule: Creating AISystem for world Untitled
[2019.11.11-08.22.13:469][  0]LogInit: XAudio2 using 'RDT233WLM (NVIDIA High Definition Audio)' : 2 channels at 48 kHz using 16 bits per sample (channel mask 0x3)
[2019.11.11-08.22.13:496][  0]LogInit: FAudioDevice initialized.
[2019.11.11-08.22.13:496][  0]LogNetVersion: Set ProjectVersion to 1.0.0.0. Version Checksum will be recalculated on next use.
[2019.11.11-08.22.13:577][  0]LogDerivedDataCache: Saved boot cache 0.08s 108MB C:/Users/s172091/AppData/Local/UnrealEngine/4.23/DerivedDataCache/Boot.ddc.
[2019.11.11-08.22.13:583][  0]LogInit: Texture streaming: Enabled
[2019.11.11-08.22.13:602][  0]LogEngineSessionManager: EngineSessionManager initialized
[2019.11.11-08.22.13:602][  0]LogEditorSessionSummary: Verbose: Initializing EditorSessionSummaryWriter for editor session tracking
[2019.11.11-08.22.13:604][  0]LogEditorSessionSummary: EditorSessionSummaryWriter initialized
[2019.11.11-08.22.13:675][  0]LogInit: Transaction tracking system initialized
[2019.11.11-08.22.13:703][  0]BlueprintLog: New page: Editor Load
[2019.11.11-08.22.13:778][  0]LocalizationService: Localization service is disabled
[2019.11.11-08.22.14:355][  0]LogFileCache: Scanning file cache for directory 'D:/UE_4.23/LastRegister2/LastResisters/Content/' took 0.01s
[2019.11.11-08.22.14:355][  0]LogCook: Display: Max memory allowance for cook 16384mb min free memory 0mb
[2019.11.11-08.22.14:355][  0]LogCook: Display: Mobile HDR setting 1
[2019.11.11-08.22.14:638][  0]SourceControl: Source control is disabled
[2019.11.11-08.22.14:849][  0]LogWindowsTextInputMethodSystem: Display: IME system now activated using TSF (Microsoft IME).
[2019.11.11-08.22.14:856][  0]LogSlate: Took 0.001855 seconds to synchronously load lazily loaded font '../../../Engine/Content/Slate/Fonts/Roboto-Regular.ttf' (155K)
[2019.11.11-08.22.23:375][  0]LogSlate: Window 'Restore Packages' being destroyed
[2019.11.11-08.22.23:378][  0]LogWindowsTextInputMethodSystem: Display: IME system now activated using TSF (Microsoft IME).
[2019.11.11-08.22.23:392][  0]LogWindowsTextInputMethodSystem: Display: IME system now activated using TSF (Microsoft IME).
[2019.11.11-08.22.24:653][  0]LogSlate: Window 'Unable to Check Out From Source Control!' being destroyed
[2019.11.11-08.22.24:656][  0]LogWindowsTextInputMethodSystem: Display: IME system now activated using TSF (Microsoft IME).
[2019.11.11-08.22.24:677][  0]LogWindowsTextInputMethodSystem: Display: IME system now activated using TSF (Microsoft IME).
[2019.11.11-08.22.24:678][  0]Cmd: MAP LOAD FILE="../../../Engine/Content/Maps/Templates/Template_Default.umap" TEMPLATE=1 SHOWPROGRESS=1 FEATURELEVEL=3
[2019.11.11-08.22.24:680][  0]LightingResults: New page: Lighting Build
[2019.11.11-08.22.24:683][  0]LogWorld: UWorld::CleanupWorld for Untitled, bSessionEnded=true, bCleanupResources=true
[2019.11.11-08.22.24:683][  0]MapCheck: New page: Map Check
[2019.11.11-08.22.24:683][  0]LightingResults: New page: Lighting Build
[2019.11.11-08.22.24:708][  0]LogUObjectHash: Compacting FUObjectHashTables data took   2.01ms
[2019.11.11-08.22.24:807][  0]LogAIModule: Creating AISystem for world Untitled_1
[2019.11.11-08.22.24:815][  0]LogEditorServer: Finished looking for orphan Actors (0.000 secs)
[2019.11.11-08.22.24:838][  0]LogUObjectHash: Compacting FUObjectHashTables data took   1.87ms
[2019.11.11-08.22.24:839][  0]Cmd: MAP CHECKDEP NOCLEARLOG
[2019.11.11-08.22.24:839][  0]MapCheck: Map check complete: 0 Error(s), 0 Warning(s), took 0.139ms to complete.
[2019.11.11-08.22.24:839][  0]LogFileHelpers: Loading map 'Template_Default' took 0.162
[2019.11.11-08.22.24:904][  0]LogSlate: Updating window title bar state: overlay mode, drag disabled, window buttons hidden, title bar hidden
[2019.11.11-08.22.24:911][  0]LogSlate: Updating window title bar state: overlay mode, drag disabled, window buttons hidden, title bar hidden
[2019.11.11-08.22.24:917][  0]LogSlate: Updating window title bar state: overlay mode, drag disabled, window buttons hidden, title bar hidden
[2019.11.11-08.22.24:923][  0]LogSlate: Updating window title bar state: overlay mode, drag disabled, window buttons hidden, title bar hidden
[2019.11.11-08.22.24:931][  0]LogCollectionManager: Loaded 0 collections in 0.000951 seconds
[2019.11.11-08.22.24:937][  0]LogFileCache: Scanning file cache for directory 'D:/UE_4.23/LastRegister2/LastResisters/Saved/Collections/' took 0.00s
[2019.11.11-08.22.24:937][  0]LogFileCache: Scanning file cache for directory 'D:/UE_4.23/LastRegister2/LastResisters/Content/Developers/s172091/Collections/' took 0.00s
[2019.11.11-08.22.24:937][  0]LogFileCache: Scanning file cache for directory 'D:/UE_4.23/LastRegister2/LastResisters/Content/Collections/' took 0.00s
[2019.11.11-08.22.24:937][  0]LogCollectionManager: Rebuilt the GUID cache for 0 collections in 0.000002 seconds
[2019.11.11-08.22.24:945][  0]LogContentBrowser: Native class hierarchy populated in 0.0071 seconds. Added 2908 classes and 709 folders.
[2019.11.11-08.22.24:951][  0]LogContentBrowser: Native class hierarchy updated for 'WidgetCarousel' in 0.0003 seconds. Added 0 classes and 0 folders.
[2019.11.11-08.22.25:124][  0]LogContentBrowser: Native class hierarchy updated for 'AddContentDialog' in 0.0003 seconds. Added 0 classes and 0 folders.
[2019.11.11-08.22.25:130][  0]LogContentBrowser: Native class hierarchy updated for 'SceneOutliner' in 0.0004 seconds. Added 1 classes and 2 folders.
[2019.11.11-08.22.25:181][  0]LogSlate: Took 0.002048 seconds to synchronously load lazily loaded font '../../../Engine/Content/Slate/Fonts/Roboto-Bold.ttf' (160K)
[2019.11.11-08.22.25:185][  0]LogSlate: Took 0.001954 seconds to synchronously load lazily loaded font '../../../Engine/Content/Editor/Slate/Fonts/FontAwesome.ttf' (139K)
[2019.11.11-08.22.25:210][  0]LogRenderer: Reallocating scene render targets to support 1528x572 Format 10 NumSamples 1 (Frame:1).
[2019.11.11-08.22.25:291][  0]LogContentBrowser: Native class hierarchy updated for 'HierarchicalLODOutliner' in 0.0003 seconds. Added 0 classes and 0 folders.
[2019.11.11-08.22.25:291][  0]LogLoad: (Engine Initialization) Total time: 23.24 seconds
[2019.11.11-08.22.25:291][  0]LogLoad: (Engine Initialization) Total Blueprint compile time: 0.00 seconds
[2019.11.11-08.22.25:351][  0]LogContentStreaming: Texture pool size now 1000 MB
[2019.11.11-08.22.25:662][  6]LogAssetRegistry: Asset discovery search completed in 18.8661 seconds
[2019.11.11-08.22.25:665][  6]LogCollectionManager: Rebuilt the object cache for 0 collections in 0.000003 seconds (found 0 objects)
[2019.11.11-08.22.25:665][  6]LogCollectionManager: Fixed up redirectors for 0 collections in 0.000046 seconds (updated 0 objects)
[2019.11.11-08.22.26:313][ 82]LogSlate: Took 0.001939 seconds to synchronously load lazily loaded font '../../../Engine/Content/Slate/Fonts/Roboto-Light.ttf' (167K)
[2019.11.11-08.22.28:018][287]LogSlate: FSceneViewport::OnFocusLost() reason 0
[2019.11.11-08.22.28:098][296]LogSlate: Took 0.000666 seconds to synchronously load lazily loaded font '../../../Engine/Content/Slate/Fonts/Roboto-Light.ttf' (167K)
[2019.11.11-08.22.42:999][  0]LogAIModule: Creating AISystem for world Title
[2019.11.11-08.22.43:021][  0]LogAssetEditorManager: Opening Asset editor for World /Game/Game/Level/Maps/Title/Title.Title
[2019.11.11-08.22.43:045][  0]LogUObjectHash: Compacting FUObjectHashTables data took   1.98ms
[2019.11.11-08.22.43:046][  0]Cmd: MAP LOAD FILE="../../../LastRegister2/LastResisters/Content/Game/Level/Maps/Title/Title.umap" TEMPLATE=0 SHOWPROGRESS=1 FEATURELEVEL=3
[2019.11.11-08.22.43:046][  0]LightingResults: New page: Lighting Build
[2019.11.11-08.22.43:046][  0]LoadErrors: New page: Loading map: Title.umap
[2019.11.11-08.22.43:046][  0]LogWorld: UWorld::CleanupWorld for Untitled_1, bSessionEnded=true, bCleanupResources=true
[2019.11.11-08.22.43:046][  0]MapCheck: New page: Map Check
[2019.11.11-08.22.43:046][  0]LightingResults: New page: Lighting Build
[2019.11.11-08.22.43:067][  0]LogUObjectHash: Compacting FUObjectHashTables data took   1.44ms
[2019.11.11-08.22.43:130][  0]LogEditorServer: Finished looking for orphan Actors (0.000 secs)
[2019.11.11-08.22.43:152][  0]LogUObjectHash: Compacting FUObjectHashTables data took   1.27ms
[2019.11.11-08.22.43:167][  0]Cmd: MAP CHECKDEP NOCLEARLOG
[2019.11.11-08.22.43:167][  0]MapCheck: Map check complete: 0 Error(s), 0 Warning(s), took 0.08ms to complete.
[2019.11.11-08.22.43:167][  0]LogFileHelpers: Loading map 'Title' took 0.123
[2019.11.11-08.22.58:489][196]LogFactory: FactoryCreateFile: StaticMesh with FbxFactory (0 0 C:/Users/s172091/Desktop/TestShieldModel002.FBX)
[2019.11.11-08.22.58:504][196]LogFbx: Loading FBX Scene from C:/Users/s172091/Desktop/TestShieldModel002.FBX
[2019.11.11-08.22.58:513][196]LogFbx: FBX Scene Loaded Succesfully
[2019.11.11-08.22.59:400][196]LogSlate: Window 'FBX Import Options' being destroyed
[2019.11.11-08.22.59:484][196]LogStaticMesh: Building static mesh TestShieldModel002...
[2019.11.11-08.22.59:537][196]LogStaticMesh: Built static mesh [0.05s] /Game/Game/Mesh/EnemyShield/TestShieldModel002.TestShieldModel002
[2019.11.11-08.22.59:568][196]FBXImport: Warning: No smoothing group information was found in this FBX scene.  Please make sure to enable the 'Export Smoothing Groups' option in the FBX Exporter plug-in before exporting the file.  Even for tools that don't support smoothing groups, the FBX Exporter will generate appropriate smoothing data at export-time so that correct vertex normals can be inferred while importing. 
[2019.11.11-08.23.01:025][361]LogSlate: Window 'Message Log' being destroyed
[2019.11.11-08.23.01:030][361]LogSlate: Window 'Message Log' being destroyed
[2019.11.11-08.23.02:740][564]LogUObjectHash: Compacting FUObjectHashTables data took   1.29ms
[2019.11.11-08.23.02:761][564]Cmd: OBJ SAVEPACKAGE PACKAGE="/Game/Game/Mesh/EnemyShield/TestShieldModel002" FILE="../../../LastRegister2/LastResisters/Content/Game/Mesh/EnemyShield/TestShieldModel002.uasset" SILENT=true
[2019.11.11-08.23.02:787][564]LogSavePackage: Moving '../../../LastRegister2/LastResisters/Saved/TestShieldModel002BD04422541FCE8C22F1345A32D241D30.tmp' to '../../../LastRegister2/LastResisters/Content/Game/Mesh/EnemyShield/TestShieldModel002.uasset'
[2019.11.11-08.23.03:542][652]LogAssetEditorManager: Opening Asset editor for StaticMesh /Game/Game/Mesh/EnemyShield/TestShieldModel002.TestShieldModel002
[2019.11.11-08.23.03:877][652]LogRenderer: Reallocating scene render targets to support 1528x920 Format 10 NumSamples 1 (Frame:1).
[2019.11.11-08.23.03:877][652]LogSlate: Took 0.001988 seconds to synchronously load lazily loaded font '../../../Engine/Content/Slate/Fonts/Roboto-Italic.ttf' (157K)
[2019.11.11-08.23.29:793][560]LogSlate: Window 'TestShieldModel002' being destroyed
[2019.11.11-08.23.29:804][560]LogWorld: UWorld::CleanupWorld for World_1, bSessionEnded=true, bCleanupResources=true
[2019.11.11-08.23.36:623][351]LogMaterial: Display: Missing cached shader map for material Material_0, compiling. 
[2019.11.11-08.23.39:074][634]LogAssetEditorManager: Opening Asset editor for Material /Game/Game/Material/EnemyShieldMaterial/M_DefaultEnemyShield.M_DefaultEnemyShield
[2019.11.11-08.23.39:076][634]LogMaterial: Display: Missing cached shader map for material M_DefaultEnemyShield, compiling. 
[2019.11.11-08.23.39:159][634]LogMaterial: Display: Missing cached shader map for material M_DefaultEnemyShield, compiling. 
[2019.11.11-08.23.39:177][634]LogMaterial: Display: Missing cached shader map for material M_DefaultEnemyShield, compiling. 
[2019.11.11-08.23.39:200][634]LogMaterial: Display: Missing cached shader map for material FMatExpressionPreview MaterialExpressionTextureSample_0, compiling. 
[2019.11.11-08.23.39:229][634]LogSlate: Took 0.002199 seconds to synchronously load lazily loaded font '../../../Engine/Content/Slate/Fonts/Roboto-BoldCondensed.ttf' (158K)
[2019.11.11-08.23.43:890][172]LogMaterial: Display: Missing cached shader map for material M_DefaultEnemyShield, compiling. 
[2019.11.11-08.23.43:910][172]LogMaterial: Display: Missing cached shader map for material M_DefaultEnemyShield, compiling. 
[2019.11.11-08.23.44:845][279]LogMaterial: Display: Missing cached shader map for material M_DefaultEnemyShield, compiling. 
[2019.11.11-08.23.45:454][347]LogMaterialEditor: Saving and Compiling material M_DefaultEnemyShield
[2019.11.11-08.23.46:804][347]LogMaterial: Display: Missing cached shader map for material M_DefaultEnemyShield, compiling. 
[2019.11.11-08.23.46:854][347]LogMaterial: Display: Missing cached shader map for material M_DefaultEnemyShield, compiling. 
[2019.11.11-08.23.46:884][347]LogMaterial: Display: Missing cached shader map for material M_DefaultEnemyShield, compiling. 
[2019.11.11-08.23.46:928][347]LogUObjectHash: Compacting FUObjectHashTables data took   2.26ms
[2019.11.11-08.23.46:935][347]LogMaterial: Display: Missing cached shader map for material DebugViewMode MaterialTexCoordScale, compiling. 
[2019.11.11-08.24.24:827][347]TextureStreamingBuild: Display: Compiling optional shaders took 37.898 seconds.
[2019.11.11-08.24.24:849][347]LogUObjectHash: Compacting FUObjectHashTables data took   0.61ms
[2019.11.11-08.24.24:909][347]LogSavePackage: Moving '../../../LastRegister2/LastResisters/Saved/M_DefaultEnemyShieldC7ECABB7440767F3F00BBE937D4773BF.tmp' to '../../../LastRegister2/LastResisters/Content/Game/Material/EnemyShieldMaterial/M_DefaultEnemyShield.uasset'
[2019.11.11-08.24.24:927][347]MaterialEditorStats: Base pass shader without light map: 56 instructions
[2019.11.11-08.24.24:927][347]MaterialEditorStats: Base pass vertex shader: 141 instructions
[2019.11.11-08.24.24:927][347]MaterialEditorStats: Base pass vertex shader: 184 instructions
[2019.11.11-08.24.24:927][347]MaterialEditorStats: Texture samplers: 3/16
[2019.11.11-08.24.24:927][347]MaterialEditorStats: Texture Lookups (Est.): VS(0), PS(1)
[2019.11.11-08.24.24:927][347]MaterialEditorStats: User interpolators: 2/4 Scalars (1/4 Vectors) (TexCoords: 2, Custom: 0)
[2019.11.11-08.24.29:829][921]LogSlate: FSceneViewport::OnFocusLost() reason 0
[2019.11.11-08.24.30:493][993]LogSlate: Window 'M_DefaultEnemyShield' being destroyed
[2019.11.11-08.24.33:346][335]LogTemp: Repeating last play command: Selected Viewport
[2019.11.11-08.24.33:354][335]LogBlueprintUserMessages: Early PlayInEditor Detection: Level '/Game/Game/Level/Maps/Title/Title.Title:PersistentLevel' has LevelScriptBlueprint '/Game/Game/Level/Maps/Title/Title.Title:PersistentLevel.Title' with GeneratedClass '/Game/Game/Level/Maps/Title/Title.Title_C' with ClassGeneratedBy '/Game/Game/Level/Maps/Title/Title.Title:PersistentLevel.Title'
[2019.11.11-08.24.33:354][335]LogPlayLevel: PlayLevel: No blueprints needed recompiling
[2019.11.11-08.24.33:354][335]PIE: New page: PIE session: Title (Nov 12, 2019, 2:24:33 AM)
[2019.11.11-08.24.33:356][335]LogOnline: OSS: Creating online subsystem instance for: NULL
[2019.11.11-08.24.33:357][335]LogPlayLevel: Creating play world package: /Game/Game/Level/Maps/Title/UEDPIE_0_Title
[2019.11.11-08.24.33:362][335]LogPlayLevel: PIE: StaticDuplicateObject took: (0.004959s)
[2019.11.11-08.24.33:362][335]LogAIModule: Creating AISystem for world Title
[2019.11.11-08.24.33:362][335]LogPlayLevel: PIE: World Init took: (0.000726s)
[2019.11.11-08.24.33:362][335]LogPlayLevel: PIE: Created PIE world by copying editor world from /Game/Game/Level/Maps/Title/Title.Title to /Game/Game/Level/Maps/Title/UEDPIE_0_Title.Title (0.005906s)
[2019.11.11-08.24.33:383][335]LogUObjectHash: Compacting FUObjectHashTables data took   1.25ms
[2019.11.11-08.24.33:387][335]LogInit: XAudio2 using 'RDT233WLM (NVIDIA High Definition Audio)' : 2 channels at 48 kHz using 16 bits per sample (channel mask 0x3)
[2019.11.11-08.24.33:395][335]LogInit: FAudioDevice initialized.
[2019.11.11-08.24.33:407][335]LogLoad: Game class is 'GameMode'
[2019.11.11-08.24.33:409][335]LogWorld: Bringing World /Game/Game/Level/Maps/Title/UEDPIE_0_Title.Title up for play (max tick rate 0) at 2019.11.11-17.24.33
[2019.11.11-08.24.33:409][335]LogWorld: Bringing up level for play took: 0.001404
[2019.11.11-08.24.33:409][335]LogOnline: OSS: Creating online subsystem instance for: :Context_6
[2019.11.11-08.24.33:415][335]LogContentBrowser: Native class hierarchy updated for 'MovieSceneCapture' in 0.0004 seconds. Added 20 classes and 0 folders.
[2019.11.11-08.24.33:415][335]LogGameMode: Display: Match State Changed from EnteringMap to WaitingToStart
[2019.11.11-08.24.33:415][335]LogGameState: Match State Changed from EnteringMap to WaitingToStart
[2019.11.11-08.24.33:415][335]LogGameMode: Display: Match State Changed from WaitingToStart to InProgress
[2019.11.11-08.24.33:417][335]PIE: Warning: Invalid Simulate Options: Body (BP_Weapons_C_0.StaticMeshComponent0) is set to simulate physics but Collision Enabled is incompatible
[2019.11.11-08.24.33:417][335]PIE: Warning: Invalid Simulate Options: Body (BP_Weapons_C_0.StaticMeshComponent0) is set to simulate physics but Collision Enabled is incompatible
[2019.11.11-08.24.33:417][335]PIE: Warning: Invalid Simulate Options: Body (BP_Weapons_C_0.StaticMeshComponent0 SM_Katana) is set to simulate physics but Collision Enabled is incompatible
[2019.11.11-08.24.33:418][335]PIE: Warning: Invalid Simulate Options: Body (BP_Weapons_C_0.StaticMeshComponent0 SM_Katana) is set to simulate physics but Collision Enabled is incompatible
[2019.11.11-08.24.33:419][335]LogLevel: Warning: DisableInput on a LevelScript actor can not be specified for only one PlayerController.  Disabling for all PlayerControllers.
[2019.11.11-08.24.33:419][335]LogGameState: Match State Changed from WaitingToStart to InProgress
[2019.11.11-08.24.33:419][335]PIE: Play in editor start time for /Game/Game/Level/Maps/Title/UEDPIE_0_Title 0.514
[2019.11.11-08.24.33:419][335]LogBlueprintUserMessages: Late PlayInEditor Detection: Level '/Game/Game/Level/Maps/Title/Title.Title:PersistentLevel' has LevelScriptBlueprint '/Game/Game/Level/Maps/Title/Title.Title:PersistentLevel.Title' with GeneratedClass '/Game/Game/Level/Maps/Title/Title.Title_C' with ClassGeneratedBy '/Game/Game/Level/Maps/Title/Title.Title:PersistentLevel.Title'
[2019.11.11-08.24.33:850][385]LogLevel: Warning: EnableInput on a LevelScript actor can not be specified for only one PlayerController.  Enabling for all PlayerControllers.
[2019.11.11-08.24.37:784][857]LogBlueprintUserMessages: Early EndPlayMap Detection: Level '/Game/Game/Level/Maps/Title/Title.Title:PersistentLevel' has LevelScriptBlueprint '/Game/Game/Level/Maps/Title/Title.Title:PersistentLevel.Title' with GeneratedClass '/Game/Game/Level/Maps/Title/Title.Title_C' with ClassGeneratedBy '/Game/Game/Level/Maps/Title/Title.Title:PersistentLevel.Title'
[2019.11.11-08.24.37:784][857]LogSlate: Updating window title bar state: overlay mode, drag disabled, window buttons hidden, title bar hidden
[2019.11.11-08.24.37:784][857]LogWorld: BeginTearingDown for /Game/Game/Level/Maps/Title/UEDPIE_0_Title
[2019.11.11-08.24.37:784][857]LogWorld: UWorld::CleanupWorld for Title, bSessionEnded=true, bCleanupResources=true
[2019.11.11-08.24.37:790][857]LogPlayLevel: Display: Shutting down PIE online subsystems
[2019.11.11-08.24.37:790][857]LogBlueprintUserMessages: Late EndPlayMap Detection: Level '/Game/Game/Level/Maps/Title/Title.Title:PersistentLevel' has LevelScriptBlueprint '/Game/Game/Level/Maps/Title/Title.Title:PersistentLevel.Title' with GeneratedClass '/Game/Game/Level/Maps/Title/Title.Title_C' with ClassGeneratedBy '/Game/Game/Level/Maps/Title/Title.Title:PersistentLevel.Title'
[2019.11.11-08.24.37:814][857]LogSlate: Updating window title bar state: overlay mode, drag disabled, window buttons hidden, title bar hidden
[2019.11.11-08.24.37:817][857]LogUObjectHash: Compacting FUObjectHashTables data took   1.30ms
[2019.11.11-08.24.37:824][857]LogSlate: FSceneViewport::OnFocusLost() reason 5
[2019.11.11-08.24.37:884][863]LogPlayLevel: Display: Destroying online subsystem :Context_6
[2019.11.11-08.24.38:870][979]LogSlate: Window 'Message Log' being destroyed
[2019.11.11-08.24.38:875][979]LogSlate: Window 'Message Log' being destroyed
[2019.11.11-08.24.39:484][ 52]LogSlate: FSceneViewport::OnFocusLost() reason 0
[2019.11.11-08.24.46:037][837]LogAssetEditorManager: Opening Asset editor for Blueprint /Game/Game/Blueprints/Enemyshield/BP_EnemyShield.BP_EnemyShield
[2019.11.11-08.24.46:230][837]LogContentBrowser: Native class hierarchy updated for 'BlueprintGraph' in 0.0005 seconds. Added 121 classes and 0 folders.
[2019.11.11-08.24.50:634][271]LogSlate: FSceneViewport::OnFocusLost() reason 0
[2019.11.11-08.25.04:005][864]LogSlate: FSceneViewport::OnFocusLost() reason 0
[2019.11.11-08.25.12:570][886]Cmd: OBJ SAVEPACKAGE PACKAGE="/Game/Game/Mesh/EnemyShield/TestShieldModel002" FILE="../../../LastRegister2/LastResisters/Content/Game/Mesh/EnemyShield/TestShieldModel002.uasset" SILENT=true
[2019.11.11-08.25.12:602][886]LogSavePackage: Moving '../../../LastRegister2/LastResisters/Saved/TestShieldModel002EF37D4CA4D38F86C67AE2C92086225D3.tmp' to '../../../LastRegister2/LastResisters/Content/Game/Mesh/EnemyShield/TestShieldModel002.uasset'
[2019.11.11-08.25.14:859][150]LogDestructible: Warning: MainMesh Tris: 8070
[2019.11.11-08.25.15:032][150]LogApexDestructibleAssetImport: Warning: Using default materials for material slot
[2019.11.11-08.25.15:033][150]LogApexDestructibleAssetImport: Warning: Bones digested - 2  Depth of hierarchy - 2
[2019.11.11-08.25.15:104][150]LogSkeletalMesh: Section 0: 4260 vertices, 1 active bones
[2019.11.11-08.25.15:107][150]LogSkeletalMesh: Section 0: Material=0, 8070 triangles
[2019.11.11-08.25.15:108][150]LogSkeletalMesh: Building Skeletal Mesh TestShieldModel002_DM...
[2019.11.11-08.25.15:114][150]LogSkeletalMesh: Built Skeletal Mesh [0.01s] /Game/Game/Mesh/EnemyShield/TestShieldModel002_DM.TestShieldModel002_DM
[2019.11.11-08.25.15:117][150]LogSkeletalMesh: Building Skeletal Mesh TestShieldModel002_DM...
[2019.11.11-08.25.15:124][150]LogSkeletalMesh: Built Skeletal Mesh [0.01s] /Game/Game/Mesh/EnemyShield/TestShieldModel002_DM.TestShieldModel002_DM
[2019.11.11-08.25.15:133][150]LogAssetEditorManager: Opening Asset editor for DestructibleMesh /Game/Game/Mesh/EnemyShield/TestShieldModel002_DM.TestShieldModel002_DM
[2019.11.11-08.25.19:774][697]LogSlate: FSceneViewport::OnFocusLost() reason 0
[2019.11.11-08.25.19:832][704]LogDestructible: Warning: MainMesh Tris: 8070
